<?xml version="1.0" encoding="UTF-8"?>
<testsuites name="BatchPaymentEntry" time="318.604" tests="11" failures="0" errors="0">
   <testsuite name="BatchPaymentEntry" tests="11" failures="0" errors="0" time="318.604" timestamp="2023-08-06 22:33:25" hostname="pyramid-6 - WSAMZN-EFE5A9SD.EMCINS.com" id="Test Suites/BillingCenter/BatchPaymentEntry">
      <properties>
         <property name="deviceName" value=""/>
         <property name="devicePlatform" value=""/>
         <property name="logFolder" value="C:\\QA Scripts\\emc.guidewire.katalon.updated\\GW10 Automation\\Reports\\20230806_223322\\BillingCenter\\BatchPaymentEntry\\20230806_223322"/>
         <property name="logFiles" value="C:\\QA Scripts\\emc.guidewire.katalon.updated\\GW10 Automation\\Reports\\20230806_223322\\BillingCenter\\BatchPaymentEntry\\20230806_223322\\execution0.log"/>
         <property name="attachments" value="C:\\QA Scripts\\emc.guidewire.katalon.updated\\GW10 Automation\\Reports\\20230806_223322\\BillingCenter\\BatchPaymentEntry\\20230806_223322/videos\\test_1.avi, C:\\QA Scripts\\emc.guidewire.katalon.updated\\GW10 Automation\\Reports\\20230806_223322\\BillingCenter\\BatchPaymentEntry\\20230806_223322/videos\\test_2.avi, C:\\QA Scripts\\emc.guidewire.katalon.updated\\GW10 Automation\\Reports\\20230806_223322\\BillingCenter\\BatchPaymentEntry\\20230806_223322/videos\\test_3.avi, C:\\QA Scripts\\emc.guidewire.katalon.updated\\GW10 Automation\\Reports\\20230806_223322\\BillingCenter\\BatchPaymentEntry\\20230806_223322/videos\\test_4.avi, C:\\QA Scripts\\emc.guidewire.katalon.updated\\GW10 Automation\\Reports\\20230806_223322\\BillingCenter\\BatchPaymentEntry\\20230806_223322/videos\\test_5.avi, C:\\QA Scripts\\emc.guidewire.katalon.updated\\GW10 Automation\\Reports\\20230806_223322\\BillingCenter\\BatchPaymentEntry\\20230806_223322/videos\\test_6.avi, C:\\QA Scripts\\emc.guidewire.katalon.updated\\GW10 Automation\\Reports\\20230806_223322\\BillingCenter\\BatchPaymentEntry\\20230806_223322/videos\\test_7.avi, C:\\QA Scripts\\emc.guidewire.katalon.updated\\GW10 Automation\\Reports\\20230806_223322\\BillingCenter\\BatchPaymentEntry\\20230806_223322/videos\\test_8.avi, C:\\QA Scripts\\emc.guidewire.katalon.updated\\GW10 Automation\\Reports\\20230806_223322\\BillingCenter\\BatchPaymentEntry\\20230806_223322/videos\\test_9.avi, C:\\QA Scripts\\emc.guidewire.katalon.updated\\GW10 Automation\\Reports\\20230806_223322\\BillingCenter\\BatchPaymentEntry\\20230806_223322/videos\\test_10.avi, C:\\QA Scripts\\emc.guidewire.katalon.updated\\GW10 Automation\\Reports\\20230806_223322\\BillingCenter\\BatchPaymentEntry\\20230806_223322/videos\\test_11.avi"/>
         <property name="hostName" value="pyramid-6 - WSAMZN-EFE5A9SD.EMCINS.com"/>
         <property name="os" value="Windows Server 2016 64bit"/>
         <property name="katalonVersion" value="7.6.2.205"/>
         <property name="browser" value="Chrome 111.0.0.0"/>
         <property name="hostAddress" value="10.66.10.112"/>
         <property name="sessionId" value="30af59a6c78268b4eaa5b70bb8341d33"/>
         <property name="seleniumVersion" value="3.141.59"/>
         <property name="proxyInformation" value="ProxyInformation { proxyOption=NO_PROXY, proxyServerType=HTTP, username=, password=********, proxyServerAddress=, proxyServerPort=0, executionList=\&quot;\&quot;, isApplyToDesiredCapabilities=true }"/>
         <property name="platform" value="Windows Server 2016"/>
      </properties>
      <testcase name="Test Cases/BillingCenter/Common/BC_Login" time="14.731" classname="Test Cases/BillingCenter/Common/BC_Login" status="PASSED">
         <system-out><![CDATA[2023-08-06 22:33:27 - [TEST_CASE][PASSED] - Test Cases/BillingCenter/Common/BC_Login: Test Cases/BillingCenter/Common/BC_Login

2023-08-06 22:33:27 - [TEST_STEP][PASSED] - Start listener action : gwBeforeTestCase: null

2023-08-06 22:33:27 - [TEST_STEP][PASSED] - if (Env_TestCaseId == testCaseContext.getTestCaseId()): null

2023-08-06 22:33:27 - [TEST_STEP][PASSED] - else: null

2023-08-06 22:33:27 - [TEST_STEP][PASSED] - iteration = 1: null

2023-08-06 22:33:27 - [TEST_STEP][PASSED] - Env_Iteration = iteration: null

2023-08-06 22:33:27 - [TEST_STEP][PASSED] - Env_TestCaseId = testCaseContext.getTestCaseId(): null

2023-08-06 22:33:27 - [TEST_STEP][PASSED] - Env_TestCaseVariables = testCaseContext.getTestCaseVariables(): null

2023-08-06 22:33:27 - [TEST_STEP][PASSED] - tc_start_Time = System.currentTimeMillis(): null

2023-08-06 22:33:27 - [TEST_STEP][PASSED] - date_tc_start_Time = dateformat.format(tc_start_Time): null

2023-08-06 22:33:28 - [TEST_STEP][PASSED] - callTestCase(findTestCase("Common/GW_Login"), ["GW_URL":URL_BC, "UserName":UserName, "Password":Password], STOP_ON_FAILURE): Call Test Case 'Test Cases/Common/GW_Login' successfully

2023-08-06 22:33:28 - [TEST_CASE][PASSED] - Test Cases/Common/GW_Login: Test Cases/Common/GW_Login

2023-08-06 22:33:29 - [TEST_STEP][PASSED] - openBrowser(""): Browser is opened with url: ''

2023-08-06 22:33:29 - [MESSAGE][INFO] - Starting 'Chrome' driver

2023-08-06 22:33:29 - [MESSAGE][INFO] - User set preference: ['acceptInsecureCerts', 'true']

2023-08-06 22:33:29 - [MESSAGE][INFO] - Action delay is set to 0 milliseconds

2023-08-06 22:33:32 - [MESSAGE][PASSED] - Browser is opened with url: ''

2023-08-06 22:33:32 - [TEST_STEP][PASSED] - maximizeWindow(): Current window maximized

2023-08-06 22:33:32 - [MESSAGE][PASSED] - Current window maximized

2023-08-06 22:33:32 - [TEST_STEP][PASSED] - navigateToUrl(GW_URL): Navigate to 'https://bc-qa2-corecon.emc.dev-1.us-east-1.guidewire.net' successfully

2023-08-06 22:33:34 - [MESSAGE][PASSED] - Navigate to 'https://bc-qa2-corecon.emc.dev-1.us-east-1.guidewire.net' successfully

2023-08-06 22:33:34 - [TEST_STEP][PASSED] - gw.Text.SetText(findTestObject("Common/pge_LoginScreen/txt_UserName"), UserName): gw.Text.SetText is PASSED

2023-08-06 22:33:34 - [MESSAGE][PASSED] - Wait for page load successfully

2023-08-06 22:33:34 - [MESSAGE][PASSED] - Object 'Object Repository/Common/pge_LoginScreen/txt_UserName' is visible

2023-08-06 22:33:35 - [MESSAGE][PASSED] - Object 'Object Repository/Common/pge_LoginScreen/txt_UserName' is clickable

2023-08-06 22:33:35 - [MESSAGE][PASSED] - Text 'smokeuser_np@emcins.com' is set on object 'Object Repository/Common/pge_LoginScreen/txt_UserName'

2023-08-06 22:33:35 - [MESSAGE][PASSED] - gw.Text.SetText is PASSED

2023-08-06 22:33:35 - [TEST_STEP][PASSED] - gw.Text.SetText(findTestObject("Common/pge_LoginScreen/txt_Password"), Password): gw.Text.SetText is PASSED

2023-08-06 22:33:36 - [MESSAGE][PASSED] - Wait for page load successfully

2023-08-06 22:33:36 - [MESSAGE][PASSED] - Object 'Object Repository/Common/pge_LoginScreen/txt_Password' is visible

2023-08-06 22:33:36 - [MESSAGE][PASSED] - Object 'Object Repository/Common/pge_LoginScreen/txt_Password' is clickable

2023-08-06 22:33:37 - [MESSAGE][PASSED] - Text 'gw' is set on object 'Object Repository/Common/pge_LoginScreen/txt_Password'

2023-08-06 22:33:37 - [MESSAGE][PASSED] - gw.Text.SetText is PASSED

2023-08-06 22:33:37 - [TEST_STEP][PASSED] - gw.Actions.Click(findTestObject("Common/pge_LoginScreen/btn_LogIn")): gw.Actions.Click is PASSED

2023-08-06 22:33:37 - [MESSAGE][PASSED] - Wait for page load successfully

2023-08-06 22:33:38 - [MESSAGE][PASSED] - Object 'Object Repository/Common/pge_LoginScreen/btn_LogIn' is clickable

2023-08-06 22:33:38 - [MESSAGE][PASSED] - Object: 'Object Repository/Common/pge_LoginScreen/btn_LogIn' is clicked on

2023-08-06 22:33:38 - [MESSAGE][PASSED] - gw.Actions.Click is PASSED

2023-08-06 22:33:38 - [MESSAGE][PASSED] - Call Test Case 'Test Cases/Common/GW_Login' successfully

2023-08-06 22:33:38 - [TEST_STEP][PASSED] - gw.Actions.NavigateByTab("Desktop"): gw.Actions.NavigateByTab is PASSED

2023-08-06 22:33:38 - [MESSAGE][PASSED] - Wait for page load successfully

2023-08-06 22:33:39 - [MESSAGE][PASSED] - Object 'Object Repository/Common/pge_Common/wel_TabBar' is clickable

2023-08-06 22:33:39 - [MESSAGE][PASSED] - Object: 'Object Repository/Common/pge_Common/wel_TabBar' is clicked on

2023-08-06 22:33:39 - [MESSAGE][PASSED] - gw.Actions.NavigateByTab is PASSED

2023-08-06 22:33:39 - [TEST_STEP][PASSED] - verifyElementPresent(findTestObject("Common/pge_Common/wel_MyActivities"), gWaitTimeOut): Object 'Object Repository/Common/pge_Common/wel_MyActivities' is present

2023-08-06 22:33:40 - [MESSAGE][PASSED] - Object 'Object Repository/Common/pge_Common/wel_MyActivities' is present

2023-08-06 22:33:40 - [TEST_STEP][ERROR] - Start listener action : gwAfterTestCase: org.codehaus.groovy.runtime.InvokerInvocationException: java.io.FileNotFoundException: C:\QA Scripts\emc.guidewire.katalon.updated\GW10 Automation\Reports\Execution Status.xlsx (The system cannot find the file specified)
	at GWListener.invokeMethod(GWListener.groovy)
	at com.kms.katalon.core.context.internal.TestHooker.invokeMethod(TestHooker.java:111)
	at com.kms.katalon.core.context.internal.TestHooker.lambda$3(TestHooker.java:95)
	at com.kms.katalon.core.context.internal.TestHooker.invokeContextMethods(TestHooker.java:94)
	at com.kms.katalon.core.context.internal.TestListenerCollector.lambda$3(TestListenerCollector.java:88)
	at com.kms.katalon.core.context.internal.TestListenerCollector.handleListenerEvent(TestListenerCollector.java:85)
	at com.kms.katalon.core.context.internal.ExecutionEventManager.publicEvent(ExecutionEventManager.java:36)
	at com.kms.katalon.core.main.TestCaseExecutor.execute(TestCaseExecutor.java:251)
	at com.kms.katalon.core.main.TestSuiteExecutor.accessTestCaseMainPhase(TestSuiteExecutor.java:191)
	at com.kms.katalon.core.main.TestSuiteExecutor.accessTestSuiteMainPhase(TestSuiteExecutor.java:141)
	at com.kms.katalon.core.main.TestSuiteExecutor.execute(TestSuiteExecutor.java:90)
	at com.kms.katalon.core.main.TestCaseMain.startTestSuite(TestCaseMain.java:157)
	at com.kms.katalon.core.main.TestCaseMain$startTestSuite$0.call(Unknown Source)
	at TempTestSuite1691341402211.run(TempTestSuite1691341402211.groovy:39)
Caused by: java.io.FileNotFoundException: C:\QA Scripts\emc.guidewire.katalon.updated\GW10 Automation\Reports\Execution Status.xlsx (The system cannot find the file specified)
	at common.Excel.getColumnNumber(Excel.groovy:69)
	at common.Excel.WirteToExcel(Excel.groovy:95)
	at common.Excel$WirteToExcel$0.call(Unknown Source)
	at GWListener.gwAfterTestCase(GWListener.groovy:137)
	... 14 more


2023-08-06 22:33:40 - [TEST_STEP][PASSED] - tc_end_Time = System.currentTimeMillis(): null

2023-08-06 22:33:40 - [TEST_STEP][PASSED] - date_tc_end_Time = dateformat.format(tc_end_Time): null

2023-08-06 22:33:40 - [TEST_STEP][PASSED] - (tempRowNum++): null

2023-08-06 22:33:40 - [TEST_STEP][PASSED] - testCaseID = testCaseContext.getTestCaseId(): null

2023-08-06 22:33:40 - [TEST_STEP][PASSED] - testCase = findTestCase(testCaseID): null

2023-08-06 22:33:40 - [TEST_STEP][PASSED] - testCaseName = testCase.getName(): null

2023-08-06 22:33:40 - [TEST_STEP][PASSED] - switch (testCaseContext.getTestCaseStatus()): null

2023-08-06 22:33:40 - [TEST_STEP][PASSED] - case "PASSED":: null

2023-08-06 22:33:40 - [TEST_STEP][PASSED] - (passedCnt++): null

2023-08-06 22:33:40 - [TEST_STEP][PASSED] - break: null

2023-08-06 22:33:40 - [TEST_STEP][PASSED] - if (testCaseName == "GenerateAndSendReport"): null

2023-08-06 22:33:40 - [TEST_STEP][PASSED] - if (testCaseName == "GenerateAndSaveReport"): null

2023-08-06 22:33:40 - [TEST_STEP][PASSED] - if (testCaseName == "GenerateTimeReport"): null

2023-08-06 22:33:40 - [TEST_STEP][ERROR] - if (!(testCaseName.contains("Submission")) && !(testCaseName.contains("Issurance")) && !(testCaseName.contains("NewAccount")) && !(testCaseName.contains("FNOL")) && !(testCaseName.contains("QuickClaim")) && !(testCaseName.contains("verify"))): org.codehaus.groovy.runtime.InvokerInvocationException: java.io.FileNotFoundException: C:\QA Scripts\emc.guidewire.katalon.updated\GW10 Automation\Reports\Execution Status.xlsx (The system cannot find the file specified)
	at GWListener.invokeMethod(GWListener.groovy)
	at com.kms.katalon.core.context.internal.TestHooker.invokeMethod(TestHooker.java:111)
	at com.kms.katalon.core.context.internal.TestHooker.lambda$3(TestHooker.java:95)
	at com.kms.katalon.core.context.internal.TestHooker.invokeContextMethods(TestHooker.java:94)
	at com.kms.katalon.core.context.internal.TestListenerCollector.lambda$3(TestListenerCollector.java:88)
	at com.kms.katalon.core.context.internal.TestListenerCollector.handleListenerEvent(TestListenerCollector.java:85)
	at com.kms.katalon.core.context.internal.ExecutionEventManager.publicEvent(ExecutionEventManager.java:36)
	at com.kms.katalon.core.main.TestCaseExecutor.execute(TestCaseExecutor.java:251)
	at com.kms.katalon.core.main.TestSuiteExecutor.accessTestCaseMainPhase(TestSuiteExecutor.java:191)
	at com.kms.katalon.core.main.TestSuiteExecutor.accessTestSuiteMainPhase(TestSuiteExecutor.java:141)
	at com.kms.katalon.core.main.TestSuiteExecutor.execute(TestSuiteExecutor.java:90)
	at com.kms.katalon.core.main.TestCaseMain.startTestSuite(TestCaseMain.java:157)
	at com.kms.katalon.core.main.TestCaseMain$startTestSuite$0.call(Unknown Source)
	at TempTestSuite1691341402211.run(TempTestSuite1691341402211.groovy:39)
Caused by: java.io.FileNotFoundException: C:\QA Scripts\emc.guidewire.katalon.updated\GW10 Automation\Reports\Execution Status.xlsx (The system cannot find the file specified)
	at common.Excel.getColumnNumber(Excel.groovy:69)
	at common.Excel.WirteToExcel(Excel.groovy:95)
	at common.Excel$WirteToExcel$0.call(Unknown Source)
	at GWListener.gwAfterTestCase(GWListener.groovy:137)
	... 14 more


2023-08-06 22:33:40 - [MESSAGE][ERROR] - org.codehaus.groovy.runtime.InvokerInvocationException: java.io.FileNotFoundException: C:\QA Scripts\emc.guidewire.katalon.updated\GW10 Automation\Reports\Execution Status.xlsx (The system cannot find the file specified)
	at GWListener.invokeMethod(GWListener.groovy)
	at com.kms.katalon.core.context.internal.TestHooker.invokeMethod(TestHooker.java:111)
	at com.kms.katalon.core.context.internal.TestHooker.lambda$3(TestHooker.java:95)
	at com.kms.katalon.core.context.internal.TestHooker.invokeContextMethods(TestHooker.java:94)
	at com.kms.katalon.core.context.internal.TestListenerCollector.lambda$3(TestListenerCollector.java:88)
	at com.kms.katalon.core.context.internal.TestListenerCollector.handleListenerEvent(TestListenerCollector.java:85)
	at com.kms.katalon.core.context.internal.ExecutionEventManager.publicEvent(ExecutionEventManager.java:36)
	at com.kms.katalon.core.main.TestCaseExecutor.execute(TestCaseExecutor.java:251)
	at com.kms.katalon.core.main.TestSuiteExecutor.accessTestCaseMainPhase(TestSuiteExecutor.java:191)
	at com.kms.katalon.core.main.TestSuiteExecutor.accessTestSuiteMainPhase(TestSuiteExecutor.java:141)
	at com.kms.katalon.core.main.TestSuiteExecutor.execute(TestSuiteExecutor.java:90)
	at com.kms.katalon.core.main.TestCaseMain.startTestSuite(TestCaseMain.java:157)
	at com.kms.katalon.core.main.TestCaseMain$startTestSuite$0.call(Unknown Source)
	at TempTestSuite1691341402211.run(TempTestSuite1691341402211.groovy:39)
Caused by: java.io.FileNotFoundException: C:\QA Scripts\emc.guidewire.katalon.updated\GW10 Automation\Reports\Execution Status.xlsx (The system cannot find the file specified)
	at common.Excel.getColumnNumber(Excel.groovy:69)
	at common.Excel.WirteToExcel(Excel.groovy:95)
	at common.Excel$WirteToExcel$0.call(Unknown Source)
	at GWListener.gwAfterTestCase(GWListener.groovy:137)
	... 14 more


2023-08-06 22:33:42 - [TEST_STEP][PASSED] - Video: Video recording for test case 'Test Cases/BillingCenter/Common/BC_Login' .

2023-08-06 22:33:42 - [MESSAGE][INFO] - Video recording for test case 'Test Cases/BillingCenter/Common/BC_Login' .
[[ATTACHMENT|C:\\QA Scripts\\emc.guidewire.katalon.updated\\GW10 Automation\\Reports\\20230806_223322\\BillingCenter\\BatchPaymentEntry\\20230806_223322/videos\\test_1.avi]]]]></system-out>
         <system-err><![CDATA[]]></system-err>
      </testcase>
      <testcase name="Test Cases/BillingCenter/BatchPaymentEntry/BC_NavigateBatchPaymentEntryScreen" time="4.036" classname="Test Cases/BillingCenter/BatchPaymentEntry/BC_NavigateBatchPaymentEntryScreen" status="PASSED">
         <system-out><![CDATA[2023-08-06 22:33:42 - [TEST_CASE][PASSED] - Test Cases/BillingCenter/BatchPaymentEntry/BC_NavigateBatchPaymentEntryScreen: Test Cases/BillingCenter/BatchPaymentEntry/BC_NavigateBatchPaymentEntryScreen

2023-08-06 22:33:42 - [TEST_STEP][PASSED] - Start listener action : gwBeforeTestCase: null

2023-08-06 22:33:42 - [TEST_STEP][PASSED] - if (Env_TestCaseId == testCaseContext.getTestCaseId()): null

2023-08-06 22:33:42 - [TEST_STEP][PASSED] - else: null

2023-08-06 22:33:42 - [TEST_STEP][PASSED] - iteration = 1: null

2023-08-06 22:33:42 - [TEST_STEP][PASSED] - Env_Iteration = iteration: null

2023-08-06 22:33:42 - [TEST_STEP][PASSED] - Env_TestCaseId = testCaseContext.getTestCaseId(): null

2023-08-06 22:33:42 - [TEST_STEP][PASSED] - Env_TestCaseVariables = testCaseContext.getTestCaseVariables(): null

2023-08-06 22:33:42 - [TEST_STEP][PASSED] - tc_start_Time = System.currentTimeMillis(): null

2023-08-06 22:33:42 - [TEST_STEP][PASSED] - date_tc_start_Time = dateformat.format(tc_start_Time): null

2023-08-06 22:33:42 - [TEST_STEP][PASSED] - click(findTestObject("BillingCenter/pge_BatchPaymentEntry/pge_Navigation/opt_Desktop_Actions")): Object: 'Object Repository/BillingCenter/pge_BatchPaymentEntry/pge_Navigation/opt_Desktop_Actions' is clicked on

2023-08-06 22:33:43 - [MESSAGE][PASSED] - Object: 'Object Repository/BillingCenter/pge_BatchPaymentEntry/pge_Navigation/opt_Desktop_Actions' is clicked on

2023-08-06 22:33:43 - [TEST_STEP][PASSED] - mouseOver(findTestObject("BillingCenter/pge_BatchPaymentEntry/pge_Navigation/act_NewPayment")): Object: 'Object Repository/BillingCenter/pge_BatchPaymentEntry/pge_Navigation/act_NewPayment' is hovered

2023-08-06 22:33:43 - [MESSAGE][PASSED] - Object: 'Object Repository/BillingCenter/pge_BatchPaymentEntry/pge_Navigation/act_NewPayment' is hovered

2023-08-06 22:33:43 - [TEST_STEP][PASSED] - click(findTestObject("BillingCenter/pge_BatchPaymentEntry/pge_Navigation/opt_newPayment _BatchPaymentEntry")): Object: 'Object Repository/BillingCenter/pge_BatchPaymentEntry/pge_Navigation/opt_newPayment _BatchPaymentEntry' is clicked on

2023-08-06 22:33:44 - [MESSAGE][PASSED] - Object: 'Object Repository/BillingCenter/pge_BatchPaymentEntry/pge_Navigation/opt_newPayment _BatchPaymentEntry' is clicked on

2023-08-06 22:33:44 - [TEST_STEP][ERROR] - Start listener action : gwAfterTestCase: org.codehaus.groovy.runtime.InvokerInvocationException: java.io.FileNotFoundException: C:\QA Scripts\emc.guidewire.katalon.updated\GW10 Automation\Reports\Execution Status.xlsx (The system cannot find the file specified)
	at GWListener.invokeMethod(GWListener.groovy)
	at com.kms.katalon.core.context.internal.TestHooker.invokeMethod(TestHooker.java:111)
	at com.kms.katalon.core.context.internal.TestHooker.lambda$3(TestHooker.java:95)
	at com.kms.katalon.core.context.internal.TestHooker.invokeContextMethods(TestHooker.java:94)
	at com.kms.katalon.core.context.internal.TestListenerCollector.lambda$3(TestListenerCollector.java:88)
	at com.kms.katalon.core.context.internal.TestListenerCollector.handleListenerEvent(TestListenerCollector.java:85)
	at com.kms.katalon.core.context.internal.ExecutionEventManager.publicEvent(ExecutionEventManager.java:36)
	at com.kms.katalon.core.main.TestCaseExecutor.execute(TestCaseExecutor.java:251)
	at com.kms.katalon.core.main.TestSuiteExecutor.accessTestCaseMainPhase(TestSuiteExecutor.java:191)
	at com.kms.katalon.core.main.TestSuiteExecutor.accessTestSuiteMainPhase(TestSuiteExecutor.java:141)
	at com.kms.katalon.core.main.TestSuiteExecutor.execute(TestSuiteExecutor.java:90)
	at com.kms.katalon.core.main.TestCaseMain.startTestSuite(TestCaseMain.java:157)
	at com.kms.katalon.core.main.TestCaseMain$startTestSuite$0.call(Unknown Source)
	at TempTestSuite1691341402211.run(TempTestSuite1691341402211.groovy:39)
Caused by: java.io.FileNotFoundException: C:\QA Scripts\emc.guidewire.katalon.updated\GW10 Automation\Reports\Execution Status.xlsx (The system cannot find the file specified)
	at common.Excel.getColumnNumber(Excel.groovy:69)
	at common.Excel.WirteToExcel(Excel.groovy:95)
	at common.Excel$WirteToExcel$0.call(Unknown Source)
	at GWListener.gwAfterTestCase(GWListener.groovy:137)
	... 14 more


2023-08-06 22:33:44 - [TEST_STEP][PASSED] - tc_end_Time = System.currentTimeMillis(): null

2023-08-06 22:33:44 - [TEST_STEP][PASSED] - date_tc_end_Time = dateformat.format(tc_end_Time): null

2023-08-06 22:33:44 - [TEST_STEP][PASSED] - (tempRowNum++): null

2023-08-06 22:33:44 - [TEST_STEP][PASSED] - testCaseID = testCaseContext.getTestCaseId(): null

2023-08-06 22:33:44 - [TEST_STEP][PASSED] - testCase = findTestCase(testCaseID): null

2023-08-06 22:33:44 - [TEST_STEP][PASSED] - testCaseName = testCase.getName(): null

2023-08-06 22:33:44 - [TEST_STEP][PASSED] - switch (testCaseContext.getTestCaseStatus()): null

2023-08-06 22:33:44 - [TEST_STEP][PASSED] - case "PASSED":: null

2023-08-06 22:33:44 - [TEST_STEP][PASSED] - (passedCnt++): null

2023-08-06 22:33:44 - [TEST_STEP][PASSED] - break: null

2023-08-06 22:33:44 - [TEST_STEP][PASSED] - if (testCaseName == "GenerateAndSendReport"): null

2023-08-06 22:33:44 - [TEST_STEP][PASSED] - if (testCaseName == "GenerateAndSaveReport"): null

2023-08-06 22:33:44 - [TEST_STEP][PASSED] - if (testCaseName == "GenerateTimeReport"): null

2023-08-06 22:33:44 - [TEST_STEP][ERROR] - if (!(testCaseName.contains("Submission")) && !(testCaseName.contains("Issurance")) && !(testCaseName.contains("NewAccount")) && !(testCaseName.contains("FNOL")) && !(testCaseName.contains("QuickClaim")) && !(testCaseName.contains("verify"))): org.codehaus.groovy.runtime.InvokerInvocationException: java.io.FileNotFoundException: C:\QA Scripts\emc.guidewire.katalon.updated\GW10 Automation\Reports\Execution Status.xlsx (The system cannot find the file specified)
	at GWListener.invokeMethod(GWListener.groovy)
	at com.kms.katalon.core.context.internal.TestHooker.invokeMethod(TestHooker.java:111)
	at com.kms.katalon.core.context.internal.TestHooker.lambda$3(TestHooker.java:95)
	at com.kms.katalon.core.context.internal.TestHooker.invokeContextMethods(TestHooker.java:94)
	at com.kms.katalon.core.context.internal.TestListenerCollector.lambda$3(TestListenerCollector.java:88)
	at com.kms.katalon.core.context.internal.TestListenerCollector.handleListenerEvent(TestListenerCollector.java:85)
	at com.kms.katalon.core.context.internal.ExecutionEventManager.publicEvent(ExecutionEventManager.java:36)
	at com.kms.katalon.core.main.TestCaseExecutor.execute(TestCaseExecutor.java:251)
	at com.kms.katalon.core.main.TestSuiteExecutor.accessTestCaseMainPhase(TestSuiteExecutor.java:191)
	at com.kms.katalon.core.main.TestSuiteExecutor.accessTestSuiteMainPhase(TestSuiteExecutor.java:141)
	at com.kms.katalon.core.main.TestSuiteExecutor.execute(TestSuiteExecutor.java:90)
	at com.kms.katalon.core.main.TestCaseMain.startTestSuite(TestCaseMain.java:157)
	at com.kms.katalon.core.main.TestCaseMain$startTestSuite$0.call(Unknown Source)
	at TempTestSuite1691341402211.run(TempTestSuite1691341402211.groovy:39)
Caused by: java.io.FileNotFoundException: C:\QA Scripts\emc.guidewire.katalon.updated\GW10 Automation\Reports\Execution Status.xlsx (The system cannot find the file specified)
	at common.Excel.getColumnNumber(Excel.groovy:69)
	at common.Excel.WirteToExcel(Excel.groovy:95)
	at common.Excel$WirteToExcel$0.call(Unknown Source)
	at GWListener.gwAfterTestCase(GWListener.groovy:137)
	... 14 more


2023-08-06 22:33:44 - [MESSAGE][ERROR] - org.codehaus.groovy.runtime.InvokerInvocationException: java.io.FileNotFoundException: C:\QA Scripts\emc.guidewire.katalon.updated\GW10 Automation\Reports\Execution Status.xlsx (The system cannot find the file specified)
	at GWListener.invokeMethod(GWListener.groovy)
	at com.kms.katalon.core.context.internal.TestHooker.invokeMethod(TestHooker.java:111)
	at com.kms.katalon.core.context.internal.TestHooker.lambda$3(TestHooker.java:95)
	at com.kms.katalon.core.context.internal.TestHooker.invokeContextMethods(TestHooker.java:94)
	at com.kms.katalon.core.context.internal.TestListenerCollector.lambda$3(TestListenerCollector.java:88)
	at com.kms.katalon.core.context.internal.TestListenerCollector.handleListenerEvent(TestListenerCollector.java:85)
	at com.kms.katalon.core.context.internal.ExecutionEventManager.publicEvent(ExecutionEventManager.java:36)
	at com.kms.katalon.core.main.TestCaseExecutor.execute(TestCaseExecutor.java:251)
	at com.kms.katalon.core.main.TestSuiteExecutor.accessTestCaseMainPhase(TestSuiteExecutor.java:191)
	at com.kms.katalon.core.main.TestSuiteExecutor.accessTestSuiteMainPhase(TestSuiteExecutor.java:141)
	at com.kms.katalon.core.main.TestSuiteExecutor.execute(TestSuiteExecutor.java:90)
	at com.kms.katalon.core.main.TestCaseMain.startTestSuite(TestCaseMain.java:157)
	at com.kms.katalon.core.main.TestCaseMain$startTestSuite$0.call(Unknown Source)
	at TempTestSuite1691341402211.run(TempTestSuite1691341402211.groovy:39)
Caused by: java.io.FileNotFoundException: C:\QA Scripts\emc.guidewire.katalon.updated\GW10 Automation\Reports\Execution Status.xlsx (The system cannot find the file specified)
	at common.Excel.getColumnNumber(Excel.groovy:69)
	at common.Excel.WirteToExcel(Excel.groovy:95)
	at common.Excel$WirteToExcel$0.call(Unknown Source)
	at GWListener.gwAfterTestCase(GWListener.groovy:137)
	... 14 more


2023-08-06 22:33:46 - [TEST_STEP][PASSED] - Video: Video recording for test case 'Test Cases/BillingCenter/BatchPaymentEntry/BC_NavigateBatchPaymentEntryScreen' .

2023-08-06 22:33:46 - [MESSAGE][INFO] - Video recording for test case 'Test Cases/BillingCenter/BatchPaymentEntry/BC_NavigateBatchPaymentEntryScreen' .
[[ATTACHMENT|C:\\QA Scripts\\emc.guidewire.katalon.updated\\GW10 Automation\\Reports\\20230806_223322\\BillingCenter\\BatchPaymentEntry\\20230806_223322/videos\\test_2.avi]]]]></system-out>
         <system-err><![CDATA[]]></system-err>
      </testcase>
      <testcase name="Test Cases/BillingCenter/BatchPaymentEntry/BC_MultiplePaymentEntryandVerification_AccountLevel" time="28.878" classname="Test Cases/BillingCenter/BatchPaymentEntry/BC_MultiplePaymentEntryandVerification_AccountLevel" status="PASSED">
         <system-out><![CDATA[2023-08-06 22:33:46 - [TEST_CASE][PASSED] - Test Cases/BillingCenter/BatchPaymentEntry/BC_MultiplePaymentEntryandVerification_AccountLevel: Test Cases/BillingCenter/BatchPaymentEntry/BC_MultiplePaymentEntryandVerification_AccountLevel

2023-08-06 22:33:46 - [TEST_STEP][PASSED] - Start listener action : gwBeforeTestCase: null

2023-08-06 22:33:46 - [TEST_STEP][PASSED] - if (Env_TestCaseId == testCaseContext.getTestCaseId()): null

2023-08-06 22:33:46 - [TEST_STEP][PASSED] - else: null

2023-08-06 22:33:46 - [TEST_STEP][PASSED] - iteration = 1: null

2023-08-06 22:33:46 - [TEST_STEP][PASSED] - Env_Iteration = iteration: null

2023-08-06 22:33:46 - [TEST_STEP][PASSED] - Env_TestCaseId = testCaseContext.getTestCaseId(): null

2023-08-06 22:33:46 - [TEST_STEP][PASSED] - Env_TestCaseVariables = testCaseContext.getTestCaseVariables(): null

2023-08-06 22:33:46 - [TEST_STEP][PASSED] - tc_start_Time = System.currentTimeMillis(): null

2023-08-06 22:33:46 - [TEST_STEP][PASSED] - date_tc_start_Time = dateformat.format(tc_start_Time): null

2023-08-06 22:33:47 - [TEST_STEP][PASSED] - selectOptionByLabel(findTestObject("BillingCenter/pge_BatchPaymentEntry/screen_MultiplePaymentWizard/lst_Source"), Source, false, CONTINUE_ON_FAILURE): All options with label 'Branch' are selected in object 'Object Repository/BillingCenter/pge_BatchPaymentEntry/screen_MultiplePaymentWizard/lst_Source' 

2023-08-06 22:33:48 - [MESSAGE][PASSED] - All options with label 'Branch' are selected in object 'Object Repository/BillingCenter/pge_BatchPaymentEntry/screen_MultiplePaymentWizard/lst_Source' 

2023-08-06 22:33:48 - [TEST_STEP][PASSED] - setText(findTestObject("BillingCenter/pge_BatchPaymentEntry/screen_MultiplePaymentWizard/txt_BatchAmount"), BatchAmount, CONTINUE_ON_FAILURE): Text '2' is set on object 'Object Repository/BillingCenter/pge_BatchPaymentEntry/screen_MultiplePaymentWizard/txt_BatchAmount'

2023-08-06 22:33:49 - [MESSAGE][PASSED] - Text '2' is set on object 'Object Repository/BillingCenter/pge_BatchPaymentEntry/screen_MultiplePaymentWizard/txt_BatchAmount'

2023-08-06 22:33:49 - [TEST_STEP][PASSED] - sendKeys(findTestObject("BillingCenter/pge_BatchPaymentEntry/screen_MultiplePaymentWizard/txt_BatchAmount"), Keys.chord(TAB)): Keys 'TAB + ' sent to object: 'Object Repository/BillingCenter/pge_BatchPaymentEntry/screen_MultiplePaymentWizard/txt_BatchAmount'

2023-08-06 22:33:50 - [MESSAGE][PASSED] - Keys 'TAB + ' sent to object: 'Object Repository/BillingCenter/pge_BatchPaymentEntry/screen_MultiplePaymentWizard/txt_BatchAmount'

2023-08-06 22:33:50 - [TEST_STEP][PASSED] - selectOptionByLabel(findTestObject("BillingCenter/pge_BatchPaymentEntry/screen_MultiplePaymentWizard/lst_Type"), Type, false, CONTINUE_ON_FAILURE): All options with label 'Payment' are selected in object 'Object Repository/BillingCenter/pge_BatchPaymentEntry/screen_MultiplePaymentWizard/lst_Type' 

2023-08-06 22:33:51 - [MESSAGE][PASSED] - All options with label 'Payment' are selected in object 'Object Repository/BillingCenter/pge_BatchPaymentEntry/screen_MultiplePaymentWizard/lst_Type' 

2023-08-06 22:33:51 - [TEST_STEP][PASSED] - verifyElementVisible(findTestObject("BillingCenter/pge_BatchPaymentEntry/screen_MultiplePaymentWizard/txt_Account"), CONTINUE_ON_FAILURE): Object 'Object Repository/BillingCenter/pge_BatchPaymentEntry/screen_MultiplePaymentWizard/txt_Account' is visible

2023-08-06 22:33:51 - [MESSAGE][PASSED] - Object 'Object Repository/BillingCenter/pge_BatchPaymentEntry/screen_MultiplePaymentWizard/txt_Account' is visible

2023-08-06 22:33:51 - [TEST_STEP][PASSED] - setText(findTestObject("BillingCenter/pge_BatchPaymentEntry/screen_MultiplePaymentWizard/txt_Account"), Account): Text '3062523' is set on object 'Object Repository/BillingCenter/pge_BatchPaymentEntry/screen_MultiplePaymentWizard/txt_Account'

2023-08-06 22:33:52 - [MESSAGE][PASSED] - Text '3062523' is set on object 'Object Repository/BillingCenter/pge_BatchPaymentEntry/screen_MultiplePaymentWizard/txt_Account'

2023-08-06 22:33:52 - [TEST_STEP][PASSED] - clearText(findTestObject("BillingCenter/pge_BatchPaymentEntry/screen_MultiplePaymentWizard/txt_Amount"), CONTINUE_ON_FAILURE): Text of object 'Object Repository/BillingCenter/pge_BatchPaymentEntry/screen_MultiplePaymentWizard/txt_Amount' is cleared

2023-08-06 22:33:53 - [MESSAGE][PASSED] - Text of object 'Object Repository/BillingCenter/pge_BatchPaymentEntry/screen_MultiplePaymentWizard/txt_Amount' is cleared

2023-08-06 22:33:53 - [TEST_STEP][PASSED] - setText(findTestObject("BillingCenter/pge_BatchPaymentEntry/screen_MultiplePaymentWizard/txt_Amount"), Amount, CONTINUE_ON_FAILURE): Text '2' is set on object 'Object Repository/BillingCenter/pge_BatchPaymentEntry/screen_MultiplePaymentWizard/txt_Amount'

2023-08-06 22:33:54 - [MESSAGE][PASSED] - Text '2' is set on object 'Object Repository/BillingCenter/pge_BatchPaymentEntry/screen_MultiplePaymentWizard/txt_Amount'

2023-08-06 22:33:54 - [TEST_STEP][PASSED] - sendKeys(findTestObject("BillingCenter/pge_BatchPaymentEntry/screen_MultiplePaymentWizard/txt_Amount"), Keys.chord(TAB)): Keys 'TAB + ' sent to object: 'Object Repository/BillingCenter/pge_BatchPaymentEntry/screen_MultiplePaymentWizard/txt_Amount'

2023-08-06 22:33:55 - [MESSAGE][PASSED] - Keys 'TAB + ' sent to object: 'Object Repository/BillingCenter/pge_BatchPaymentEntry/screen_MultiplePaymentWizard/txt_Amount'

2023-08-06 22:33:55 - [TEST_STEP][PASSED] - verifyElementVisible(findTestObject("BillingCenter/pge_BatchPaymentEntry/screen_MultiplePaymentWizard/txt_CheckRef"), CONTINUE_ON_FAILURE): Object 'Object Repository/BillingCenter/pge_BatchPaymentEntry/screen_MultiplePaymentWizard/txt_CheckRef' is visible

2023-08-06 22:33:55 - [MESSAGE][PASSED] - Object 'Object Repository/BillingCenter/pge_BatchPaymentEntry/screen_MultiplePaymentWizard/txt_CheckRef' is visible

2023-08-06 22:33:55 - [TEST_STEP][PASSED] - setText(findTestObject("BillingCenter/pge_BatchPaymentEntry/screen_MultiplePaymentWizard/txt_CheckRef"), CheckRef, CONTINUE_ON_FAILURE): Text '9988776655' is set on object 'Object Repository/BillingCenter/pge_BatchPaymentEntry/screen_MultiplePaymentWizard/txt_CheckRef'

2023-08-06 22:33:56 - [MESSAGE][PASSED] - Text '9988776655' is set on object 'Object Repository/BillingCenter/pge_BatchPaymentEntry/screen_MultiplePaymentWizard/txt_CheckRef'

2023-08-06 22:33:56 - [TEST_STEP][PASSED] - setText(findTestObject("BillingCenter/pge_BatchPaymentEntry/screen_MultiplePaymentWizard/txt_Description"), Description, CONTINUE_ON_FAILURE): Text 'Payment on account level' is set on object 'Object Repository/BillingCenter/pge_BatchPaymentEntry/screen_MultiplePaymentWizard/txt_Description'

2023-08-06 22:33:58 - [MESSAGE][PASSED] - Text 'Payment on account level' is set on object 'Object Repository/BillingCenter/pge_BatchPaymentEntry/screen_MultiplePaymentWizard/txt_Description'

2023-08-06 22:33:58 - [TEST_STEP][PASSED] - selectOptionByLabel(findTestObject("BillingCenter/pge_BatchPaymentEntry/screen_MultiplePaymentWizard/lst_PaymentInstrument"), PaymentInstrument, false, CONTINUE_ON_FAILURE): All options with label 'Cash' are selected in object 'Object Repository/BillingCenter/pge_BatchPaymentEntry/screen_MultiplePaymentWizard/lst_PaymentInstrument' 

2023-08-06 22:33:58 - [MESSAGE][PASSED] - All options with label 'Cash' are selected in object 'Object Repository/BillingCenter/pge_BatchPaymentEntry/screen_MultiplePaymentWizard/lst_PaymentInstrument' 

2023-08-06 22:33:58 - [TEST_STEP][PASSED] - click(findTestObject("BillingCenter/pge_BatchPaymentEntry/screen_MultiplePaymentWizard/btn_Next"), CONTINUE_ON_FAILURE): Object: 'Object Repository/BillingCenter/pge_BatchPaymentEntry/screen_MultiplePaymentWizard/btn_Next' is clicked on

2023-08-06 22:33:59 - [MESSAGE][PASSED] - Object: 'Object Repository/BillingCenter/pge_BatchPaymentEntry/screen_MultiplePaymentWizard/btn_Next' is clicked on

2023-08-06 22:33:59 - [TEST_STEP][PASSED] - BatchNumber = getText(findTestObject("BillingCenter/pge_BatchPaymentEntry/screen_MultiplePaymentWizard/val_BatchNumber"), CONTINUE_ON_FAILURE): Text of object 'Object Repository/BillingCenter/pge_BatchPaymentEntry/screen_MultiplePaymentWizard/val_BatchNumber' is: 'BA07172026-1379'

2023-08-06 22:34:00 - [MESSAGE][PASSED] - Text of object 'Object Repository/BillingCenter/pge_BatchPaymentEntry/screen_MultiplePaymentWizard/val_BatchNumber' is: 'BA07172026-1379'

2023-08-06 22:34:00 - [TEST_STEP][PASSED] - comment("Posted Payment Batch Number " + BatchNumber): Posted Payment Batch Number BA07172026-1379

2023-08-06 22:34:00 - [MESSAGE][INFO] - Posted Payment Batch Number BA07172026-1379

2023-08-06 22:34:00 - [TEST_STEP][PASSED] - click(findTestObject("BillingCenter/pge_BatchPaymentEntry/screen_MultiplePaymentWizard/btn_Post"), CONTINUE_ON_FAILURE): Object: 'Object Repository/BillingCenter/pge_BatchPaymentEntry/screen_MultiplePaymentWizard/btn_Post' is clicked on

2023-08-06 22:34:00 - [MESSAGE][PASSED] - Object: 'Object Repository/BillingCenter/pge_BatchPaymentEntry/screen_MultiplePaymentWizard/btn_Post' is clicked on

2023-08-06 22:34:00 - [TEST_STEP][PASSED] - verifyElementPresent(findTestObject("BillingCenter/pge_BatchPaymentEntry/screen_BatchJobs/fld_GoTo_Quickjump"), 0): Object 'Object Repository/BillingCenter/pge_BatchPaymentEntry/screen_BatchJobs/fld_GoTo_Quickjump' is present

2023-08-06 22:34:00 - [MESSAGE][WARNING] - Timeout '0' is invalid. Using default page load timeout: '2'

2023-08-06 22:34:01 - [MESSAGE][PASSED] - Object 'Object Repository/BillingCenter/pge_BatchPaymentEntry/screen_BatchJobs/fld_GoTo_Quickjump' is present

2023-08-06 22:34:01 - [TEST_STEP][PASSED] - sendKeys(findTestObject("BillingCenter/pge_BatchPaymentEntry/screen_BatchJobs/fld_GoTo_Quickjump"), "runBatchProcess PostBatchPayment_sp"): Keys 'runBatchProcess PostBatchPayment_sp' sent to object: 'Object Repository/BillingCenter/pge_BatchPaymentEntry/screen_BatchJobs/fld_GoTo_Quickjump'

2023-08-06 22:34:01 - [MESSAGE][PASSED] - Keys 'runBatchProcess PostBatchPayment_sp' sent to object: 'Object Repository/BillingCenter/pge_BatchPaymentEntry/screen_BatchJobs/fld_GoTo_Quickjump'

2023-08-06 22:34:01 - [TEST_STEP][PASSED] - sendKeys(findTestObject("BillingCenter/pge_BatchPaymentEntry/screen_BatchJobs/fld_GoTo_Quickjump"), Keys.chord(ENTER)): Keys 'ENTER + ' sent to object: 'Object Repository/BillingCenter/pge_BatchPaymentEntry/screen_BatchJobs/fld_GoTo_Quickjump'

2023-08-06 22:34:02 - [MESSAGE][PASSED] - Keys 'ENTER + ' sent to object: 'Object Repository/BillingCenter/pge_BatchPaymentEntry/screen_BatchJobs/fld_GoTo_Quickjump'

2023-08-06 22:34:02 - [TEST_STEP][PASSED] - click(findTestObject("BillingCenter/pge_BatchPaymentEntry/screen_Verify_PostedPayments/opt_AccountSearch")): Object: 'Object Repository/BillingCenter/pge_BatchPaymentEntry/screen_Verify_PostedPayments/opt_AccountSearch' is clicked on

2023-08-06 22:34:03 - [MESSAGE][PASSED] - Object: 'Object Repository/BillingCenter/pge_BatchPaymentEntry/screen_Verify_PostedPayments/opt_AccountSearch' is clicked on

2023-08-06 22:34:03 - [TEST_STEP][PASSED] - sendKeys(findTestObject("BillingCenter/pge_BatchPaymentEntry/screen_Verify_PostedPayments/fld_SearchAccount"), Account): Keys '3062523' sent to object: 'Object Repository/BillingCenter/pge_BatchPaymentEntry/screen_Verify_PostedPayments/fld_SearchAccount'

2023-08-06 22:34:03 - [MESSAGE][PASSED] - Keys '3062523' sent to object: 'Object Repository/BillingCenter/pge_BatchPaymentEntry/screen_Verify_PostedPayments/fld_SearchAccount'

2023-08-06 22:34:03 - [TEST_STEP][PASSED] - click(findTestObject("BillingCenter/pge_BatchPaymentEntry/screen_Verify_PostedPayments/icon_SearchAccount")): Object: 'Object Repository/BillingCenter/pge_BatchPaymentEntry/screen_Verify_PostedPayments/icon_SearchAccount' is clicked on

2023-08-06 22:34:04 - [MESSAGE][PASSED] - Object: 'Object Repository/BillingCenter/pge_BatchPaymentEntry/screen_Verify_PostedPayments/icon_SearchAccount' is clicked on

2023-08-06 22:34:04 - [TEST_STEP][PASSED] - click(findTestObject("BillingCenter/pge_BatchPaymentEntry/screen_Verify_PostedPayments/icon_PaymentsDownArrow")): Object: 'Object Repository/BillingCenter/pge_BatchPaymentEntry/screen_Verify_PostedPayments/icon_PaymentsDownArrow' is clicked on

2023-08-06 22:34:05 - [MESSAGE][PASSED] - Object: 'Object Repository/BillingCenter/pge_BatchPaymentEntry/screen_Verify_PostedPayments/icon_PaymentsDownArrow' is clicked on

2023-08-06 22:34:05 - [TEST_STEP][PASSED] - click(findTestObject("BillingCenter/pge_BatchPaymentEntry/screen_Verify_PostedPayments/opt_PaymentsAccount")): Object: 'Object Repository/BillingCenter/pge_BatchPaymentEntry/screen_Verify_PostedPayments/opt_PaymentsAccount' is clicked on

2023-08-06 22:34:05 - [MESSAGE][PASSED] - Object: 'Object Repository/BillingCenter/pge_BatchPaymentEntry/screen_Verify_PostedPayments/opt_PaymentsAccount' is clicked on

2023-08-06 22:34:05 - [TEST_STEP][PASSED] - driver = getWebDriver(): null

2023-08-06 22:34:05 - [TEST_STEP][PASSED] - Table = driver.findElement(By.xpath("//*[@id='AccountPayments-AccountDetailPaymentsScreen-DirectBillPaymentsListDetail-AccountDBPaymentsLV']//tbody")): null

2023-08-06 22:34:06 - [TEST_STEP][PASSED] - elementsinColumn = gw.Table.getTableElementsByColumn(Table, 8): gw.Table.getTableElementsByColumn is PASSED

2023-08-06 22:34:11 - [MESSAGE][PASSED] - gw.Table.getTableElementsByColumn is PASSED

2023-08-06 22:34:11 - [TEST_STEP][PASSED] - comment("Elements after function call to getTableElementsByColumn " + elementsinColumn): Elements after function call to getTableElementsByColumn [Batch Number, BA07172026-1379, BA07172026-1372, BA07172026-1372, BA07172026-1368, BA07172026-1368, BA07162026-1335, BA07162026-1328, BA07162026-1324, BA07162026-1320, BA07162026-1316, BA07162026-1312, BA07042026-1252, BA07042026-1234, BA07042026-1227]

2023-08-06 22:34:11 - [MESSAGE][INFO] - Elements after function call to getTableElementsByColumn [Batch Number, BA07172026-1379, BA07172026-1372, BA07172026-1372, BA07172026-1368, BA07172026-1368, BA07162026-1335, BA07162026-1328, BA07162026-1324, BA07162026-1320, BA07162026-1316, BA07162026-1312, BA07042026-1252, BA07042026-1234, BA07042026-1227]

2023-08-06 22:34:11 - [TEST_STEP][PASSED] - if (elementsinColumn.contains(BatchNumber)): Account Payment Batch Number Found

2023-08-06 22:34:11 - [TEST_STEP][PASSED] - markPassed("Account Payment Batch Number Found"): Account Payment Batch Number Found

2023-08-06 22:34:11 - [MESSAGE][PASSED] - Account Payment Batch Number Found

2023-08-06 22:34:11 - [TEST_STEP][PASSED] - click(findTestObject("BillingCenter/pge_BatchPaymentEntry/screen_Verify_PostedPayments/lbl_DesktopOption")): Object: 'Object Repository/BillingCenter/pge_BatchPaymentEntry/screen_Verify_PostedPayments/lbl_DesktopOption' is clicked on

2023-08-06 22:34:11 - [MESSAGE][PASSED] - Object: 'Object Repository/BillingCenter/pge_BatchPaymentEntry/screen_Verify_PostedPayments/lbl_DesktopOption' is clicked on

2023-08-06 22:34:11 - [TEST_STEP][PASSED] - callTestCase(findTestCase("BillingCenter/BatchPaymentEntry/BC_NavigateBatchPaymentEntryScreen"), [:]): Call Test Case 'Test Cases/BillingCenter/BatchPaymentEntry/BC_NavigateBatchPaymentEntryScreen' successfully

2023-08-06 22:34:11 - [TEST_CASE][PASSED] - Test Cases/BillingCenter/BatchPaymentEntry/BC_NavigateBatchPaymentEntryScreen: Test Cases/BillingCenter/BatchPaymentEntry/BC_NavigateBatchPaymentEntryScreen

2023-08-06 22:34:11 - [TEST_STEP][PASSED] - click(findTestObject("BillingCenter/pge_BatchPaymentEntry/pge_Navigation/opt_Desktop_Actions")): Object: 'Object Repository/BillingCenter/pge_BatchPaymentEntry/pge_Navigation/opt_Desktop_Actions' is clicked on

2023-08-06 22:34:12 - [MESSAGE][PASSED] - Object: 'Object Repository/BillingCenter/pge_BatchPaymentEntry/pge_Navigation/opt_Desktop_Actions' is clicked on

2023-08-06 22:34:12 - [TEST_STEP][PASSED] - mouseOver(findTestObject("BillingCenter/pge_BatchPaymentEntry/pge_Navigation/act_NewPayment")): Object: 'Object Repository/BillingCenter/pge_BatchPaymentEntry/pge_Navigation/act_NewPayment' is hovered

2023-08-06 22:34:12 - [MESSAGE][PASSED] - Object: 'Object Repository/BillingCenter/pge_BatchPaymentEntry/pge_Navigation/act_NewPayment' is hovered

2023-08-06 22:34:12 - [TEST_STEP][PASSED] - click(findTestObject("BillingCenter/pge_BatchPaymentEntry/pge_Navigation/opt_newPayment _BatchPaymentEntry")): Object: 'Object Repository/BillingCenter/pge_BatchPaymentEntry/pge_Navigation/opt_newPayment _BatchPaymentEntry' is clicked on

2023-08-06 22:34:13 - [MESSAGE][PASSED] - Object: 'Object Repository/BillingCenter/pge_BatchPaymentEntry/pge_Navigation/opt_newPayment _BatchPaymentEntry' is clicked on

2023-08-06 22:34:13 - [MESSAGE][PASSED] - Call Test Case 'Test Cases/BillingCenter/BatchPaymentEntry/BC_NavigateBatchPaymentEntryScreen' successfully

2023-08-06 22:34:13 - [TEST_STEP][PASSED] - for (def index : (0..0)): null

2023-08-06 22:34:13 - [TEST_STEP][ERROR] - Start listener action : gwAfterTestCase: org.codehaus.groovy.runtime.InvokerInvocationException: java.io.FileNotFoundException: C:\QA Scripts\emc.guidewire.katalon.updated\GW10 Automation\Reports\Execution Status.xlsx (The system cannot find the file specified)
	at GWListener.invokeMethod(GWListener.groovy)
	at com.kms.katalon.core.context.internal.TestHooker.invokeMethod(TestHooker.java:111)
	at com.kms.katalon.core.context.internal.TestHooker.lambda$3(TestHooker.java:95)
	at com.kms.katalon.core.context.internal.TestHooker.invokeContextMethods(TestHooker.java:94)
	at com.kms.katalon.core.context.internal.TestListenerCollector.lambda$3(TestListenerCollector.java:88)
	at com.kms.katalon.core.context.internal.TestListenerCollector.handleListenerEvent(TestListenerCollector.java:85)
	at com.kms.katalon.core.context.internal.ExecutionEventManager.publicEvent(ExecutionEventManager.java:36)
	at com.kms.katalon.core.main.TestCaseExecutor.execute(TestCaseExecutor.java:251)
	at com.kms.katalon.core.main.TestSuiteExecutor.accessTestCaseMainPhase(TestSuiteExecutor.java:191)
	at com.kms.katalon.core.main.TestSuiteExecutor.accessTestSuiteMainPhase(TestSuiteExecutor.java:141)
	at com.kms.katalon.core.main.TestSuiteExecutor.execute(TestSuiteExecutor.java:90)
	at com.kms.katalon.core.main.TestCaseMain.startTestSuite(TestCaseMain.java:157)
	at com.kms.katalon.core.main.TestCaseMain$startTestSuite$0.call(Unknown Source)
	at TempTestSuite1691341402211.run(TempTestSuite1691341402211.groovy:39)
Caused by: java.io.FileNotFoundException: C:\QA Scripts\emc.guidewire.katalon.updated\GW10 Automation\Reports\Execution Status.xlsx (The system cannot find the file specified)
	at common.Excel.getColumnNumber(Excel.groovy:69)
	at common.Excel.WirteToExcel(Excel.groovy:95)
	at common.Excel$WirteToExcel$0.call(Unknown Source)
	at GWListener.gwAfterTestCase(GWListener.groovy:137)
	... 14 more


2023-08-06 22:34:13 - [TEST_STEP][PASSED] - tc_end_Time = System.currentTimeMillis(): null

2023-08-06 22:34:13 - [TEST_STEP][PASSED] - date_tc_end_Time = dateformat.format(tc_end_Time): null

2023-08-06 22:34:13 - [TEST_STEP][PASSED] - (tempRowNum++): null

2023-08-06 22:34:13 - [TEST_STEP][PASSED] - testCaseID = testCaseContext.getTestCaseId(): null

2023-08-06 22:34:13 - [TEST_STEP][PASSED] - testCase = findTestCase(testCaseID): null

2023-08-06 22:34:13 - [TEST_STEP][PASSED] - testCaseName = testCase.getName(): null

2023-08-06 22:34:13 - [TEST_STEP][PASSED] - switch (testCaseContext.getTestCaseStatus()): null

2023-08-06 22:34:13 - [TEST_STEP][PASSED] - case "PASSED":: null

2023-08-06 22:34:13 - [TEST_STEP][PASSED] - (passedCnt++): null

2023-08-06 22:34:13 - [TEST_STEP][PASSED] - break: null

2023-08-06 22:34:13 - [TEST_STEP][PASSED] - if (testCaseName == "GenerateAndSendReport"): null

2023-08-06 22:34:13 - [TEST_STEP][PASSED] - if (testCaseName == "GenerateAndSaveReport"): null

2023-08-06 22:34:13 - [TEST_STEP][PASSED] - if (testCaseName == "GenerateTimeReport"): null

2023-08-06 22:34:13 - [TEST_STEP][ERROR] - if (!(testCaseName.contains("Submission")) && !(testCaseName.contains("Issurance")) && !(testCaseName.contains("NewAccount")) && !(testCaseName.contains("FNOL")) && !(testCaseName.contains("QuickClaim")) && !(testCaseName.contains("verify"))): org.codehaus.groovy.runtime.InvokerInvocationException: java.io.FileNotFoundException: C:\QA Scripts\emc.guidewire.katalon.updated\GW10 Automation\Reports\Execution Status.xlsx (The system cannot find the file specified)
	at GWListener.invokeMethod(GWListener.groovy)
	at com.kms.katalon.core.context.internal.TestHooker.invokeMethod(TestHooker.java:111)
	at com.kms.katalon.core.context.internal.TestHooker.lambda$3(TestHooker.java:95)
	at com.kms.katalon.core.context.internal.TestHooker.invokeContextMethods(TestHooker.java:94)
	at com.kms.katalon.core.context.internal.TestListenerCollector.lambda$3(TestListenerCollector.java:88)
	at com.kms.katalon.core.context.internal.TestListenerCollector.handleListenerEvent(TestListenerCollector.java:85)
	at com.kms.katalon.core.context.internal.ExecutionEventManager.publicEvent(ExecutionEventManager.java:36)
	at com.kms.katalon.core.main.TestCaseExecutor.execute(TestCaseExecutor.java:251)
	at com.kms.katalon.core.main.TestSuiteExecutor.accessTestCaseMainPhase(TestSuiteExecutor.java:191)
	at com.kms.katalon.core.main.TestSuiteExecutor.accessTestSuiteMainPhase(TestSuiteExecutor.java:141)
	at com.kms.katalon.core.main.TestSuiteExecutor.execute(TestSuiteExecutor.java:90)
	at com.kms.katalon.core.main.TestCaseMain.startTestSuite(TestCaseMain.java:157)
	at com.kms.katalon.core.main.TestCaseMain$startTestSuite$0.call(Unknown Source)
	at TempTestSuite1691341402211.run(TempTestSuite1691341402211.groovy:39)
Caused by: java.io.FileNotFoundException: C:\QA Scripts\emc.guidewire.katalon.updated\GW10 Automation\Reports\Execution Status.xlsx (The system cannot find the file specified)
	at common.Excel.getColumnNumber(Excel.groovy:69)
	at common.Excel.WirteToExcel(Excel.groovy:95)
	at common.Excel$WirteToExcel$0.call(Unknown Source)
	at GWListener.gwAfterTestCase(GWListener.groovy:137)
	... 14 more


2023-08-06 22:34:13 - [MESSAGE][ERROR] - org.codehaus.groovy.runtime.InvokerInvocationException: java.io.FileNotFoundException: C:\QA Scripts\emc.guidewire.katalon.updated\GW10 Automation\Reports\Execution Status.xlsx (The system cannot find the file specified)
	at GWListener.invokeMethod(GWListener.groovy)
	at com.kms.katalon.core.context.internal.TestHooker.invokeMethod(TestHooker.java:111)
	at com.kms.katalon.core.context.internal.TestHooker.lambda$3(TestHooker.java:95)
	at com.kms.katalon.core.context.internal.TestHooker.invokeContextMethods(TestHooker.java:94)
	at com.kms.katalon.core.context.internal.TestListenerCollector.lambda$3(TestListenerCollector.java:88)
	at com.kms.katalon.core.context.internal.TestListenerCollector.handleListenerEvent(TestListenerCollector.java:85)
	at com.kms.katalon.core.context.internal.ExecutionEventManager.publicEvent(ExecutionEventManager.java:36)
	at com.kms.katalon.core.main.TestCaseExecutor.execute(TestCaseExecutor.java:251)
	at com.kms.katalon.core.main.TestSuiteExecutor.accessTestCaseMainPhase(TestSuiteExecutor.java:191)
	at com.kms.katalon.core.main.TestSuiteExecutor.accessTestSuiteMainPhase(TestSuiteExecutor.java:141)
	at com.kms.katalon.core.main.TestSuiteExecutor.execute(TestSuiteExecutor.java:90)
	at com.kms.katalon.core.main.TestCaseMain.startTestSuite(TestCaseMain.java:157)
	at com.kms.katalon.core.main.TestCaseMain$startTestSuite$0.call(Unknown Source)
	at TempTestSuite1691341402211.run(TempTestSuite1691341402211.groovy:39)
Caused by: java.io.FileNotFoundException: C:\QA Scripts\emc.guidewire.katalon.updated\GW10 Automation\Reports\Execution Status.xlsx (The system cannot find the file specified)
	at common.Excel.getColumnNumber(Excel.groovy:69)
	at common.Excel.WirteToExcel(Excel.groovy:95)
	at common.Excel$WirteToExcel$0.call(Unknown Source)
	at GWListener.gwAfterTestCase(GWListener.groovy:137)
	... 14 more


2023-08-06 22:34:15 - [TEST_STEP][PASSED] - Video: Video recording for test case 'Test Cases/BillingCenter/BatchPaymentEntry/BC_MultiplePaymentEntryandVerification_AccountLevel' .

2023-08-06 22:34:15 - [MESSAGE][INFO] - Video recording for test case 'Test Cases/BillingCenter/BatchPaymentEntry/BC_MultiplePaymentEntryandVerification_AccountLevel' .
[[ATTACHMENT|C:\\QA Scripts\\emc.guidewire.katalon.updated\\GW10 Automation\\Reports\\20230806_223322\\BillingCenter\\BatchPaymentEntry\\20230806_223322/videos\\test_3.avi]]]]></system-out>
         <system-err><![CDATA[]]></system-err>
      </testcase>
      <testcase name="Test Cases/BillingCenter/BatchPaymentEntry/BC_MultiplePaymentEntryandVerification_AccountLevel" time="24.135" classname="Test Cases/BillingCenter/BatchPaymentEntry/BC_MultiplePaymentEntryandVerification_AccountLevel" status="PASSED">
         <system-out><![CDATA[2023-08-06 22:34:15 - [TEST_CASE][PASSED] - Test Cases/BillingCenter/BatchPaymentEntry/BC_MultiplePaymentEntryandVerification_AccountLevel: Test Cases/BillingCenter/BatchPaymentEntry/BC_MultiplePaymentEntryandVerification_AccountLevel

2023-08-06 22:34:15 - [TEST_STEP][PASSED] - Start listener action : gwBeforeTestCase: null

2023-08-06 22:34:15 - [TEST_STEP][PASSED] - if (Env_TestCaseId == testCaseContext.getTestCaseId()): null

2023-08-06 22:34:15 - [TEST_STEP][PASSED] - Env_Iteration = iteration: null

2023-08-06 22:34:15 - [TEST_STEP][PASSED] - Env_TestCaseId = testCaseContext.getTestCaseId(): null

2023-08-06 22:34:15 - [TEST_STEP][PASSED] - Env_TestCaseVariables = testCaseContext.getTestCaseVariables(): null

2023-08-06 22:34:15 - [TEST_STEP][PASSED] - tc_start_Time = System.currentTimeMillis(): null

2023-08-06 22:34:15 - [TEST_STEP][PASSED] - date_tc_start_Time = dateformat.format(tc_start_Time): null

2023-08-06 22:34:15 - [TEST_STEP][PASSED] - selectOptionByLabel(findTestObject("BillingCenter/pge_BatchPaymentEntry/screen_MultiplePaymentWizard/lst_Source"), Source, false, CONTINUE_ON_FAILURE): All options with label 'Cash Accounting' are selected in object 'Object Repository/BillingCenter/pge_BatchPaymentEntry/screen_MultiplePaymentWizard/lst_Source' 

2023-08-06 22:34:16 - [MESSAGE][PASSED] - All options with label 'Cash Accounting' are selected in object 'Object Repository/BillingCenter/pge_BatchPaymentEntry/screen_MultiplePaymentWizard/lst_Source' 

2023-08-06 22:34:16 - [TEST_STEP][PASSED] - setText(findTestObject("BillingCenter/pge_BatchPaymentEntry/screen_MultiplePaymentWizard/txt_BatchAmount"), BatchAmount, CONTINUE_ON_FAILURE): Text '3.5' is set on object 'Object Repository/BillingCenter/pge_BatchPaymentEntry/screen_MultiplePaymentWizard/txt_BatchAmount'

2023-08-06 22:34:17 - [MESSAGE][PASSED] - Text '3.5' is set on object 'Object Repository/BillingCenter/pge_BatchPaymentEntry/screen_MultiplePaymentWizard/txt_BatchAmount'

2023-08-06 22:34:17 - [TEST_STEP][PASSED] - sendKeys(findTestObject("BillingCenter/pge_BatchPaymentEntry/screen_MultiplePaymentWizard/txt_BatchAmount"), Keys.chord(TAB)): Keys 'TAB + ' sent to object: 'Object Repository/BillingCenter/pge_BatchPaymentEntry/screen_MultiplePaymentWizard/txt_BatchAmount'

2023-08-06 22:34:17 - [MESSAGE][PASSED] - Keys 'TAB + ' sent to object: 'Object Repository/BillingCenter/pge_BatchPaymentEntry/screen_MultiplePaymentWizard/txt_BatchAmount'

2023-08-06 22:34:17 - [TEST_STEP][PASSED] - selectOptionByLabel(findTestObject("BillingCenter/pge_BatchPaymentEntry/screen_MultiplePaymentWizard/lst_Type"), Type, false, CONTINUE_ON_FAILURE): All options with label 'Payment' are selected in object 'Object Repository/BillingCenter/pge_BatchPaymentEntry/screen_MultiplePaymentWizard/lst_Type' 

2023-08-06 22:34:19 - [MESSAGE][PASSED] - All options with label 'Payment' are selected in object 'Object Repository/BillingCenter/pge_BatchPaymentEntry/screen_MultiplePaymentWizard/lst_Type' 

2023-08-06 22:34:19 - [TEST_STEP][PASSED] - verifyElementVisible(findTestObject("BillingCenter/pge_BatchPaymentEntry/screen_MultiplePaymentWizard/txt_Account"), CONTINUE_ON_FAILURE): Object 'Object Repository/BillingCenter/pge_BatchPaymentEntry/screen_MultiplePaymentWizard/txt_Account' is visible

2023-08-06 22:34:19 - [MESSAGE][PASSED] - Object 'Object Repository/BillingCenter/pge_BatchPaymentEntry/screen_MultiplePaymentWizard/txt_Account' is visible

2023-08-06 22:34:19 - [TEST_STEP][PASSED] - setText(findTestObject("BillingCenter/pge_BatchPaymentEntry/screen_MultiplePaymentWizard/txt_Account"), Account): Text '3062524' is set on object 'Object Repository/BillingCenter/pge_BatchPaymentEntry/screen_MultiplePaymentWizard/txt_Account'

2023-08-06 22:34:20 - [MESSAGE][PASSED] - Text '3062524' is set on object 'Object Repository/BillingCenter/pge_BatchPaymentEntry/screen_MultiplePaymentWizard/txt_Account'

2023-08-06 22:34:20 - [TEST_STEP][PASSED] - clearText(findTestObject("BillingCenter/pge_BatchPaymentEntry/screen_MultiplePaymentWizard/txt_Amount"), CONTINUE_ON_FAILURE): Text of object 'Object Repository/BillingCenter/pge_BatchPaymentEntry/screen_MultiplePaymentWizard/txt_Amount' is cleared

2023-08-06 22:34:21 - [MESSAGE][PASSED] - Text of object 'Object Repository/BillingCenter/pge_BatchPaymentEntry/screen_MultiplePaymentWizard/txt_Amount' is cleared

2023-08-06 22:34:21 - [TEST_STEP][PASSED] - setText(findTestObject("BillingCenter/pge_BatchPaymentEntry/screen_MultiplePaymentWizard/txt_Amount"), Amount, CONTINUE_ON_FAILURE): Text '3.5' is set on object 'Object Repository/BillingCenter/pge_BatchPaymentEntry/screen_MultiplePaymentWizard/txt_Amount'

2023-08-06 22:34:22 - [MESSAGE][PASSED] - Text '3.5' is set on object 'Object Repository/BillingCenter/pge_BatchPaymentEntry/screen_MultiplePaymentWizard/txt_Amount'

2023-08-06 22:34:22 - [TEST_STEP][PASSED] - sendKeys(findTestObject("BillingCenter/pge_BatchPaymentEntry/screen_MultiplePaymentWizard/txt_Amount"), Keys.chord(TAB)): Keys 'TAB + ' sent to object: 'Object Repository/BillingCenter/pge_BatchPaymentEntry/screen_MultiplePaymentWizard/txt_Amount'

2023-08-06 22:34:23 - [MESSAGE][PASSED] - Keys 'TAB + ' sent to object: 'Object Repository/BillingCenter/pge_BatchPaymentEntry/screen_MultiplePaymentWizard/txt_Amount'

2023-08-06 22:34:23 - [TEST_STEP][PASSED] - verifyElementVisible(findTestObject("BillingCenter/pge_BatchPaymentEntry/screen_MultiplePaymentWizard/txt_CheckRef"), CONTINUE_ON_FAILURE): Object 'Object Repository/BillingCenter/pge_BatchPaymentEntry/screen_MultiplePaymentWizard/txt_CheckRef' is visible

2023-08-06 22:34:23 - [MESSAGE][PASSED] - Object 'Object Repository/BillingCenter/pge_BatchPaymentEntry/screen_MultiplePaymentWizard/txt_CheckRef' is visible

2023-08-06 22:34:23 - [TEST_STEP][PASSED] - setText(findTestObject("BillingCenter/pge_BatchPaymentEntry/screen_MultiplePaymentWizard/txt_CheckRef"), CheckRef, CONTINUE_ON_FAILURE): Text '8877665544' is set on object 'Object Repository/BillingCenter/pge_BatchPaymentEntry/screen_MultiplePaymentWizard/txt_CheckRef'

2023-08-06 22:34:24 - [MESSAGE][PASSED] - Text '8877665544' is set on object 'Object Repository/BillingCenter/pge_BatchPaymentEntry/screen_MultiplePaymentWizard/txt_CheckRef'

2023-08-06 22:34:24 - [TEST_STEP][PASSED] - setText(findTestObject("BillingCenter/pge_BatchPaymentEntry/screen_MultiplePaymentWizard/txt_Description"), Description, CONTINUE_ON_FAILURE): Text 'Payment on account' is set on object 'Object Repository/BillingCenter/pge_BatchPaymentEntry/screen_MultiplePaymentWizard/txt_Description'

2023-08-06 22:34:26 - [MESSAGE][PASSED] - Text 'Payment on account' is set on object 'Object Repository/BillingCenter/pge_BatchPaymentEntry/screen_MultiplePaymentWizard/txt_Description'

2023-08-06 22:34:26 - [TEST_STEP][PASSED] - selectOptionByLabel(findTestObject("BillingCenter/pge_BatchPaymentEntry/screen_MultiplePaymentWizard/lst_PaymentInstrument"), PaymentInstrument, false, CONTINUE_ON_FAILURE): All options with label 'Check' are selected in object 'Object Repository/BillingCenter/pge_BatchPaymentEntry/screen_MultiplePaymentWizard/lst_PaymentInstrument' 

2023-08-06 22:34:26 - [MESSAGE][PASSED] - All options with label 'Check' are selected in object 'Object Repository/BillingCenter/pge_BatchPaymentEntry/screen_MultiplePaymentWizard/lst_PaymentInstrument' 

2023-08-06 22:34:26 - [TEST_STEP][PASSED] - click(findTestObject("BillingCenter/pge_BatchPaymentEntry/screen_MultiplePaymentWizard/btn_Next"), CONTINUE_ON_FAILURE): Object: 'Object Repository/BillingCenter/pge_BatchPaymentEntry/screen_MultiplePaymentWizard/btn_Next' is clicked on

2023-08-06 22:34:27 - [MESSAGE][PASSED] - Object: 'Object Repository/BillingCenter/pge_BatchPaymentEntry/screen_MultiplePaymentWizard/btn_Next' is clicked on

2023-08-06 22:34:27 - [TEST_STEP][PASSED] - BatchNumber = getText(findTestObject("BillingCenter/pge_BatchPaymentEntry/screen_MultiplePaymentWizard/val_BatchNumber"), CONTINUE_ON_FAILURE): Text of object 'Object Repository/BillingCenter/pge_BatchPaymentEntry/screen_MultiplePaymentWizard/val_BatchNumber' is: 'CA07172026-1382'

2023-08-06 22:34:27 - [MESSAGE][PASSED] - Text of object 'Object Repository/BillingCenter/pge_BatchPaymentEntry/screen_MultiplePaymentWizard/val_BatchNumber' is: 'CA07172026-1382'

2023-08-06 22:34:27 - [TEST_STEP][PASSED] - comment("Posted Payment Batch Number " + BatchNumber): Posted Payment Batch Number CA07172026-1382

2023-08-06 22:34:27 - [MESSAGE][INFO] - Posted Payment Batch Number CA07172026-1382

2023-08-06 22:34:27 - [TEST_STEP][PASSED] - click(findTestObject("BillingCenter/pge_BatchPaymentEntry/screen_MultiplePaymentWizard/btn_Post"), CONTINUE_ON_FAILURE): Object: 'Object Repository/BillingCenter/pge_BatchPaymentEntry/screen_MultiplePaymentWizard/btn_Post' is clicked on

2023-08-06 22:34:28 - [MESSAGE][PASSED] - Object: 'Object Repository/BillingCenter/pge_BatchPaymentEntry/screen_MultiplePaymentWizard/btn_Post' is clicked on

2023-08-06 22:34:28 - [TEST_STEP][PASSED] - verifyElementPresent(findTestObject("BillingCenter/pge_BatchPaymentEntry/screen_BatchJobs/fld_GoTo_Quickjump"), 0): Object 'Object Repository/BillingCenter/pge_BatchPaymentEntry/screen_BatchJobs/fld_GoTo_Quickjump' is present

2023-08-06 22:34:28 - [MESSAGE][WARNING] - Timeout '0' is invalid. Using default page load timeout: '2'

2023-08-06 22:34:29 - [MESSAGE][PASSED] - Object 'Object Repository/BillingCenter/pge_BatchPaymentEntry/screen_BatchJobs/fld_GoTo_Quickjump' is present

2023-08-06 22:34:29 - [TEST_STEP][PASSED] - sendKeys(findTestObject("BillingCenter/pge_BatchPaymentEntry/screen_BatchJobs/fld_GoTo_Quickjump"), "runBatchProcess PostBatchPayment_sp"): Keys 'runBatchProcess PostBatchPayment_sp' sent to object: 'Object Repository/BillingCenter/pge_BatchPaymentEntry/screen_BatchJobs/fld_GoTo_Quickjump'

2023-08-06 22:34:29 - [MESSAGE][PASSED] - Keys 'runBatchProcess PostBatchPayment_sp' sent to object: 'Object Repository/BillingCenter/pge_BatchPaymentEntry/screen_BatchJobs/fld_GoTo_Quickjump'

2023-08-06 22:34:29 - [TEST_STEP][PASSED] - sendKeys(findTestObject("BillingCenter/pge_BatchPaymentEntry/screen_BatchJobs/fld_GoTo_Quickjump"), Keys.chord(ENTER)): Keys 'ENTER + ' sent to object: 'Object Repository/BillingCenter/pge_BatchPaymentEntry/screen_BatchJobs/fld_GoTo_Quickjump'

2023-08-06 22:34:29 - [MESSAGE][PASSED] - Keys 'ENTER + ' sent to object: 'Object Repository/BillingCenter/pge_BatchPaymentEntry/screen_BatchJobs/fld_GoTo_Quickjump'

2023-08-06 22:34:29 - [TEST_STEP][PASSED] - click(findTestObject("BillingCenter/pge_BatchPaymentEntry/screen_Verify_PostedPayments/opt_AccountSearch")): Object: 'Object Repository/BillingCenter/pge_BatchPaymentEntry/screen_Verify_PostedPayments/opt_AccountSearch' is clicked on

2023-08-06 22:34:30 - [MESSAGE][PASSED] - Object: 'Object Repository/BillingCenter/pge_BatchPaymentEntry/screen_Verify_PostedPayments/opt_AccountSearch' is clicked on

2023-08-06 22:34:30 - [TEST_STEP][PASSED] - sendKeys(findTestObject("BillingCenter/pge_BatchPaymentEntry/screen_Verify_PostedPayments/fld_SearchAccount"), Account): Keys '3062524' sent to object: 'Object Repository/BillingCenter/pge_BatchPaymentEntry/screen_Verify_PostedPayments/fld_SearchAccount'

2023-08-06 22:34:31 - [MESSAGE][PASSED] - Keys '3062524' sent to object: 'Object Repository/BillingCenter/pge_BatchPaymentEntry/screen_Verify_PostedPayments/fld_SearchAccount'

2023-08-06 22:34:31 - [TEST_STEP][PASSED] - click(findTestObject("BillingCenter/pge_BatchPaymentEntry/screen_Verify_PostedPayments/icon_SearchAccount")): Object: 'Object Repository/BillingCenter/pge_BatchPaymentEntry/screen_Verify_PostedPayments/icon_SearchAccount' is clicked on

2023-08-06 22:34:31 - [MESSAGE][PASSED] - Object: 'Object Repository/BillingCenter/pge_BatchPaymentEntry/screen_Verify_PostedPayments/icon_SearchAccount' is clicked on

2023-08-06 22:34:31 - [TEST_STEP][PASSED] - click(findTestObject("BillingCenter/pge_BatchPaymentEntry/screen_Verify_PostedPayments/icon_PaymentsDownArrow")): Object: 'Object Repository/BillingCenter/pge_BatchPaymentEntry/screen_Verify_PostedPayments/icon_PaymentsDownArrow' is clicked on

2023-08-06 22:34:32 - [MESSAGE][PASSED] - Object: 'Object Repository/BillingCenter/pge_BatchPaymentEntry/screen_Verify_PostedPayments/icon_PaymentsDownArrow' is clicked on

2023-08-06 22:34:32 - [TEST_STEP][PASSED] - click(findTestObject("BillingCenter/pge_BatchPaymentEntry/screen_Verify_PostedPayments/opt_PaymentsAccount")): Object: 'Object Repository/BillingCenter/pge_BatchPaymentEntry/screen_Verify_PostedPayments/opt_PaymentsAccount' is clicked on

2023-08-06 22:34:33 - [MESSAGE][PASSED] - Object: 'Object Repository/BillingCenter/pge_BatchPaymentEntry/screen_Verify_PostedPayments/opt_PaymentsAccount' is clicked on

2023-08-06 22:34:33 - [TEST_STEP][PASSED] - driver = getWebDriver(): null

2023-08-06 22:34:33 - [TEST_STEP][PASSED] - Table = driver.findElement(By.xpath("//*[@id='AccountPayments-AccountDetailPaymentsScreen-DirectBillPaymentsListDetail-AccountDBPaymentsLV']//tbody")): null

2023-08-06 22:34:33 - [TEST_STEP][PASSED] - elementsinColumn = gw.Table.getTableElementsByColumn(Table, 8): gw.Table.getTableElementsByColumn is PASSED

2023-08-06 22:34:35 - [MESSAGE][PASSED] - gw.Table.getTableElementsByColumn is PASSED

2023-08-06 22:34:35 - [TEST_STEP][PASSED] - comment("Elements after function call to getTableElementsByColumn " + elementsinColumn): Elements after function call to getTableElementsByColumn [Batch Number, CA07172026-1382, CA07162026-1331, CA07042026-1230]

2023-08-06 22:34:35 - [MESSAGE][INFO] - Elements after function call to getTableElementsByColumn [Batch Number, CA07172026-1382, CA07162026-1331, CA07042026-1230]

2023-08-06 22:34:35 - [TEST_STEP][PASSED] - if (elementsinColumn.contains(BatchNumber)): Account Payment Batch Number Found

2023-08-06 22:34:35 - [TEST_STEP][PASSED] - markPassed("Account Payment Batch Number Found"): Account Payment Batch Number Found

2023-08-06 22:34:35 - [MESSAGE][PASSED] - Account Payment Batch Number Found

2023-08-06 22:34:35 - [TEST_STEP][PASSED] - click(findTestObject("BillingCenter/pge_BatchPaymentEntry/screen_Verify_PostedPayments/lbl_DesktopOption")): Object: 'Object Repository/BillingCenter/pge_BatchPaymentEntry/screen_Verify_PostedPayments/lbl_DesktopOption' is clicked on

2023-08-06 22:34:35 - [MESSAGE][PASSED] - Object: 'Object Repository/BillingCenter/pge_BatchPaymentEntry/screen_Verify_PostedPayments/lbl_DesktopOption' is clicked on

2023-08-06 22:34:35 - [TEST_STEP][PASSED] - callTestCase(findTestCase("BillingCenter/BatchPaymentEntry/BC_NavigateBatchPaymentEntryScreen"), [:]): Call Test Case 'Test Cases/BillingCenter/BatchPaymentEntry/BC_NavigateBatchPaymentEntryScreen' successfully

2023-08-06 22:34:35 - [TEST_CASE][PASSED] - Test Cases/BillingCenter/BatchPaymentEntry/BC_NavigateBatchPaymentEntryScreen: Test Cases/BillingCenter/BatchPaymentEntry/BC_NavigateBatchPaymentEntryScreen

2023-08-06 22:34:35 - [TEST_STEP][PASSED] - click(findTestObject("BillingCenter/pge_BatchPaymentEntry/pge_Navigation/opt_Desktop_Actions")): Object: 'Object Repository/BillingCenter/pge_BatchPaymentEntry/pge_Navigation/opt_Desktop_Actions' is clicked on

2023-08-06 22:34:36 - [MESSAGE][PASSED] - Object: 'Object Repository/BillingCenter/pge_BatchPaymentEntry/pge_Navigation/opt_Desktop_Actions' is clicked on

2023-08-06 22:34:36 - [TEST_STEP][PASSED] - mouseOver(findTestObject("BillingCenter/pge_BatchPaymentEntry/pge_Navigation/act_NewPayment")): Object: 'Object Repository/BillingCenter/pge_BatchPaymentEntry/pge_Navigation/act_NewPayment' is hovered

2023-08-06 22:34:37 - [MESSAGE][PASSED] - Object: 'Object Repository/BillingCenter/pge_BatchPaymentEntry/pge_Navigation/act_NewPayment' is hovered

2023-08-06 22:34:37 - [TEST_STEP][PASSED] - click(findTestObject("BillingCenter/pge_BatchPaymentEntry/pge_Navigation/opt_newPayment _BatchPaymentEntry")): Object: 'Object Repository/BillingCenter/pge_BatchPaymentEntry/pge_Navigation/opt_newPayment _BatchPaymentEntry' is clicked on

2023-08-06 22:34:37 - [MESSAGE][PASSED] - Object: 'Object Repository/BillingCenter/pge_BatchPaymentEntry/pge_Navigation/opt_newPayment _BatchPaymentEntry' is clicked on

2023-08-06 22:34:37 - [MESSAGE][PASSED] - Call Test Case 'Test Cases/BillingCenter/BatchPaymentEntry/BC_NavigateBatchPaymentEntryScreen' successfully

2023-08-06 22:34:37 - [TEST_STEP][PASSED] - for (def index : (0..0)): null

2023-08-06 22:34:37 - [TEST_STEP][ERROR] - Start listener action : gwAfterTestCase: org.codehaus.groovy.runtime.InvokerInvocationException: java.io.FileNotFoundException: C:\QA Scripts\emc.guidewire.katalon.updated\GW10 Automation\Reports\Execution Status.xlsx (The system cannot find the file specified)
	at GWListener.invokeMethod(GWListener.groovy)
	at com.kms.katalon.core.context.internal.TestHooker.invokeMethod(TestHooker.java:111)
	at com.kms.katalon.core.context.internal.TestHooker.lambda$3(TestHooker.java:95)
	at com.kms.katalon.core.context.internal.TestHooker.invokeContextMethods(TestHooker.java:94)
	at com.kms.katalon.core.context.internal.TestListenerCollector.lambda$3(TestListenerCollector.java:88)
	at com.kms.katalon.core.context.internal.TestListenerCollector.handleListenerEvent(TestListenerCollector.java:85)
	at com.kms.katalon.core.context.internal.ExecutionEventManager.publicEvent(ExecutionEventManager.java:36)
	at com.kms.katalon.core.main.TestCaseExecutor.execute(TestCaseExecutor.java:251)
	at com.kms.katalon.core.main.TestSuiteExecutor.accessTestCaseMainPhase(TestSuiteExecutor.java:191)
	at com.kms.katalon.core.main.TestSuiteExecutor.accessTestSuiteMainPhase(TestSuiteExecutor.java:141)
	at com.kms.katalon.core.main.TestSuiteExecutor.execute(TestSuiteExecutor.java:90)
	at com.kms.katalon.core.main.TestCaseMain.startTestSuite(TestCaseMain.java:157)
	at com.kms.katalon.core.main.TestCaseMain$startTestSuite$0.call(Unknown Source)
	at TempTestSuite1691341402211.run(TempTestSuite1691341402211.groovy:39)
Caused by: java.io.FileNotFoundException: C:\QA Scripts\emc.guidewire.katalon.updated\GW10 Automation\Reports\Execution Status.xlsx (The system cannot find the file specified)
	at common.Excel.getColumnNumber(Excel.groovy:69)
	at common.Excel.WirteToExcel(Excel.groovy:95)
	at common.Excel$WirteToExcel$0.call(Unknown Source)
	at GWListener.gwAfterTestCase(GWListener.groovy:137)
	... 14 more


2023-08-06 22:34:37 - [TEST_STEP][PASSED] - tc_end_Time = System.currentTimeMillis(): null

2023-08-06 22:34:37 - [TEST_STEP][PASSED] - date_tc_end_Time = dateformat.format(tc_end_Time): null

2023-08-06 22:34:37 - [TEST_STEP][PASSED] - (tempRowNum++): null

2023-08-06 22:34:37 - [TEST_STEP][PASSED] - testCaseID = testCaseContext.getTestCaseId(): null

2023-08-06 22:34:37 - [TEST_STEP][PASSED] - testCase = findTestCase(testCaseID): null

2023-08-06 22:34:37 - [TEST_STEP][PASSED] - testCaseName = testCase.getName(): null

2023-08-06 22:34:37 - [TEST_STEP][PASSED] - switch (testCaseContext.getTestCaseStatus()): null

2023-08-06 22:34:37 - [TEST_STEP][PASSED] - case "PASSED":: null

2023-08-06 22:34:37 - [TEST_STEP][PASSED] - (passedCnt++): null

2023-08-06 22:34:37 - [TEST_STEP][PASSED] - break: null

2023-08-06 22:34:37 - [TEST_STEP][PASSED] - if (testCaseName == "GenerateAndSendReport"): null

2023-08-06 22:34:37 - [TEST_STEP][PASSED] - if (testCaseName == "GenerateAndSaveReport"): null

2023-08-06 22:34:37 - [TEST_STEP][PASSED] - if (testCaseName == "GenerateTimeReport"): null

2023-08-06 22:34:37 - [TEST_STEP][ERROR] - if (!(testCaseName.contains("Submission")) && !(testCaseName.contains("Issurance")) && !(testCaseName.contains("NewAccount")) && !(testCaseName.contains("FNOL")) && !(testCaseName.contains("QuickClaim")) && !(testCaseName.contains("verify"))): org.codehaus.groovy.runtime.InvokerInvocationException: java.io.FileNotFoundException: C:\QA Scripts\emc.guidewire.katalon.updated\GW10 Automation\Reports\Execution Status.xlsx (The system cannot find the file specified)
	at GWListener.invokeMethod(GWListener.groovy)
	at com.kms.katalon.core.context.internal.TestHooker.invokeMethod(TestHooker.java:111)
	at com.kms.katalon.core.context.internal.TestHooker.lambda$3(TestHooker.java:95)
	at com.kms.katalon.core.context.internal.TestHooker.invokeContextMethods(TestHooker.java:94)
	at com.kms.katalon.core.context.internal.TestListenerCollector.lambda$3(TestListenerCollector.java:88)
	at com.kms.katalon.core.context.internal.TestListenerCollector.handleListenerEvent(TestListenerCollector.java:85)
	at com.kms.katalon.core.context.internal.ExecutionEventManager.publicEvent(ExecutionEventManager.java:36)
	at com.kms.katalon.core.main.TestCaseExecutor.execute(TestCaseExecutor.java:251)
	at com.kms.katalon.core.main.TestSuiteExecutor.accessTestCaseMainPhase(TestSuiteExecutor.java:191)
	at com.kms.katalon.core.main.TestSuiteExecutor.accessTestSuiteMainPhase(TestSuiteExecutor.java:141)
	at com.kms.katalon.core.main.TestSuiteExecutor.execute(TestSuiteExecutor.java:90)
	at com.kms.katalon.core.main.TestCaseMain.startTestSuite(TestCaseMain.java:157)
	at com.kms.katalon.core.main.TestCaseMain$startTestSuite$0.call(Unknown Source)
	at TempTestSuite1691341402211.run(TempTestSuite1691341402211.groovy:39)
Caused by: java.io.FileNotFoundException: C:\QA Scripts\emc.guidewire.katalon.updated\GW10 Automation\Reports\Execution Status.xlsx (The system cannot find the file specified)
	at common.Excel.getColumnNumber(Excel.groovy:69)
	at common.Excel.WirteToExcel(Excel.groovy:95)
	at common.Excel$WirteToExcel$0.call(Unknown Source)
	at GWListener.gwAfterTestCase(GWListener.groovy:137)
	... 14 more


2023-08-06 22:34:37 - [MESSAGE][ERROR] - org.codehaus.groovy.runtime.InvokerInvocationException: java.io.FileNotFoundException: C:\QA Scripts\emc.guidewire.katalon.updated\GW10 Automation\Reports\Execution Status.xlsx (The system cannot find the file specified)
	at GWListener.invokeMethod(GWListener.groovy)
	at com.kms.katalon.core.context.internal.TestHooker.invokeMethod(TestHooker.java:111)
	at com.kms.katalon.core.context.internal.TestHooker.lambda$3(TestHooker.java:95)
	at com.kms.katalon.core.context.internal.TestHooker.invokeContextMethods(TestHooker.java:94)
	at com.kms.katalon.core.context.internal.TestListenerCollector.lambda$3(TestListenerCollector.java:88)
	at com.kms.katalon.core.context.internal.TestListenerCollector.handleListenerEvent(TestListenerCollector.java:85)
	at com.kms.katalon.core.context.internal.ExecutionEventManager.publicEvent(ExecutionEventManager.java:36)
	at com.kms.katalon.core.main.TestCaseExecutor.execute(TestCaseExecutor.java:251)
	at com.kms.katalon.core.main.TestSuiteExecutor.accessTestCaseMainPhase(TestSuiteExecutor.java:191)
	at com.kms.katalon.core.main.TestSuiteExecutor.accessTestSuiteMainPhase(TestSuiteExecutor.java:141)
	at com.kms.katalon.core.main.TestSuiteExecutor.execute(TestSuiteExecutor.java:90)
	at com.kms.katalon.core.main.TestCaseMain.startTestSuite(TestCaseMain.java:157)
	at com.kms.katalon.core.main.TestCaseMain$startTestSuite$0.call(Unknown Source)
	at TempTestSuite1691341402211.run(TempTestSuite1691341402211.groovy:39)
Caused by: java.io.FileNotFoundException: C:\QA Scripts\emc.guidewire.katalon.updated\GW10 Automation\Reports\Execution Status.xlsx (The system cannot find the file specified)
	at common.Excel.getColumnNumber(Excel.groovy:69)
	at common.Excel.WirteToExcel(Excel.groovy:95)
	at common.Excel$WirteToExcel$0.call(Unknown Source)
	at GWListener.gwAfterTestCase(GWListener.groovy:137)
	... 14 more


2023-08-06 22:34:39 - [TEST_STEP][PASSED] - Video: Video recording for test case 'Test Cases/BillingCenter/BatchPaymentEntry/BC_MultiplePaymentEntryandVerification_AccountLevel' .

2023-08-06 22:34:39 - [MESSAGE][INFO] - Video recording for test case 'Test Cases/BillingCenter/BatchPaymentEntry/BC_MultiplePaymentEntryandVerification_AccountLevel' .
[[ATTACHMENT|C:\\QA Scripts\\emc.guidewire.katalon.updated\\GW10 Automation\\Reports\\20230806_223322\\BillingCenter\\BatchPaymentEntry\\20230806_223322/videos\\test_4.avi]]]]></system-out>
         <system-err><![CDATA[]]></system-err>
      </testcase>
      <testcase name="Test Cases/BillingCenter/BatchPaymentEntry/BC_MultiplePaymentEntryandVerification_InvoiceLevel" time="29.979" classname="Test Cases/BillingCenter/BatchPaymentEntry/BC_MultiplePaymentEntryandVerification_InvoiceLevel" status="PASSED">
         <system-out><![CDATA[2023-08-06 22:34:39 - [TEST_CASE][PASSED] - Test Cases/BillingCenter/BatchPaymentEntry/BC_MultiplePaymentEntryandVerification_InvoiceLevel: Test Cases/BillingCenter/BatchPaymentEntry/BC_MultiplePaymentEntryandVerification_InvoiceLevel

2023-08-06 22:34:39 - [TEST_STEP][PASSED] - Start listener action : gwBeforeTestCase: null

2023-08-06 22:34:39 - [TEST_STEP][PASSED] - if (Env_TestCaseId == testCaseContext.getTestCaseId()): null

2023-08-06 22:34:39 - [TEST_STEP][PASSED] - else: null

2023-08-06 22:34:39 - [TEST_STEP][PASSED] - iteration = 1: null

2023-08-06 22:34:39 - [TEST_STEP][PASSED] - Env_Iteration = iteration: null

2023-08-06 22:34:39 - [TEST_STEP][PASSED] - Env_TestCaseId = testCaseContext.getTestCaseId(): null

2023-08-06 22:34:39 - [TEST_STEP][PASSED] - Env_TestCaseVariables = testCaseContext.getTestCaseVariables(): null

2023-08-06 22:34:39 - [TEST_STEP][PASSED] - tc_start_Time = System.currentTimeMillis(): null

2023-08-06 22:34:39 - [TEST_STEP][PASSED] - date_tc_start_Time = dateformat.format(tc_start_Time): null

2023-08-06 22:34:40 - [TEST_STEP][PASSED] - selectOptionByLabel(findTestObject("BillingCenter/pge_BatchPaymentEntry/screen_MultiplePaymentWizard/lst_Source"), Source, false, CONTINUE_ON_FAILURE): All options with label 'Branch' are selected in object 'Object Repository/BillingCenter/pge_BatchPaymentEntry/screen_MultiplePaymentWizard/lst_Source' 

2023-08-06 22:34:41 - [MESSAGE][PASSED] - All options with label 'Branch' are selected in object 'Object Repository/BillingCenter/pge_BatchPaymentEntry/screen_MultiplePaymentWizard/lst_Source' 

2023-08-06 22:34:41 - [TEST_STEP][PASSED] - setText(findTestObject("BillingCenter/pge_BatchPaymentEntry/screen_MultiplePaymentWizard/txt_BatchAmount"), BatchAmount, CONTINUE_ON_FAILURE): Text '10' is set on object 'Object Repository/BillingCenter/pge_BatchPaymentEntry/screen_MultiplePaymentWizard/txt_BatchAmount'

2023-08-06 22:34:43 - [MESSAGE][PASSED] - Text '10' is set on object 'Object Repository/BillingCenter/pge_BatchPaymentEntry/screen_MultiplePaymentWizard/txt_BatchAmount'

2023-08-06 22:34:43 - [TEST_STEP][PASSED] - sendKeys(findTestObject("BillingCenter/pge_BatchPaymentEntry/screen_MultiplePaymentWizard/txt_BatchAmount"), Keys.chord(TAB)): Keys 'TAB + ' sent to object: 'Object Repository/BillingCenter/pge_BatchPaymentEntry/screen_MultiplePaymentWizard/txt_BatchAmount'

2023-08-06 22:34:43 - [MESSAGE][PASSED] - Keys 'TAB + ' sent to object: 'Object Repository/BillingCenter/pge_BatchPaymentEntry/screen_MultiplePaymentWizard/txt_BatchAmount'

2023-08-06 22:34:43 - [TEST_STEP][PASSED] - selectOptionByLabel(findTestObject("BillingCenter/pge_BatchPaymentEntry/screen_MultiplePaymentWizard/lst_Type"), Type, false, CONTINUE_ON_FAILURE): All options with label 'Payment' are selected in object 'Object Repository/BillingCenter/pge_BatchPaymentEntry/screen_MultiplePaymentWizard/lst_Type' 

2023-08-06 22:34:44 - [MESSAGE][PASSED] - All options with label 'Payment' are selected in object 'Object Repository/BillingCenter/pge_BatchPaymentEntry/screen_MultiplePaymentWizard/lst_Type' 

2023-08-06 22:34:44 - [TEST_STEP][PASSED] - verifyElementVisible(findTestObject("BillingCenter/pge_BatchPaymentEntry/screen_MultiplePaymentWizard/txt_Invoice"), CONTINUE_ON_FAILURE): Object 'Object Repository/BillingCenter/pge_BatchPaymentEntry/screen_MultiplePaymentWizard/txt_Invoice' is visible

2023-08-06 22:34:44 - [MESSAGE][PASSED] - Object 'Object Repository/BillingCenter/pge_BatchPaymentEntry/screen_MultiplePaymentWizard/txt_Invoice' is visible

2023-08-06 22:34:44 - [TEST_STEP][PASSED] - setText(findTestObject("BillingCenter/pge_BatchPaymentEntry/screen_MultiplePaymentWizard/txt_Invoice"), Invoice, CONTINUE_ON_FAILURE): Text '7000000702' is set on object 'Object Repository/BillingCenter/pge_BatchPaymentEntry/screen_MultiplePaymentWizard/txt_Invoice'

2023-08-06 22:34:46 - [MESSAGE][PASSED] - Text '7000000702' is set on object 'Object Repository/BillingCenter/pge_BatchPaymentEntry/screen_MultiplePaymentWizard/txt_Invoice'

2023-08-06 22:34:46 - [TEST_STEP][PASSED] - clearText(findTestObject("BillingCenter/pge_BatchPaymentEntry/screen_MultiplePaymentWizard/txt_Amount"), CONTINUE_ON_FAILURE): Text of object 'Object Repository/BillingCenter/pge_BatchPaymentEntry/screen_MultiplePaymentWizard/txt_Amount' is cleared

2023-08-06 22:34:46 - [MESSAGE][PASSED] - Text of object 'Object Repository/BillingCenter/pge_BatchPaymentEntry/screen_MultiplePaymentWizard/txt_Amount' is cleared

2023-08-06 22:34:46 - [TEST_STEP][PASSED] - setText(findTestObject("BillingCenter/pge_BatchPaymentEntry/screen_MultiplePaymentWizard/txt_Amount"), Amount, CONTINUE_ON_FAILURE): Text '10' is set on object 'Object Repository/BillingCenter/pge_BatchPaymentEntry/screen_MultiplePaymentWizard/txt_Amount'

2023-08-06 22:34:48 - [MESSAGE][PASSED] - Text '10' is set on object 'Object Repository/BillingCenter/pge_BatchPaymentEntry/screen_MultiplePaymentWizard/txt_Amount'

2023-08-06 22:34:48 - [TEST_STEP][PASSED] - sendKeys(findTestObject("BillingCenter/pge_BatchPaymentEntry/screen_MultiplePaymentWizard/txt_Amount"), Keys.chord(TAB)): Keys 'TAB + ' sent to object: 'Object Repository/BillingCenter/pge_BatchPaymentEntry/screen_MultiplePaymentWizard/txt_Amount'

2023-08-06 22:34:48 - [MESSAGE][PASSED] - Keys 'TAB + ' sent to object: 'Object Repository/BillingCenter/pge_BatchPaymentEntry/screen_MultiplePaymentWizard/txt_Amount'

2023-08-06 22:34:48 - [TEST_STEP][PASSED] - verifyElementVisible(findTestObject("BillingCenter/pge_BatchPaymentEntry/screen_MultiplePaymentWizard/txt_CheckRef"), CONTINUE_ON_FAILURE): Object 'Object Repository/BillingCenter/pge_BatchPaymentEntry/screen_MultiplePaymentWizard/txt_CheckRef' is visible

2023-08-06 22:34:49 - [MESSAGE][PASSED] - Object 'Object Repository/BillingCenter/pge_BatchPaymentEntry/screen_MultiplePaymentWizard/txt_CheckRef' is visible

2023-08-06 22:34:49 - [TEST_STEP][PASSED] - setText(findTestObject("BillingCenter/pge_BatchPaymentEntry/screen_MultiplePaymentWizard/txt_CheckRef"), CheckRef, CONTINUE_ON_FAILURE): Text '5566778899' is set on object 'Object Repository/BillingCenter/pge_BatchPaymentEntry/screen_MultiplePaymentWizard/txt_CheckRef'

2023-08-06 22:34:50 - [MESSAGE][PASSED] - Text '5566778899' is set on object 'Object Repository/BillingCenter/pge_BatchPaymentEntry/screen_MultiplePaymentWizard/txt_CheckRef'

2023-08-06 22:34:50 - [TEST_STEP][PASSED] - setText(findTestObject("BillingCenter/pge_BatchPaymentEntry/screen_MultiplePaymentWizard/txt_Description"), Description, CONTINUE_ON_FAILURE): Text 'Payment on invoice level' is set on object 'Object Repository/BillingCenter/pge_BatchPaymentEntry/screen_MultiplePaymentWizard/txt_Description'

2023-08-06 22:34:51 - [MESSAGE][PASSED] - Text 'Payment on invoice level' is set on object 'Object Repository/BillingCenter/pge_BatchPaymentEntry/screen_MultiplePaymentWizard/txt_Description'

2023-08-06 22:34:51 - [TEST_STEP][PASSED] - selectOptionByLabel(findTestObject("BillingCenter/pge_BatchPaymentEntry/screen_MultiplePaymentWizard/lst_PaymentInstrument"), PaymentInstrument, false, CONTINUE_ON_FAILURE): All options with label 'Cash' are selected in object 'Object Repository/BillingCenter/pge_BatchPaymentEntry/screen_MultiplePaymentWizard/lst_PaymentInstrument' 

2023-08-06 22:34:52 - [MESSAGE][PASSED] - All options with label 'Cash' are selected in object 'Object Repository/BillingCenter/pge_BatchPaymentEntry/screen_MultiplePaymentWizard/lst_PaymentInstrument' 

2023-08-06 22:34:52 - [TEST_STEP][PASSED] - click(findTestObject("BillingCenter/pge_BatchPaymentEntry/screen_MultiplePaymentWizard/btn_Next"), CONTINUE_ON_FAILURE): Object: 'Object Repository/BillingCenter/pge_BatchPaymentEntry/screen_MultiplePaymentWizard/btn_Next' is clicked on

2023-08-06 22:34:52 - [MESSAGE][PASSED] - Object: 'Object Repository/BillingCenter/pge_BatchPaymentEntry/screen_MultiplePaymentWizard/btn_Next' is clicked on

2023-08-06 22:34:52 - [TEST_STEP][PASSED] - BatchNumber = getText(findTestObject("BillingCenter/pge_BatchPaymentEntry/screen_MultiplePaymentWizard/val_BatchNumber"), CONTINUE_ON_FAILURE): Text of object 'Object Repository/BillingCenter/pge_BatchPaymentEntry/screen_MultiplePaymentWizard/val_BatchNumber' is: 'BA07172026-1386'

2023-08-06 22:34:53 - [MESSAGE][PASSED] - Text of object 'Object Repository/BillingCenter/pge_BatchPaymentEntry/screen_MultiplePaymentWizard/val_BatchNumber' is: 'BA07172026-1386'

2023-08-06 22:34:53 - [TEST_STEP][PASSED] - comment("Posted Payment Batch Number " + BatchNumber): Posted Payment Batch Number BA07172026-1386

2023-08-06 22:34:53 - [MESSAGE][INFO] - Posted Payment Batch Number BA07172026-1386

2023-08-06 22:34:53 - [TEST_STEP][PASSED] - click(findTestObject("BillingCenter/pge_BatchPaymentEntry/screen_MultiplePaymentWizard/btn_Post"), CONTINUE_ON_FAILURE): Object: 'Object Repository/BillingCenter/pge_BatchPaymentEntry/screen_MultiplePaymentWizard/btn_Post' is clicked on

2023-08-06 22:34:54 - [MESSAGE][PASSED] - Object: 'Object Repository/BillingCenter/pge_BatchPaymentEntry/screen_MultiplePaymentWizard/btn_Post' is clicked on

2023-08-06 22:34:54 - [TEST_STEP][PASSED] - verifyElementPresent(findTestObject("BillingCenter/pge_BatchPaymentEntry/screen_BatchJobs/fld_GoTo_Quickjump"), 0): Object 'Object Repository/BillingCenter/pge_BatchPaymentEntry/screen_BatchJobs/fld_GoTo_Quickjump' is present

2023-08-06 22:34:54 - [MESSAGE][WARNING] - Timeout '0' is invalid. Using default page load timeout: '2'

2023-08-06 22:34:55 - [MESSAGE][PASSED] - Object 'Object Repository/BillingCenter/pge_BatchPaymentEntry/screen_BatchJobs/fld_GoTo_Quickjump' is present

2023-08-06 22:34:55 - [TEST_STEP][PASSED] - sendKeys(findTestObject("BillingCenter/pge_BatchPaymentEntry/screen_BatchJobs/fld_GoTo_Quickjump"), "runBatchProcess PostBatchPayment_sp"): Keys 'runBatchProcess PostBatchPayment_sp' sent to object: 'Object Repository/BillingCenter/pge_BatchPaymentEntry/screen_BatchJobs/fld_GoTo_Quickjump'

2023-08-06 22:34:55 - [MESSAGE][PASSED] - Keys 'runBatchProcess PostBatchPayment_sp' sent to object: 'Object Repository/BillingCenter/pge_BatchPaymentEntry/screen_BatchJobs/fld_GoTo_Quickjump'

2023-08-06 22:34:55 - [TEST_STEP][PASSED] - sendKeys(findTestObject("BillingCenter/pge_BatchPaymentEntry/screen_BatchJobs/fld_GoTo_Quickjump"), Keys.chord(ENTER)): Keys 'ENTER + ' sent to object: 'Object Repository/BillingCenter/pge_BatchPaymentEntry/screen_BatchJobs/fld_GoTo_Quickjump'

2023-08-06 22:34:56 - [MESSAGE][PASSED] - Keys 'ENTER + ' sent to object: 'Object Repository/BillingCenter/pge_BatchPaymentEntry/screen_BatchJobs/fld_GoTo_Quickjump'

2023-08-06 22:34:56 - [TEST_STEP][PASSED] - click(findTestObject("BillingCenter/pge_BatchPaymentEntry/screen_Verify_PostedPayments/opt_AccountSearch")): Object: 'Object Repository/BillingCenter/pge_BatchPaymentEntry/screen_Verify_PostedPayments/opt_AccountSearch' is clicked on

2023-08-06 22:34:57 - [MESSAGE][PASSED] - Object: 'Object Repository/BillingCenter/pge_BatchPaymentEntry/screen_Verify_PostedPayments/opt_AccountSearch' is clicked on

2023-08-06 22:34:57 - [TEST_STEP][PASSED] - sendKeys(findTestObject("BillingCenter/pge_BatchPaymentEntry/screen_Verify_PostedPayments/fld_SearchAccount"), Account): Keys '3062523' sent to object: 'Object Repository/BillingCenter/pge_BatchPaymentEntry/screen_Verify_PostedPayments/fld_SearchAccount'

2023-08-06 22:34:57 - [MESSAGE][PASSED] - Keys '3062523' sent to object: 'Object Repository/BillingCenter/pge_BatchPaymentEntry/screen_Verify_PostedPayments/fld_SearchAccount'

2023-08-06 22:34:57 - [TEST_STEP][PASSED] - click(findTestObject("BillingCenter/pge_BatchPaymentEntry/screen_Verify_PostedPayments/icon_SearchAccount")): Object: 'Object Repository/BillingCenter/pge_BatchPaymentEntry/screen_Verify_PostedPayments/icon_SearchAccount' is clicked on

2023-08-06 22:34:58 - [MESSAGE][PASSED] - Object: 'Object Repository/BillingCenter/pge_BatchPaymentEntry/screen_Verify_PostedPayments/icon_SearchAccount' is clicked on

2023-08-06 22:34:58 - [TEST_STEP][PASSED] - click(findTestObject("BillingCenter/pge_BatchPaymentEntry/screen_Verify_PostedPayments/icon_PaymentsDownArrow")): Object: 'Object Repository/BillingCenter/pge_BatchPaymentEntry/screen_Verify_PostedPayments/icon_PaymentsDownArrow' is clicked on

2023-08-06 22:34:58 - [MESSAGE][PASSED] - Object: 'Object Repository/BillingCenter/pge_BatchPaymentEntry/screen_Verify_PostedPayments/icon_PaymentsDownArrow' is clicked on

2023-08-06 22:34:58 - [TEST_STEP][PASSED] - click(findTestObject("BillingCenter/pge_BatchPaymentEntry/screen_Verify_PostedPayments/opt_PaymentsAccount")): Object: 'Object Repository/BillingCenter/pge_BatchPaymentEntry/screen_Verify_PostedPayments/opt_PaymentsAccount' is clicked on

2023-08-06 22:34:59 - [MESSAGE][PASSED] - Object: 'Object Repository/BillingCenter/pge_BatchPaymentEntry/screen_Verify_PostedPayments/opt_PaymentsAccount' is clicked on

2023-08-06 22:34:59 - [TEST_STEP][PASSED] - driver = getWebDriver(): null

2023-08-06 22:34:59 - [TEST_STEP][PASSED] - Table = driver.findElement(By.xpath("//*[@id='AccountPayments-AccountDetailPaymentsScreen-DirectBillPaymentsListDetail-AccountDBPaymentsLV']//tbody")): null

2023-08-06 22:35:00 - [TEST_STEP][PASSED] - elementsinColumn = gw.Table.getTableElementsByColumn(Table, 8): gw.Table.getTableElementsByColumn is PASSED

2023-08-06 22:35:05 - [MESSAGE][PASSED] - gw.Table.getTableElementsByColumn is PASSED

2023-08-06 22:35:05 - [TEST_STEP][PASSED] - comment("Elements after function call to getTableElementsByColumn " + elementsinColumn): Elements after function call to getTableElementsByColumn [Batch Number, BA07172026-1386, BA07172026-1379, BA07172026-1372, BA07172026-1372, BA07172026-1368, BA07172026-1368, BA07162026-1335, BA07162026-1328, BA07162026-1324, BA07162026-1320, BA07162026-1316, BA07162026-1312, BA07042026-1252, BA07042026-1234, BA07042026-1227]

2023-08-06 22:35:05 - [MESSAGE][INFO] - Elements after function call to getTableElementsByColumn [Batch Number, BA07172026-1386, BA07172026-1379, BA07172026-1372, BA07172026-1372, BA07172026-1368, BA07172026-1368, BA07162026-1335, BA07162026-1328, BA07162026-1324, BA07162026-1320, BA07162026-1316, BA07162026-1312, BA07042026-1252, BA07042026-1234, BA07042026-1227]

2023-08-06 22:35:05 - [TEST_STEP][PASSED] - if (elementsinColumn.contains(BatchNumber)): Invoice Payment Batch Number Found

2023-08-06 22:35:05 - [TEST_STEP][PASSED] - markPassed("Invoice Payment Batch Number Found"): Invoice Payment Batch Number Found

2023-08-06 22:35:05 - [MESSAGE][PASSED] - Invoice Payment Batch Number Found

2023-08-06 22:35:05 - [TEST_STEP][PASSED] - click(findTestObject("BillingCenter/pge_BatchPaymentEntry/screen_Verify_PostedPayments/lbl_DesktopOption")): Object: 'Object Repository/BillingCenter/pge_BatchPaymentEntry/screen_Verify_PostedPayments/lbl_DesktopOption' is clicked on

2023-08-06 22:35:05 - [MESSAGE][PASSED] - Object: 'Object Repository/BillingCenter/pge_BatchPaymentEntry/screen_Verify_PostedPayments/lbl_DesktopOption' is clicked on

2023-08-06 22:35:05 - [TEST_STEP][PASSED] - callTestCase(findTestCase("BillingCenter/BatchPaymentEntry/BC_NavigateBatchPaymentEntryScreen"), [:]): Call Test Case 'Test Cases/BillingCenter/BatchPaymentEntry/BC_NavigateBatchPaymentEntryScreen' successfully

2023-08-06 22:35:05 - [TEST_CASE][PASSED] - Test Cases/BillingCenter/BatchPaymentEntry/BC_NavigateBatchPaymentEntryScreen: Test Cases/BillingCenter/BatchPaymentEntry/BC_NavigateBatchPaymentEntryScreen

2023-08-06 22:35:05 - [TEST_STEP][PASSED] - click(findTestObject("BillingCenter/pge_BatchPaymentEntry/pge_Navigation/opt_Desktop_Actions")): Object: 'Object Repository/BillingCenter/pge_BatchPaymentEntry/pge_Navigation/opt_Desktop_Actions' is clicked on

2023-08-06 22:35:06 - [MESSAGE][PASSED] - Object: 'Object Repository/BillingCenter/pge_BatchPaymentEntry/pge_Navigation/opt_Desktop_Actions' is clicked on

2023-08-06 22:35:06 - [TEST_STEP][PASSED] - mouseOver(findTestObject("BillingCenter/pge_BatchPaymentEntry/pge_Navigation/act_NewPayment")): Object: 'Object Repository/BillingCenter/pge_BatchPaymentEntry/pge_Navigation/act_NewPayment' is hovered

2023-08-06 22:35:07 - [MESSAGE][PASSED] - Object: 'Object Repository/BillingCenter/pge_BatchPaymentEntry/pge_Navigation/act_NewPayment' is hovered

2023-08-06 22:35:07 - [TEST_STEP][PASSED] - click(findTestObject("BillingCenter/pge_BatchPaymentEntry/pge_Navigation/opt_newPayment _BatchPaymentEntry")): Object: 'Object Repository/BillingCenter/pge_BatchPaymentEntry/pge_Navigation/opt_newPayment _BatchPaymentEntry' is clicked on

2023-08-06 22:35:07 - [MESSAGE][PASSED] - Object: 'Object Repository/BillingCenter/pge_BatchPaymentEntry/pge_Navigation/opt_newPayment _BatchPaymentEntry' is clicked on

2023-08-06 22:35:07 - [MESSAGE][PASSED] - Call Test Case 'Test Cases/BillingCenter/BatchPaymentEntry/BC_NavigateBatchPaymentEntryScreen' successfully

2023-08-06 22:35:07 - [TEST_STEP][PASSED] - for (def index : (0..0)): null

2023-08-06 22:35:07 - [TEST_STEP][ERROR] - Start listener action : gwAfterTestCase: org.codehaus.groovy.runtime.InvokerInvocationException: java.io.FileNotFoundException: C:\QA Scripts\emc.guidewire.katalon.updated\GW10 Automation\Reports\Execution Status.xlsx (The system cannot find the file specified)
	at GWListener.invokeMethod(GWListener.groovy)
	at com.kms.katalon.core.context.internal.TestHooker.invokeMethod(TestHooker.java:111)
	at com.kms.katalon.core.context.internal.TestHooker.lambda$3(TestHooker.java:95)
	at com.kms.katalon.core.context.internal.TestHooker.invokeContextMethods(TestHooker.java:94)
	at com.kms.katalon.core.context.internal.TestListenerCollector.lambda$3(TestListenerCollector.java:88)
	at com.kms.katalon.core.context.internal.TestListenerCollector.handleListenerEvent(TestListenerCollector.java:85)
	at com.kms.katalon.core.context.internal.ExecutionEventManager.publicEvent(ExecutionEventManager.java:36)
	at com.kms.katalon.core.main.TestCaseExecutor.execute(TestCaseExecutor.java:251)
	at com.kms.katalon.core.main.TestSuiteExecutor.accessTestCaseMainPhase(TestSuiteExecutor.java:191)
	at com.kms.katalon.core.main.TestSuiteExecutor.accessTestSuiteMainPhase(TestSuiteExecutor.java:141)
	at com.kms.katalon.core.main.TestSuiteExecutor.execute(TestSuiteExecutor.java:90)
	at com.kms.katalon.core.main.TestCaseMain.startTestSuite(TestCaseMain.java:157)
	at com.kms.katalon.core.main.TestCaseMain$startTestSuite$0.call(Unknown Source)
	at TempTestSuite1691341402211.run(TempTestSuite1691341402211.groovy:39)
Caused by: java.io.FileNotFoundException: C:\QA Scripts\emc.guidewire.katalon.updated\GW10 Automation\Reports\Execution Status.xlsx (The system cannot find the file specified)
	at common.Excel.getColumnNumber(Excel.groovy:69)
	at common.Excel.WirteToExcel(Excel.groovy:95)
	at common.Excel$WirteToExcel$0.call(Unknown Source)
	at GWListener.gwAfterTestCase(GWListener.groovy:137)
	... 14 more


2023-08-06 22:35:07 - [TEST_STEP][PASSED] - tc_end_Time = System.currentTimeMillis(): null

2023-08-06 22:35:07 - [TEST_STEP][PASSED] - date_tc_end_Time = dateformat.format(tc_end_Time): null

2023-08-06 22:35:07 - [TEST_STEP][PASSED] - (tempRowNum++): null

2023-08-06 22:35:07 - [TEST_STEP][PASSED] - testCaseID = testCaseContext.getTestCaseId(): null

2023-08-06 22:35:07 - [TEST_STEP][PASSED] - testCase = findTestCase(testCaseID): null

2023-08-06 22:35:07 - [TEST_STEP][PASSED] - testCaseName = testCase.getName(): null

2023-08-06 22:35:07 - [TEST_STEP][PASSED] - switch (testCaseContext.getTestCaseStatus()): null

2023-08-06 22:35:07 - [TEST_STEP][PASSED] - case "PASSED":: null

2023-08-06 22:35:07 - [TEST_STEP][PASSED] - (passedCnt++): null

2023-08-06 22:35:07 - [TEST_STEP][PASSED] - break: null

2023-08-06 22:35:07 - [TEST_STEP][PASSED] - if (testCaseName == "GenerateAndSendReport"): null

2023-08-06 22:35:07 - [TEST_STEP][PASSED] - if (testCaseName == "GenerateAndSaveReport"): null

2023-08-06 22:35:07 - [TEST_STEP][PASSED] - if (testCaseName == "GenerateTimeReport"): null

2023-08-06 22:35:07 - [TEST_STEP][ERROR] - if (!(testCaseName.contains("Submission")) && !(testCaseName.contains("Issurance")) && !(testCaseName.contains("NewAccount")) && !(testCaseName.contains("FNOL")) && !(testCaseName.contains("QuickClaim")) && !(testCaseName.contains("verify"))): org.codehaus.groovy.runtime.InvokerInvocationException: java.io.FileNotFoundException: C:\QA Scripts\emc.guidewire.katalon.updated\GW10 Automation\Reports\Execution Status.xlsx (The system cannot find the file specified)
	at GWListener.invokeMethod(GWListener.groovy)
	at com.kms.katalon.core.context.internal.TestHooker.invokeMethod(TestHooker.java:111)
	at com.kms.katalon.core.context.internal.TestHooker.lambda$3(TestHooker.java:95)
	at com.kms.katalon.core.context.internal.TestHooker.invokeContextMethods(TestHooker.java:94)
	at com.kms.katalon.core.context.internal.TestListenerCollector.lambda$3(TestListenerCollector.java:88)
	at com.kms.katalon.core.context.internal.TestListenerCollector.handleListenerEvent(TestListenerCollector.java:85)
	at com.kms.katalon.core.context.internal.ExecutionEventManager.publicEvent(ExecutionEventManager.java:36)
	at com.kms.katalon.core.main.TestCaseExecutor.execute(TestCaseExecutor.java:251)
	at com.kms.katalon.core.main.TestSuiteExecutor.accessTestCaseMainPhase(TestSuiteExecutor.java:191)
	at com.kms.katalon.core.main.TestSuiteExecutor.accessTestSuiteMainPhase(TestSuiteExecutor.java:141)
	at com.kms.katalon.core.main.TestSuiteExecutor.execute(TestSuiteExecutor.java:90)
	at com.kms.katalon.core.main.TestCaseMain.startTestSuite(TestCaseMain.java:157)
	at com.kms.katalon.core.main.TestCaseMain$startTestSuite$0.call(Unknown Source)
	at TempTestSuite1691341402211.run(TempTestSuite1691341402211.groovy:39)
Caused by: java.io.FileNotFoundException: C:\QA Scripts\emc.guidewire.katalon.updated\GW10 Automation\Reports\Execution Status.xlsx (The system cannot find the file specified)
	at common.Excel.getColumnNumber(Excel.groovy:69)
	at common.Excel.WirteToExcel(Excel.groovy:95)
	at common.Excel$WirteToExcel$0.call(Unknown Source)
	at GWListener.gwAfterTestCase(GWListener.groovy:137)
	... 14 more


2023-08-06 22:35:07 - [MESSAGE][ERROR] - org.codehaus.groovy.runtime.InvokerInvocationException: java.io.FileNotFoundException: C:\QA Scripts\emc.guidewire.katalon.updated\GW10 Automation\Reports\Execution Status.xlsx (The system cannot find the file specified)
	at GWListener.invokeMethod(GWListener.groovy)
	at com.kms.katalon.core.context.internal.TestHooker.invokeMethod(TestHooker.java:111)
	at com.kms.katalon.core.context.internal.TestHooker.lambda$3(TestHooker.java:95)
	at com.kms.katalon.core.context.internal.TestHooker.invokeContextMethods(TestHooker.java:94)
	at com.kms.katalon.core.context.internal.TestListenerCollector.lambda$3(TestListenerCollector.java:88)
	at com.kms.katalon.core.context.internal.TestListenerCollector.handleListenerEvent(TestListenerCollector.java:85)
	at com.kms.katalon.core.context.internal.ExecutionEventManager.publicEvent(ExecutionEventManager.java:36)
	at com.kms.katalon.core.main.TestCaseExecutor.execute(TestCaseExecutor.java:251)
	at com.kms.katalon.core.main.TestSuiteExecutor.accessTestCaseMainPhase(TestSuiteExecutor.java:191)
	at com.kms.katalon.core.main.TestSuiteExecutor.accessTestSuiteMainPhase(TestSuiteExecutor.java:141)
	at com.kms.katalon.core.main.TestSuiteExecutor.execute(TestSuiteExecutor.java:90)
	at com.kms.katalon.core.main.TestCaseMain.startTestSuite(TestCaseMain.java:157)
	at com.kms.katalon.core.main.TestCaseMain$startTestSuite$0.call(Unknown Source)
	at TempTestSuite1691341402211.run(TempTestSuite1691341402211.groovy:39)
Caused by: java.io.FileNotFoundException: C:\QA Scripts\emc.guidewire.katalon.updated\GW10 Automation\Reports\Execution Status.xlsx (The system cannot find the file specified)
	at common.Excel.getColumnNumber(Excel.groovy:69)
	at common.Excel.WirteToExcel(Excel.groovy:95)
	at common.Excel$WirteToExcel$0.call(Unknown Source)
	at GWListener.gwAfterTestCase(GWListener.groovy:137)
	... 14 more


2023-08-06 22:35:09 - [TEST_STEP][PASSED] - Video: Video recording for test case 'Test Cases/BillingCenter/BatchPaymentEntry/BC_MultiplePaymentEntryandVerification_InvoiceLevel' .

2023-08-06 22:35:09 - [MESSAGE][INFO] - Video recording for test case 'Test Cases/BillingCenter/BatchPaymentEntry/BC_MultiplePaymentEntryandVerification_InvoiceLevel' .
[[ATTACHMENT|C:\\QA Scripts\\emc.guidewire.katalon.updated\\GW10 Automation\\Reports\\20230806_223322\\BillingCenter\\BatchPaymentEntry\\20230806_223322/videos\\test_5.avi]]]]></system-out>
         <system-err><![CDATA[]]></system-err>
      </testcase>
      <testcase name="Test Cases/BillingCenter/BatchPaymentEntry/BC_MultiplePaymentEntryandVerification_AgencyLevel" time="25.092" classname="Test Cases/BillingCenter/BatchPaymentEntry/BC_MultiplePaymentEntryandVerification_AgencyLevel" status="PASSED">
         <system-out><![CDATA[2023-08-06 22:35:09 - [TEST_CASE][PASSED] - Test Cases/BillingCenter/BatchPaymentEntry/BC_MultiplePaymentEntryandVerification_AgencyLevel: Test Cases/BillingCenter/BatchPaymentEntry/BC_MultiplePaymentEntryandVerification_AgencyLevel

2023-08-06 22:35:09 - [TEST_STEP][PASSED] - Start listener action : gwBeforeTestCase: null

2023-08-06 22:35:09 - [TEST_STEP][PASSED] - if (Env_TestCaseId == testCaseContext.getTestCaseId()): null

2023-08-06 22:35:09 - [TEST_STEP][PASSED] - else: null

2023-08-06 22:35:09 - [TEST_STEP][PASSED] - iteration = 1: null

2023-08-06 22:35:09 - [TEST_STEP][PASSED] - Env_Iteration = iteration: null

2023-08-06 22:35:09 - [TEST_STEP][PASSED] - Env_TestCaseId = testCaseContext.getTestCaseId(): null

2023-08-06 22:35:09 - [TEST_STEP][PASSED] - Env_TestCaseVariables = testCaseContext.getTestCaseVariables(): null

2023-08-06 22:35:09 - [TEST_STEP][PASSED] - tc_start_Time = System.currentTimeMillis(): null

2023-08-06 22:35:09 - [TEST_STEP][PASSED] - date_tc_start_Time = dateformat.format(tc_start_Time): null

2023-08-06 22:35:10 - [TEST_STEP][PASSED] - selectOptionByLabel(findTestObject("BillingCenter/pge_BatchPaymentEntry/screen_MultiplePaymentWizard/lst_Source"), Source, false, CONTINUE_ON_FAILURE): All options with label 'Branch' are selected in object 'Object Repository/BillingCenter/pge_BatchPaymentEntry/screen_MultiplePaymentWizard/lst_Source' 

2023-08-06 22:35:11 - [MESSAGE][PASSED] - All options with label 'Branch' are selected in object 'Object Repository/BillingCenter/pge_BatchPaymentEntry/screen_MultiplePaymentWizard/lst_Source' 

2023-08-06 22:35:11 - [TEST_STEP][PASSED] - setText(findTestObject("BillingCenter/pge_BatchPaymentEntry/screen_MultiplePaymentWizard/txt_BatchAmount"), BatchAmount, CONTINUE_ON_FAILURE): Text '15.55' is set on object 'Object Repository/BillingCenter/pge_BatchPaymentEntry/screen_MultiplePaymentWizard/txt_BatchAmount'

2023-08-06 22:35:12 - [MESSAGE][PASSED] - Text '15.55' is set on object 'Object Repository/BillingCenter/pge_BatchPaymentEntry/screen_MultiplePaymentWizard/txt_BatchAmount'

2023-08-06 22:35:13 - [TEST_STEP][PASSED] - sendKeys(findTestObject("BillingCenter/pge_BatchPaymentEntry/screen_MultiplePaymentWizard/txt_BatchAmount"), Keys.chord(TAB)): Keys 'TAB + ' sent to object: 'Object Repository/BillingCenter/pge_BatchPaymentEntry/screen_MultiplePaymentWizard/txt_BatchAmount'

2023-08-06 22:35:13 - [MESSAGE][PASSED] - Keys 'TAB + ' sent to object: 'Object Repository/BillingCenter/pge_BatchPaymentEntry/screen_MultiplePaymentWizard/txt_BatchAmount'

2023-08-06 22:35:13 - [TEST_STEP][PASSED] - selectOptionByLabel(findTestObject("BillingCenter/pge_BatchPaymentEntry/screen_MultiplePaymentWizard/lst_Type"), Type, false, CONTINUE_ON_FAILURE): All options with label 'Payment' are selected in object 'Object Repository/BillingCenter/pge_BatchPaymentEntry/screen_MultiplePaymentWizard/lst_Type' 

2023-08-06 22:35:14 - [MESSAGE][PASSED] - All options with label 'Payment' are selected in object 'Object Repository/BillingCenter/pge_BatchPaymentEntry/screen_MultiplePaymentWizard/lst_Type' 

2023-08-06 22:35:14 - [TEST_STEP][PASSED] - verifyElementVisible(findTestObject("BillingCenter/pge_BatchPaymentEntry/screen_MultiplePaymentWizard/txt_AgencyCode"), CONTINUE_ON_FAILURE): Object 'Object Repository/BillingCenter/pge_BatchPaymentEntry/screen_MultiplePaymentWizard/txt_AgencyCode' is visible

2023-08-06 22:35:14 - [MESSAGE][PASSED] - Object 'Object Repository/BillingCenter/pge_BatchPaymentEntry/screen_MultiplePaymentWizard/txt_AgencyCode' is visible

2023-08-06 22:35:14 - [TEST_STEP][PASSED] - setText(findTestObject("BillingCenter/pge_BatchPaymentEntry/screen_MultiplePaymentWizard/txt_AgencyCode"), AgencyCode): Text 'A0010' is set on object 'Object Repository/BillingCenter/pge_BatchPaymentEntry/screen_MultiplePaymentWizard/txt_AgencyCode'

2023-08-06 22:35:15 - [MESSAGE][PASSED] - Text 'A0010' is set on object 'Object Repository/BillingCenter/pge_BatchPaymentEntry/screen_MultiplePaymentWizard/txt_AgencyCode'

2023-08-06 22:35:15 - [TEST_STEP][PASSED] - clearText(findTestObject("BillingCenter/pge_BatchPaymentEntry/screen_MultiplePaymentWizard/txt_Amount"), CONTINUE_ON_FAILURE): Text of object 'Object Repository/BillingCenter/pge_BatchPaymentEntry/screen_MultiplePaymentWizard/txt_Amount' is cleared

2023-08-06 22:35:16 - [MESSAGE][PASSED] - Text of object 'Object Repository/BillingCenter/pge_BatchPaymentEntry/screen_MultiplePaymentWizard/txt_Amount' is cleared

2023-08-06 22:35:16 - [TEST_STEP][PASSED] - setText(findTestObject("BillingCenter/pge_BatchPaymentEntry/screen_MultiplePaymentWizard/txt_Amount"), Amount, CONTINUE_ON_FAILURE): Text '15.55' is set on object 'Object Repository/BillingCenter/pge_BatchPaymentEntry/screen_MultiplePaymentWizard/txt_Amount'

2023-08-06 22:35:18 - [MESSAGE][PASSED] - Text '15.55' is set on object 'Object Repository/BillingCenter/pge_BatchPaymentEntry/screen_MultiplePaymentWizard/txt_Amount'

2023-08-06 22:35:18 - [TEST_STEP][PASSED] - sendKeys(findTestObject("BillingCenter/pge_BatchPaymentEntry/screen_MultiplePaymentWizard/txt_Amount"), Keys.chord(TAB)): Keys 'TAB + ' sent to object: 'Object Repository/BillingCenter/pge_BatchPaymentEntry/screen_MultiplePaymentWizard/txt_Amount'

2023-08-06 22:35:18 - [MESSAGE][PASSED] - Keys 'TAB + ' sent to object: 'Object Repository/BillingCenter/pge_BatchPaymentEntry/screen_MultiplePaymentWizard/txt_Amount'

2023-08-06 22:35:18 - [TEST_STEP][PASSED] - verifyElementVisible(findTestObject("BillingCenter/pge_BatchPaymentEntry/screen_MultiplePaymentWizard/txt_CheckRef"), CONTINUE_ON_FAILURE): Object 'Object Repository/BillingCenter/pge_BatchPaymentEntry/screen_MultiplePaymentWizard/txt_CheckRef' is visible

2023-08-06 22:35:19 - [MESSAGE][PASSED] - Object 'Object Repository/BillingCenter/pge_BatchPaymentEntry/screen_MultiplePaymentWizard/txt_CheckRef' is visible

2023-08-06 22:35:19 - [TEST_STEP][PASSED] - setText(findTestObject("BillingCenter/pge_BatchPaymentEntry/screen_MultiplePaymentWizard/txt_CheckRef"), CheckRef, CONTINUE_ON_FAILURE): Text '2233445566' is set on object 'Object Repository/BillingCenter/pge_BatchPaymentEntry/screen_MultiplePaymentWizard/txt_CheckRef'

2023-08-06 22:35:20 - [MESSAGE][PASSED] - Text '2233445566' is set on object 'Object Repository/BillingCenter/pge_BatchPaymentEntry/screen_MultiplePaymentWizard/txt_CheckRef'

2023-08-06 22:35:20 - [TEST_STEP][PASSED] - setText(findTestObject("BillingCenter/pge_BatchPaymentEntry/screen_MultiplePaymentWizard/txt_Description"), Description, CONTINUE_ON_FAILURE): Text 'Payment on invoice level' is set on object 'Object Repository/BillingCenter/pge_BatchPaymentEntry/screen_MultiplePaymentWizard/txt_Description'

2023-08-06 22:35:21 - [MESSAGE][PASSED] - Text 'Payment on invoice level' is set on object 'Object Repository/BillingCenter/pge_BatchPaymentEntry/screen_MultiplePaymentWizard/txt_Description'

2023-08-06 22:35:21 - [TEST_STEP][PASSED] - selectOptionByLabel(findTestObject("BillingCenter/pge_BatchPaymentEntry/screen_MultiplePaymentWizard/lst_PaymentInstrument"), PaymentInstrument, false, CONTINUE_ON_FAILURE): All options with label 'Cash' are selected in object 'Object Repository/BillingCenter/pge_BatchPaymentEntry/screen_MultiplePaymentWizard/lst_PaymentInstrument' 

2023-08-06 22:35:22 - [MESSAGE][PASSED] - All options with label 'Cash' are selected in object 'Object Repository/BillingCenter/pge_BatchPaymentEntry/screen_MultiplePaymentWizard/lst_PaymentInstrument' 

2023-08-06 22:35:22 - [TEST_STEP][PASSED] - click(findTestObject("BillingCenter/pge_BatchPaymentEntry/screen_MultiplePaymentWizard/btn_Next"), CONTINUE_ON_FAILURE): Object: 'Object Repository/BillingCenter/pge_BatchPaymentEntry/screen_MultiplePaymentWizard/btn_Next' is clicked on

2023-08-06 22:35:22 - [MESSAGE][PASSED] - Object: 'Object Repository/BillingCenter/pge_BatchPaymentEntry/screen_MultiplePaymentWizard/btn_Next' is clicked on

2023-08-06 22:35:22 - [TEST_STEP][PASSED] - BatchNumber = getText(findTestObject("BillingCenter/pge_BatchPaymentEntry/screen_MultiplePaymentWizard/val_BatchNumber"), CONTINUE_ON_FAILURE): Text of object 'Object Repository/BillingCenter/pge_BatchPaymentEntry/screen_MultiplePaymentWizard/val_BatchNumber' is: 'BA07172026-1390'

2023-08-06 22:35:23 - [MESSAGE][PASSED] - Text of object 'Object Repository/BillingCenter/pge_BatchPaymentEntry/screen_MultiplePaymentWizard/val_BatchNumber' is: 'BA07172026-1390'

2023-08-06 22:35:23 - [TEST_STEP][PASSED] - comment("Posted Payment Batch Number " + BatchNumber): Posted Payment Batch Number BA07172026-1390

2023-08-06 22:35:23 - [MESSAGE][INFO] - Posted Payment Batch Number BA07172026-1390

2023-08-06 22:35:23 - [TEST_STEP][PASSED] - click(findTestObject("BillingCenter/pge_BatchPaymentEntry/screen_MultiplePaymentWizard/btn_Post"), CONTINUE_ON_FAILURE): Object: 'Object Repository/BillingCenter/pge_BatchPaymentEntry/screen_MultiplePaymentWizard/btn_Post' is clicked on

2023-08-06 22:35:23 - [MESSAGE][PASSED] - Object: 'Object Repository/BillingCenter/pge_BatchPaymentEntry/screen_MultiplePaymentWizard/btn_Post' is clicked on

2023-08-06 22:35:23 - [TEST_STEP][PASSED] - verifyElementPresent(findTestObject("BillingCenter/pge_BatchPaymentEntry/screen_BatchJobs/fld_GoTo_Quickjump"), 0): Object 'Object Repository/BillingCenter/pge_BatchPaymentEntry/screen_BatchJobs/fld_GoTo_Quickjump' is present

2023-08-06 22:35:23 - [MESSAGE][WARNING] - Timeout '0' is invalid. Using default page load timeout: '2'

2023-08-06 22:35:24 - [MESSAGE][PASSED] - Object 'Object Repository/BillingCenter/pge_BatchPaymentEntry/screen_BatchJobs/fld_GoTo_Quickjump' is present

2023-08-06 22:35:24 - [TEST_STEP][PASSED] - sendKeys(findTestObject("BillingCenter/pge_BatchPaymentEntry/screen_BatchJobs/fld_GoTo_Quickjump"), "runBatchProcess PostBatchPayment_sp"): Keys 'runBatchProcess PostBatchPayment_sp' sent to object: 'Object Repository/BillingCenter/pge_BatchPaymentEntry/screen_BatchJobs/fld_GoTo_Quickjump'

2023-08-06 22:35:25 - [MESSAGE][PASSED] - Keys 'runBatchProcess PostBatchPayment_sp' sent to object: 'Object Repository/BillingCenter/pge_BatchPaymentEntry/screen_BatchJobs/fld_GoTo_Quickjump'

2023-08-06 22:35:25 - [TEST_STEP][PASSED] - sendKeys(findTestObject("BillingCenter/pge_BatchPaymentEntry/screen_BatchJobs/fld_GoTo_Quickjump"), Keys.chord(ENTER)): Keys 'ENTER + ' sent to object: 'Object Repository/BillingCenter/pge_BatchPaymentEntry/screen_BatchJobs/fld_GoTo_Quickjump'

2023-08-06 22:35:25 - [MESSAGE][PASSED] - Keys 'ENTER + ' sent to object: 'Object Repository/BillingCenter/pge_BatchPaymentEntry/screen_BatchJobs/fld_GoTo_Quickjump'

2023-08-06 22:35:25 - [TEST_STEP][PASSED] - click(findTestObject("BillingCenter/pge_BatchPaymentEntry/screen_Verify_PostedPayments/opt_ProducerSearch")): Object: 'Object Repository/BillingCenter/pge_BatchPaymentEntry/screen_Verify_PostedPayments/opt_ProducerSearch' is clicked on

2023-08-06 22:35:26 - [MESSAGE][PASSED] - Object: 'Object Repository/BillingCenter/pge_BatchPaymentEntry/screen_Verify_PostedPayments/opt_ProducerSearch' is clicked on

2023-08-06 22:35:26 - [TEST_STEP][PASSED] - sendKeys(findTestObject("BillingCenter/pge_BatchPaymentEntry/screen_Verify_PostedPayments/fld_SearchProducer"), AgencyCode): Keys 'A0010' sent to object: 'Object Repository/BillingCenter/pge_BatchPaymentEntry/screen_Verify_PostedPayments/fld_SearchProducer'

2023-08-06 22:35:26 - [MESSAGE][PASSED] - Keys 'A0010' sent to object: 'Object Repository/BillingCenter/pge_BatchPaymentEntry/screen_Verify_PostedPayments/fld_SearchProducer'

2023-08-06 22:35:26 - [TEST_STEP][PASSED] - click(findTestObject("BillingCenter/pge_BatchPaymentEntry/screen_Verify_PostedPayments/icon_SearchProducer")): Object: 'Object Repository/BillingCenter/pge_BatchPaymentEntry/screen_Verify_PostedPayments/icon_SearchProducer' is clicked on

2023-08-06 22:35:27 - [MESSAGE][PASSED] - Object: 'Object Repository/BillingCenter/pge_BatchPaymentEntry/screen_Verify_PostedPayments/icon_SearchProducer' is clicked on

2023-08-06 22:35:27 - [TEST_STEP][PASSED] - click(findTestObject("BillingCenter/pge_BatchPaymentEntry/screen_Verify_PostedPayments/icon_AgencyBillPaymentsArrow")): Object: 'Object Repository/BillingCenter/pge_BatchPaymentEntry/screen_Verify_PostedPayments/icon_AgencyBillPaymentsArrow' is clicked on

2023-08-06 22:35:28 - [MESSAGE][PASSED] - Object: 'Object Repository/BillingCenter/pge_BatchPaymentEntry/screen_Verify_PostedPayments/icon_AgencyBillPaymentsArrow' is clicked on

2023-08-06 22:35:28 - [TEST_STEP][PASSED] - click(findTestObject("BillingCenter/pge_BatchPaymentEntry/screen_Verify_PostedPayments/opt_PaymentsProducer")): Object: 'Object Repository/BillingCenter/pge_BatchPaymentEntry/screen_Verify_PostedPayments/opt_PaymentsProducer' is clicked on

2023-08-06 22:35:28 - [MESSAGE][PASSED] - Object: 'Object Repository/BillingCenter/pge_BatchPaymentEntry/screen_Verify_PostedPayments/opt_PaymentsProducer' is clicked on

2023-08-06 22:35:28 - [TEST_STEP][PASSED] - driver = getWebDriver(): null

2023-08-06 22:35:28 - [TEST_STEP][PASSED] - Table = driver.findElement(By.xpath("//*[@id='AgencyBillExecutedPayments-PaymentsLV']//tbody")): null

2023-08-06 22:35:29 - [TEST_STEP][PASSED] - elementsinColumn = gw.Table.getTableElementsByColumn(Table, 9): gw.Table.getTableElementsByColumn is PASSED

2023-08-06 22:35:30 - [MESSAGE][PASSED] - gw.Table.getTableElementsByColumn is PASSED

2023-08-06 22:35:30 - [TEST_STEP][PASSED] - comment("Elements after function call to getTableElementsByColumn " + elementsinColumn): Elements after function call to getTableElementsByColumn [Batch Number, BA07172026-1390, BA07162026-1339, BA07042026-1238]

2023-08-06 22:35:30 - [MESSAGE][INFO] - Elements after function call to getTableElementsByColumn [Batch Number, BA07172026-1390, BA07162026-1339, BA07042026-1238]

2023-08-06 22:35:30 - [TEST_STEP][PASSED] - if (elementsinColumn.contains(BatchNumber)): Agency Payment Batch Number Found

2023-08-06 22:35:30 - [TEST_STEP][PASSED] - markPassed("Agency Payment Batch Number Found"): Agency Payment Batch Number Found

2023-08-06 22:35:30 - [MESSAGE][PASSED] - Agency Payment Batch Number Found

2023-08-06 22:35:30 - [TEST_STEP][PASSED] - click(findTestObject("BillingCenter/pge_BatchPaymentEntry/screen_Verify_PostedPayments/lbl_DesktopOption")): Object: 'Object Repository/BillingCenter/pge_BatchPaymentEntry/screen_Verify_PostedPayments/lbl_DesktopOption' is clicked on

2023-08-06 22:35:31 - [MESSAGE][PASSED] - Object: 'Object Repository/BillingCenter/pge_BatchPaymentEntry/screen_Verify_PostedPayments/lbl_DesktopOption' is clicked on

2023-08-06 22:35:31 - [TEST_STEP][PASSED] - callTestCase(findTestCase("BillingCenter/BatchPaymentEntry/BC_NavigateBatchPaymentEntryScreen"), [:]): Call Test Case 'Test Cases/BillingCenter/BatchPaymentEntry/BC_NavigateBatchPaymentEntryScreen' successfully

2023-08-06 22:35:31 - [TEST_CASE][PASSED] - Test Cases/BillingCenter/BatchPaymentEntry/BC_NavigateBatchPaymentEntryScreen: Test Cases/BillingCenter/BatchPaymentEntry/BC_NavigateBatchPaymentEntryScreen

2023-08-06 22:35:31 - [TEST_STEP][PASSED] - click(findTestObject("BillingCenter/pge_BatchPaymentEntry/pge_Navigation/opt_Desktop_Actions")): Object: 'Object Repository/BillingCenter/pge_BatchPaymentEntry/pge_Navigation/opt_Desktop_Actions' is clicked on

2023-08-06 22:35:32 - [MESSAGE][PASSED] - Object: 'Object Repository/BillingCenter/pge_BatchPaymentEntry/pge_Navigation/opt_Desktop_Actions' is clicked on

2023-08-06 22:35:32 - [TEST_STEP][PASSED] - mouseOver(findTestObject("BillingCenter/pge_BatchPaymentEntry/pge_Navigation/act_NewPayment")): Object: 'Object Repository/BillingCenter/pge_BatchPaymentEntry/pge_Navigation/act_NewPayment' is hovered

2023-08-06 22:35:32 - [MESSAGE][PASSED] - Object: 'Object Repository/BillingCenter/pge_BatchPaymentEntry/pge_Navigation/act_NewPayment' is hovered

2023-08-06 22:35:32 - [TEST_STEP][PASSED] - click(findTestObject("BillingCenter/pge_BatchPaymentEntry/pge_Navigation/opt_newPayment _BatchPaymentEntry")): Object: 'Object Repository/BillingCenter/pge_BatchPaymentEntry/pge_Navigation/opt_newPayment _BatchPaymentEntry' is clicked on

2023-08-06 22:35:32 - [MESSAGE][PASSED] - Object: 'Object Repository/BillingCenter/pge_BatchPaymentEntry/pge_Navigation/opt_newPayment _BatchPaymentEntry' is clicked on

2023-08-06 22:35:32 - [MESSAGE][PASSED] - Call Test Case 'Test Cases/BillingCenter/BatchPaymentEntry/BC_NavigateBatchPaymentEntryScreen' successfully

2023-08-06 22:35:32 - [TEST_STEP][PASSED] - for (def index : (0..0)): null

2023-08-06 22:35:32 - [TEST_STEP][ERROR] - Start listener action : gwAfterTestCase: org.codehaus.groovy.runtime.InvokerInvocationException: java.io.FileNotFoundException: C:\QA Scripts\emc.guidewire.katalon.updated\GW10 Automation\Reports\Execution Status.xlsx (The system cannot find the file specified)
	at GWListener.invokeMethod(GWListener.groovy)
	at com.kms.katalon.core.context.internal.TestHooker.invokeMethod(TestHooker.java:111)
	at com.kms.katalon.core.context.internal.TestHooker.lambda$3(TestHooker.java:95)
	at com.kms.katalon.core.context.internal.TestHooker.invokeContextMethods(TestHooker.java:94)
	at com.kms.katalon.core.context.internal.TestListenerCollector.lambda$3(TestListenerCollector.java:88)
	at com.kms.katalon.core.context.internal.TestListenerCollector.handleListenerEvent(TestListenerCollector.java:85)
	at com.kms.katalon.core.context.internal.ExecutionEventManager.publicEvent(ExecutionEventManager.java:36)
	at com.kms.katalon.core.main.TestCaseExecutor.execute(TestCaseExecutor.java:251)
	at com.kms.katalon.core.main.TestSuiteExecutor.accessTestCaseMainPhase(TestSuiteExecutor.java:191)
	at com.kms.katalon.core.main.TestSuiteExecutor.accessTestSuiteMainPhase(TestSuiteExecutor.java:141)
	at com.kms.katalon.core.main.TestSuiteExecutor.execute(TestSuiteExecutor.java:90)
	at com.kms.katalon.core.main.TestCaseMain.startTestSuite(TestCaseMain.java:157)
	at com.kms.katalon.core.main.TestCaseMain$startTestSuite$0.call(Unknown Source)
	at TempTestSuite1691341402211.run(TempTestSuite1691341402211.groovy:39)
Caused by: java.io.FileNotFoundException: C:\QA Scripts\emc.guidewire.katalon.updated\GW10 Automation\Reports\Execution Status.xlsx (The system cannot find the file specified)
	at common.Excel.getColumnNumber(Excel.groovy:69)
	at common.Excel.WirteToExcel(Excel.groovy:95)
	at common.Excel$WirteToExcel$0.call(Unknown Source)
	at GWListener.gwAfterTestCase(GWListener.groovy:137)
	... 14 more


2023-08-06 22:35:32 - [TEST_STEP][PASSED] - tc_end_Time = System.currentTimeMillis(): null

2023-08-06 22:35:32 - [TEST_STEP][PASSED] - date_tc_end_Time = dateformat.format(tc_end_Time): null

2023-08-06 22:35:32 - [TEST_STEP][PASSED] - (tempRowNum++): null

2023-08-06 22:35:32 - [TEST_STEP][PASSED] - testCaseID = testCaseContext.getTestCaseId(): null

2023-08-06 22:35:32 - [TEST_STEP][PASSED] - testCase = findTestCase(testCaseID): null

2023-08-06 22:35:32 - [TEST_STEP][PASSED] - testCaseName = testCase.getName(): null

2023-08-06 22:35:32 - [TEST_STEP][PASSED] - switch (testCaseContext.getTestCaseStatus()): null

2023-08-06 22:35:32 - [TEST_STEP][PASSED] - case "PASSED":: null

2023-08-06 22:35:32 - [TEST_STEP][PASSED] - (passedCnt++): null

2023-08-06 22:35:32 - [TEST_STEP][PASSED] - break: null

2023-08-06 22:35:32 - [TEST_STEP][PASSED] - if (testCaseName == "GenerateAndSendReport"): null

2023-08-06 22:35:32 - [TEST_STEP][PASSED] - if (testCaseName == "GenerateAndSaveReport"): null

2023-08-06 22:35:32 - [TEST_STEP][PASSED] - if (testCaseName == "GenerateTimeReport"): null

2023-08-06 22:35:32 - [TEST_STEP][ERROR] - if (!(testCaseName.contains("Submission")) && !(testCaseName.contains("Issurance")) && !(testCaseName.contains("NewAccount")) && !(testCaseName.contains("FNOL")) && !(testCaseName.contains("QuickClaim")) && !(testCaseName.contains("verify"))): org.codehaus.groovy.runtime.InvokerInvocationException: java.io.FileNotFoundException: C:\QA Scripts\emc.guidewire.katalon.updated\GW10 Automation\Reports\Execution Status.xlsx (The system cannot find the file specified)
	at GWListener.invokeMethod(GWListener.groovy)
	at com.kms.katalon.core.context.internal.TestHooker.invokeMethod(TestHooker.java:111)
	at com.kms.katalon.core.context.internal.TestHooker.lambda$3(TestHooker.java:95)
	at com.kms.katalon.core.context.internal.TestHooker.invokeContextMethods(TestHooker.java:94)
	at com.kms.katalon.core.context.internal.TestListenerCollector.lambda$3(TestListenerCollector.java:88)
	at com.kms.katalon.core.context.internal.TestListenerCollector.handleListenerEvent(TestListenerCollector.java:85)
	at com.kms.katalon.core.context.internal.ExecutionEventManager.publicEvent(ExecutionEventManager.java:36)
	at com.kms.katalon.core.main.TestCaseExecutor.execute(TestCaseExecutor.java:251)
	at com.kms.katalon.core.main.TestSuiteExecutor.accessTestCaseMainPhase(TestSuiteExecutor.java:191)
	at com.kms.katalon.core.main.TestSuiteExecutor.accessTestSuiteMainPhase(TestSuiteExecutor.java:141)
	at com.kms.katalon.core.main.TestSuiteExecutor.execute(TestSuiteExecutor.java:90)
	at com.kms.katalon.core.main.TestCaseMain.startTestSuite(TestCaseMain.java:157)
	at com.kms.katalon.core.main.TestCaseMain$startTestSuite$0.call(Unknown Source)
	at TempTestSuite1691341402211.run(TempTestSuite1691341402211.groovy:39)
Caused by: java.io.FileNotFoundException: C:\QA Scripts\emc.guidewire.katalon.updated\GW10 Automation\Reports\Execution Status.xlsx (The system cannot find the file specified)
	at common.Excel.getColumnNumber(Excel.groovy:69)
	at common.Excel.WirteToExcel(Excel.groovy:95)
	at common.Excel$WirteToExcel$0.call(Unknown Source)
	at GWListener.gwAfterTestCase(GWListener.groovy:137)
	... 14 more


2023-08-06 22:35:32 - [MESSAGE][ERROR] - org.codehaus.groovy.runtime.InvokerInvocationException: java.io.FileNotFoundException: C:\QA Scripts\emc.guidewire.katalon.updated\GW10 Automation\Reports\Execution Status.xlsx (The system cannot find the file specified)
	at GWListener.invokeMethod(GWListener.groovy)
	at com.kms.katalon.core.context.internal.TestHooker.invokeMethod(TestHooker.java:111)
	at com.kms.katalon.core.context.internal.TestHooker.lambda$3(TestHooker.java:95)
	at com.kms.katalon.core.context.internal.TestHooker.invokeContextMethods(TestHooker.java:94)
	at com.kms.katalon.core.context.internal.TestListenerCollector.lambda$3(TestListenerCollector.java:88)
	at com.kms.katalon.core.context.internal.TestListenerCollector.handleListenerEvent(TestListenerCollector.java:85)
	at com.kms.katalon.core.context.internal.ExecutionEventManager.publicEvent(ExecutionEventManager.java:36)
	at com.kms.katalon.core.main.TestCaseExecutor.execute(TestCaseExecutor.java:251)
	at com.kms.katalon.core.main.TestSuiteExecutor.accessTestCaseMainPhase(TestSuiteExecutor.java:191)
	at com.kms.katalon.core.main.TestSuiteExecutor.accessTestSuiteMainPhase(TestSuiteExecutor.java:141)
	at com.kms.katalon.core.main.TestSuiteExecutor.execute(TestSuiteExecutor.java:90)
	at com.kms.katalon.core.main.TestCaseMain.startTestSuite(TestCaseMain.java:157)
	at com.kms.katalon.core.main.TestCaseMain$startTestSuite$0.call(Unknown Source)
	at TempTestSuite1691341402211.run(TempTestSuite1691341402211.groovy:39)
Caused by: java.io.FileNotFoundException: C:\QA Scripts\emc.guidewire.katalon.updated\GW10 Automation\Reports\Execution Status.xlsx (The system cannot find the file specified)
	at common.Excel.getColumnNumber(Excel.groovy:69)
	at common.Excel.WirteToExcel(Excel.groovy:95)
	at common.Excel$WirteToExcel$0.call(Unknown Source)
	at GWListener.gwAfterTestCase(GWListener.groovy:137)
	... 14 more


2023-08-06 22:35:34 - [TEST_STEP][PASSED] - Video: Video recording for test case 'Test Cases/BillingCenter/BatchPaymentEntry/BC_MultiplePaymentEntryandVerification_AgencyLevel' .

2023-08-06 22:35:34 - [MESSAGE][INFO] - Video recording for test case 'Test Cases/BillingCenter/BatchPaymentEntry/BC_MultiplePaymentEntryandVerification_AgencyLevel' .
[[ATTACHMENT|C:\\QA Scripts\\emc.guidewire.katalon.updated\\GW10 Automation\\Reports\\20230806_223322\\BillingCenter\\BatchPaymentEntry\\20230806_223322/videos\\test_6.avi]]]]></system-out>
         <system-err><![CDATA[]]></system-err>
      </testcase>
      <testcase name="Test Cases/BillingCenter/BatchPaymentEntry/BC_MultiplePaymentEntryandVerification_AgencyStatementLevel" time="26.303" classname="Test Cases/BillingCenter/BatchPaymentEntry/BC_MultiplePaymentEntryandVerification_AgencyStatementLevel" status="PASSED">
         <system-out><![CDATA[2023-08-06 22:35:35 - [TEST_CASE][PASSED] - Test Cases/BillingCenter/BatchPaymentEntry/BC_MultiplePaymentEntryandVerification_AgencyStatementLevel: Test Cases/BillingCenter/BatchPaymentEntry/BC_MultiplePaymentEntryandVerification_AgencyStatementLevel

2023-08-06 22:35:35 - [TEST_STEP][PASSED] - Start listener action : gwBeforeTestCase: null

2023-08-06 22:35:35 - [TEST_STEP][PASSED] - if (Env_TestCaseId == testCaseContext.getTestCaseId()): null

2023-08-06 22:35:35 - [TEST_STEP][PASSED] - else: null

2023-08-06 22:35:35 - [TEST_STEP][PASSED] - iteration = 1: null

2023-08-06 22:35:35 - [TEST_STEP][PASSED] - Env_Iteration = iteration: null

2023-08-06 22:35:35 - [TEST_STEP][PASSED] - Env_TestCaseId = testCaseContext.getTestCaseId(): null

2023-08-06 22:35:35 - [TEST_STEP][PASSED] - Env_TestCaseVariables = testCaseContext.getTestCaseVariables(): null

2023-08-06 22:35:35 - [TEST_STEP][PASSED] - tc_start_Time = System.currentTimeMillis(): null

2023-08-06 22:35:35 - [TEST_STEP][PASSED] - date_tc_start_Time = dateformat.format(tc_start_Time): null

2023-08-06 22:35:35 - [TEST_STEP][PASSED] - selectOptionByLabel(findTestObject("BillingCenter/pge_BatchPaymentEntry/screen_MultiplePaymentWizard/lst_Source"), Source, false, CONTINUE_ON_FAILURE): All options with label 'Lockbox' are selected in object 'Object Repository/BillingCenter/pge_BatchPaymentEntry/screen_MultiplePaymentWizard/lst_Source' 

2023-08-06 22:35:36 - [MESSAGE][PASSED] - All options with label 'Lockbox' are selected in object 'Object Repository/BillingCenter/pge_BatchPaymentEntry/screen_MultiplePaymentWizard/lst_Source' 

2023-08-06 22:35:36 - [TEST_STEP][PASSED] - setText(findTestObject("BillingCenter/pge_BatchPaymentEntry/screen_MultiplePaymentWizard/txt_BatchAmount"), BatchAmount, CONTINUE_ON_FAILURE): Text '101' is set on object 'Object Repository/BillingCenter/pge_BatchPaymentEntry/screen_MultiplePaymentWizard/txt_BatchAmount'

2023-08-06 22:35:38 - [MESSAGE][PASSED] - Text '101' is set on object 'Object Repository/BillingCenter/pge_BatchPaymentEntry/screen_MultiplePaymentWizard/txt_BatchAmount'

2023-08-06 22:35:38 - [TEST_STEP][PASSED] - sendKeys(findTestObject("BillingCenter/pge_BatchPaymentEntry/screen_MultiplePaymentWizard/txt_BatchAmount"), Keys.chord(TAB)): Keys 'TAB + ' sent to object: 'Object Repository/BillingCenter/pge_BatchPaymentEntry/screen_MultiplePaymentWizard/txt_BatchAmount'

2023-08-06 22:35:38 - [MESSAGE][PASSED] - Keys 'TAB + ' sent to object: 'Object Repository/BillingCenter/pge_BatchPaymentEntry/screen_MultiplePaymentWizard/txt_BatchAmount'

2023-08-06 22:35:38 - [TEST_STEP][PASSED] - selectOptionByLabel(findTestObject("BillingCenter/pge_BatchPaymentEntry/screen_MultiplePaymentWizard/lst_Type"), Type, false, CONTINUE_ON_FAILURE): All options with label 'Payment' are selected in object 'Object Repository/BillingCenter/pge_BatchPaymentEntry/screen_MultiplePaymentWizard/lst_Type' 

2023-08-06 22:35:39 - [MESSAGE][PASSED] - All options with label 'Payment' are selected in object 'Object Repository/BillingCenter/pge_BatchPaymentEntry/screen_MultiplePaymentWizard/lst_Type' 

2023-08-06 22:35:39 - [TEST_STEP][PASSED] - verifyElementVisible(findTestObject("BillingCenter/pge_BatchPaymentEntry/screen_MultiplePaymentWizard/txt_ABStatement"), CONTINUE_ON_FAILURE): Object 'Object Repository/BillingCenter/pge_BatchPaymentEntry/screen_MultiplePaymentWizard/txt_ABStatement' is visible

2023-08-06 22:35:39 - [MESSAGE][PASSED] - Object 'Object Repository/BillingCenter/pge_BatchPaymentEntry/screen_MultiplePaymentWizard/txt_ABStatement' is visible

2023-08-06 22:35:39 - [TEST_STEP][PASSED] - setText(findTestObject("BillingCenter/pge_BatchPaymentEntry/screen_MultiplePaymentWizard/txt_ABStatement"), ABStatement): Text '7000000111' is set on object 'Object Repository/BillingCenter/pge_BatchPaymentEntry/screen_MultiplePaymentWizard/txt_ABStatement'

2023-08-06 22:35:41 - [MESSAGE][PASSED] - Text '7000000111' is set on object 'Object Repository/BillingCenter/pge_BatchPaymentEntry/screen_MultiplePaymentWizard/txt_ABStatement'

2023-08-06 22:35:41 - [TEST_STEP][PASSED] - clearText(findTestObject("BillingCenter/pge_BatchPaymentEntry/screen_MultiplePaymentWizard/txt_Amount"), CONTINUE_ON_FAILURE): Text of object 'Object Repository/BillingCenter/pge_BatchPaymentEntry/screen_MultiplePaymentWizard/txt_Amount' is cleared

2023-08-06 22:35:41 - [MESSAGE][PASSED] - Text of object 'Object Repository/BillingCenter/pge_BatchPaymentEntry/screen_MultiplePaymentWizard/txt_Amount' is cleared

2023-08-06 22:35:41 - [TEST_STEP][PASSED] - setText(findTestObject("BillingCenter/pge_BatchPaymentEntry/screen_MultiplePaymentWizard/txt_Amount"), Amount, CONTINUE_ON_FAILURE): Text '101' is set on object 'Object Repository/BillingCenter/pge_BatchPaymentEntry/screen_MultiplePaymentWizard/txt_Amount'

2023-08-06 22:35:43 - [MESSAGE][PASSED] - Text '101' is set on object 'Object Repository/BillingCenter/pge_BatchPaymentEntry/screen_MultiplePaymentWizard/txt_Amount'

2023-08-06 22:35:43 - [TEST_STEP][PASSED] - sendKeys(findTestObject("BillingCenter/pge_BatchPaymentEntry/screen_MultiplePaymentWizard/txt_Amount"), Keys.chord(TAB)): Keys 'TAB + ' sent to object: 'Object Repository/BillingCenter/pge_BatchPaymentEntry/screen_MultiplePaymentWizard/txt_Amount'

2023-08-06 22:35:43 - [MESSAGE][PASSED] - Keys 'TAB + ' sent to object: 'Object Repository/BillingCenter/pge_BatchPaymentEntry/screen_MultiplePaymentWizard/txt_Amount'

2023-08-06 22:35:43 - [TEST_STEP][PASSED] - verifyElementVisible(findTestObject("BillingCenter/pge_BatchPaymentEntry/screen_MultiplePaymentWizard/txt_CheckRef"), CONTINUE_ON_FAILURE): Object 'Object Repository/BillingCenter/pge_BatchPaymentEntry/screen_MultiplePaymentWizard/txt_CheckRef' is visible

2023-08-06 22:35:44 - [MESSAGE][PASSED] - Object 'Object Repository/BillingCenter/pge_BatchPaymentEntry/screen_MultiplePaymentWizard/txt_CheckRef' is visible

2023-08-06 22:35:44 - [TEST_STEP][PASSED] - setText(findTestObject("BillingCenter/pge_BatchPaymentEntry/screen_MultiplePaymentWizard/txt_CheckRef"), CheckRef, CONTINUE_ON_FAILURE): Text '1231231234' is set on object 'Object Repository/BillingCenter/pge_BatchPaymentEntry/screen_MultiplePaymentWizard/txt_CheckRef'

2023-08-06 22:35:45 - [MESSAGE][PASSED] - Text '1231231234' is set on object 'Object Repository/BillingCenter/pge_BatchPaymentEntry/screen_MultiplePaymentWizard/txt_CheckRef'

2023-08-06 22:35:45 - [TEST_STEP][PASSED] - setText(findTestObject("BillingCenter/pge_BatchPaymentEntry/screen_MultiplePaymentWizard/txt_Description"), Description, CONTINUE_ON_FAILURE): Text 'Payment on AB Statement level' is set on object 'Object Repository/BillingCenter/pge_BatchPaymentEntry/screen_MultiplePaymentWizard/txt_Description'

2023-08-06 22:35:46 - [MESSAGE][PASSED] - Text 'Payment on AB Statement level' is set on object 'Object Repository/BillingCenter/pge_BatchPaymentEntry/screen_MultiplePaymentWizard/txt_Description'

2023-08-06 22:35:46 - [TEST_STEP][PASSED] - selectOptionByLabel(findTestObject("BillingCenter/pge_BatchPaymentEntry/screen_MultiplePaymentWizard/lst_PaymentInstrument"), PaymentInstrument, false, CONTINUE_ON_FAILURE): All options with label 'Cash' are selected in object 'Object Repository/BillingCenter/pge_BatchPaymentEntry/screen_MultiplePaymentWizard/lst_PaymentInstrument' 

2023-08-06 22:35:47 - [MESSAGE][PASSED] - All options with label 'Cash' are selected in object 'Object Repository/BillingCenter/pge_BatchPaymentEntry/screen_MultiplePaymentWizard/lst_PaymentInstrument' 

2023-08-06 22:35:47 - [TEST_STEP][PASSED] - click(findTestObject("BillingCenter/pge_BatchPaymentEntry/screen_MultiplePaymentWizard/btn_Next"), CONTINUE_ON_FAILURE): Object: 'Object Repository/BillingCenter/pge_BatchPaymentEntry/screen_MultiplePaymentWizard/btn_Next' is clicked on

2023-08-06 22:35:47 - [MESSAGE][PASSED] - Object: 'Object Repository/BillingCenter/pge_BatchPaymentEntry/screen_MultiplePaymentWizard/btn_Next' is clicked on

2023-08-06 22:35:47 - [TEST_STEP][PASSED] - BatchNumber = getText(findTestObject("BillingCenter/pge_BatchPaymentEntry/screen_MultiplePaymentWizard/val_BatchNumber"), CONTINUE_ON_FAILURE): Text of object 'Object Repository/BillingCenter/pge_BatchPaymentEntry/screen_MultiplePaymentWizard/val_BatchNumber' is: 'LB07172026'

2023-08-06 22:35:48 - [MESSAGE][PASSED] - Text of object 'Object Repository/BillingCenter/pge_BatchPaymentEntry/screen_MultiplePaymentWizard/val_BatchNumber' is: 'LB07172026'

2023-08-06 22:35:48 - [TEST_STEP][PASSED] - comment("Posted Payment Batch Number " + BatchNumber): Posted Payment Batch Number LB07172026

2023-08-06 22:35:48 - [MESSAGE][INFO] - Posted Payment Batch Number LB07172026

2023-08-06 22:35:48 - [TEST_STEP][PASSED] - click(findTestObject("BillingCenter/pge_BatchPaymentEntry/screen_MultiplePaymentWizard/btn_Post"), CONTINUE_ON_FAILURE): Object: 'Object Repository/BillingCenter/pge_BatchPaymentEntry/screen_MultiplePaymentWizard/btn_Post' is clicked on

2023-08-06 22:35:48 - [MESSAGE][PASSED] - Object: 'Object Repository/BillingCenter/pge_BatchPaymentEntry/screen_MultiplePaymentWizard/btn_Post' is clicked on

2023-08-06 22:35:48 - [TEST_STEP][PASSED] - verifyElementPresent(findTestObject("BillingCenter/pge_BatchPaymentEntry/screen_BatchJobs/fld_GoTo_Quickjump"), 0): Object 'Object Repository/BillingCenter/pge_BatchPaymentEntry/screen_BatchJobs/fld_GoTo_Quickjump' is present

2023-08-06 22:35:48 - [MESSAGE][WARNING] - Timeout '0' is invalid. Using default page load timeout: '2'

2023-08-06 22:35:49 - [MESSAGE][PASSED] - Object 'Object Repository/BillingCenter/pge_BatchPaymentEntry/screen_BatchJobs/fld_GoTo_Quickjump' is present

2023-08-06 22:35:49 - [TEST_STEP][PASSED] - sendKeys(findTestObject("BillingCenter/pge_BatchPaymentEntry/screen_BatchJobs/fld_GoTo_Quickjump"), "runBatchProcess PostBatchPayment_sp"): Keys 'runBatchProcess PostBatchPayment_sp' sent to object: 'Object Repository/BillingCenter/pge_BatchPaymentEntry/screen_BatchJobs/fld_GoTo_Quickjump'

2023-08-06 22:35:49 - [MESSAGE][PASSED] - Keys 'runBatchProcess PostBatchPayment_sp' sent to object: 'Object Repository/BillingCenter/pge_BatchPaymentEntry/screen_BatchJobs/fld_GoTo_Quickjump'

2023-08-06 22:35:49 - [TEST_STEP][PASSED] - sendKeys(findTestObject("BillingCenter/pge_BatchPaymentEntry/screen_BatchJobs/fld_GoTo_Quickjump"), Keys.chord(ENTER)): Keys 'ENTER + ' sent to object: 'Object Repository/BillingCenter/pge_BatchPaymentEntry/screen_BatchJobs/fld_GoTo_Quickjump'

2023-08-06 22:35:50 - [MESSAGE][PASSED] - Keys 'ENTER + ' sent to object: 'Object Repository/BillingCenter/pge_BatchPaymentEntry/screen_BatchJobs/fld_GoTo_Quickjump'

2023-08-06 22:35:50 - [TEST_STEP][PASSED] - click(findTestObject("BillingCenter/pge_BatchPaymentEntry/screen_Verify_PostedPayments/opt_ProducerSearch")): Object: 'Object Repository/BillingCenter/pge_BatchPaymentEntry/screen_Verify_PostedPayments/opt_ProducerSearch' is clicked on

2023-08-06 22:35:51 - [MESSAGE][PASSED] - Object: 'Object Repository/BillingCenter/pge_BatchPaymentEntry/screen_Verify_PostedPayments/opt_ProducerSearch' is clicked on

2023-08-06 22:35:51 - [TEST_STEP][PASSED] - sendKeys(findTestObject("BillingCenter/pge_BatchPaymentEntry/screen_Verify_PostedPayments/fld_SearchProducer"), AgencyCode): Keys 'C0010' sent to object: 'Object Repository/BillingCenter/pge_BatchPaymentEntry/screen_Verify_PostedPayments/fld_SearchProducer'

2023-08-06 22:35:51 - [MESSAGE][PASSED] - Keys 'C0010' sent to object: 'Object Repository/BillingCenter/pge_BatchPaymentEntry/screen_Verify_PostedPayments/fld_SearchProducer'

2023-08-06 22:35:51 - [TEST_STEP][PASSED] - click(findTestObject("BillingCenter/pge_BatchPaymentEntry/screen_Verify_PostedPayments/icon_SearchProducer")): Object: 'Object Repository/BillingCenter/pge_BatchPaymentEntry/screen_Verify_PostedPayments/icon_SearchProducer' is clicked on

2023-08-06 22:35:52 - [MESSAGE][PASSED] - Object: 'Object Repository/BillingCenter/pge_BatchPaymentEntry/screen_Verify_PostedPayments/icon_SearchProducer' is clicked on

2023-08-06 22:35:52 - [TEST_STEP][PASSED] - click(findTestObject("BillingCenter/pge_BatchPaymentEntry/screen_Verify_PostedPayments/icon_AgencyBillPaymentsArrow")): Object: 'Object Repository/BillingCenter/pge_BatchPaymentEntry/screen_Verify_PostedPayments/icon_AgencyBillPaymentsArrow' is clicked on

2023-08-06 22:35:52 - [MESSAGE][PASSED] - Object: 'Object Repository/BillingCenter/pge_BatchPaymentEntry/screen_Verify_PostedPayments/icon_AgencyBillPaymentsArrow' is clicked on

2023-08-06 22:35:52 - [TEST_STEP][PASSED] - click(findTestObject("BillingCenter/pge_BatchPaymentEntry/screen_Verify_PostedPayments/opt_PaymentsProducer")): Object: 'Object Repository/BillingCenter/pge_BatchPaymentEntry/screen_Verify_PostedPayments/opt_PaymentsProducer' is clicked on

2023-08-06 22:35:53 - [MESSAGE][PASSED] - Object: 'Object Repository/BillingCenter/pge_BatchPaymentEntry/screen_Verify_PostedPayments/opt_PaymentsProducer' is clicked on

2023-08-06 22:35:53 - [TEST_STEP][PASSED] - driver = getWebDriver(): null

2023-08-06 22:35:53 - [TEST_STEP][PASSED] - Table = driver.findElement(By.xpath("//*[@id='AgencyBillExecutedPayments-PaymentsLV']//tbody")): null

2023-08-06 22:35:54 - [TEST_STEP][PASSED] - elementsinColumn = gw.Table.getTableElementsByColumn(Table, 9): gw.Table.getTableElementsByColumn is PASSED

2023-08-06 22:35:56 - [MESSAGE][PASSED] - gw.Table.getTableElementsByColumn is PASSED

2023-08-06 22:35:56 - [TEST_STEP][PASSED] - comment("Elements after function call to getTableElementsByColumn " + elementsinColumn): Elements after function call to getTableElementsByColumn [Batch Number, LB07172026, BA07172026-1372, BA07172026-1372, BA07172026-1368, BA07172026-1368, LB07162026, LB07042026]

2023-08-06 22:35:56 - [MESSAGE][INFO] - Elements after function call to getTableElementsByColumn [Batch Number, LB07172026, BA07172026-1372, BA07172026-1372, BA07172026-1368, BA07172026-1368, LB07162026, LB07042026]

2023-08-06 22:35:56 - [TEST_STEP][PASSED] - if (elementsinColumn.contains(BatchNumber)): Agency Statement Payment Batch Number Found

2023-08-06 22:35:56 - [TEST_STEP][PASSED] - markPassed("Agency Statement Payment Batch Number Found"): Agency Statement Payment Batch Number Found

2023-08-06 22:35:56 - [MESSAGE][PASSED] - Agency Statement Payment Batch Number Found

2023-08-06 22:35:56 - [TEST_STEP][PASSED] - click(findTestObject("BillingCenter/pge_BatchPaymentEntry/screen_Verify_PostedPayments/lbl_DesktopOption")): Object: 'Object Repository/BillingCenter/pge_BatchPaymentEntry/screen_Verify_PostedPayments/lbl_DesktopOption' is clicked on

2023-08-06 22:35:57 - [MESSAGE][PASSED] - Object: 'Object Repository/BillingCenter/pge_BatchPaymentEntry/screen_Verify_PostedPayments/lbl_DesktopOption' is clicked on

2023-08-06 22:35:57 - [TEST_STEP][PASSED] - callTestCase(findTestCase("BillingCenter/BatchPaymentEntry/BC_NavigateBatchPaymentEntryScreen"), [:]): Call Test Case 'Test Cases/BillingCenter/BatchPaymentEntry/BC_NavigateBatchPaymentEntryScreen' successfully

2023-08-06 22:35:57 - [TEST_CASE][PASSED] - Test Cases/BillingCenter/BatchPaymentEntry/BC_NavigateBatchPaymentEntryScreen: Test Cases/BillingCenter/BatchPaymentEntry/BC_NavigateBatchPaymentEntryScreen

2023-08-06 22:35:57 - [TEST_STEP][PASSED] - click(findTestObject("BillingCenter/pge_BatchPaymentEntry/pge_Navigation/opt_Desktop_Actions")): Object: 'Object Repository/BillingCenter/pge_BatchPaymentEntry/pge_Navigation/opt_Desktop_Actions' is clicked on

2023-08-06 22:35:58 - [MESSAGE][PASSED] - Object: 'Object Repository/BillingCenter/pge_BatchPaymentEntry/pge_Navigation/opt_Desktop_Actions' is clicked on

2023-08-06 22:35:58 - [TEST_STEP][PASSED] - mouseOver(findTestObject("BillingCenter/pge_BatchPaymentEntry/pge_Navigation/act_NewPayment")): Object: 'Object Repository/BillingCenter/pge_BatchPaymentEntry/pge_Navigation/act_NewPayment' is hovered

2023-08-06 22:35:58 - [MESSAGE][PASSED] - Object: 'Object Repository/BillingCenter/pge_BatchPaymentEntry/pge_Navigation/act_NewPayment' is hovered

2023-08-06 22:35:58 - [TEST_STEP][PASSED] - click(findTestObject("BillingCenter/pge_BatchPaymentEntry/pge_Navigation/opt_newPayment _BatchPaymentEntry")): Object: 'Object Repository/BillingCenter/pge_BatchPaymentEntry/pge_Navigation/opt_newPayment _BatchPaymentEntry' is clicked on

2023-08-06 22:35:59 - [MESSAGE][PASSED] - Object: 'Object Repository/BillingCenter/pge_BatchPaymentEntry/pge_Navigation/opt_newPayment _BatchPaymentEntry' is clicked on

2023-08-06 22:35:59 - [MESSAGE][PASSED] - Call Test Case 'Test Cases/BillingCenter/BatchPaymentEntry/BC_NavigateBatchPaymentEntryScreen' successfully

2023-08-06 22:35:59 - [TEST_STEP][PASSED] - for (def index : (0..0)): null

2023-08-06 22:35:59 - [TEST_STEP][ERROR] - Start listener action : gwAfterTestCase: org.codehaus.groovy.runtime.InvokerInvocationException: java.io.FileNotFoundException: C:\QA Scripts\emc.guidewire.katalon.updated\GW10 Automation\Reports\Execution Status.xlsx (The system cannot find the file specified)
	at GWListener.invokeMethod(GWListener.groovy)
	at com.kms.katalon.core.context.internal.TestHooker.invokeMethod(TestHooker.java:111)
	at com.kms.katalon.core.context.internal.TestHooker.lambda$3(TestHooker.java:95)
	at com.kms.katalon.core.context.internal.TestHooker.invokeContextMethods(TestHooker.java:94)
	at com.kms.katalon.core.context.internal.TestListenerCollector.lambda$3(TestListenerCollector.java:88)
	at com.kms.katalon.core.context.internal.TestListenerCollector.handleListenerEvent(TestListenerCollector.java:85)
	at com.kms.katalon.core.context.internal.ExecutionEventManager.publicEvent(ExecutionEventManager.java:36)
	at com.kms.katalon.core.main.TestCaseExecutor.execute(TestCaseExecutor.java:251)
	at com.kms.katalon.core.main.TestSuiteExecutor.accessTestCaseMainPhase(TestSuiteExecutor.java:191)
	at com.kms.katalon.core.main.TestSuiteExecutor.accessTestSuiteMainPhase(TestSuiteExecutor.java:141)
	at com.kms.katalon.core.main.TestSuiteExecutor.execute(TestSuiteExecutor.java:90)
	at com.kms.katalon.core.main.TestCaseMain.startTestSuite(TestCaseMain.java:157)
	at com.kms.katalon.core.main.TestCaseMain$startTestSuite$0.call(Unknown Source)
	at TempTestSuite1691341402211.run(TempTestSuite1691341402211.groovy:39)
Caused by: java.io.FileNotFoundException: C:\QA Scripts\emc.guidewire.katalon.updated\GW10 Automation\Reports\Execution Status.xlsx (The system cannot find the file specified)
	at common.Excel.getColumnNumber(Excel.groovy:69)
	at common.Excel.WirteToExcel(Excel.groovy:95)
	at common.Excel$WirteToExcel$0.call(Unknown Source)
	at GWListener.gwAfterTestCase(GWListener.groovy:137)
	... 14 more


2023-08-06 22:35:59 - [TEST_STEP][PASSED] - tc_end_Time = System.currentTimeMillis(): null

2023-08-06 22:35:59 - [TEST_STEP][PASSED] - date_tc_end_Time = dateformat.format(tc_end_Time): null

2023-08-06 22:35:59 - [TEST_STEP][PASSED] - (tempRowNum++): null

2023-08-06 22:35:59 - [TEST_STEP][PASSED] - testCaseID = testCaseContext.getTestCaseId(): null

2023-08-06 22:35:59 - [TEST_STEP][PASSED] - testCase = findTestCase(testCaseID): null

2023-08-06 22:35:59 - [TEST_STEP][PASSED] - testCaseName = testCase.getName(): null

2023-08-06 22:35:59 - [TEST_STEP][PASSED] - switch (testCaseContext.getTestCaseStatus()): null

2023-08-06 22:35:59 - [TEST_STEP][PASSED] - case "PASSED":: null

2023-08-06 22:35:59 - [TEST_STEP][PASSED] - (passedCnt++): null

2023-08-06 22:35:59 - [TEST_STEP][PASSED] - break: null

2023-08-06 22:35:59 - [TEST_STEP][PASSED] - if (testCaseName == "GenerateAndSendReport"): null

2023-08-06 22:35:59 - [TEST_STEP][PASSED] - if (testCaseName == "GenerateAndSaveReport"): null

2023-08-06 22:35:59 - [TEST_STEP][PASSED] - if (testCaseName == "GenerateTimeReport"): null

2023-08-06 22:35:59 - [TEST_STEP][ERROR] - if (!(testCaseName.contains("Submission")) && !(testCaseName.contains("Issurance")) && !(testCaseName.contains("NewAccount")) && !(testCaseName.contains("FNOL")) && !(testCaseName.contains("QuickClaim")) && !(testCaseName.contains("verify"))): org.codehaus.groovy.runtime.InvokerInvocationException: java.io.FileNotFoundException: C:\QA Scripts\emc.guidewire.katalon.updated\GW10 Automation\Reports\Execution Status.xlsx (The system cannot find the file specified)
	at GWListener.invokeMethod(GWListener.groovy)
	at com.kms.katalon.core.context.internal.TestHooker.invokeMethod(TestHooker.java:111)
	at com.kms.katalon.core.context.internal.TestHooker.lambda$3(TestHooker.java:95)
	at com.kms.katalon.core.context.internal.TestHooker.invokeContextMethods(TestHooker.java:94)
	at com.kms.katalon.core.context.internal.TestListenerCollector.lambda$3(TestListenerCollector.java:88)
	at com.kms.katalon.core.context.internal.TestListenerCollector.handleListenerEvent(TestListenerCollector.java:85)
	at com.kms.katalon.core.context.internal.ExecutionEventManager.publicEvent(ExecutionEventManager.java:36)
	at com.kms.katalon.core.main.TestCaseExecutor.execute(TestCaseExecutor.java:251)
	at com.kms.katalon.core.main.TestSuiteExecutor.accessTestCaseMainPhase(TestSuiteExecutor.java:191)
	at com.kms.katalon.core.main.TestSuiteExecutor.accessTestSuiteMainPhase(TestSuiteExecutor.java:141)
	at com.kms.katalon.core.main.TestSuiteExecutor.execute(TestSuiteExecutor.java:90)
	at com.kms.katalon.core.main.TestCaseMain.startTestSuite(TestCaseMain.java:157)
	at com.kms.katalon.core.main.TestCaseMain$startTestSuite$0.call(Unknown Source)
	at TempTestSuite1691341402211.run(TempTestSuite1691341402211.groovy:39)
Caused by: java.io.FileNotFoundException: C:\QA Scripts\emc.guidewire.katalon.updated\GW10 Automation\Reports\Execution Status.xlsx (The system cannot find the file specified)
	at common.Excel.getColumnNumber(Excel.groovy:69)
	at common.Excel.WirteToExcel(Excel.groovy:95)
	at common.Excel$WirteToExcel$0.call(Unknown Source)
	at GWListener.gwAfterTestCase(GWListener.groovy:137)
	... 14 more


2023-08-06 22:35:59 - [MESSAGE][ERROR] - org.codehaus.groovy.runtime.InvokerInvocationException: java.io.FileNotFoundException: C:\QA Scripts\emc.guidewire.katalon.updated\GW10 Automation\Reports\Execution Status.xlsx (The system cannot find the file specified)
	at GWListener.invokeMethod(GWListener.groovy)
	at com.kms.katalon.core.context.internal.TestHooker.invokeMethod(TestHooker.java:111)
	at com.kms.katalon.core.context.internal.TestHooker.lambda$3(TestHooker.java:95)
	at com.kms.katalon.core.context.internal.TestHooker.invokeContextMethods(TestHooker.java:94)
	at com.kms.katalon.core.context.internal.TestListenerCollector.lambda$3(TestListenerCollector.java:88)
	at com.kms.katalon.core.context.internal.TestListenerCollector.handleListenerEvent(TestListenerCollector.java:85)
	at com.kms.katalon.core.context.internal.ExecutionEventManager.publicEvent(ExecutionEventManager.java:36)
	at com.kms.katalon.core.main.TestCaseExecutor.execute(TestCaseExecutor.java:251)
	at com.kms.katalon.core.main.TestSuiteExecutor.accessTestCaseMainPhase(TestSuiteExecutor.java:191)
	at com.kms.katalon.core.main.TestSuiteExecutor.accessTestSuiteMainPhase(TestSuiteExecutor.java:141)
	at com.kms.katalon.core.main.TestSuiteExecutor.execute(TestSuiteExecutor.java:90)
	at com.kms.katalon.core.main.TestCaseMain.startTestSuite(TestCaseMain.java:157)
	at com.kms.katalon.core.main.TestCaseMain$startTestSuite$0.call(Unknown Source)
	at TempTestSuite1691341402211.run(TempTestSuite1691341402211.groovy:39)
Caused by: java.io.FileNotFoundException: C:\QA Scripts\emc.guidewire.katalon.updated\GW10 Automation\Reports\Execution Status.xlsx (The system cannot find the file specified)
	at common.Excel.getColumnNumber(Excel.groovy:69)
	at common.Excel.WirteToExcel(Excel.groovy:95)
	at common.Excel$WirteToExcel$0.call(Unknown Source)
	at GWListener.gwAfterTestCase(GWListener.groovy:137)
	... 14 more


2023-08-06 22:36:01 - [TEST_STEP][PASSED] - Video: Video recording for test case 'Test Cases/BillingCenter/BatchPaymentEntry/BC_MultiplePaymentEntryandVerification_AgencyStatementLevel' .

2023-08-06 22:36:01 - [MESSAGE][INFO] - Video recording for test case 'Test Cases/BillingCenter/BatchPaymentEntry/BC_MultiplePaymentEntryandVerification_AgencyStatementLevel' .
[[ATTACHMENT|C:\\QA Scripts\\emc.guidewire.katalon.updated\\GW10 Automation\\Reports\\20230806_223322\\BillingCenter\\BatchPaymentEntry\\20230806_223322/videos\\test_7.avi]]]]></system-out>
         <system-err><![CDATA[]]></system-err>
      </testcase>
      <testcase name="Test Cases/BillingCenter/BatchPaymentEntry/BC_MultiplePaymentEntryandVerification_AgencyDBCommLevel" time="29.741" classname="Test Cases/BillingCenter/BatchPaymentEntry/BC_MultiplePaymentEntryandVerification_AgencyDBCommLevel" status="PASSED">
         <system-out><![CDATA[2023-08-06 22:36:01 - [TEST_CASE][PASSED] - Test Cases/BillingCenter/BatchPaymentEntry/BC_MultiplePaymentEntryandVerification_AgencyDBCommLevel: Test Cases/BillingCenter/BatchPaymentEntry/BC_MultiplePaymentEntryandVerification_AgencyDBCommLevel

2023-08-06 22:36:01 - [TEST_STEP][PASSED] - Start listener action : gwBeforeTestCase: null

2023-08-06 22:36:01 - [TEST_STEP][PASSED] - if (Env_TestCaseId == testCaseContext.getTestCaseId()): null

2023-08-06 22:36:01 - [TEST_STEP][PASSED] - else: null

2023-08-06 22:36:01 - [TEST_STEP][PASSED] - iteration = 1: null

2023-08-06 22:36:01 - [TEST_STEP][PASSED] - Env_Iteration = iteration: null

2023-08-06 22:36:01 - [TEST_STEP][PASSED] - Env_TestCaseId = testCaseContext.getTestCaseId(): null

2023-08-06 22:36:01 - [TEST_STEP][PASSED] - Env_TestCaseVariables = testCaseContext.getTestCaseVariables(): null

2023-08-06 22:36:01 - [TEST_STEP][PASSED] - tc_start_Time = System.currentTimeMillis(): null

2023-08-06 22:36:01 - [TEST_STEP][PASSED] - date_tc_start_Time = dateformat.format(tc_start_Time): null

2023-08-06 22:36:01 - [TEST_STEP][PASSED] - selectOptionByLabel(findTestObject("BillingCenter/pge_BatchPaymentEntry/screen_MultiplePaymentWizard/lst_Source"), Source, false, CONTINUE_ON_FAILURE): All options with label 'Lockbox' are selected in object 'Object Repository/BillingCenter/pge_BatchPaymentEntry/screen_MultiplePaymentWizard/lst_Source' 

2023-08-06 22:36:02 - [MESSAGE][PASSED] - All options with label 'Lockbox' are selected in object 'Object Repository/BillingCenter/pge_BatchPaymentEntry/screen_MultiplePaymentWizard/lst_Source' 

2023-08-06 22:36:02 - [TEST_STEP][PASSED] - setText(findTestObject("BillingCenter/pge_BatchPaymentEntry/screen_MultiplePaymentWizard/txt_BatchAmount"), BatchAmount, CONTINUE_ON_FAILURE): Text '107' is set on object 'Object Repository/BillingCenter/pge_BatchPaymentEntry/screen_MultiplePaymentWizard/txt_BatchAmount'

2023-08-06 22:36:04 - [MESSAGE][PASSED] - Text '107' is set on object 'Object Repository/BillingCenter/pge_BatchPaymentEntry/screen_MultiplePaymentWizard/txt_BatchAmount'

2023-08-06 22:36:04 - [TEST_STEP][PASSED] - sendKeys(findTestObject("BillingCenter/pge_BatchPaymentEntry/screen_MultiplePaymentWizard/txt_BatchAmount"), Keys.chord(TAB)): Keys 'TAB + ' sent to object: 'Object Repository/BillingCenter/pge_BatchPaymentEntry/screen_MultiplePaymentWizard/txt_BatchAmount'

2023-08-06 22:36:04 - [MESSAGE][PASSED] - Keys 'TAB + ' sent to object: 'Object Repository/BillingCenter/pge_BatchPaymentEntry/screen_MultiplePaymentWizard/txt_BatchAmount'

2023-08-06 22:36:04 - [TEST_STEP][PASSED] - selectOptionByLabel(findTestObject("BillingCenter/pge_BatchPaymentEntry/screen_MultiplePaymentWizard/lst_Type"), Type, false, CONTINUE_ON_FAILURE): All options with label 'Payment' are selected in object 'Object Repository/BillingCenter/pge_BatchPaymentEntry/screen_MultiplePaymentWizard/lst_Type' 

2023-08-06 22:36:05 - [MESSAGE][PASSED] - All options with label 'Payment' are selected in object 'Object Repository/BillingCenter/pge_BatchPaymentEntry/screen_MultiplePaymentWizard/lst_Type' 

2023-08-06 22:36:05 - [TEST_STEP][PASSED] - verifyElementVisible(findTestObject("BillingCenter/pge_BatchPaymentEntry/screen_MultiplePaymentWizard/txt_AgencyCode"), CONTINUE_ON_FAILURE): Object 'Object Repository/BillingCenter/pge_BatchPaymentEntry/screen_MultiplePaymentWizard/txt_AgencyCode' is visible

2023-08-06 22:36:06 - [MESSAGE][PASSED] - Object 'Object Repository/BillingCenter/pge_BatchPaymentEntry/screen_MultiplePaymentWizard/txt_AgencyCode' is visible

2023-08-06 22:36:06 - [TEST_STEP][PASSED] - setText(findTestObject("BillingCenter/pge_BatchPaymentEntry/screen_MultiplePaymentWizard/txt_AgencyCode"), AgencyCode): Text 'C0010' is set on object 'Object Repository/BillingCenter/pge_BatchPaymentEntry/screen_MultiplePaymentWizard/txt_AgencyCode'

2023-08-06 22:36:07 - [MESSAGE][PASSED] - Text 'C0010' is set on object 'Object Repository/BillingCenter/pge_BatchPaymentEntry/screen_MultiplePaymentWizard/txt_AgencyCode'

2023-08-06 22:36:07 - [TEST_STEP][PASSED] - sendKeys(findTestObject("BillingCenter/pge_BatchPaymentEntry/screen_MultiplePaymentWizard/txt_AgencyCode"), Keys.chord(TAB)): Keys 'TAB + ' sent to object: 'Object Repository/BillingCenter/pge_BatchPaymentEntry/screen_MultiplePaymentWizard/txt_AgencyCode'

2023-08-06 22:36:07 - [MESSAGE][PASSED] - Keys 'TAB + ' sent to object: 'Object Repository/BillingCenter/pge_BatchPaymentEntry/screen_MultiplePaymentWizard/txt_AgencyCode'

2023-08-06 22:36:07 - [TEST_STEP][PASSED] - verifyElementVisible(findTestObject("BillingCenter/pge_BatchPaymentEntry/screen_MultiplePaymentWizard/chk_DBCommissions")): Object 'Object Repository/BillingCenter/pge_BatchPaymentEntry/screen_MultiplePaymentWizard/chk_DBCommissions' is visible

2023-08-06 22:36:08 - [MESSAGE][PASSED] - Object 'Object Repository/BillingCenter/pge_BatchPaymentEntry/screen_MultiplePaymentWizard/chk_DBCommissions' is visible

2023-08-06 22:36:08 - [TEST_STEP][PASSED] - check(findTestObject("BillingCenter/pge_BatchPaymentEntry/screen_MultiplePaymentWizard/chk_DBCommissions")): Object 'Object Repository/BillingCenter/pge_BatchPaymentEntry/screen_MultiplePaymentWizard/chk_DBCommissions' is checked

2023-08-06 22:36:09 - [MESSAGE][PASSED] - Object 'Object Repository/BillingCenter/pge_BatchPaymentEntry/screen_MultiplePaymentWizard/chk_DBCommissions' is checked

2023-08-06 22:36:09 - [TEST_STEP][PASSED] - verifyElementChecked(findTestObject("BillingCenter/pge_BatchPaymentEntry/screen_MultiplePaymentWizard/chk_DBCommissions"), 0): Object 'Object Repository/BillingCenter/pge_BatchPaymentEntry/screen_MultiplePaymentWizard/chk_DBCommissions' is checked

2023-08-06 22:36:09 - [MESSAGE][WARNING] - Timeout '0' is invalid. Using default page load timeout: '2'

2023-08-06 22:36:09 - [MESSAGE][PASSED] - Object 'Object Repository/BillingCenter/pge_BatchPaymentEntry/screen_MultiplePaymentWizard/chk_DBCommissions' is checked

2023-08-06 22:36:09 - [TEST_STEP][PASSED] - clearText(findTestObject("BillingCenter/pge_BatchPaymentEntry/screen_MultiplePaymentWizard/txt_Amount"), CONTINUE_ON_FAILURE): Text of object 'Object Repository/BillingCenter/pge_BatchPaymentEntry/screen_MultiplePaymentWizard/txt_Amount' is cleared

2023-08-06 22:36:10 - [MESSAGE][PASSED] - Text of object 'Object Repository/BillingCenter/pge_BatchPaymentEntry/screen_MultiplePaymentWizard/txt_Amount' is cleared

2023-08-06 22:36:10 - [TEST_STEP][PASSED] - setText(findTestObject("BillingCenter/pge_BatchPaymentEntry/screen_MultiplePaymentWizard/txt_Amount"), Amount, CONTINUE_ON_FAILURE): Text '107' is set on object 'Object Repository/BillingCenter/pge_BatchPaymentEntry/screen_MultiplePaymentWizard/txt_Amount'

2023-08-06 22:36:11 - [MESSAGE][PASSED] - Text '107' is set on object 'Object Repository/BillingCenter/pge_BatchPaymentEntry/screen_MultiplePaymentWizard/txt_Amount'

2023-08-06 22:36:11 - [TEST_STEP][PASSED] - sendKeys(findTestObject("BillingCenter/pge_BatchPaymentEntry/screen_MultiplePaymentWizard/txt_Amount"), Keys.chord(TAB)): Keys 'TAB + ' sent to object: 'Object Repository/BillingCenter/pge_BatchPaymentEntry/screen_MultiplePaymentWizard/txt_Amount'

2023-08-06 22:36:11 - [MESSAGE][PASSED] - Keys 'TAB + ' sent to object: 'Object Repository/BillingCenter/pge_BatchPaymentEntry/screen_MultiplePaymentWizard/txt_Amount'

2023-08-06 22:36:11 - [TEST_STEP][PASSED] - verifyElementVisible(findTestObject("BillingCenter/pge_BatchPaymentEntry/screen_MultiplePaymentWizard/txt_CheckRef"), CONTINUE_ON_FAILURE): Object 'Object Repository/BillingCenter/pge_BatchPaymentEntry/screen_MultiplePaymentWizard/txt_CheckRef' is visible

2023-08-06 22:36:12 - [MESSAGE][PASSED] - Object 'Object Repository/BillingCenter/pge_BatchPaymentEntry/screen_MultiplePaymentWizard/txt_CheckRef' is visible

2023-08-06 22:36:12 - [TEST_STEP][PASSED] - setText(findTestObject("BillingCenter/pge_BatchPaymentEntry/screen_MultiplePaymentWizard/txt_CheckRef"), CheckRef, CONTINUE_ON_FAILURE): Text '9551231299' is set on object 'Object Repository/BillingCenter/pge_BatchPaymentEntry/screen_MultiplePaymentWizard/txt_CheckRef'

2023-08-06 22:36:13 - [MESSAGE][PASSED] - Text '9551231299' is set on object 'Object Repository/BillingCenter/pge_BatchPaymentEntry/screen_MultiplePaymentWizard/txt_CheckRef'

2023-08-06 22:36:13 - [TEST_STEP][PASSED] - setText(findTestObject("BillingCenter/pge_BatchPaymentEntry/screen_MultiplePaymentWizard/txt_Description"), Description, CONTINUE_ON_FAILURE): Text 'Payment on Agency DB Comm level' is set on object 'Object Repository/BillingCenter/pge_BatchPaymentEntry/screen_MultiplePaymentWizard/txt_Description'

2023-08-06 22:36:15 - [MESSAGE][PASSED] - Text 'Payment on Agency DB Comm level' is set on object 'Object Repository/BillingCenter/pge_BatchPaymentEntry/screen_MultiplePaymentWizard/txt_Description'

2023-08-06 22:36:15 - [TEST_STEP][PASSED] - selectOptionByLabel(findTestObject("BillingCenter/pge_BatchPaymentEntry/screen_MultiplePaymentWizard/lst_PaymentInstrument"), PaymentInstrument, false, CONTINUE_ON_FAILURE): All options with label 'Check' are selected in object 'Object Repository/BillingCenter/pge_BatchPaymentEntry/screen_MultiplePaymentWizard/lst_PaymentInstrument' 

2023-08-06 22:36:15 - [MESSAGE][PASSED] - All options with label 'Check' are selected in object 'Object Repository/BillingCenter/pge_BatchPaymentEntry/screen_MultiplePaymentWizard/lst_PaymentInstrument' 

2023-08-06 22:36:15 - [TEST_STEP][PASSED] - click(findTestObject("BillingCenter/pge_BatchPaymentEntry/screen_MultiplePaymentWizard/btn_Next"), CONTINUE_ON_FAILURE): Object: 'Object Repository/BillingCenter/pge_BatchPaymentEntry/screen_MultiplePaymentWizard/btn_Next' is clicked on

2023-08-06 22:36:16 - [MESSAGE][PASSED] - Object: 'Object Repository/BillingCenter/pge_BatchPaymentEntry/screen_MultiplePaymentWizard/btn_Next' is clicked on

2023-08-06 22:36:16 - [TEST_STEP][PASSED] - CheckRef = getText(findTestObject("BillingCenter/pge_BatchPaymentEntry/screen_MultiplePaymentWizard/val_CheckRef"), CONTINUE_ON_FAILURE): Text of object 'Object Repository/BillingCenter/pge_BatchPaymentEntry/screen_MultiplePaymentWizard/val_CheckRef' is: '9551231299'

2023-08-06 22:36:16 - [MESSAGE][PASSED] - Text of object 'Object Repository/BillingCenter/pge_BatchPaymentEntry/screen_MultiplePaymentWizard/val_CheckRef' is: '9551231299'

2023-08-06 22:36:16 - [TEST_STEP][PASSED] - comment("Posted Payment CheckRef Number " + CheckRef): Posted Payment CheckRef Number 9551231299

2023-08-06 22:36:16 - [MESSAGE][INFO] - Posted Payment CheckRef Number 9551231299

2023-08-06 22:36:16 - [TEST_STEP][PASSED] - click(findTestObject("BillingCenter/pge_BatchPaymentEntry/screen_MultiplePaymentWizard/btn_Post"), CONTINUE_ON_FAILURE): Object: 'Object Repository/BillingCenter/pge_BatchPaymentEntry/screen_MultiplePaymentWizard/btn_Post' is clicked on

2023-08-06 22:36:17 - [MESSAGE][PASSED] - Object: 'Object Repository/BillingCenter/pge_BatchPaymentEntry/screen_MultiplePaymentWizard/btn_Post' is clicked on

2023-08-06 22:36:17 - [TEST_STEP][PASSED] - verifyElementPresent(findTestObject("BillingCenter/pge_BatchPaymentEntry/screen_BatchJobs/fld_GoTo_Quickjump"), 0): Object 'Object Repository/BillingCenter/pge_BatchPaymentEntry/screen_BatchJobs/fld_GoTo_Quickjump' is present

2023-08-06 22:36:17 - [MESSAGE][WARNING] - Timeout '0' is invalid. Using default page load timeout: '2'

2023-08-06 22:36:18 - [MESSAGE][PASSED] - Object 'Object Repository/BillingCenter/pge_BatchPaymentEntry/screen_BatchJobs/fld_GoTo_Quickjump' is present

2023-08-06 22:36:18 - [TEST_STEP][PASSED] - sendKeys(findTestObject("BillingCenter/pge_BatchPaymentEntry/screen_BatchJobs/fld_GoTo_Quickjump"), "runBatchProcess PostBatchPayment_sp"): Keys 'runBatchProcess PostBatchPayment_sp' sent to object: 'Object Repository/BillingCenter/pge_BatchPaymentEntry/screen_BatchJobs/fld_GoTo_Quickjump'

2023-08-06 22:36:18 - [MESSAGE][PASSED] - Keys 'runBatchProcess PostBatchPayment_sp' sent to object: 'Object Repository/BillingCenter/pge_BatchPaymentEntry/screen_BatchJobs/fld_GoTo_Quickjump'

2023-08-06 22:36:18 - [TEST_STEP][PASSED] - sendKeys(findTestObject("BillingCenter/pge_BatchPaymentEntry/screen_BatchJobs/fld_GoTo_Quickjump"), Keys.chord(ENTER)): Keys 'ENTER + ' sent to object: 'Object Repository/BillingCenter/pge_BatchPaymentEntry/screen_BatchJobs/fld_GoTo_Quickjump'

2023-08-06 22:36:19 - [MESSAGE][PASSED] - Keys 'ENTER + ' sent to object: 'Object Repository/BillingCenter/pge_BatchPaymentEntry/screen_BatchJobs/fld_GoTo_Quickjump'

2023-08-06 22:36:19 - [TEST_STEP][PASSED] - click(findTestObject("BillingCenter/pge_BatchPaymentEntry/screen_Verify_PostedPayments/opt_ProducerSearch")): Object: 'Object Repository/BillingCenter/pge_BatchPaymentEntry/screen_Verify_PostedPayments/opt_ProducerSearch' is clicked on

2023-08-06 22:36:19 - [MESSAGE][PASSED] - Object: 'Object Repository/BillingCenter/pge_BatchPaymentEntry/screen_Verify_PostedPayments/opt_ProducerSearch' is clicked on

2023-08-06 22:36:19 - [TEST_STEP][PASSED] - sendKeys(findTestObject("BillingCenter/pge_BatchPaymentEntry/screen_Verify_PostedPayments/fld_SearchProducer"), AgencyCode): Keys 'C0010' sent to object: 'Object Repository/BillingCenter/pge_BatchPaymentEntry/screen_Verify_PostedPayments/fld_SearchProducer'

2023-08-06 22:36:20 - [MESSAGE][PASSED] - Keys 'C0010' sent to object: 'Object Repository/BillingCenter/pge_BatchPaymentEntry/screen_Verify_PostedPayments/fld_SearchProducer'

2023-08-06 22:36:20 - [TEST_STEP][PASSED] - click(findTestObject("BillingCenter/pge_BatchPaymentEntry/screen_Verify_PostedPayments/icon_SearchProducer")): Object: 'Object Repository/BillingCenter/pge_BatchPaymentEntry/screen_Verify_PostedPayments/icon_SearchProducer' is clicked on

2023-08-06 22:36:21 - [MESSAGE][PASSED] - Object: 'Object Repository/BillingCenter/pge_BatchPaymentEntry/screen_Verify_PostedPayments/icon_SearchProducer' is clicked on

2023-08-06 22:36:21 - [TEST_STEP][PASSED] - click(findTestObject("BillingCenter/pge_BatchPaymentEntry/screen_Verify_PostedPayments/opt_TransactionsProducer")): Object: 'Object Repository/BillingCenter/pge_BatchPaymentEntry/screen_Verify_PostedPayments/opt_TransactionsProducer' is clicked on

2023-08-06 22:36:21 - [MESSAGE][PASSED] - Object: 'Object Repository/BillingCenter/pge_BatchPaymentEntry/screen_Verify_PostedPayments/opt_TransactionsProducer' is clicked on

2023-08-06 22:36:21 - [TEST_STEP][PASSED] - click(findTestObject("BillingCenter/pge_BatchPaymentEntry/screen_Verify_PostedPayments/Tab_PaymentsProducer")): Object: 'Object Repository/BillingCenter/pge_BatchPaymentEntry/screen_Verify_PostedPayments/Tab_PaymentsProducer' is clicked on

2023-08-06 22:36:22 - [MESSAGE][PASSED] - Object: 'Object Repository/BillingCenter/pge_BatchPaymentEntry/screen_Verify_PostedPayments/Tab_PaymentsProducer' is clicked on

2023-08-06 22:36:22 - [TEST_STEP][PASSED] - driver = getWebDriver(): null

2023-08-06 22:36:22 - [TEST_STEP][PASSED] - Table = driver.findElement(By.xpath("//*[@id='ProducerTransactions-ProducerTransactionsScreen-PaymentsLV']//tbody")): null

2023-08-06 22:36:23 - [TEST_STEP][PASSED] - elementsinColumn = gw.Table.getTableElementsByColumn(Table, 7): gw.Table.getTableElementsByColumn is PASSED

2023-08-06 22:36:26 - [MESSAGE][PASSED] - gw.Table.getTableElementsByColumn is PASSED

2023-08-06 22:36:26 - [TEST_STEP][PASSED] - comment("Elements after function call to getTableElementsByColumn " + elementsinColumn): Elements after function call to getTableElementsByColumn [Check / Ref #, 2342342345, 2342342345, 2342342345, 2342342345, 9231231299, 9551231299, 9551231299, 9887765432, 9887765432, 9551231299, ]

2023-08-06 22:36:26 - [MESSAGE][INFO] - Elements after function call to getTableElementsByColumn [Check / Ref #, 2342342345, 2342342345, 2342342345, 2342342345, 9231231299, 9551231299, 9551231299, 9887765432, 9887765432, 9551231299, ]

2023-08-06 22:36:26 - [TEST_STEP][PASSED] - if (elementsinColumn.contains(CheckRef)): Agency DB Commission Payment CheckRef Found

2023-08-06 22:36:26 - [TEST_STEP][PASSED] - markPassed("Agency DB Commission Payment CheckRef Found"): Agency DB Commission Payment CheckRef Found

2023-08-06 22:36:26 - [MESSAGE][PASSED] - Agency DB Commission Payment CheckRef Found

2023-08-06 22:36:26 - [TEST_STEP][PASSED] - click(findTestObject("BillingCenter/pge_BatchPaymentEntry/screen_Verify_PostedPayments/lbl_DesktopOption")): Object: 'Object Repository/BillingCenter/pge_BatchPaymentEntry/screen_Verify_PostedPayments/lbl_DesktopOption' is clicked on

2023-08-06 22:36:27 - [MESSAGE][PASSED] - Object: 'Object Repository/BillingCenter/pge_BatchPaymentEntry/screen_Verify_PostedPayments/lbl_DesktopOption' is clicked on

2023-08-06 22:36:27 - [TEST_STEP][PASSED] - callTestCase(findTestCase("BillingCenter/BatchPaymentEntry/BC_NavigateBatchPaymentEntryScreen"), [:]): Call Test Case 'Test Cases/BillingCenter/BatchPaymentEntry/BC_NavigateBatchPaymentEntryScreen' successfully

2023-08-06 22:36:27 - [TEST_CASE][PASSED] - Test Cases/BillingCenter/BatchPaymentEntry/BC_NavigateBatchPaymentEntryScreen: Test Cases/BillingCenter/BatchPaymentEntry/BC_NavigateBatchPaymentEntryScreen

2023-08-06 22:36:27 - [TEST_STEP][PASSED] - click(findTestObject("BillingCenter/pge_BatchPaymentEntry/pge_Navigation/opt_Desktop_Actions")): Object: 'Object Repository/BillingCenter/pge_BatchPaymentEntry/pge_Navigation/opt_Desktop_Actions' is clicked on

2023-08-06 22:36:28 - [MESSAGE][PASSED] - Object: 'Object Repository/BillingCenter/pge_BatchPaymentEntry/pge_Navigation/opt_Desktop_Actions' is clicked on

2023-08-06 22:36:28 - [TEST_STEP][PASSED] - mouseOver(findTestObject("BillingCenter/pge_BatchPaymentEntry/pge_Navigation/act_NewPayment")): Object: 'Object Repository/BillingCenter/pge_BatchPaymentEntry/pge_Navigation/act_NewPayment' is hovered

2023-08-06 22:36:28 - [MESSAGE][PASSED] - Object: 'Object Repository/BillingCenter/pge_BatchPaymentEntry/pge_Navigation/act_NewPayment' is hovered

2023-08-06 22:36:28 - [TEST_STEP][PASSED] - click(findTestObject("BillingCenter/pge_BatchPaymentEntry/pge_Navigation/opt_newPayment _BatchPaymentEntry")): Object: 'Object Repository/BillingCenter/pge_BatchPaymentEntry/pge_Navigation/opt_newPayment _BatchPaymentEntry' is clicked on

2023-08-06 22:36:28 - [MESSAGE][PASSED] - Object: 'Object Repository/BillingCenter/pge_BatchPaymentEntry/pge_Navigation/opt_newPayment _BatchPaymentEntry' is clicked on

2023-08-06 22:36:28 - [MESSAGE][PASSED] - Call Test Case 'Test Cases/BillingCenter/BatchPaymentEntry/BC_NavigateBatchPaymentEntryScreen' successfully

2023-08-06 22:36:29 - [TEST_STEP][PASSED] - for (def index : (0..0)): null

2023-08-06 22:36:29 - [TEST_STEP][ERROR] - Start listener action : gwAfterTestCase: org.codehaus.groovy.runtime.InvokerInvocationException: java.io.FileNotFoundException: C:\QA Scripts\emc.guidewire.katalon.updated\GW10 Automation\Reports\Execution Status.xlsx (The system cannot find the file specified)
	at GWListener.invokeMethod(GWListener.groovy)
	at com.kms.katalon.core.context.internal.TestHooker.invokeMethod(TestHooker.java:111)
	at com.kms.katalon.core.context.internal.TestHooker.lambda$3(TestHooker.java:95)
	at com.kms.katalon.core.context.internal.TestHooker.invokeContextMethods(TestHooker.java:94)
	at com.kms.katalon.core.context.internal.TestListenerCollector.lambda$3(TestListenerCollector.java:88)
	at com.kms.katalon.core.context.internal.TestListenerCollector.handleListenerEvent(TestListenerCollector.java:85)
	at com.kms.katalon.core.context.internal.ExecutionEventManager.publicEvent(ExecutionEventManager.java:36)
	at com.kms.katalon.core.main.TestCaseExecutor.execute(TestCaseExecutor.java:251)
	at com.kms.katalon.core.main.TestSuiteExecutor.accessTestCaseMainPhase(TestSuiteExecutor.java:191)
	at com.kms.katalon.core.main.TestSuiteExecutor.accessTestSuiteMainPhase(TestSuiteExecutor.java:141)
	at com.kms.katalon.core.main.TestSuiteExecutor.execute(TestSuiteExecutor.java:90)
	at com.kms.katalon.core.main.TestCaseMain.startTestSuite(TestCaseMain.java:157)
	at com.kms.katalon.core.main.TestCaseMain$startTestSuite$0.call(Unknown Source)
	at TempTestSuite1691341402211.run(TempTestSuite1691341402211.groovy:39)
Caused by: java.io.FileNotFoundException: C:\QA Scripts\emc.guidewire.katalon.updated\GW10 Automation\Reports\Execution Status.xlsx (The system cannot find the file specified)
	at common.Excel.getColumnNumber(Excel.groovy:69)
	at common.Excel.WirteToExcel(Excel.groovy:95)
	at common.Excel$WirteToExcel$0.call(Unknown Source)
	at GWListener.gwAfterTestCase(GWListener.groovy:137)
	... 14 more


2023-08-06 22:36:29 - [TEST_STEP][PASSED] - tc_end_Time = System.currentTimeMillis(): null

2023-08-06 22:36:29 - [TEST_STEP][PASSED] - date_tc_end_Time = dateformat.format(tc_end_Time): null

2023-08-06 22:36:29 - [TEST_STEP][PASSED] - (tempRowNum++): null

2023-08-06 22:36:29 - [TEST_STEP][PASSED] - testCaseID = testCaseContext.getTestCaseId(): null

2023-08-06 22:36:29 - [TEST_STEP][PASSED] - testCase = findTestCase(testCaseID): null

2023-08-06 22:36:29 - [TEST_STEP][PASSED] - testCaseName = testCase.getName(): null

2023-08-06 22:36:29 - [TEST_STEP][PASSED] - switch (testCaseContext.getTestCaseStatus()): null

2023-08-06 22:36:29 - [TEST_STEP][PASSED] - case "PASSED":: null

2023-08-06 22:36:29 - [TEST_STEP][PASSED] - (passedCnt++): null

2023-08-06 22:36:29 - [TEST_STEP][PASSED] - break: null

2023-08-06 22:36:29 - [TEST_STEP][PASSED] - if (testCaseName == "GenerateAndSendReport"): null

2023-08-06 22:36:29 - [TEST_STEP][PASSED] - if (testCaseName == "GenerateAndSaveReport"): null

2023-08-06 22:36:29 - [TEST_STEP][PASSED] - if (testCaseName == "GenerateTimeReport"): null

2023-08-06 22:36:29 - [TEST_STEP][ERROR] - if (!(testCaseName.contains("Submission")) && !(testCaseName.contains("Issurance")) && !(testCaseName.contains("NewAccount")) && !(testCaseName.contains("FNOL")) && !(testCaseName.contains("QuickClaim")) && !(testCaseName.contains("verify"))): org.codehaus.groovy.runtime.InvokerInvocationException: java.io.FileNotFoundException: C:\QA Scripts\emc.guidewire.katalon.updated\GW10 Automation\Reports\Execution Status.xlsx (The system cannot find the file specified)
	at GWListener.invokeMethod(GWListener.groovy)
	at com.kms.katalon.core.context.internal.TestHooker.invokeMethod(TestHooker.java:111)
	at com.kms.katalon.core.context.internal.TestHooker.lambda$3(TestHooker.java:95)
	at com.kms.katalon.core.context.internal.TestHooker.invokeContextMethods(TestHooker.java:94)
	at com.kms.katalon.core.context.internal.TestListenerCollector.lambda$3(TestListenerCollector.java:88)
	at com.kms.katalon.core.context.internal.TestListenerCollector.handleListenerEvent(TestListenerCollector.java:85)
	at com.kms.katalon.core.context.internal.ExecutionEventManager.publicEvent(ExecutionEventManager.java:36)
	at com.kms.katalon.core.main.TestCaseExecutor.execute(TestCaseExecutor.java:251)
	at com.kms.katalon.core.main.TestSuiteExecutor.accessTestCaseMainPhase(TestSuiteExecutor.java:191)
	at com.kms.katalon.core.main.TestSuiteExecutor.accessTestSuiteMainPhase(TestSuiteExecutor.java:141)
	at com.kms.katalon.core.main.TestSuiteExecutor.execute(TestSuiteExecutor.java:90)
	at com.kms.katalon.core.main.TestCaseMain.startTestSuite(TestCaseMain.java:157)
	at com.kms.katalon.core.main.TestCaseMain$startTestSuite$0.call(Unknown Source)
	at TempTestSuite1691341402211.run(TempTestSuite1691341402211.groovy:39)
Caused by: java.io.FileNotFoundException: C:\QA Scripts\emc.guidewire.katalon.updated\GW10 Automation\Reports\Execution Status.xlsx (The system cannot find the file specified)
	at common.Excel.getColumnNumber(Excel.groovy:69)
	at common.Excel.WirteToExcel(Excel.groovy:95)
	at common.Excel$WirteToExcel$0.call(Unknown Source)
	at GWListener.gwAfterTestCase(GWListener.groovy:137)
	... 14 more


2023-08-06 22:36:29 - [MESSAGE][ERROR] - org.codehaus.groovy.runtime.InvokerInvocationException: java.io.FileNotFoundException: C:\QA Scripts\emc.guidewire.katalon.updated\GW10 Automation\Reports\Execution Status.xlsx (The system cannot find the file specified)
	at GWListener.invokeMethod(GWListener.groovy)
	at com.kms.katalon.core.context.internal.TestHooker.invokeMethod(TestHooker.java:111)
	at com.kms.katalon.core.context.internal.TestHooker.lambda$3(TestHooker.java:95)
	at com.kms.katalon.core.context.internal.TestHooker.invokeContextMethods(TestHooker.java:94)
	at com.kms.katalon.core.context.internal.TestListenerCollector.lambda$3(TestListenerCollector.java:88)
	at com.kms.katalon.core.context.internal.TestListenerCollector.handleListenerEvent(TestListenerCollector.java:85)
	at com.kms.katalon.core.context.internal.ExecutionEventManager.publicEvent(ExecutionEventManager.java:36)
	at com.kms.katalon.core.main.TestCaseExecutor.execute(TestCaseExecutor.java:251)
	at com.kms.katalon.core.main.TestSuiteExecutor.accessTestCaseMainPhase(TestSuiteExecutor.java:191)
	at com.kms.katalon.core.main.TestSuiteExecutor.accessTestSuiteMainPhase(TestSuiteExecutor.java:141)
	at com.kms.katalon.core.main.TestSuiteExecutor.execute(TestSuiteExecutor.java:90)
	at com.kms.katalon.core.main.TestCaseMain.startTestSuite(TestCaseMain.java:157)
	at com.kms.katalon.core.main.TestCaseMain$startTestSuite$0.call(Unknown Source)
	at TempTestSuite1691341402211.run(TempTestSuite1691341402211.groovy:39)
Caused by: java.io.FileNotFoundException: C:\QA Scripts\emc.guidewire.katalon.updated\GW10 Automation\Reports\Execution Status.xlsx (The system cannot find the file specified)
	at common.Excel.getColumnNumber(Excel.groovy:69)
	at common.Excel.WirteToExcel(Excel.groovy:95)
	at common.Excel$WirteToExcel$0.call(Unknown Source)
	at GWListener.gwAfterTestCase(GWListener.groovy:137)
	... 14 more


2023-08-06 22:36:31 - [TEST_STEP][PASSED] - Video: Video recording for test case 'Test Cases/BillingCenter/BatchPaymentEntry/BC_MultiplePaymentEntryandVerification_AgencyDBCommLevel' .

2023-08-06 22:36:31 - [MESSAGE][INFO] - Video recording for test case 'Test Cases/BillingCenter/BatchPaymentEntry/BC_MultiplePaymentEntryandVerification_AgencyDBCommLevel' .
[[ATTACHMENT|C:\\QA Scripts\\emc.guidewire.katalon.updated\\GW10 Automation\\Reports\\20230806_223322\\BillingCenter\\BatchPaymentEntry\\20230806_223322/videos\\test_8.avi]]]]></system-out>
         <system-err><![CDATA[]]></system-err>
      </testcase>
      <testcase name="Test Cases/BillingCenter/BatchPaymentEntry/BC_MultiplePaymentEntryandVerification_SuspenseLevel" time="27.321" classname="Test Cases/BillingCenter/BatchPaymentEntry/BC_MultiplePaymentEntryandVerification_SuspenseLevel" status="PASSED">
         <system-out><![CDATA[2023-08-06 22:36:31 - [TEST_CASE][PASSED] - Test Cases/BillingCenter/BatchPaymentEntry/BC_MultiplePaymentEntryandVerification_SuspenseLevel: Test Cases/BillingCenter/BatchPaymentEntry/BC_MultiplePaymentEntryandVerification_SuspenseLevel

2023-08-06 22:36:31 - [TEST_STEP][PASSED] - Start listener action : gwBeforeTestCase: null

2023-08-06 22:36:31 - [TEST_STEP][PASSED] - if (Env_TestCaseId == testCaseContext.getTestCaseId()): null

2023-08-06 22:36:31 - [TEST_STEP][PASSED] - else: null

2023-08-06 22:36:31 - [TEST_STEP][PASSED] - iteration = 1: null

2023-08-06 22:36:31 - [TEST_STEP][PASSED] - Env_Iteration = iteration: null

2023-08-06 22:36:31 - [TEST_STEP][PASSED] - Env_TestCaseId = testCaseContext.getTestCaseId(): null

2023-08-06 22:36:31 - [TEST_STEP][PASSED] - Env_TestCaseVariables = testCaseContext.getTestCaseVariables(): null

2023-08-06 22:36:31 - [TEST_STEP][PASSED] - tc_start_Time = System.currentTimeMillis(): null

2023-08-06 22:36:31 - [TEST_STEP][PASSED] - date_tc_start_Time = dateformat.format(tc_start_Time): null

2023-08-06 22:36:31 - [TEST_STEP][PASSED] - selectOptionByLabel(findTestObject("BillingCenter/pge_BatchPaymentEntry/screen_MultiplePaymentWizard/lst_Source"), Source, false, CONTINUE_ON_FAILURE): All options with label 'Branch' are selected in object 'Object Repository/BillingCenter/pge_BatchPaymentEntry/screen_MultiplePaymentWizard/lst_Source' 

2023-08-06 22:36:32 - [MESSAGE][PASSED] - All options with label 'Branch' are selected in object 'Object Repository/BillingCenter/pge_BatchPaymentEntry/screen_MultiplePaymentWizard/lst_Source' 

2023-08-06 22:36:32 - [TEST_STEP][PASSED] - setText(findTestObject("BillingCenter/pge_BatchPaymentEntry/screen_MultiplePaymentWizard/txt_BatchAmount"), BatchAmount, CONTINUE_ON_FAILURE): Text '2' is set on object 'Object Repository/BillingCenter/pge_BatchPaymentEntry/screen_MultiplePaymentWizard/txt_BatchAmount'

2023-08-06 22:36:34 - [MESSAGE][PASSED] - Text '2' is set on object 'Object Repository/BillingCenter/pge_BatchPaymentEntry/screen_MultiplePaymentWizard/txt_BatchAmount'

2023-08-06 22:36:34 - [TEST_STEP][PASSED] - sendKeys(findTestObject("BillingCenter/pge_BatchPaymentEntry/screen_MultiplePaymentWizard/txt_BatchAmount"), Keys.chord(TAB)): Keys 'TAB + ' sent to object: 'Object Repository/BillingCenter/pge_BatchPaymentEntry/screen_MultiplePaymentWizard/txt_BatchAmount'

2023-08-06 22:36:34 - [MESSAGE][PASSED] - Keys 'TAB + ' sent to object: 'Object Repository/BillingCenter/pge_BatchPaymentEntry/screen_MultiplePaymentWizard/txt_BatchAmount'

2023-08-06 22:36:34 - [TEST_STEP][PASSED] - verifyElementVisible(findTestObject("BillingCenter/pge_BatchPaymentEntry/screen_MultiplePaymentWizard/screen_SplitPaymentEntry/chk_Split"), CONTINUE_ON_FAILURE): Object 'Object Repository/BillingCenter/pge_BatchPaymentEntry/screen_MultiplePaymentWizard/screen_SplitPaymentEntry/chk_Split' is visible

2023-08-06 22:36:35 - [MESSAGE][PASSED] - Object 'Object Repository/BillingCenter/pge_BatchPaymentEntry/screen_MultiplePaymentWizard/screen_SplitPaymentEntry/chk_Split' is visible

2023-08-06 22:36:35 - [TEST_STEP][PASSED] - check(findTestObject("BillingCenter/pge_BatchPaymentEntry/screen_MultiplePaymentWizard/screen_SplitPaymentEntry/chk_Split"), CONTINUE_ON_FAILURE): Object 'Object Repository/BillingCenter/pge_BatchPaymentEntry/screen_MultiplePaymentWizard/screen_SplitPaymentEntry/chk_Split' is checked

2023-08-06 22:36:35 - [MESSAGE][PASSED] - Object 'Object Repository/BillingCenter/pge_BatchPaymentEntry/screen_MultiplePaymentWizard/screen_SplitPaymentEntry/chk_Split' is checked

2023-08-06 22:36:35 - [TEST_STEP][PASSED] - selectOptionByLabel(findTestObject("BillingCenter/pge_BatchPaymentEntry/screen_MultiplePaymentWizard/lst_Type"), Type, false, CONTINUE_ON_FAILURE): All options with label 'Suspense' are selected in object 'Object Repository/BillingCenter/pge_BatchPaymentEntry/screen_MultiplePaymentWizard/lst_Type' 

2023-08-06 22:36:36 - [MESSAGE][PASSED] - All options with label 'Suspense' are selected in object 'Object Repository/BillingCenter/pge_BatchPaymentEntry/screen_MultiplePaymentWizard/lst_Type' 

2023-08-06 22:36:36 - [TEST_STEP][PASSED] - clearText(findTestObject("BillingCenter/pge_BatchPaymentEntry/screen_MultiplePaymentWizard/txt_Amount"), CONTINUE_ON_FAILURE): Text of object 'Object Repository/BillingCenter/pge_BatchPaymentEntry/screen_MultiplePaymentWizard/txt_Amount' is cleared

2023-08-06 22:36:37 - [MESSAGE][PASSED] - Text of object 'Object Repository/BillingCenter/pge_BatchPaymentEntry/screen_MultiplePaymentWizard/txt_Amount' is cleared

2023-08-06 22:36:37 - [TEST_STEP][PASSED] - setText(findTestObject("BillingCenter/pge_BatchPaymentEntry/screen_MultiplePaymentWizard/txt_Amount"), Amount, CONTINUE_ON_FAILURE): Text '2' is set on object 'Object Repository/BillingCenter/pge_BatchPaymentEntry/screen_MultiplePaymentWizard/txt_Amount'

2023-08-06 22:36:38 - [MESSAGE][PASSED] - Text '2' is set on object 'Object Repository/BillingCenter/pge_BatchPaymentEntry/screen_MultiplePaymentWizard/txt_Amount'

2023-08-06 22:36:38 - [TEST_STEP][PASSED] - sendKeys(findTestObject("BillingCenter/pge_BatchPaymentEntry/screen_MultiplePaymentWizard/txt_Amount"), Keys.chord(TAB)): Keys 'TAB + ' sent to object: 'Object Repository/BillingCenter/pge_BatchPaymentEntry/screen_MultiplePaymentWizard/txt_Amount'

2023-08-06 22:36:39 - [MESSAGE][PASSED] - Keys 'TAB + ' sent to object: 'Object Repository/BillingCenter/pge_BatchPaymentEntry/screen_MultiplePaymentWizard/txt_Amount'

2023-08-06 22:36:39 - [TEST_STEP][PASSED] - verifyElementVisible(findTestObject("BillingCenter/pge_BatchPaymentEntry/screen_MultiplePaymentWizard/txt_CheckRef"), CONTINUE_ON_FAILURE): Object 'Object Repository/BillingCenter/pge_BatchPaymentEntry/screen_MultiplePaymentWizard/txt_CheckRef' is visible

2023-08-06 22:36:40 - [MESSAGE][PASSED] - Object 'Object Repository/BillingCenter/pge_BatchPaymentEntry/screen_MultiplePaymentWizard/txt_CheckRef' is visible

2023-08-06 22:36:40 - [TEST_STEP][PASSED] - setText(findTestObject("BillingCenter/pge_BatchPaymentEntry/screen_MultiplePaymentWizard/txt_CheckRef"), CheckRef, CONTINUE_ON_FAILURE): Text '9988776655' is set on object 'Object Repository/BillingCenter/pge_BatchPaymentEntry/screen_MultiplePaymentWizard/txt_CheckRef'

2023-08-06 22:36:41 - [MESSAGE][PASSED] - Text '9988776655' is set on object 'Object Repository/BillingCenter/pge_BatchPaymentEntry/screen_MultiplePaymentWizard/txt_CheckRef'

2023-08-06 22:36:41 - [TEST_STEP][PASSED] - setText(findTestObject("BillingCenter/pge_BatchPaymentEntry/screen_MultiplePaymentWizard/txt_Description"), Description, CONTINUE_ON_FAILURE): Text 'Payment on suspense level' is set on object 'Object Repository/BillingCenter/pge_BatchPaymentEntry/screen_MultiplePaymentWizard/txt_Description'

2023-08-06 22:36:42 - [MESSAGE][PASSED] - Text 'Payment on suspense level' is set on object 'Object Repository/BillingCenter/pge_BatchPaymentEntry/screen_MultiplePaymentWizard/txt_Description'

2023-08-06 22:36:42 - [TEST_STEP][PASSED] - selectOptionByLabel(findTestObject("BillingCenter/pge_BatchPaymentEntry/screen_MultiplePaymentWizard/lst_PaymentInstrument"), PaymentInstrument, false, CONTINUE_ON_FAILURE): All options with label 'Cash' are selected in object 'Object Repository/BillingCenter/pge_BatchPaymentEntry/screen_MultiplePaymentWizard/lst_PaymentInstrument' 

2023-08-06 22:36:43 - [MESSAGE][PASSED] - All options with label 'Cash' are selected in object 'Object Repository/BillingCenter/pge_BatchPaymentEntry/screen_MultiplePaymentWizard/lst_PaymentInstrument' 

2023-08-06 22:36:43 - [TEST_STEP][PASSED] - click(findTestObject("BillingCenter/pge_BatchPaymentEntry/screen_MultiplePaymentWizard/btn_Next"), CONTINUE_ON_FAILURE): Object: 'Object Repository/BillingCenter/pge_BatchPaymentEntry/screen_MultiplePaymentWizard/btn_Next' is clicked on

2023-08-06 22:36:43 - [MESSAGE][PASSED] - Object: 'Object Repository/BillingCenter/pge_BatchPaymentEntry/screen_MultiplePaymentWizard/btn_Next' is clicked on

2023-08-06 22:36:43 - [TEST_STEP][PASSED] - BatchNumber = getText(findTestObject("BillingCenter/pge_BatchPaymentEntry/screen_MultiplePaymentWizard/val_BatchNumber"), CONTINUE_ON_FAILURE): Text of object 'Object Repository/BillingCenter/pge_BatchPaymentEntry/screen_MultiplePaymentWizard/val_BatchNumber' is: 'BA07172026-1400'

2023-08-06 22:36:44 - [MESSAGE][PASSED] - Text of object 'Object Repository/BillingCenter/pge_BatchPaymentEntry/screen_MultiplePaymentWizard/val_BatchNumber' is: 'BA07172026-1400'

2023-08-06 22:36:44 - [TEST_STEP][PASSED] - comment("Posted Payment Batch Number " + BatchNumber): Posted Payment Batch Number BA07172026-1400

2023-08-06 22:36:44 - [MESSAGE][INFO] - Posted Payment Batch Number BA07172026-1400

2023-08-06 22:36:44 - [TEST_STEP][PASSED] - click(findTestObject("BillingCenter/pge_BatchPaymentEntry/screen_MultiplePaymentWizard/btn_Post"), CONTINUE_ON_FAILURE): Object: 'Object Repository/BillingCenter/pge_BatchPaymentEntry/screen_MultiplePaymentWizard/btn_Post' is clicked on

2023-08-06 22:36:44 - [MESSAGE][PASSED] - Object: 'Object Repository/BillingCenter/pge_BatchPaymentEntry/screen_MultiplePaymentWizard/btn_Post' is clicked on

2023-08-06 22:36:44 - [TEST_STEP][PASSED] - verifyElementPresent(findTestObject("BillingCenter/pge_BatchPaymentEntry/screen_BatchJobs/fld_GoTo_Quickjump"), 0): Object 'Object Repository/BillingCenter/pge_BatchPaymentEntry/screen_BatchJobs/fld_GoTo_Quickjump' is present

2023-08-06 22:36:44 - [MESSAGE][WARNING] - Timeout '0' is invalid. Using default page load timeout: '2'

2023-08-06 22:36:45 - [MESSAGE][PASSED] - Object 'Object Repository/BillingCenter/pge_BatchPaymentEntry/screen_BatchJobs/fld_GoTo_Quickjump' is present

2023-08-06 22:36:45 - [TEST_STEP][PASSED] - sendKeys(findTestObject("BillingCenter/pge_BatchPaymentEntry/screen_BatchJobs/fld_GoTo_Quickjump"), "runBatchProcess PostBatchPayment_sp"): Keys 'runBatchProcess PostBatchPayment_sp' sent to object: 'Object Repository/BillingCenter/pge_BatchPaymentEntry/screen_BatchJobs/fld_GoTo_Quickjump'

2023-08-06 22:36:45 - [MESSAGE][PASSED] - Keys 'runBatchProcess PostBatchPayment_sp' sent to object: 'Object Repository/BillingCenter/pge_BatchPaymentEntry/screen_BatchJobs/fld_GoTo_Quickjump'

2023-08-06 22:36:45 - [TEST_STEP][PASSED] - sendKeys(findTestObject("BillingCenter/pge_BatchPaymentEntry/screen_BatchJobs/fld_GoTo_Quickjump"), Keys.chord(ENTER)): Keys 'ENTER + ' sent to object: 'Object Repository/BillingCenter/pge_BatchPaymentEntry/screen_BatchJobs/fld_GoTo_Quickjump'

2023-08-06 22:36:46 - [MESSAGE][PASSED] - Keys 'ENTER + ' sent to object: 'Object Repository/BillingCenter/pge_BatchPaymentEntry/screen_BatchJobs/fld_GoTo_Quickjump'

2023-08-06 22:36:46 - [TEST_STEP][PASSED] - click(findTestObject("BillingCenter/pge_BatchPaymentEntry/screen_Verify_PostedPayments/lbl_DesktopOption")): Object: 'Object Repository/BillingCenter/pge_BatchPaymentEntry/screen_Verify_PostedPayments/lbl_DesktopOption' is clicked on

2023-08-06 22:36:47 - [MESSAGE][PASSED] - Object: 'Object Repository/BillingCenter/pge_BatchPaymentEntry/screen_Verify_PostedPayments/lbl_DesktopOption' is clicked on

2023-08-06 22:36:47 - [TEST_STEP][PASSED] - verifyElementVisible(findTestObject("BillingCenter/pge_BatchPaymentEntry/screen_MultiplePaymentWizard/opt_SuspensepPayment")): Object 'Object Repository/BillingCenter/pge_BatchPaymentEntry/screen_MultiplePaymentWizard/opt_SuspensepPayment' is visible

2023-08-06 22:36:47 - [MESSAGE][PASSED] - Object 'Object Repository/BillingCenter/pge_BatchPaymentEntry/screen_MultiplePaymentWizard/opt_SuspensepPayment' is visible

2023-08-06 22:36:47 - [TEST_STEP][PASSED] - click(findTestObject("BillingCenter/pge_BatchPaymentEntry/screen_MultiplePaymentWizard/opt_SuspensepPayment")): Object: 'Object Repository/BillingCenter/pge_BatchPaymentEntry/screen_MultiplePaymentWizard/opt_SuspensepPayment' is clicked on

2023-08-06 22:36:48 - [MESSAGE][PASSED] - Object: 'Object Repository/BillingCenter/pge_BatchPaymentEntry/screen_MultiplePaymentWizard/opt_SuspensepPayment' is clicked on

2023-08-06 22:36:48 - [TEST_STEP][PASSED] - driver = getWebDriver(): null

2023-08-06 22:36:48 - [TEST_STEP][PASSED] - Table = driver.findElement(By.xpath("//div[@id='DesktopSuspensePayments-DesktopSuspensePaymentsScreen-DesktopSuspensePaymentsLV']//tbody")): null

2023-08-06 22:36:49 - [TEST_STEP][PASSED] - elementsinColumn = gw.Table.getTableElementsByColumn(Table, 9): gw.Table.getTableElementsByColumn is PASSED

2023-08-06 22:36:54 - [MESSAGE][PASSED] - gw.Table.getTableElementsByColumn is PASSED

2023-08-06 22:36:54 - [TEST_STEP][PASSED] - comment("Elements after function call to getTableElementsByColumn " + elementsinColumn): Elements after function call to getTableElementsByColumn [Batch Number, , , BA07172026-1400, BA07172026-1372, BA07172026-1368, BA07162026-1349, BA07162026-1281, BA07162026-1274, CA07162026-1270, BA07042026-1252, BA07042026-1248, BA03242026-1179, BA03242026-1175, BA03242026-1150, BA03242026-1146, ]

2023-08-06 22:36:54 - [MESSAGE][INFO] - Elements after function call to getTableElementsByColumn [Batch Number, , , BA07172026-1400, BA07172026-1372, BA07172026-1368, BA07162026-1349, BA07162026-1281, BA07162026-1274, CA07162026-1270, BA07042026-1252, BA07042026-1248, BA03242026-1179, BA03242026-1175, BA03242026-1150, BA03242026-1146, ]

2023-08-06 22:36:54 - [TEST_STEP][PASSED] - if (elementsinColumn.contains(BatchNumber)): Suspense Payment Batch Number Found

2023-08-06 22:36:54 - [TEST_STEP][PASSED] - markPassed("Suspense Payment Batch Number Found"): Suspense Payment Batch Number Found

2023-08-06 22:36:54 - [MESSAGE][PASSED] - Suspense Payment Batch Number Found

2023-08-06 22:36:54 - [TEST_STEP][PASSED] - click(findTestObject("BillingCenter/pge_BatchPaymentEntry/screen_Verify_PostedPayments/lbl_DesktopOption")): Object: 'Object Repository/BillingCenter/pge_BatchPaymentEntry/screen_Verify_PostedPayments/lbl_DesktopOption' is clicked on

2023-08-06 22:36:54 - [MESSAGE][PASSED] - Object: 'Object Repository/BillingCenter/pge_BatchPaymentEntry/screen_Verify_PostedPayments/lbl_DesktopOption' is clicked on

2023-08-06 22:36:54 - [TEST_STEP][PASSED] - callTestCase(findTestCase("BillingCenter/BatchPaymentEntry/BC_NavigateBatchPaymentEntryScreen"), [:]): Call Test Case 'Test Cases/BillingCenter/BatchPaymentEntry/BC_NavigateBatchPaymentEntryScreen' successfully

2023-08-06 22:36:54 - [TEST_CASE][PASSED] - Test Cases/BillingCenter/BatchPaymentEntry/BC_NavigateBatchPaymentEntryScreen: Test Cases/BillingCenter/BatchPaymentEntry/BC_NavigateBatchPaymentEntryScreen

2023-08-06 22:36:54 - [TEST_STEP][PASSED] - click(findTestObject("BillingCenter/pge_BatchPaymentEntry/pge_Navigation/opt_Desktop_Actions")): Object: 'Object Repository/BillingCenter/pge_BatchPaymentEntry/pge_Navigation/opt_Desktop_Actions' is clicked on

2023-08-06 22:36:55 - [MESSAGE][PASSED] - Object: 'Object Repository/BillingCenter/pge_BatchPaymentEntry/pge_Navigation/opt_Desktop_Actions' is clicked on

2023-08-06 22:36:55 - [TEST_STEP][PASSED] - mouseOver(findTestObject("BillingCenter/pge_BatchPaymentEntry/pge_Navigation/act_NewPayment")): Object: 'Object Repository/BillingCenter/pge_BatchPaymentEntry/pge_Navigation/act_NewPayment' is hovered

2023-08-06 22:36:56 - [MESSAGE][PASSED] - Object: 'Object Repository/BillingCenter/pge_BatchPaymentEntry/pge_Navigation/act_NewPayment' is hovered

2023-08-06 22:36:56 - [TEST_STEP][PASSED] - click(findTestObject("BillingCenter/pge_BatchPaymentEntry/pge_Navigation/opt_newPayment _BatchPaymentEntry")): Object: 'Object Repository/BillingCenter/pge_BatchPaymentEntry/pge_Navigation/opt_newPayment _BatchPaymentEntry' is clicked on

2023-08-06 22:36:56 - [MESSAGE][PASSED] - Object: 'Object Repository/BillingCenter/pge_BatchPaymentEntry/pge_Navigation/opt_newPayment _BatchPaymentEntry' is clicked on

2023-08-06 22:36:56 - [MESSAGE][PASSED] - Call Test Case 'Test Cases/BillingCenter/BatchPaymentEntry/BC_NavigateBatchPaymentEntryScreen' successfully

2023-08-06 22:36:56 - [TEST_STEP][PASSED] - for (def index : (0..0)): null

2023-08-06 22:36:56 - [TEST_STEP][ERROR] - Start listener action : gwAfterTestCase: org.codehaus.groovy.runtime.InvokerInvocationException: java.io.FileNotFoundException: C:\QA Scripts\emc.guidewire.katalon.updated\GW10 Automation\Reports\Execution Status.xlsx (The system cannot find the file specified)
	at GWListener.invokeMethod(GWListener.groovy)
	at com.kms.katalon.core.context.internal.TestHooker.invokeMethod(TestHooker.java:111)
	at com.kms.katalon.core.context.internal.TestHooker.lambda$3(TestHooker.java:95)
	at com.kms.katalon.core.context.internal.TestHooker.invokeContextMethods(TestHooker.java:94)
	at com.kms.katalon.core.context.internal.TestListenerCollector.lambda$3(TestListenerCollector.java:88)
	at com.kms.katalon.core.context.internal.TestListenerCollector.handleListenerEvent(TestListenerCollector.java:85)
	at com.kms.katalon.core.context.internal.ExecutionEventManager.publicEvent(ExecutionEventManager.java:36)
	at com.kms.katalon.core.main.TestCaseExecutor.execute(TestCaseExecutor.java:251)
	at com.kms.katalon.core.main.TestSuiteExecutor.accessTestCaseMainPhase(TestSuiteExecutor.java:191)
	at com.kms.katalon.core.main.TestSuiteExecutor.accessTestSuiteMainPhase(TestSuiteExecutor.java:141)
	at com.kms.katalon.core.main.TestSuiteExecutor.execute(TestSuiteExecutor.java:90)
	at com.kms.katalon.core.main.TestCaseMain.startTestSuite(TestCaseMain.java:157)
	at com.kms.katalon.core.main.TestCaseMain$startTestSuite$0.call(Unknown Source)
	at TempTestSuite1691341402211.run(TempTestSuite1691341402211.groovy:39)
Caused by: java.io.FileNotFoundException: C:\QA Scripts\emc.guidewire.katalon.updated\GW10 Automation\Reports\Execution Status.xlsx (The system cannot find the file specified)
	at common.Excel.getColumnNumber(Excel.groovy:69)
	at common.Excel.WirteToExcel(Excel.groovy:95)
	at common.Excel$WirteToExcel$0.call(Unknown Source)
	at GWListener.gwAfterTestCase(GWListener.groovy:137)
	... 14 more


2023-08-06 22:36:56 - [TEST_STEP][PASSED] - tc_end_Time = System.currentTimeMillis(): null

2023-08-06 22:36:56 - [TEST_STEP][PASSED] - date_tc_end_Time = dateformat.format(tc_end_Time): null

2023-08-06 22:36:56 - [TEST_STEP][PASSED] - (tempRowNum++): null

2023-08-06 22:36:56 - [TEST_STEP][PASSED] - testCaseID = testCaseContext.getTestCaseId(): null

2023-08-06 22:36:56 - [TEST_STEP][PASSED] - testCase = findTestCase(testCaseID): null

2023-08-06 22:36:56 - [TEST_STEP][PASSED] - testCaseName = testCase.getName(): null

2023-08-06 22:36:56 - [TEST_STEP][PASSED] - switch (testCaseContext.getTestCaseStatus()): null

2023-08-06 22:36:56 - [TEST_STEP][PASSED] - case "PASSED":: null

2023-08-06 22:36:56 - [TEST_STEP][PASSED] - (passedCnt++): null

2023-08-06 22:36:56 - [TEST_STEP][PASSED] - break: null

2023-08-06 22:36:56 - [TEST_STEP][PASSED] - if (testCaseName == "GenerateAndSendReport"): null

2023-08-06 22:36:56 - [TEST_STEP][PASSED] - if (testCaseName == "GenerateAndSaveReport"): null

2023-08-06 22:36:56 - [TEST_STEP][PASSED] - if (testCaseName == "GenerateTimeReport"): null

2023-08-06 22:36:56 - [TEST_STEP][ERROR] - if (!(testCaseName.contains("Submission")) && !(testCaseName.contains("Issurance")) && !(testCaseName.contains("NewAccount")) && !(testCaseName.contains("FNOL")) && !(testCaseName.contains("QuickClaim")) && !(testCaseName.contains("verify"))): org.codehaus.groovy.runtime.InvokerInvocationException: java.io.FileNotFoundException: C:\QA Scripts\emc.guidewire.katalon.updated\GW10 Automation\Reports\Execution Status.xlsx (The system cannot find the file specified)
	at GWListener.invokeMethod(GWListener.groovy)
	at com.kms.katalon.core.context.internal.TestHooker.invokeMethod(TestHooker.java:111)
	at com.kms.katalon.core.context.internal.TestHooker.lambda$3(TestHooker.java:95)
	at com.kms.katalon.core.context.internal.TestHooker.invokeContextMethods(TestHooker.java:94)
	at com.kms.katalon.core.context.internal.TestListenerCollector.lambda$3(TestListenerCollector.java:88)
	at com.kms.katalon.core.context.internal.TestListenerCollector.handleListenerEvent(TestListenerCollector.java:85)
	at com.kms.katalon.core.context.internal.ExecutionEventManager.publicEvent(ExecutionEventManager.java:36)
	at com.kms.katalon.core.main.TestCaseExecutor.execute(TestCaseExecutor.java:251)
	at com.kms.katalon.core.main.TestSuiteExecutor.accessTestCaseMainPhase(TestSuiteExecutor.java:191)
	at com.kms.katalon.core.main.TestSuiteExecutor.accessTestSuiteMainPhase(TestSuiteExecutor.java:141)
	at com.kms.katalon.core.main.TestSuiteExecutor.execute(TestSuiteExecutor.java:90)
	at com.kms.katalon.core.main.TestCaseMain.startTestSuite(TestCaseMain.java:157)
	at com.kms.katalon.core.main.TestCaseMain$startTestSuite$0.call(Unknown Source)
	at TempTestSuite1691341402211.run(TempTestSuite1691341402211.groovy:39)
Caused by: java.io.FileNotFoundException: C:\QA Scripts\emc.guidewire.katalon.updated\GW10 Automation\Reports\Execution Status.xlsx (The system cannot find the file specified)
	at common.Excel.getColumnNumber(Excel.groovy:69)
	at common.Excel.WirteToExcel(Excel.groovy:95)
	at common.Excel$WirteToExcel$0.call(Unknown Source)
	at GWListener.gwAfterTestCase(GWListener.groovy:137)
	... 14 more


2023-08-06 22:36:56 - [MESSAGE][ERROR] - org.codehaus.groovy.runtime.InvokerInvocationException: java.io.FileNotFoundException: C:\QA Scripts\emc.guidewire.katalon.updated\GW10 Automation\Reports\Execution Status.xlsx (The system cannot find the file specified)
	at GWListener.invokeMethod(GWListener.groovy)
	at com.kms.katalon.core.context.internal.TestHooker.invokeMethod(TestHooker.java:111)
	at com.kms.katalon.core.context.internal.TestHooker.lambda$3(TestHooker.java:95)
	at com.kms.katalon.core.context.internal.TestHooker.invokeContextMethods(TestHooker.java:94)
	at com.kms.katalon.core.context.internal.TestListenerCollector.lambda$3(TestListenerCollector.java:88)
	at com.kms.katalon.core.context.internal.TestListenerCollector.handleListenerEvent(TestListenerCollector.java:85)
	at com.kms.katalon.core.context.internal.ExecutionEventManager.publicEvent(ExecutionEventManager.java:36)
	at com.kms.katalon.core.main.TestCaseExecutor.execute(TestCaseExecutor.java:251)
	at com.kms.katalon.core.main.TestSuiteExecutor.accessTestCaseMainPhase(TestSuiteExecutor.java:191)
	at com.kms.katalon.core.main.TestSuiteExecutor.accessTestSuiteMainPhase(TestSuiteExecutor.java:141)
	at com.kms.katalon.core.main.TestSuiteExecutor.execute(TestSuiteExecutor.java:90)
	at com.kms.katalon.core.main.TestCaseMain.startTestSuite(TestCaseMain.java:157)
	at com.kms.katalon.core.main.TestCaseMain$startTestSuite$0.call(Unknown Source)
	at TempTestSuite1691341402211.run(TempTestSuite1691341402211.groovy:39)
Caused by: java.io.FileNotFoundException: C:\QA Scripts\emc.guidewire.katalon.updated\GW10 Automation\Reports\Execution Status.xlsx (The system cannot find the file specified)
	at common.Excel.getColumnNumber(Excel.groovy:69)
	at common.Excel.WirteToExcel(Excel.groovy:95)
	at common.Excel$WirteToExcel$0.call(Unknown Source)
	at GWListener.gwAfterTestCase(GWListener.groovy:137)
	... 14 more


2023-08-06 22:36:58 - [TEST_STEP][PASSED] - Video: Video recording for test case 'Test Cases/BillingCenter/BatchPaymentEntry/BC_MultiplePaymentEntryandVerification_SuspenseLevel' .

2023-08-06 22:36:58 - [MESSAGE][INFO] - Video recording for test case 'Test Cases/BillingCenter/BatchPaymentEntry/BC_MultiplePaymentEntryandVerification_SuspenseLevel' .
[[ATTACHMENT|C:\\QA Scripts\\emc.guidewire.katalon.updated\\GW10 Automation\\Reports\\20230806_223322\\BillingCenter\\BatchPaymentEntry\\20230806_223322/videos\\test_9.avi]]]]></system-out>
         <system-err><![CDATA[]]></system-err>
      </testcase>
      <testcase name="Test Cases/BillingCenter/BatchPaymentEntry/BC_MultiplePaymentEntryandVerification_Split" time="98.036" classname="Test Cases/BillingCenter/BatchPaymentEntry/BC_MultiplePaymentEntryandVerification_Split" status="PASSED">
         <system-out><![CDATA[2023-08-06 22:36:58 - [TEST_CASE][PASSED] - Test Cases/BillingCenter/BatchPaymentEntry/BC_MultiplePaymentEntryandVerification_Split: Test Cases/BillingCenter/BatchPaymentEntry/BC_MultiplePaymentEntryandVerification_Split

2023-08-06 22:36:58 - [TEST_STEP][PASSED] - Start listener action : gwBeforeTestCase: null

2023-08-06 22:36:58 - [TEST_STEP][PASSED] - if (Env_TestCaseId == testCaseContext.getTestCaseId()): null

2023-08-06 22:36:58 - [TEST_STEP][PASSED] - else: null

2023-08-06 22:36:58 - [TEST_STEP][PASSED] - iteration = 1: null

2023-08-06 22:36:58 - [TEST_STEP][PASSED] - Env_Iteration = iteration: null

2023-08-06 22:36:58 - [TEST_STEP][PASSED] - Env_TestCaseId = testCaseContext.getTestCaseId(): null

2023-08-06 22:36:58 - [TEST_STEP][PASSED] - Env_TestCaseVariables = testCaseContext.getTestCaseVariables(): null

2023-08-06 22:36:58 - [TEST_STEP][PASSED] - tc_start_Time = System.currentTimeMillis(): null

2023-08-06 22:36:58 - [TEST_STEP][PASSED] - date_tc_start_Time = dateformat.format(tc_start_Time): null

2023-08-06 22:36:59 - [TEST_STEP][PASSED] - selectOptionByLabel(findTestObject("BillingCenter/pge_BatchPaymentEntry/screen_MultiplePaymentWizard/lst_Source"), Source, false, CONTINUE_ON_FAILURE): All options with label 'Branch' are selected in object 'Object Repository/BillingCenter/pge_BatchPaymentEntry/screen_MultiplePaymentWizard/lst_Source' 

2023-08-06 22:37:00 - [MESSAGE][PASSED] - All options with label 'Branch' are selected in object 'Object Repository/BillingCenter/pge_BatchPaymentEntry/screen_MultiplePaymentWizard/lst_Source' 

2023-08-06 22:37:00 - [TEST_STEP][PASSED] - setText(findTestObject("BillingCenter/pge_BatchPaymentEntry/screen_MultiplePaymentWizard/txt_BatchAmount"), BatchAmount, CONTINUE_ON_FAILURE): Text '60' is set on object 'Object Repository/BillingCenter/pge_BatchPaymentEntry/screen_MultiplePaymentWizard/txt_BatchAmount'

2023-08-06 22:37:01 - [MESSAGE][PASSED] - Text '60' is set on object 'Object Repository/BillingCenter/pge_BatchPaymentEntry/screen_MultiplePaymentWizard/txt_BatchAmount'

2023-08-06 22:37:01 - [TEST_STEP][PASSED] - sendKeys(findTestObject("BillingCenter/pge_BatchPaymentEntry/screen_MultiplePaymentWizard/txt_BatchAmount"), Keys.chord(TAB)): Keys 'TAB + ' sent to object: 'Object Repository/BillingCenter/pge_BatchPaymentEntry/screen_MultiplePaymentWizard/txt_BatchAmount'

2023-08-06 22:37:02 - [MESSAGE][PASSED] - Keys 'TAB + ' sent to object: 'Object Repository/BillingCenter/pge_BatchPaymentEntry/screen_MultiplePaymentWizard/txt_BatchAmount'

2023-08-06 22:37:02 - [TEST_STEP][PASSED] - verifyElementVisible(findTestObject("BillingCenter/pge_BatchPaymentEntry/screen_MultiplePaymentWizard/screen_SplitPaymentEntry/chk_Split"), CONTINUE_ON_FAILURE): Object 'Object Repository/BillingCenter/pge_BatchPaymentEntry/screen_MultiplePaymentWizard/screen_SplitPaymentEntry/chk_Split' is visible

2023-08-06 22:37:02 - [MESSAGE][PASSED] - Object 'Object Repository/BillingCenter/pge_BatchPaymentEntry/screen_MultiplePaymentWizard/screen_SplitPaymentEntry/chk_Split' is visible

2023-08-06 22:37:02 - [TEST_STEP][PASSED] - check(findTestObject("BillingCenter/pge_BatchPaymentEntry/screen_MultiplePaymentWizard/screen_SplitPaymentEntry/chk_Split"), CONTINUE_ON_FAILURE): Object 'Object Repository/BillingCenter/pge_BatchPaymentEntry/screen_MultiplePaymentWizard/screen_SplitPaymentEntry/chk_Split' is checked

2023-08-06 22:37:03 - [MESSAGE][PASSED] - Object 'Object Repository/BillingCenter/pge_BatchPaymentEntry/screen_MultiplePaymentWizard/screen_SplitPaymentEntry/chk_Split' is checked

2023-08-06 22:37:03 - [TEST_STEP][PASSED] - selectOptionByLabel(findTestObject("BillingCenter/pge_BatchPaymentEntry/screen_MultiplePaymentWizard/lst_Type"), Type, false, CONTINUE_ON_FAILURE): All options with label 'Split' are selected in object 'Object Repository/BillingCenter/pge_BatchPaymentEntry/screen_MultiplePaymentWizard/lst_Type' 

2023-08-06 22:37:04 - [MESSAGE][PASSED] - All options with label 'Split' are selected in object 'Object Repository/BillingCenter/pge_BatchPaymentEntry/screen_MultiplePaymentWizard/lst_Type' 

2023-08-06 22:37:04 - [TEST_STEP][PASSED] - clearText(findTestObject("BillingCenter/pge_BatchPaymentEntry/screen_MultiplePaymentWizard/txt_Amount"), CONTINUE_ON_FAILURE): Text of object 'Object Repository/BillingCenter/pge_BatchPaymentEntry/screen_MultiplePaymentWizard/txt_Amount' is cleared

2023-08-06 22:37:05 - [MESSAGE][PASSED] - Text of object 'Object Repository/BillingCenter/pge_BatchPaymentEntry/screen_MultiplePaymentWizard/txt_Amount' is cleared

2023-08-06 22:37:05 - [TEST_STEP][PASSED] - setText(findTestObject("BillingCenter/pge_BatchPaymentEntry/screen_MultiplePaymentWizard/txt_Amount"), Amount, CONTINUE_ON_FAILURE): Text '60' is set on object 'Object Repository/BillingCenter/pge_BatchPaymentEntry/screen_MultiplePaymentWizard/txt_Amount'

2023-08-06 22:37:06 - [MESSAGE][PASSED] - Text '60' is set on object 'Object Repository/BillingCenter/pge_BatchPaymentEntry/screen_MultiplePaymentWizard/txt_Amount'

2023-08-06 22:37:06 - [TEST_STEP][PASSED] - sendKeys(findTestObject("BillingCenter/pge_BatchPaymentEntry/screen_MultiplePaymentWizard/txt_Amount"), Keys.chord(TAB)): Keys 'TAB + ' sent to object: 'Object Repository/BillingCenter/pge_BatchPaymentEntry/screen_MultiplePaymentWizard/txt_Amount'

2023-08-06 22:37:07 - [MESSAGE][PASSED] - Keys 'TAB + ' sent to object: 'Object Repository/BillingCenter/pge_BatchPaymentEntry/screen_MultiplePaymentWizard/txt_Amount'

2023-08-06 22:37:07 - [TEST_STEP][PASSED] - verifyElementVisible(findTestObject("BillingCenter/pge_BatchPaymentEntry/screen_MultiplePaymentWizard/txt_CheckRef"), CONTINUE_ON_FAILURE): Object 'Object Repository/BillingCenter/pge_BatchPaymentEntry/screen_MultiplePaymentWizard/txt_CheckRef' is visible

2023-08-06 22:37:07 - [MESSAGE][PASSED] - Object 'Object Repository/BillingCenter/pge_BatchPaymentEntry/screen_MultiplePaymentWizard/txt_CheckRef' is visible

2023-08-06 22:37:07 - [TEST_STEP][PASSED] - setText(findTestObject("BillingCenter/pge_BatchPaymentEntry/screen_MultiplePaymentWizard/txt_CheckRef"), CheckRef, CONTINUE_ON_FAILURE): Text '9887765432' is set on object 'Object Repository/BillingCenter/pge_BatchPaymentEntry/screen_MultiplePaymentWizard/txt_CheckRef'

2023-08-06 22:37:08 - [MESSAGE][PASSED] - Text '9887765432' is set on object 'Object Repository/BillingCenter/pge_BatchPaymentEntry/screen_MultiplePaymentWizard/txt_CheckRef'

2023-08-06 22:37:08 - [TEST_STEP][PASSED] - selectOptionByLabel(findTestObject("BillingCenter/pge_BatchPaymentEntry/screen_MultiplePaymentWizard/lst_PaymentInstrument"), PaymentInstrument, false, CONTINUE_ON_FAILURE): All options with label 'Check' are selected in object 'Object Repository/BillingCenter/pge_BatchPaymentEntry/screen_MultiplePaymentWizard/lst_PaymentInstrument' 

2023-08-06 22:37:09 - [MESSAGE][PASSED] - All options with label 'Check' are selected in object 'Object Repository/BillingCenter/pge_BatchPaymentEntry/screen_MultiplePaymentWizard/lst_PaymentInstrument' 

2023-08-06 22:37:09 - [TEST_STEP][PASSED] - verifyElementVisible(findTestObject("BillingCenter/pge_BatchPaymentEntry/screen_MultiplePaymentWizard/screen_SplitPaymentEntry/btn_Split"), STOP_ON_FAILURE): Object 'Object Repository/BillingCenter/pge_BatchPaymentEntry/screen_MultiplePaymentWizard/screen_SplitPaymentEntry/btn_Split' is visible

2023-08-06 22:37:09 - [MESSAGE][PASSED] - Object 'Object Repository/BillingCenter/pge_BatchPaymentEntry/screen_MultiplePaymentWizard/screen_SplitPaymentEntry/btn_Split' is visible

2023-08-06 22:37:09 - [TEST_STEP][PASSED] - click(findTestObject("BillingCenter/pge_BatchPaymentEntry/screen_MultiplePaymentWizard/screen_SplitPaymentEntry/btn_Split"), CONTINUE_ON_FAILURE): Object: 'Object Repository/BillingCenter/pge_BatchPaymentEntry/screen_MultiplePaymentWizard/screen_SplitPaymentEntry/btn_Split' is clicked on

2023-08-06 22:37:09 - [MESSAGE][PASSED] - Object: 'Object Repository/BillingCenter/pge_BatchPaymentEntry/screen_MultiplePaymentWizard/screen_SplitPaymentEntry/btn_Split' is clicked on

2023-08-06 22:37:09 - [TEST_STEP][PASSED] - verifyElementVisible(findTestObject("BillingCenter/pge_BatchPaymentEntry/screen_MultiplePaymentWizard/screen_SplitPaymentEntry/btn_AddSplit"), CONTINUE_ON_FAILURE): Object 'Object Repository/BillingCenter/pge_BatchPaymentEntry/screen_MultiplePaymentWizard/screen_SplitPaymentEntry/btn_AddSplit' is visible

2023-08-06 22:37:10 - [MESSAGE][PASSED] - Object 'Object Repository/BillingCenter/pge_BatchPaymentEntry/screen_MultiplePaymentWizard/screen_SplitPaymentEntry/btn_AddSplit' is visible

2023-08-06 22:37:10 - [TEST_STEP][PASSED] - click(findTestObject("BillingCenter/pge_BatchPaymentEntry/screen_MultiplePaymentWizard/screen_SplitPaymentEntry/btn_AddSplit"), CONTINUE_ON_FAILURE): Object: 'Object Repository/BillingCenter/pge_BatchPaymentEntry/screen_MultiplePaymentWizard/screen_SplitPaymentEntry/btn_AddSplit' is clicked on

2023-08-06 22:37:10 - [MESSAGE][PASSED] - Object: 'Object Repository/BillingCenter/pge_BatchPaymentEntry/screen_MultiplePaymentWizard/screen_SplitPaymentEntry/btn_AddSplit' is clicked on

2023-08-06 22:37:10 - [TEST_STEP][PASSED] - verifyElementVisible(findTestObject("BillingCenter/pge_BatchPaymentEntry/screen_MultiplePaymentWizard/screen_SplitPaymentEntry/lst_SplitTypePaymentAccount"), CONTINUE_ON_FAILURE): Object 'Object Repository/BillingCenter/pge_BatchPaymentEntry/screen_MultiplePaymentWizard/screen_SplitPaymentEntry/lst_SplitTypePaymentAccount' is visible

2023-08-06 22:37:11 - [MESSAGE][PASSED] - Object 'Object Repository/BillingCenter/pge_BatchPaymentEntry/screen_MultiplePaymentWizard/screen_SplitPaymentEntry/lst_SplitTypePaymentAccount' is visible

2023-08-06 22:37:11 - [TEST_STEP][PASSED] - selectOptionByLabel(findTestObject("BillingCenter/pge_BatchPaymentEntry/screen_MultiplePaymentWizard/screen_SplitPaymentEntry/lst_SplitTypePaymentAccount"), SplitTypePayment, false, CONTINUE_ON_FAILURE): All options with label 'Payment' are selected in object 'Object Repository/BillingCenter/pge_BatchPaymentEntry/screen_MultiplePaymentWizard/screen_SplitPaymentEntry/lst_SplitTypePaymentAccount' 

2023-08-06 22:37:12 - [MESSAGE][PASSED] - All options with label 'Payment' are selected in object 'Object Repository/BillingCenter/pge_BatchPaymentEntry/screen_MultiplePaymentWizard/screen_SplitPaymentEntry/lst_SplitTypePaymentAccount' 

2023-08-06 22:37:12 - [TEST_STEP][PASSED] - verifyElementVisible(findTestObject("BillingCenter/pge_BatchPaymentEntry/screen_MultiplePaymentWizard/screen_SplitPaymentEntry/txt_SplitAccount")): Object 'Object Repository/BillingCenter/pge_BatchPaymentEntry/screen_MultiplePaymentWizard/screen_SplitPaymentEntry/txt_SplitAccount' is visible

2023-08-06 22:37:13 - [MESSAGE][PASSED] - Object 'Object Repository/BillingCenter/pge_BatchPaymentEntry/screen_MultiplePaymentWizard/screen_SplitPaymentEntry/txt_SplitAccount' is visible

2023-08-06 22:37:13 - [TEST_STEP][PASSED] - setText(findTestObject("BillingCenter/pge_BatchPaymentEntry/screen_MultiplePaymentWizard/screen_SplitPaymentEntry/txt_SplitAccount"), SplitAccount, CONTINUE_ON_FAILURE): Text '3062523' is set on object 'Object Repository/BillingCenter/pge_BatchPaymentEntry/screen_MultiplePaymentWizard/screen_SplitPaymentEntry/txt_SplitAccount'

2023-08-06 22:37:14 - [MESSAGE][PASSED] - Text '3062523' is set on object 'Object Repository/BillingCenter/pge_BatchPaymentEntry/screen_MultiplePaymentWizard/screen_SplitPaymentEntry/txt_SplitAccount'

2023-08-06 22:37:14 - [TEST_STEP][PASSED] - sendKeys(findTestObject("BillingCenter/pge_BatchPaymentEntry/screen_MultiplePaymentWizard/screen_SplitPaymentEntry/txt_SplitAccount"), Keys.chord(TAB), CONTINUE_ON_FAILURE): Keys 'TAB + ' sent to object: 'Object Repository/BillingCenter/pge_BatchPaymentEntry/screen_MultiplePaymentWizard/screen_SplitPaymentEntry/txt_SplitAccount'

2023-08-06 22:37:14 - [MESSAGE][PASSED] - Keys 'TAB + ' sent to object: 'Object Repository/BillingCenter/pge_BatchPaymentEntry/screen_MultiplePaymentWizard/screen_SplitPaymentEntry/txt_SplitAccount'

2023-08-06 22:37:14 - [TEST_STEP][PASSED] - verifyElementVisible(findTestObject("BillingCenter/pge_BatchPaymentEntry/screen_MultiplePaymentWizard/screen_SplitPaymentEntry/txt_SplitAccountAmount"), STOP_ON_FAILURE): Object 'Object Repository/BillingCenter/pge_BatchPaymentEntry/screen_MultiplePaymentWizard/screen_SplitPaymentEntry/txt_SplitAccountAmount' is visible

2023-08-06 22:37:15 - [MESSAGE][PASSED] - Object 'Object Repository/BillingCenter/pge_BatchPaymentEntry/screen_MultiplePaymentWizard/screen_SplitPaymentEntry/txt_SplitAccountAmount' is visible

2023-08-06 22:37:15 - [TEST_STEP][PASSED] - clearText(findTestObject("BillingCenter/pge_BatchPaymentEntry/screen_MultiplePaymentWizard/screen_SplitPaymentEntry/txt_SplitAccountAmount")): Text of object 'Object Repository/BillingCenter/pge_BatchPaymentEntry/screen_MultiplePaymentWizard/screen_SplitPaymentEntry/txt_SplitAccountAmount' is cleared

2023-08-06 22:37:15 - [MESSAGE][PASSED] - Text of object 'Object Repository/BillingCenter/pge_BatchPaymentEntry/screen_MultiplePaymentWizard/screen_SplitPaymentEntry/txt_SplitAccountAmount' is cleared

2023-08-06 22:37:15 - [TEST_STEP][PASSED] - setText(findTestObject("BillingCenter/pge_BatchPaymentEntry/screen_MultiplePaymentWizard/screen_SplitPaymentEntry/txt_SplitAccountAmount"), SplitAccountAmount): Text '10' is set on object 'Object Repository/BillingCenter/pge_BatchPaymentEntry/screen_MultiplePaymentWizard/screen_SplitPaymentEntry/txt_SplitAccountAmount'

2023-08-06 22:37:16 - [MESSAGE][PASSED] - Text '10' is set on object 'Object Repository/BillingCenter/pge_BatchPaymentEntry/screen_MultiplePaymentWizard/screen_SplitPaymentEntry/txt_SplitAccountAmount'

2023-08-06 22:37:16 - [TEST_STEP][PASSED] - sendKeys(findTestObject("BillingCenter/pge_BatchPaymentEntry/screen_MultiplePaymentWizard/screen_SplitPaymentEntry/txt_SplitAccountAmount"), Keys.chord(TAB)): Keys 'TAB + ' sent to object: 'Object Repository/BillingCenter/pge_BatchPaymentEntry/screen_MultiplePaymentWizard/screen_SplitPaymentEntry/txt_SplitAccountAmount'

2023-08-06 22:37:16 - [MESSAGE][PASSED] - Keys 'TAB + ' sent to object: 'Object Repository/BillingCenter/pge_BatchPaymentEntry/screen_MultiplePaymentWizard/screen_SplitPaymentEntry/txt_SplitAccountAmount'

2023-08-06 22:37:16 - [TEST_STEP][PASSED] - verifyElementVisible(findTestObject("BillingCenter/pge_BatchPaymentEntry/screen_MultiplePaymentWizard/screen_SplitPaymentEntry/txt_SplitAccountDescription"), CONTINUE_ON_FAILURE): Object 'Object Repository/BillingCenter/pge_BatchPaymentEntry/screen_MultiplePaymentWizard/screen_SplitPaymentEntry/txt_SplitAccountDescription' is visible

2023-08-06 22:37:17 - [MESSAGE][PASSED] - Object 'Object Repository/BillingCenter/pge_BatchPaymentEntry/screen_MultiplePaymentWizard/screen_SplitPaymentEntry/txt_SplitAccountDescription' is visible

2023-08-06 22:37:17 - [TEST_STEP][PASSED] - setText(findTestObject("BillingCenter/pge_BatchPaymentEntry/screen_MultiplePaymentWizard/screen_SplitPaymentEntry/txt_SplitAccountDescription"), SplitAccountDescription, CONTINUE_ON_FAILURE): Text 'Payment on account level' is set on object 'Object Repository/BillingCenter/pge_BatchPaymentEntry/screen_MultiplePaymentWizard/screen_SplitPaymentEntry/txt_SplitAccountDescription'

2023-08-06 22:37:18 - [MESSAGE][PASSED] - Text 'Payment on account level' is set on object 'Object Repository/BillingCenter/pge_BatchPaymentEntry/screen_MultiplePaymentWizard/screen_SplitPaymentEntry/txt_SplitAccountDescription'

2023-08-06 22:37:18 - [TEST_STEP][PASSED] - verifyElementVisible(findTestObject("BillingCenter/pge_BatchPaymentEntry/screen_MultiplePaymentWizard/screen_SplitPaymentEntry/btn_AddSplit"), CONTINUE_ON_FAILURE): Object 'Object Repository/BillingCenter/pge_BatchPaymentEntry/screen_MultiplePaymentWizard/screen_SplitPaymentEntry/btn_AddSplit' is visible

2023-08-06 22:37:18 - [MESSAGE][PASSED] - Object 'Object Repository/BillingCenter/pge_BatchPaymentEntry/screen_MultiplePaymentWizard/screen_SplitPaymentEntry/btn_AddSplit' is visible

2023-08-06 22:37:18 - [TEST_STEP][PASSED] - click(findTestObject("BillingCenter/pge_BatchPaymentEntry/screen_MultiplePaymentWizard/screen_SplitPaymentEntry/btn_AddSplit"), CONTINUE_ON_FAILURE): Object: 'Object Repository/BillingCenter/pge_BatchPaymentEntry/screen_MultiplePaymentWizard/screen_SplitPaymentEntry/btn_AddSplit' is clicked on

2023-08-06 22:37:18 - [MESSAGE][PASSED] - Object: 'Object Repository/BillingCenter/pge_BatchPaymentEntry/screen_MultiplePaymentWizard/screen_SplitPaymentEntry/btn_AddSplit' is clicked on

2023-08-06 22:37:18 - [TEST_STEP][PASSED] - verifyElementVisible(findTestObject("BillingCenter/pge_BatchPaymentEntry/screen_MultiplePaymentWizard/screen_SplitPaymentEntry/lst_SplitTypePaymentInvoice"), CONTINUE_ON_FAILURE): Object 'Object Repository/BillingCenter/pge_BatchPaymentEntry/screen_MultiplePaymentWizard/screen_SplitPaymentEntry/lst_SplitTypePaymentInvoice' is visible

2023-08-06 22:37:19 - [MESSAGE][PASSED] - Object 'Object Repository/BillingCenter/pge_BatchPaymentEntry/screen_MultiplePaymentWizard/screen_SplitPaymentEntry/lst_SplitTypePaymentInvoice' is visible

2023-08-06 22:37:19 - [TEST_STEP][PASSED] - selectOptionByLabel(findTestObject("BillingCenter/pge_BatchPaymentEntry/screen_MultiplePaymentWizard/screen_SplitPaymentEntry/lst_SplitTypePaymentInvoice"), SplitTypePayment, false, CONTINUE_ON_FAILURE): All options with label 'Payment' are selected in object 'Object Repository/BillingCenter/pge_BatchPaymentEntry/screen_MultiplePaymentWizard/screen_SplitPaymentEntry/lst_SplitTypePaymentInvoice' 

2023-08-06 22:37:20 - [MESSAGE][PASSED] - All options with label 'Payment' are selected in object 'Object Repository/BillingCenter/pge_BatchPaymentEntry/screen_MultiplePaymentWizard/screen_SplitPaymentEntry/lst_SplitTypePaymentInvoice' 

2023-08-06 22:37:20 - [TEST_STEP][PASSED] - verifyElementVisible(findTestObject("BillingCenter/pge_BatchPaymentEntry/screen_MultiplePaymentWizard/screen_SplitPaymentEntry/txt_SplitInvoice")): Object 'Object Repository/BillingCenter/pge_BatchPaymentEntry/screen_MultiplePaymentWizard/screen_SplitPaymentEntry/txt_SplitInvoice' is visible

2023-08-06 22:37:20 - [MESSAGE][PASSED] - Object 'Object Repository/BillingCenter/pge_BatchPaymentEntry/screen_MultiplePaymentWizard/screen_SplitPaymentEntry/txt_SplitInvoice' is visible

2023-08-06 22:37:20 - [TEST_STEP][PASSED] - setText(findTestObject("BillingCenter/pge_BatchPaymentEntry/screen_MultiplePaymentWizard/screen_SplitPaymentEntry/txt_SplitInvoice"), SplitInvoice, CONTINUE_ON_FAILURE): Text '7000000702' is set on object 'Object Repository/BillingCenter/pge_BatchPaymentEntry/screen_MultiplePaymentWizard/screen_SplitPaymentEntry/txt_SplitInvoice'

2023-08-06 22:37:21 - [MESSAGE][PASSED] - Text '7000000702' is set on object 'Object Repository/BillingCenter/pge_BatchPaymentEntry/screen_MultiplePaymentWizard/screen_SplitPaymentEntry/txt_SplitInvoice'

2023-08-06 22:37:21 - [TEST_STEP][PASSED] - sendKeys(findTestObject("BillingCenter/pge_BatchPaymentEntry/screen_MultiplePaymentWizard/screen_SplitPaymentEntry/txt_SplitInvoice"), Keys.chord(TAB), CONTINUE_ON_FAILURE): Keys 'TAB + ' sent to object: 'Object Repository/BillingCenter/pge_BatchPaymentEntry/screen_MultiplePaymentWizard/screen_SplitPaymentEntry/txt_SplitInvoice'

2023-08-06 22:37:21 - [MESSAGE][PASSED] - Keys 'TAB + ' sent to object: 'Object Repository/BillingCenter/pge_BatchPaymentEntry/screen_MultiplePaymentWizard/screen_SplitPaymentEntry/txt_SplitInvoice'

2023-08-06 22:37:21 - [TEST_STEP][PASSED] - verifyElementVisible(findTestObject("BillingCenter/pge_BatchPaymentEntry/screen_MultiplePaymentWizard/screen_SplitPaymentEntry/txt_SplitInvoiceAmount")): Object 'Object Repository/BillingCenter/pge_BatchPaymentEntry/screen_MultiplePaymentWizard/screen_SplitPaymentEntry/txt_SplitInvoiceAmount' is visible

2023-08-06 22:37:22 - [MESSAGE][PASSED] - Object 'Object Repository/BillingCenter/pge_BatchPaymentEntry/screen_MultiplePaymentWizard/screen_SplitPaymentEntry/txt_SplitInvoiceAmount' is visible

2023-08-06 22:37:22 - [TEST_STEP][PASSED] - clearText(findTestObject("BillingCenter/pge_BatchPaymentEntry/screen_MultiplePaymentWizard/screen_SplitPaymentEntry/txt_SplitInvoiceAmount")): Text of object 'Object Repository/BillingCenter/pge_BatchPaymentEntry/screen_MultiplePaymentWizard/screen_SplitPaymentEntry/txt_SplitInvoiceAmount' is cleared

2023-08-06 22:37:22 - [MESSAGE][PASSED] - Text of object 'Object Repository/BillingCenter/pge_BatchPaymentEntry/screen_MultiplePaymentWizard/screen_SplitPaymentEntry/txt_SplitInvoiceAmount' is cleared

2023-08-06 22:37:22 - [TEST_STEP][PASSED] - setText(findTestObject("BillingCenter/pge_BatchPaymentEntry/screen_MultiplePaymentWizard/screen_SplitPaymentEntry/txt_SplitInvoiceAmount"), SplitInvoiceAmount, CONTINUE_ON_FAILURE): Text '10' is set on object 'Object Repository/BillingCenter/pge_BatchPaymentEntry/screen_MultiplePaymentWizard/screen_SplitPaymentEntry/txt_SplitInvoiceAmount'

2023-08-06 22:37:23 - [MESSAGE][PASSED] - Text '10' is set on object 'Object Repository/BillingCenter/pge_BatchPaymentEntry/screen_MultiplePaymentWizard/screen_SplitPaymentEntry/txt_SplitInvoiceAmount'

2023-08-06 22:37:23 - [TEST_STEP][PASSED] - sendKeys(findTestObject("BillingCenter/pge_BatchPaymentEntry/screen_MultiplePaymentWizard/screen_SplitPaymentEntry/txt_SplitInvoiceAmount"), Keys.chord(TAB)): Keys 'TAB + ' sent to object: 'Object Repository/BillingCenter/pge_BatchPaymentEntry/screen_MultiplePaymentWizard/screen_SplitPaymentEntry/txt_SplitInvoiceAmount'

2023-08-06 22:37:23 - [MESSAGE][PASSED] - Keys 'TAB + ' sent to object: 'Object Repository/BillingCenter/pge_BatchPaymentEntry/screen_MultiplePaymentWizard/screen_SplitPaymentEntry/txt_SplitInvoiceAmount'

2023-08-06 22:37:23 - [TEST_STEP][PASSED] - verifyElementVisible(findTestObject("BillingCenter/pge_BatchPaymentEntry/screen_MultiplePaymentWizard/screen_SplitPaymentEntry/txt_SplitInvoiceDescription"), CONTINUE_ON_FAILURE): Object 'Object Repository/BillingCenter/pge_BatchPaymentEntry/screen_MultiplePaymentWizard/screen_SplitPaymentEntry/txt_SplitInvoiceDescription' is visible

2023-08-06 22:37:24 - [MESSAGE][PASSED] - Object 'Object Repository/BillingCenter/pge_BatchPaymentEntry/screen_MultiplePaymentWizard/screen_SplitPaymentEntry/txt_SplitInvoiceDescription' is visible

2023-08-06 22:37:24 - [TEST_STEP][PASSED] - setText(findTestObject("BillingCenter/pge_BatchPaymentEntry/screen_MultiplePaymentWizard/screen_SplitPaymentEntry/txt_SplitInvoiceDescription"), SplitInvoiceDescription, CONTINUE_ON_FAILURE): Text 'Payment on Invoice level' is set on object 'Object Repository/BillingCenter/pge_BatchPaymentEntry/screen_MultiplePaymentWizard/screen_SplitPaymentEntry/txt_SplitInvoiceDescription'

2023-08-06 22:37:25 - [MESSAGE][PASSED] - Text 'Payment on Invoice level' is set on object 'Object Repository/BillingCenter/pge_BatchPaymentEntry/screen_MultiplePaymentWizard/screen_SplitPaymentEntry/txt_SplitInvoiceDescription'

2023-08-06 22:37:25 - [TEST_STEP][PASSED] - verifyElementVisible(findTestObject("BillingCenter/pge_BatchPaymentEntry/screen_MultiplePaymentWizard/screen_SplitPaymentEntry/btn_AddSplit"), CONTINUE_ON_FAILURE): Object 'Object Repository/BillingCenter/pge_BatchPaymentEntry/screen_MultiplePaymentWizard/screen_SplitPaymentEntry/btn_AddSplit' is visible

2023-08-06 22:37:25 - [MESSAGE][PASSED] - Object 'Object Repository/BillingCenter/pge_BatchPaymentEntry/screen_MultiplePaymentWizard/screen_SplitPaymentEntry/btn_AddSplit' is visible

2023-08-06 22:37:25 - [TEST_STEP][PASSED] - click(findTestObject("BillingCenter/pge_BatchPaymentEntry/screen_MultiplePaymentWizard/screen_SplitPaymentEntry/btn_AddSplit"), CONTINUE_ON_FAILURE): Object: 'Object Repository/BillingCenter/pge_BatchPaymentEntry/screen_MultiplePaymentWizard/screen_SplitPaymentEntry/btn_AddSplit' is clicked on

2023-08-06 22:37:25 - [MESSAGE][PASSED] - Object: 'Object Repository/BillingCenter/pge_BatchPaymentEntry/screen_MultiplePaymentWizard/screen_SplitPaymentEntry/btn_AddSplit' is clicked on

2023-08-06 22:37:25 - [TEST_STEP][PASSED] - verifyElementVisible(findTestObject("BillingCenter/pge_BatchPaymentEntry/screen_MultiplePaymentWizard/screen_SplitPaymentEntry/lst_SplitTypePaymentAgency"), CONTINUE_ON_FAILURE): Object 'Object Repository/BillingCenter/pge_BatchPaymentEntry/screen_MultiplePaymentWizard/screen_SplitPaymentEntry/lst_SplitTypePaymentAgency' is visible

2023-08-06 22:37:26 - [MESSAGE][PASSED] - Object 'Object Repository/BillingCenter/pge_BatchPaymentEntry/screen_MultiplePaymentWizard/screen_SplitPaymentEntry/lst_SplitTypePaymentAgency' is visible

2023-08-06 22:37:26 - [TEST_STEP][PASSED] - selectOptionByLabel(findTestObject("BillingCenter/pge_BatchPaymentEntry/screen_MultiplePaymentWizard/screen_SplitPaymentEntry/lst_SplitTypePaymentAgency"), SplitTypePayment, false, CONTINUE_ON_FAILURE): All options with label 'Payment' are selected in object 'Object Repository/BillingCenter/pge_BatchPaymentEntry/screen_MultiplePaymentWizard/screen_SplitPaymentEntry/lst_SplitTypePaymentAgency' 

2023-08-06 22:37:27 - [MESSAGE][PASSED] - All options with label 'Payment' are selected in object 'Object Repository/BillingCenter/pge_BatchPaymentEntry/screen_MultiplePaymentWizard/screen_SplitPaymentEntry/lst_SplitTypePaymentAgency' 

2023-08-06 22:37:27 - [TEST_STEP][PASSED] - verifyElementVisible(findTestObject("BillingCenter/pge_BatchPaymentEntry/screen_MultiplePaymentWizard/screen_SplitPaymentEntry/txt_SplitAgency")): Object 'Object Repository/BillingCenter/pge_BatchPaymentEntry/screen_MultiplePaymentWizard/screen_SplitPaymentEntry/txt_SplitAgency' is visible

2023-08-06 22:37:27 - [MESSAGE][PASSED] - Object 'Object Repository/BillingCenter/pge_BatchPaymentEntry/screen_MultiplePaymentWizard/screen_SplitPaymentEntry/txt_SplitAgency' is visible

2023-08-06 22:37:27 - [TEST_STEP][PASSED] - setText(findTestObject("BillingCenter/pge_BatchPaymentEntry/screen_MultiplePaymentWizard/screen_SplitPaymentEntry/txt_SplitAgency"), SplitAgency, CONTINUE_ON_FAILURE): Text 'C0010' is set on object 'Object Repository/BillingCenter/pge_BatchPaymentEntry/screen_MultiplePaymentWizard/screen_SplitPaymentEntry/txt_SplitAgency'

2023-08-06 22:37:28 - [MESSAGE][PASSED] - Text 'C0010' is set on object 'Object Repository/BillingCenter/pge_BatchPaymentEntry/screen_MultiplePaymentWizard/screen_SplitPaymentEntry/txt_SplitAgency'

2023-08-06 22:37:28 - [TEST_STEP][PASSED] - sendKeys(findTestObject("BillingCenter/pge_BatchPaymentEntry/screen_MultiplePaymentWizard/screen_SplitPaymentEntry/txt_SplitAgency"), Keys.chord(TAB), CONTINUE_ON_FAILURE): Keys 'TAB + ' sent to object: 'Object Repository/BillingCenter/pge_BatchPaymentEntry/screen_MultiplePaymentWizard/screen_SplitPaymentEntry/txt_SplitAgency'

2023-08-06 22:37:29 - [MESSAGE][PASSED] - Keys 'TAB + ' sent to object: 'Object Repository/BillingCenter/pge_BatchPaymentEntry/screen_MultiplePaymentWizard/screen_SplitPaymentEntry/txt_SplitAgency'

2023-08-06 22:37:29 - [TEST_STEP][PASSED] - verifyElementVisible(findTestObject("BillingCenter/pge_BatchPaymentEntry/screen_MultiplePaymentWizard/screen_SplitPaymentEntry/txt_SplitAgencyAmount")): Object 'Object Repository/BillingCenter/pge_BatchPaymentEntry/screen_MultiplePaymentWizard/screen_SplitPaymentEntry/txt_SplitAgencyAmount' is visible

2023-08-06 22:37:29 - [MESSAGE][PASSED] - Object 'Object Repository/BillingCenter/pge_BatchPaymentEntry/screen_MultiplePaymentWizard/screen_SplitPaymentEntry/txt_SplitAgencyAmount' is visible

2023-08-06 22:37:29 - [TEST_STEP][PASSED] - clearText(findTestObject("BillingCenter/pge_BatchPaymentEntry/screen_MultiplePaymentWizard/screen_SplitPaymentEntry/txt_SplitAgencyAmount")): Text of object 'Object Repository/BillingCenter/pge_BatchPaymentEntry/screen_MultiplePaymentWizard/screen_SplitPaymentEntry/txt_SplitAgencyAmount' is cleared

2023-08-06 22:37:30 - [MESSAGE][PASSED] - Text of object 'Object Repository/BillingCenter/pge_BatchPaymentEntry/screen_MultiplePaymentWizard/screen_SplitPaymentEntry/txt_SplitAgencyAmount' is cleared

2023-08-06 22:37:30 - [TEST_STEP][PASSED] - setText(findTestObject("BillingCenter/pge_BatchPaymentEntry/screen_MultiplePaymentWizard/screen_SplitPaymentEntry/txt_SplitAgencyAmount"), SplitAgencyAmount, CONTINUE_ON_FAILURE): Text '10' is set on object 'Object Repository/BillingCenter/pge_BatchPaymentEntry/screen_MultiplePaymentWizard/screen_SplitPaymentEntry/txt_SplitAgencyAmount'

2023-08-06 22:37:30 - [MESSAGE][PASSED] - Text '10' is set on object 'Object Repository/BillingCenter/pge_BatchPaymentEntry/screen_MultiplePaymentWizard/screen_SplitPaymentEntry/txt_SplitAgencyAmount'

2023-08-06 22:37:30 - [TEST_STEP][PASSED] - sendKeys(findTestObject("BillingCenter/pge_BatchPaymentEntry/screen_MultiplePaymentWizard/screen_SplitPaymentEntry/txt_SplitAgencyAmount"), Keys.chord(TAB)): Keys 'TAB + ' sent to object: 'Object Repository/BillingCenter/pge_BatchPaymentEntry/screen_MultiplePaymentWizard/screen_SplitPaymentEntry/txt_SplitAgencyAmount'

2023-08-06 22:37:31 - [MESSAGE][PASSED] - Keys 'TAB + ' sent to object: 'Object Repository/BillingCenter/pge_BatchPaymentEntry/screen_MultiplePaymentWizard/screen_SplitPaymentEntry/txt_SplitAgencyAmount'

2023-08-06 22:37:31 - [TEST_STEP][PASSED] - verifyElementVisible(findTestObject("BillingCenter/pge_BatchPaymentEntry/screen_MultiplePaymentWizard/screen_SplitPaymentEntry/txt_SplitAgencyDescription"), CONTINUE_ON_FAILURE): Object 'Object Repository/BillingCenter/pge_BatchPaymentEntry/screen_MultiplePaymentWizard/screen_SplitPaymentEntry/txt_SplitAgencyDescription' is visible

2023-08-06 22:37:31 - [MESSAGE][PASSED] - Object 'Object Repository/BillingCenter/pge_BatchPaymentEntry/screen_MultiplePaymentWizard/screen_SplitPaymentEntry/txt_SplitAgencyDescription' is visible

2023-08-06 22:37:31 - [TEST_STEP][PASSED] - setText(findTestObject("BillingCenter/pge_BatchPaymentEntry/screen_MultiplePaymentWizard/screen_SplitPaymentEntry/txt_SplitAgencyDescription"), SplitAgencyDescription, CONTINUE_ON_FAILURE): Text 'Payment on Agency level' is set on object 'Object Repository/BillingCenter/pge_BatchPaymentEntry/screen_MultiplePaymentWizard/screen_SplitPaymentEntry/txt_SplitAgencyDescription'

2023-08-06 22:37:32 - [MESSAGE][PASSED] - Text 'Payment on Agency level' is set on object 'Object Repository/BillingCenter/pge_BatchPaymentEntry/screen_MultiplePaymentWizard/screen_SplitPaymentEntry/txt_SplitAgencyDescription'

2023-08-06 22:37:32 - [TEST_STEP][PASSED] - verifyElementVisible(findTestObject("BillingCenter/pge_BatchPaymentEntry/screen_MultiplePaymentWizard/screen_SplitPaymentEntry/btn_AddSplit"), CONTINUE_ON_FAILURE): Object 'Object Repository/BillingCenter/pge_BatchPaymentEntry/screen_MultiplePaymentWizard/screen_SplitPaymentEntry/btn_AddSplit' is visible

2023-08-06 22:37:32 - [MESSAGE][PASSED] - Object 'Object Repository/BillingCenter/pge_BatchPaymentEntry/screen_MultiplePaymentWizard/screen_SplitPaymentEntry/btn_AddSplit' is visible

2023-08-06 22:37:32 - [TEST_STEP][PASSED] - click(findTestObject("BillingCenter/pge_BatchPaymentEntry/screen_MultiplePaymentWizard/screen_SplitPaymentEntry/btn_AddSplit"), CONTINUE_ON_FAILURE): Object: 'Object Repository/BillingCenter/pge_BatchPaymentEntry/screen_MultiplePaymentWizard/screen_SplitPaymentEntry/btn_AddSplit' is clicked on

2023-08-06 22:37:33 - [MESSAGE][PASSED] - Object: 'Object Repository/BillingCenter/pge_BatchPaymentEntry/screen_MultiplePaymentWizard/screen_SplitPaymentEntry/btn_AddSplit' is clicked on

2023-08-06 22:37:33 - [TEST_STEP][PASSED] - verifyElementVisible(findTestObject("BillingCenter/pge_BatchPaymentEntry/screen_MultiplePaymentWizard/screen_SplitPaymentEntry/lst_SplitTypePaymentAgencyStatement"), CONTINUE_ON_FAILURE): Object 'Object Repository/BillingCenter/pge_BatchPaymentEntry/screen_MultiplePaymentWizard/screen_SplitPaymentEntry/lst_SplitTypePaymentAgencyStatement' is visible

2023-08-06 22:37:34 - [MESSAGE][PASSED] - Object 'Object Repository/BillingCenter/pge_BatchPaymentEntry/screen_MultiplePaymentWizard/screen_SplitPaymentEntry/lst_SplitTypePaymentAgencyStatement' is visible

2023-08-06 22:37:34 - [TEST_STEP][PASSED] - selectOptionByLabel(findTestObject("BillingCenter/pge_BatchPaymentEntry/screen_MultiplePaymentWizard/screen_SplitPaymentEntry/lst_SplitTypePaymentAgencyStatement"), SplitTypePayment, false, CONTINUE_ON_FAILURE): All options with label 'Payment' are selected in object 'Object Repository/BillingCenter/pge_BatchPaymentEntry/screen_MultiplePaymentWizard/screen_SplitPaymentEntry/lst_SplitTypePaymentAgencyStatement' 

2023-08-06 22:37:34 - [MESSAGE][PASSED] - All options with label 'Payment' are selected in object 'Object Repository/BillingCenter/pge_BatchPaymentEntry/screen_MultiplePaymentWizard/screen_SplitPaymentEntry/lst_SplitTypePaymentAgencyStatement' 

2023-08-06 22:37:34 - [TEST_STEP][PASSED] - verifyElementVisible(findTestObject("BillingCenter/pge_BatchPaymentEntry/screen_MultiplePaymentWizard/screen_SplitPaymentEntry/txt_SplitAgencyCode_ABStatement")): Object 'Object Repository/BillingCenter/pge_BatchPaymentEntry/screen_MultiplePaymentWizard/screen_SplitPaymentEntry/txt_SplitAgencyCode_ABStatement' is visible

2023-08-06 22:37:35 - [MESSAGE][PASSED] - Object 'Object Repository/BillingCenter/pge_BatchPaymentEntry/screen_MultiplePaymentWizard/screen_SplitPaymentEntry/txt_SplitAgencyCode_ABStatement' is visible

2023-08-06 22:37:35 - [TEST_STEP][PASSED] - setText(findTestObject("BillingCenter/pge_BatchPaymentEntry/screen_MultiplePaymentWizard/screen_SplitPaymentEntry/txt_SplitAgencyCode_ABStatement"), SplitAgency, CONTINUE_ON_FAILURE): Text 'C0010' is set on object 'Object Repository/BillingCenter/pge_BatchPaymentEntry/screen_MultiplePaymentWizard/screen_SplitPaymentEntry/txt_SplitAgencyCode_ABStatement'

2023-08-06 22:37:36 - [MESSAGE][PASSED] - Text 'C0010' is set on object 'Object Repository/BillingCenter/pge_BatchPaymentEntry/screen_MultiplePaymentWizard/screen_SplitPaymentEntry/txt_SplitAgencyCode_ABStatement'

2023-08-06 22:37:36 - [TEST_STEP][PASSED] - sendKeys(findTestObject("BillingCenter/pge_BatchPaymentEntry/screen_MultiplePaymentWizard/screen_SplitPaymentEntry/txt_SplitAgencyCode_ABStatement"), Keys.chord(TAB), CONTINUE_ON_FAILURE): Keys 'TAB + ' sent to object: 'Object Repository/BillingCenter/pge_BatchPaymentEntry/screen_MultiplePaymentWizard/screen_SplitPaymentEntry/txt_SplitAgencyCode_ABStatement'

2023-08-06 22:37:36 - [MESSAGE][PASSED] - Keys 'TAB + ' sent to object: 'Object Repository/BillingCenter/pge_BatchPaymentEntry/screen_MultiplePaymentWizard/screen_SplitPaymentEntry/txt_SplitAgencyCode_ABStatement'

2023-08-06 22:37:36 - [TEST_STEP][PASSED] - verifyElementVisible(findTestObject("BillingCenter/pge_BatchPaymentEntry/screen_MultiplePaymentWizard/screen_SplitPaymentEntry/txt_SplitAgencyStatement")): Object 'Object Repository/BillingCenter/pge_BatchPaymentEntry/screen_MultiplePaymentWizard/screen_SplitPaymentEntry/txt_SplitAgencyStatement' is visible

2023-08-06 22:37:37 - [MESSAGE][PASSED] - Object 'Object Repository/BillingCenter/pge_BatchPaymentEntry/screen_MultiplePaymentWizard/screen_SplitPaymentEntry/txt_SplitAgencyStatement' is visible

2023-08-06 22:37:37 - [TEST_STEP][PASSED] - setText(findTestObject("BillingCenter/pge_BatchPaymentEntry/screen_MultiplePaymentWizard/screen_SplitPaymentEntry/txt_SplitAgencyStatement"), SplitAgencyStatement, CONTINUE_ON_FAILURE): Text '7000000111' is set on object 'Object Repository/BillingCenter/pge_BatchPaymentEntry/screen_MultiplePaymentWizard/screen_SplitPaymentEntry/txt_SplitAgencyStatement'

2023-08-06 22:37:37 - [MESSAGE][PASSED] - Text '7000000111' is set on object 'Object Repository/BillingCenter/pge_BatchPaymentEntry/screen_MultiplePaymentWizard/screen_SplitPaymentEntry/txt_SplitAgencyStatement'

2023-08-06 22:37:37 - [TEST_STEP][PASSED] - sendKeys(findTestObject("BillingCenter/pge_BatchPaymentEntry/screen_MultiplePaymentWizard/screen_SplitPaymentEntry/txt_SplitAgencyStatement"), Keys.chord(TAB), CONTINUE_ON_FAILURE): Keys 'TAB + ' sent to object: 'Object Repository/BillingCenter/pge_BatchPaymentEntry/screen_MultiplePaymentWizard/screen_SplitPaymentEntry/txt_SplitAgencyStatement'

2023-08-06 22:37:38 - [MESSAGE][PASSED] - Keys 'TAB + ' sent to object: 'Object Repository/BillingCenter/pge_BatchPaymentEntry/screen_MultiplePaymentWizard/screen_SplitPaymentEntry/txt_SplitAgencyStatement'

2023-08-06 22:37:38 - [TEST_STEP][PASSED] - verifyElementVisible(findTestObject("BillingCenter/pge_BatchPaymentEntry/screen_MultiplePaymentWizard/screen_SplitPaymentEntry/txt_SplitAgencyStatementAmount")): Object 'Object Repository/BillingCenter/pge_BatchPaymentEntry/screen_MultiplePaymentWizard/screen_SplitPaymentEntry/txt_SplitAgencyStatementAmount' is visible

2023-08-06 22:37:38 - [MESSAGE][PASSED] - Object 'Object Repository/BillingCenter/pge_BatchPaymentEntry/screen_MultiplePaymentWizard/screen_SplitPaymentEntry/txt_SplitAgencyStatementAmount' is visible

2023-08-06 22:37:38 - [TEST_STEP][PASSED] - clearText(findTestObject("BillingCenter/pge_BatchPaymentEntry/screen_MultiplePaymentWizard/screen_SplitPaymentEntry/txt_SplitAgencyStatementAmount")): Text of object 'Object Repository/BillingCenter/pge_BatchPaymentEntry/screen_MultiplePaymentWizard/screen_SplitPaymentEntry/txt_SplitAgencyStatementAmount' is cleared

2023-08-06 22:37:39 - [MESSAGE][PASSED] - Text of object 'Object Repository/BillingCenter/pge_BatchPaymentEntry/screen_MultiplePaymentWizard/screen_SplitPaymentEntry/txt_SplitAgencyStatementAmount' is cleared

2023-08-06 22:37:39 - [TEST_STEP][PASSED] - setText(findTestObject("BillingCenter/pge_BatchPaymentEntry/screen_MultiplePaymentWizard/screen_SplitPaymentEntry/txt_SplitAgencyStatementAmount"), SplitAgencyAmount, CONTINUE_ON_FAILURE): Text '10' is set on object 'Object Repository/BillingCenter/pge_BatchPaymentEntry/screen_MultiplePaymentWizard/screen_SplitPaymentEntry/txt_SplitAgencyStatementAmount'

2023-08-06 22:37:39 - [MESSAGE][PASSED] - Text '10' is set on object 'Object Repository/BillingCenter/pge_BatchPaymentEntry/screen_MultiplePaymentWizard/screen_SplitPaymentEntry/txt_SplitAgencyStatementAmount'

2023-08-06 22:37:39 - [TEST_STEP][PASSED] - sendKeys(findTestObject("BillingCenter/pge_BatchPaymentEntry/screen_MultiplePaymentWizard/screen_SplitPaymentEntry/txt_SplitAgencyStatementAmount"), Keys.chord(TAB)): Keys 'TAB + ' sent to object: 'Object Repository/BillingCenter/pge_BatchPaymentEntry/screen_MultiplePaymentWizard/screen_SplitPaymentEntry/txt_SplitAgencyStatementAmount'

2023-08-06 22:37:40 - [MESSAGE][PASSED] - Keys 'TAB + ' sent to object: 'Object Repository/BillingCenter/pge_BatchPaymentEntry/screen_MultiplePaymentWizard/screen_SplitPaymentEntry/txt_SplitAgencyStatementAmount'

2023-08-06 22:37:40 - [TEST_STEP][PASSED] - verifyElementVisible(findTestObject("BillingCenter/pge_BatchPaymentEntry/screen_MultiplePaymentWizard/screen_SplitPaymentEntry/txt_SplitAgencyStatementDescription"), CONTINUE_ON_FAILURE): Object 'Object Repository/BillingCenter/pge_BatchPaymentEntry/screen_MultiplePaymentWizard/screen_SplitPaymentEntry/txt_SplitAgencyStatementDescription' is visible

2023-08-06 22:37:40 - [MESSAGE][PASSED] - Object 'Object Repository/BillingCenter/pge_BatchPaymentEntry/screen_MultiplePaymentWizard/screen_SplitPaymentEntry/txt_SplitAgencyStatementDescription' is visible

2023-08-06 22:37:40 - [TEST_STEP][PASSED] - setText(findTestObject("BillingCenter/pge_BatchPaymentEntry/screen_MultiplePaymentWizard/screen_SplitPaymentEntry/txt_SplitAgencyStatementDescription"), SplitAgencyStatementDescription, CONTINUE_ON_FAILURE): Text 'Payment on Agency Statement level' is set on object 'Object Repository/BillingCenter/pge_BatchPaymentEntry/screen_MultiplePaymentWizard/screen_SplitPaymentEntry/txt_SplitAgencyStatementDescription'

2023-08-06 22:37:41 - [MESSAGE][PASSED] - Text 'Payment on Agency Statement level' is set on object 'Object Repository/BillingCenter/pge_BatchPaymentEntry/screen_MultiplePaymentWizard/screen_SplitPaymentEntry/txt_SplitAgencyStatementDescription'

2023-08-06 22:37:41 - [TEST_STEP][PASSED] - verifyElementVisible(findTestObject("BillingCenter/pge_BatchPaymentEntry/screen_MultiplePaymentWizard/screen_SplitPaymentEntry/btn_AddSplit"), CONTINUE_ON_FAILURE): Object 'Object Repository/BillingCenter/pge_BatchPaymentEntry/screen_MultiplePaymentWizard/screen_SplitPaymentEntry/btn_AddSplit' is visible

2023-08-06 22:37:41 - [MESSAGE][PASSED] - Object 'Object Repository/BillingCenter/pge_BatchPaymentEntry/screen_MultiplePaymentWizard/screen_SplitPaymentEntry/btn_AddSplit' is visible

2023-08-06 22:37:41 - [TEST_STEP][PASSED] - click(findTestObject("BillingCenter/pge_BatchPaymentEntry/screen_MultiplePaymentWizard/screen_SplitPaymentEntry/btn_AddSplit"), CONTINUE_ON_FAILURE): Object: 'Object Repository/BillingCenter/pge_BatchPaymentEntry/screen_MultiplePaymentWizard/screen_SplitPaymentEntry/btn_AddSplit' is clicked on

2023-08-06 22:37:42 - [MESSAGE][PASSED] - Object: 'Object Repository/BillingCenter/pge_BatchPaymentEntry/screen_MultiplePaymentWizard/screen_SplitPaymentEntry/btn_AddSplit' is clicked on

2023-08-06 22:37:42 - [TEST_STEP][PASSED] - verifyElementVisible(findTestObject("BillingCenter/pge_BatchPaymentEntry/screen_MultiplePaymentWizard/screen_SplitPaymentEntry/lst_SplitTypePaymentAgencyDBComm"), CONTINUE_ON_FAILURE): Object 'Object Repository/BillingCenter/pge_BatchPaymentEntry/screen_MultiplePaymentWizard/screen_SplitPaymentEntry/lst_SplitTypePaymentAgencyDBComm' is visible

2023-08-06 22:37:43 - [MESSAGE][PASSED] - Object 'Object Repository/BillingCenter/pge_BatchPaymentEntry/screen_MultiplePaymentWizard/screen_SplitPaymentEntry/lst_SplitTypePaymentAgencyDBComm' is visible

2023-08-06 22:37:43 - [TEST_STEP][PASSED] - selectOptionByLabel(findTestObject("BillingCenter/pge_BatchPaymentEntry/screen_MultiplePaymentWizard/screen_SplitPaymentEntry/lst_SplitTypePaymentAgencyDBComm"), SplitTypePayment, false, CONTINUE_ON_FAILURE): All options with label 'Payment' are selected in object 'Object Repository/BillingCenter/pge_BatchPaymentEntry/screen_MultiplePaymentWizard/screen_SplitPaymentEntry/lst_SplitTypePaymentAgencyDBComm' 

2023-08-06 22:37:43 - [MESSAGE][PASSED] - All options with label 'Payment' are selected in object 'Object Repository/BillingCenter/pge_BatchPaymentEntry/screen_MultiplePaymentWizard/screen_SplitPaymentEntry/lst_SplitTypePaymentAgencyDBComm' 

2023-08-06 22:37:43 - [TEST_STEP][PASSED] - verifyElementVisible(findTestObject("BillingCenter/pge_BatchPaymentEntry/screen_MultiplePaymentWizard/screen_SplitPaymentEntry/txt_SplitAgencyCode_DBStatement")): Object 'Object Repository/BillingCenter/pge_BatchPaymentEntry/screen_MultiplePaymentWizard/screen_SplitPaymentEntry/txt_SplitAgencyCode_DBStatement' is visible

2023-08-06 22:37:44 - [MESSAGE][PASSED] - Object 'Object Repository/BillingCenter/pge_BatchPaymentEntry/screen_MultiplePaymentWizard/screen_SplitPaymentEntry/txt_SplitAgencyCode_DBStatement' is visible

2023-08-06 22:37:44 - [TEST_STEP][PASSED] - setText(findTestObject("BillingCenter/pge_BatchPaymentEntry/screen_MultiplePaymentWizard/screen_SplitPaymentEntry/txt_SplitAgencyCode_DBStatement"), SplitAgency, CONTINUE_ON_FAILURE): Text 'C0010' is set on object 'Object Repository/BillingCenter/pge_BatchPaymentEntry/screen_MultiplePaymentWizard/screen_SplitPaymentEntry/txt_SplitAgencyCode_DBStatement'

2023-08-06 22:37:45 - [MESSAGE][PASSED] - Text 'C0010' is set on object 'Object Repository/BillingCenter/pge_BatchPaymentEntry/screen_MultiplePaymentWizard/screen_SplitPaymentEntry/txt_SplitAgencyCode_DBStatement'

2023-08-06 22:37:45 - [TEST_STEP][PASSED] - sendKeys(findTestObject("BillingCenter/pge_BatchPaymentEntry/screen_MultiplePaymentWizard/screen_SplitPaymentEntry/txt_SplitAgencyCode_DBStatement"), Keys.chord(TAB), CONTINUE_ON_FAILURE): Keys 'TAB + ' sent to object: 'Object Repository/BillingCenter/pge_BatchPaymentEntry/screen_MultiplePaymentWizard/screen_SplitPaymentEntry/txt_SplitAgencyCode_DBStatement'

2023-08-06 22:37:45 - [MESSAGE][PASSED] - Keys 'TAB + ' sent to object: 'Object Repository/BillingCenter/pge_BatchPaymentEntry/screen_MultiplePaymentWizard/screen_SplitPaymentEntry/txt_SplitAgencyCode_DBStatement'

2023-08-06 22:37:45 - [TEST_STEP][PASSED] - verifyElementVisible(findTestObject("BillingCenter/pge_BatchPaymentEntry/screen_MultiplePaymentWizard/screen_SplitPaymentEntry/chk_SplitAgencyDBComm")): Object 'Object Repository/BillingCenter/pge_BatchPaymentEntry/screen_MultiplePaymentWizard/screen_SplitPaymentEntry/chk_SplitAgencyDBComm' is visible

2023-08-06 22:37:46 - [MESSAGE][PASSED] - Object 'Object Repository/BillingCenter/pge_BatchPaymentEntry/screen_MultiplePaymentWizard/screen_SplitPaymentEntry/chk_SplitAgencyDBComm' is visible

2023-08-06 22:37:46 - [TEST_STEP][PASSED] - check(findTestObject("BillingCenter/pge_BatchPaymentEntry/screen_MultiplePaymentWizard/screen_SplitPaymentEntry/chk_SplitAgencyDBComm")): Object 'Object Repository/BillingCenter/pge_BatchPaymentEntry/screen_MultiplePaymentWizard/screen_SplitPaymentEntry/chk_SplitAgencyDBComm' is checked

2023-08-06 22:37:46 - [MESSAGE][PASSED] - Object 'Object Repository/BillingCenter/pge_BatchPaymentEntry/screen_MultiplePaymentWizard/screen_SplitPaymentEntry/chk_SplitAgencyDBComm' is checked

2023-08-06 22:37:46 - [TEST_STEP][PASSED] - verifyElementChecked(findTestObject("BillingCenter/pge_BatchPaymentEntry/screen_MultiplePaymentWizard/screen_SplitPaymentEntry/chk_SplitAgencyDBComm"), 0, CONTINUE_ON_FAILURE): Object 'Object Repository/BillingCenter/pge_BatchPaymentEntry/screen_MultiplePaymentWizard/screen_SplitPaymentEntry/chk_SplitAgencyDBComm' is checked

2023-08-06 22:37:46 - [MESSAGE][WARNING] - Timeout '0' is invalid. Using default page load timeout: '2'

2023-08-06 22:37:47 - [MESSAGE][PASSED] - Object 'Object Repository/BillingCenter/pge_BatchPaymentEntry/screen_MultiplePaymentWizard/screen_SplitPaymentEntry/chk_SplitAgencyDBComm' is checked

2023-08-06 22:37:47 - [TEST_STEP][PASSED] - verifyElementVisible(findTestObject("BillingCenter/pge_BatchPaymentEntry/screen_MultiplePaymentWizard/screen_SplitPaymentEntry/txt_SplitAgencyDBCommAmount")): Object 'Object Repository/BillingCenter/pge_BatchPaymentEntry/screen_MultiplePaymentWizard/screen_SplitPaymentEntry/txt_SplitAgencyDBCommAmount' is visible

2023-08-06 22:37:47 - [MESSAGE][PASSED] - Object 'Object Repository/BillingCenter/pge_BatchPaymentEntry/screen_MultiplePaymentWizard/screen_SplitPaymentEntry/txt_SplitAgencyDBCommAmount' is visible

2023-08-06 22:37:47 - [TEST_STEP][PASSED] - clearText(findTestObject("BillingCenter/pge_BatchPaymentEntry/screen_MultiplePaymentWizard/screen_SplitPaymentEntry/txt_SplitAgencyDBCommAmount")): Text of object 'Object Repository/BillingCenter/pge_BatchPaymentEntry/screen_MultiplePaymentWizard/screen_SplitPaymentEntry/txt_SplitAgencyDBCommAmount' is cleared

2023-08-06 22:37:47 - [MESSAGE][PASSED] - Text of object 'Object Repository/BillingCenter/pge_BatchPaymentEntry/screen_MultiplePaymentWizard/screen_SplitPaymentEntry/txt_SplitAgencyDBCommAmount' is cleared

2023-08-06 22:37:47 - [TEST_STEP][PASSED] - setText(findTestObject("BillingCenter/pge_BatchPaymentEntry/screen_MultiplePaymentWizard/screen_SplitPaymentEntry/txt_SplitAgencyDBCommAmount"), SplitAgencyDBCommAmount, CONTINUE_ON_FAILURE): Text '10' is set on object 'Object Repository/BillingCenter/pge_BatchPaymentEntry/screen_MultiplePaymentWizard/screen_SplitPaymentEntry/txt_SplitAgencyDBCommAmount'

2023-08-06 22:37:48 - [MESSAGE][PASSED] - Text '10' is set on object 'Object Repository/BillingCenter/pge_BatchPaymentEntry/screen_MultiplePaymentWizard/screen_SplitPaymentEntry/txt_SplitAgencyDBCommAmount'

2023-08-06 22:37:48 - [TEST_STEP][PASSED] - sendKeys(findTestObject("BillingCenter/pge_BatchPaymentEntry/screen_MultiplePaymentWizard/screen_SplitPaymentEntry/txt_SplitAgencyDBCommAmount"), Keys.chord(TAB)): Keys 'TAB + ' sent to object: 'Object Repository/BillingCenter/pge_BatchPaymentEntry/screen_MultiplePaymentWizard/screen_SplitPaymentEntry/txt_SplitAgencyDBCommAmount'

2023-08-06 22:37:49 - [MESSAGE][PASSED] - Keys 'TAB + ' sent to object: 'Object Repository/BillingCenter/pge_BatchPaymentEntry/screen_MultiplePaymentWizard/screen_SplitPaymentEntry/txt_SplitAgencyDBCommAmount'

2023-08-06 22:37:49 - [TEST_STEP][PASSED] - verifyElementVisible(findTestObject("BillingCenter/pge_BatchPaymentEntry/screen_MultiplePaymentWizard/screen_SplitPaymentEntry/txt_SplitAgencyDBCommDescription"), CONTINUE_ON_FAILURE): Object 'Object Repository/BillingCenter/pge_BatchPaymentEntry/screen_MultiplePaymentWizard/screen_SplitPaymentEntry/txt_SplitAgencyDBCommDescription' is visible

2023-08-06 22:37:49 - [MESSAGE][PASSED] - Object 'Object Repository/BillingCenter/pge_BatchPaymentEntry/screen_MultiplePaymentWizard/screen_SplitPaymentEntry/txt_SplitAgencyDBCommDescription' is visible

2023-08-06 22:37:49 - [TEST_STEP][PASSED] - setText(findTestObject("BillingCenter/pge_BatchPaymentEntry/screen_MultiplePaymentWizard/screen_SplitPaymentEntry/txt_SplitAgencyDBCommDescription"), SplitAgencyDBCommDescription, CONTINUE_ON_FAILURE): Text 'Payment on Agency DB Commission' is set on object 'Object Repository/BillingCenter/pge_BatchPaymentEntry/screen_MultiplePaymentWizard/screen_SplitPaymentEntry/txt_SplitAgencyDBCommDescription'

2023-08-06 22:37:50 - [MESSAGE][PASSED] - Text 'Payment on Agency DB Commission' is set on object 'Object Repository/BillingCenter/pge_BatchPaymentEntry/screen_MultiplePaymentWizard/screen_SplitPaymentEntry/txt_SplitAgencyDBCommDescription'

2023-08-06 22:37:50 - [TEST_STEP][PASSED] - verifyElementVisible(findTestObject("BillingCenter/pge_BatchPaymentEntry/screen_MultiplePaymentWizard/screen_SplitPaymentEntry/btn_AddSplit"), CONTINUE_ON_FAILURE): Object 'Object Repository/BillingCenter/pge_BatchPaymentEntry/screen_MultiplePaymentWizard/screen_SplitPaymentEntry/btn_AddSplit' is visible

2023-08-06 22:37:50 - [MESSAGE][PASSED] - Object 'Object Repository/BillingCenter/pge_BatchPaymentEntry/screen_MultiplePaymentWizard/screen_SplitPaymentEntry/btn_AddSplit' is visible

2023-08-06 22:37:50 - [TEST_STEP][PASSED] - click(findTestObject("BillingCenter/pge_BatchPaymentEntry/screen_MultiplePaymentWizard/screen_SplitPaymentEntry/btn_AddSplit"), CONTINUE_ON_FAILURE): Object: 'Object Repository/BillingCenter/pge_BatchPaymentEntry/screen_MultiplePaymentWizard/screen_SplitPaymentEntry/btn_AddSplit' is clicked on

2023-08-06 22:37:51 - [MESSAGE][PASSED] - Object: 'Object Repository/BillingCenter/pge_BatchPaymentEntry/screen_MultiplePaymentWizard/screen_SplitPaymentEntry/btn_AddSplit' is clicked on

2023-08-06 22:37:51 - [TEST_STEP][PASSED] - verifyElementVisible(findTestObject("BillingCenter/pge_BatchPaymentEntry/screen_MultiplePaymentWizard/screen_SplitPaymentEntry/lst_SplitTypeSuspense"), CONTINUE_ON_FAILURE): Object 'Object Repository/BillingCenter/pge_BatchPaymentEntry/screen_MultiplePaymentWizard/screen_SplitPaymentEntry/lst_SplitTypeSuspense' is visible

2023-08-06 22:37:51 - [MESSAGE][PASSED] - Object 'Object Repository/BillingCenter/pge_BatchPaymentEntry/screen_MultiplePaymentWizard/screen_SplitPaymentEntry/lst_SplitTypeSuspense' is visible

2023-08-06 22:37:51 - [TEST_STEP][PASSED] - selectOptionByLabel(findTestObject("BillingCenter/pge_BatchPaymentEntry/screen_MultiplePaymentWizard/screen_SplitPaymentEntry/lst_SplitTypeSuspense"), SplitTypeSuspense, false, CONTINUE_ON_FAILURE): All options with label 'Suspense' are selected in object 'Object Repository/BillingCenter/pge_BatchPaymentEntry/screen_MultiplePaymentWizard/screen_SplitPaymentEntry/lst_SplitTypeSuspense' 

2023-08-06 22:37:52 - [MESSAGE][PASSED] - All options with label 'Suspense' are selected in object 'Object Repository/BillingCenter/pge_BatchPaymentEntry/screen_MultiplePaymentWizard/screen_SplitPaymentEntry/lst_SplitTypeSuspense' 

2023-08-06 22:37:52 - [TEST_STEP][PASSED] - verifyElementVisible(findTestObject("BillingCenter/pge_BatchPaymentEntry/screen_MultiplePaymentWizard/screen_SplitPaymentEntry/txt_SplitSuspenseAmount")): Object 'Object Repository/BillingCenter/pge_BatchPaymentEntry/screen_MultiplePaymentWizard/screen_SplitPaymentEntry/txt_SplitSuspenseAmount' is visible

2023-08-06 22:37:53 - [MESSAGE][PASSED] - Object 'Object Repository/BillingCenter/pge_BatchPaymentEntry/screen_MultiplePaymentWizard/screen_SplitPaymentEntry/txt_SplitSuspenseAmount' is visible

2023-08-06 22:37:53 - [TEST_STEP][PASSED] - clearText(findTestObject("BillingCenter/pge_BatchPaymentEntry/screen_MultiplePaymentWizard/screen_SplitPaymentEntry/txt_SplitSuspenseAmount")): Text of object 'Object Repository/BillingCenter/pge_BatchPaymentEntry/screen_MultiplePaymentWizard/screen_SplitPaymentEntry/txt_SplitSuspenseAmount' is cleared

2023-08-06 22:37:53 - [MESSAGE][PASSED] - Text of object 'Object Repository/BillingCenter/pge_BatchPaymentEntry/screen_MultiplePaymentWizard/screen_SplitPaymentEntry/txt_SplitSuspenseAmount' is cleared

2023-08-06 22:37:53 - [TEST_STEP][PASSED] - setText(findTestObject("BillingCenter/pge_BatchPaymentEntry/screen_MultiplePaymentWizard/screen_SplitPaymentEntry/txt_SplitSuspenseAmount"), SplitSuspenseAmount, CONTINUE_ON_FAILURE): Text '10' is set on object 'Object Repository/BillingCenter/pge_BatchPaymentEntry/screen_MultiplePaymentWizard/screen_SplitPaymentEntry/txt_SplitSuspenseAmount'

2023-08-06 22:37:54 - [MESSAGE][PASSED] - Text '10' is set on object 'Object Repository/BillingCenter/pge_BatchPaymentEntry/screen_MultiplePaymentWizard/screen_SplitPaymentEntry/txt_SplitSuspenseAmount'

2023-08-06 22:37:54 - [TEST_STEP][PASSED] - sendKeys(findTestObject("BillingCenter/pge_BatchPaymentEntry/screen_MultiplePaymentWizard/screen_SplitPaymentEntry/txt_SplitSuspenseAmount"), Keys.chord(TAB)): Keys 'TAB + ' sent to object: 'Object Repository/BillingCenter/pge_BatchPaymentEntry/screen_MultiplePaymentWizard/screen_SplitPaymentEntry/txt_SplitSuspenseAmount'

2023-08-06 22:37:54 - [MESSAGE][PASSED] - Keys 'TAB + ' sent to object: 'Object Repository/BillingCenter/pge_BatchPaymentEntry/screen_MultiplePaymentWizard/screen_SplitPaymentEntry/txt_SplitSuspenseAmount'

2023-08-06 22:37:54 - [TEST_STEP][PASSED] - verifyElementVisible(findTestObject("BillingCenter/pge_BatchPaymentEntry/screen_MultiplePaymentWizard/screen_SplitPaymentEntry/txt_SplitSuspenseDescription"), CONTINUE_ON_FAILURE): Object 'Object Repository/BillingCenter/pge_BatchPaymentEntry/screen_MultiplePaymentWizard/screen_SplitPaymentEntry/txt_SplitSuspenseDescription' is visible

2023-08-06 22:37:55 - [MESSAGE][PASSED] - Object 'Object Repository/BillingCenter/pge_BatchPaymentEntry/screen_MultiplePaymentWizard/screen_SplitPaymentEntry/txt_SplitSuspenseDescription' is visible

2023-08-06 22:37:55 - [TEST_STEP][PASSED] - setText(findTestObject("BillingCenter/pge_BatchPaymentEntry/screen_MultiplePaymentWizard/screen_SplitPaymentEntry/txt_SplitSuspenseDescription"), SplitSuspenseDescription, CONTINUE_ON_FAILURE): Text 'Payment on suspense level' is set on object 'Object Repository/BillingCenter/pge_BatchPaymentEntry/screen_MultiplePaymentWizard/screen_SplitPaymentEntry/txt_SplitSuspenseDescription'

2023-08-06 22:37:56 - [MESSAGE][PASSED] - Text 'Payment on suspense level' is set on object 'Object Repository/BillingCenter/pge_BatchPaymentEntry/screen_MultiplePaymentWizard/screen_SplitPaymentEntry/txt_SplitSuspenseDescription'

2023-08-06 22:37:56 - [TEST_STEP][PASSED] - verifyElementVisible(findTestObject("BillingCenter/pge_BatchPaymentEntry/screen_MultiplePaymentWizard/screen_SplitPaymentEntry/btn_SplitOK"), CONTINUE_ON_FAILURE): Object 'Object Repository/BillingCenter/pge_BatchPaymentEntry/screen_MultiplePaymentWizard/screen_SplitPaymentEntry/btn_SplitOK' is visible

2023-08-06 22:37:56 - [MESSAGE][PASSED] - Object 'Object Repository/BillingCenter/pge_BatchPaymentEntry/screen_MultiplePaymentWizard/screen_SplitPaymentEntry/btn_SplitOK' is visible

2023-08-06 22:37:56 - [TEST_STEP][PASSED] - click(findTestObject("BillingCenter/pge_BatchPaymentEntry/screen_MultiplePaymentWizard/screen_SplitPaymentEntry/btn_SplitOK"), CONTINUE_ON_FAILURE): Object: 'Object Repository/BillingCenter/pge_BatchPaymentEntry/screen_MultiplePaymentWizard/screen_SplitPaymentEntry/btn_SplitOK' is clicked on

2023-08-06 22:37:56 - [MESSAGE][PASSED] - Object: 'Object Repository/BillingCenter/pge_BatchPaymentEntry/screen_MultiplePaymentWizard/screen_SplitPaymentEntry/btn_SplitOK' is clicked on

2023-08-06 22:37:56 - [TEST_STEP][PASSED] - waitForElementVisible(findTestObject("BillingCenter/pge_BatchPaymentEntry/screen_MultiplePaymentWizard/btn_Next"), 7, CONTINUE_ON_FAILURE): Object 'Object Repository/BillingCenter/pge_BatchPaymentEntry/screen_MultiplePaymentWizard/btn_Next' is visible

2023-08-06 22:37:58 - [MESSAGE][PASSED] - Object 'Object Repository/BillingCenter/pge_BatchPaymentEntry/screen_MultiplePaymentWizard/btn_Next' is visible

2023-08-06 22:37:58 - [TEST_STEP][PASSED] - click(findTestObject("BillingCenter/pge_BatchPaymentEntry/screen_MultiplePaymentWizard/btn_Next"), CONTINUE_ON_FAILURE): Object: 'Object Repository/BillingCenter/pge_BatchPaymentEntry/screen_MultiplePaymentWizard/btn_Next' is clicked on

2023-08-06 22:37:58 - [MESSAGE][PASSED] - Object: 'Object Repository/BillingCenter/pge_BatchPaymentEntry/screen_MultiplePaymentWizard/btn_Next' is clicked on

2023-08-06 22:37:58 - [TEST_STEP][PASSED] - BatchNumber = getText(findTestObject("BillingCenter/pge_BatchPaymentEntry/screen_MultiplePaymentWizard/val_BatchNumber"), CONTINUE_ON_FAILURE): Text of object 'Object Repository/BillingCenter/pge_BatchPaymentEntry/screen_MultiplePaymentWizard/val_BatchNumber' is: 'BA07172026-1404'

2023-08-06 22:37:59 - [MESSAGE][PASSED] - Text of object 'Object Repository/BillingCenter/pge_BatchPaymentEntry/screen_MultiplePaymentWizard/val_BatchNumber' is: 'BA07172026-1404'

2023-08-06 22:37:59 - [TEST_STEP][PASSED] - comment("Posted Payment Batch Number " + BatchNumber): Posted Payment Batch Number BA07172026-1404

2023-08-06 22:37:59 - [MESSAGE][INFO] - Posted Payment Batch Number BA07172026-1404

2023-08-06 22:37:59 - [TEST_STEP][PASSED] - CheckRef = getText(findTestObject("BillingCenter/pge_BatchPaymentEntry/screen_MultiplePaymentWizard/val_CheckRef"), CONTINUE_ON_FAILURE): Text of object 'Object Repository/BillingCenter/pge_BatchPaymentEntry/screen_MultiplePaymentWizard/val_CheckRef' is: '9887765432'

2023-08-06 22:37:59 - [MESSAGE][PASSED] - Text of object 'Object Repository/BillingCenter/pge_BatchPaymentEntry/screen_MultiplePaymentWizard/val_CheckRef' is: '9887765432'

2023-08-06 22:37:59 - [TEST_STEP][PASSED] - comment("Posted Payment CheckRef Number " + CheckRef): Posted Payment CheckRef Number 9887765432

2023-08-06 22:37:59 - [MESSAGE][INFO] - Posted Payment CheckRef Number 9887765432

2023-08-06 22:37:59 - [TEST_STEP][PASSED] - click(findTestObject("BillingCenter/pge_BatchPaymentEntry/screen_MultiplePaymentWizard/btn_Post"), CONTINUE_ON_FAILURE): Object: 'Object Repository/BillingCenter/pge_BatchPaymentEntry/screen_MultiplePaymentWizard/btn_Post' is clicked on

2023-08-06 22:38:00 - [MESSAGE][PASSED] - Object: 'Object Repository/BillingCenter/pge_BatchPaymentEntry/screen_MultiplePaymentWizard/btn_Post' is clicked on

2023-08-06 22:38:00 - [TEST_STEP][PASSED] - verifyElementPresent(findTestObject("BillingCenter/pge_BatchPaymentEntry/screen_BatchJobs/fld_GoTo_Quickjump"), 0, CONTINUE_ON_FAILURE): Object 'Object Repository/BillingCenter/pge_BatchPaymentEntry/screen_BatchJobs/fld_GoTo_Quickjump' is present

2023-08-06 22:38:00 - [MESSAGE][WARNING] - Timeout '0' is invalid. Using default page load timeout: '2'

2023-08-06 22:38:00 - [MESSAGE][PASSED] - Object 'Object Repository/BillingCenter/pge_BatchPaymentEntry/screen_BatchJobs/fld_GoTo_Quickjump' is present

2023-08-06 22:38:00 - [TEST_STEP][PASSED] - sendKeys(findTestObject("BillingCenter/pge_BatchPaymentEntry/screen_BatchJobs/fld_GoTo_Quickjump"), "runBatchProcess PostBatchPayment_sp", CONTINUE_ON_FAILURE): Keys 'runBatchProcess PostBatchPayment_sp' sent to object: 'Object Repository/BillingCenter/pge_BatchPaymentEntry/screen_BatchJobs/fld_GoTo_Quickjump'

2023-08-06 22:38:01 - [MESSAGE][PASSED] - Keys 'runBatchProcess PostBatchPayment_sp' sent to object: 'Object Repository/BillingCenter/pge_BatchPaymentEntry/screen_BatchJobs/fld_GoTo_Quickjump'

2023-08-06 22:38:01 - [TEST_STEP][PASSED] - sendKeys(findTestObject("BillingCenter/pge_BatchPaymentEntry/screen_BatchJobs/fld_GoTo_Quickjump"), Keys.chord(ENTER), CONTINUE_ON_FAILURE): Keys 'ENTER + ' sent to object: 'Object Repository/BillingCenter/pge_BatchPaymentEntry/screen_BatchJobs/fld_GoTo_Quickjump'

2023-08-06 22:38:01 - [MESSAGE][PASSED] - Keys 'ENTER + ' sent to object: 'Object Repository/BillingCenter/pge_BatchPaymentEntry/screen_BatchJobs/fld_GoTo_Quickjump'

2023-08-06 22:38:01 - [TEST_STEP][PASSED] - click(findTestObject("BillingCenter/pge_BatchPaymentEntry/screen_Verify_PostedPayments/lbl_DesktopOption"), CONTINUE_ON_FAILURE): Object: 'Object Repository/BillingCenter/pge_BatchPaymentEntry/screen_Verify_PostedPayments/lbl_DesktopOption' is clicked on

2023-08-06 22:38:02 - [MESSAGE][PASSED] - Object: 'Object Repository/BillingCenter/pge_BatchPaymentEntry/screen_Verify_PostedPayments/lbl_DesktopOption' is clicked on

2023-08-06 22:38:02 - [TEST_STEP][PASSED] - verifyElementVisible(findTestObject("BillingCenter/pge_BatchPaymentEntry/screen_MultiplePaymentWizard/opt_SuspensepPayment"), CONTINUE_ON_FAILURE): Object 'Object Repository/BillingCenter/pge_BatchPaymentEntry/screen_MultiplePaymentWizard/opt_SuspensepPayment' is visible

2023-08-06 22:38:03 - [MESSAGE][PASSED] - Object 'Object Repository/BillingCenter/pge_BatchPaymentEntry/screen_MultiplePaymentWizard/opt_SuspensepPayment' is visible

2023-08-06 22:38:03 - [TEST_STEP][PASSED] - click(findTestObject("BillingCenter/pge_BatchPaymentEntry/screen_MultiplePaymentWizard/opt_SuspensepPayment"), CONTINUE_ON_FAILURE): Object: 'Object Repository/BillingCenter/pge_BatchPaymentEntry/screen_MultiplePaymentWizard/opt_SuspensepPayment' is clicked on

2023-08-06 22:38:04 - [MESSAGE][PASSED] - Object: 'Object Repository/BillingCenter/pge_BatchPaymentEntry/screen_MultiplePaymentWizard/opt_SuspensepPayment' is clicked on

2023-08-06 22:38:04 - [TEST_STEP][PASSED] - driver = getWebDriver(): null

2023-08-06 22:38:04 - [TEST_STEP][PASSED] - Table = driver.findElement(By.xpath("//div[@id='DesktopSuspensePayments-DesktopSuspensePaymentsScreen-DesktopSuspensePaymentsLV']//tbody")): null

2023-08-06 22:38:04 - [TEST_STEP][PASSED] - elementsinColumn = gw.Table.getTableElementsByColumn(Table, 9): gw.Table.getTableElementsByColumn is PASSED

2023-08-06 22:38:09 - [MESSAGE][PASSED] - gw.Table.getTableElementsByColumn is PASSED

2023-08-06 22:38:09 - [TEST_STEP][PASSED] - comment("Elements after function call to getTableElementsByColumn " + elementsinColumn): Elements after function call to getTableElementsByColumn [Batch Number, , , BA07172026-1404, BA07172026-1400, BA07172026-1372, BA07172026-1368, BA07162026-1349, BA07162026-1281, BA07162026-1274, CA07162026-1270, BA07042026-1252, BA07042026-1248, BA03242026-1179, BA03242026-1175, BA03242026-1150, ]

2023-08-06 22:38:09 - [MESSAGE][INFO] - Elements after function call to getTableElementsByColumn [Batch Number, , , BA07172026-1404, BA07172026-1400, BA07172026-1372, BA07172026-1368, BA07162026-1349, BA07162026-1281, BA07162026-1274, CA07162026-1270, BA07042026-1252, BA07042026-1248, BA03242026-1179, BA03242026-1175, BA03242026-1150, ]

2023-08-06 22:38:09 - [TEST_STEP][PASSED] - if (elementsinColumn.contains(BatchNumber)): Suspense Payment Batch Number Found

2023-08-06 22:38:09 - [TEST_STEP][PASSED] - markPassed("Suspense Payment Batch Number Found"): Suspense Payment Batch Number Found

2023-08-06 22:38:09 - [MESSAGE][PASSED] - Suspense Payment Batch Number Found

2023-08-06 22:38:09 - [TEST_STEP][PASSED] - click(findTestObject("BillingCenter/pge_BatchPaymentEntry/screen_Verify_PostedPayments/opt_AccountSearch"), CONTINUE_ON_FAILURE): Object: 'Object Repository/BillingCenter/pge_BatchPaymentEntry/screen_Verify_PostedPayments/opt_AccountSearch' is clicked on

2023-08-06 22:38:10 - [MESSAGE][PASSED] - Object: 'Object Repository/BillingCenter/pge_BatchPaymentEntry/screen_Verify_PostedPayments/opt_AccountSearch' is clicked on

2023-08-06 22:38:10 - [TEST_STEP][PASSED] - sendKeys(findTestObject("BillingCenter/pge_BatchPaymentEntry/screen_Verify_PostedPayments/fld_SearchAccount"), SplitAccount, CONTINUE_ON_FAILURE): Keys '3062523' sent to object: 'Object Repository/BillingCenter/pge_BatchPaymentEntry/screen_Verify_PostedPayments/fld_SearchAccount'

2023-08-06 22:38:11 - [MESSAGE][PASSED] - Keys '3062523' sent to object: 'Object Repository/BillingCenter/pge_BatchPaymentEntry/screen_Verify_PostedPayments/fld_SearchAccount'

2023-08-06 22:38:11 - [TEST_STEP][PASSED] - click(findTestObject("BillingCenter/pge_BatchPaymentEntry/screen_Verify_PostedPayments/icon_SearchAccount"), CONTINUE_ON_FAILURE): Object: 'Object Repository/BillingCenter/pge_BatchPaymentEntry/screen_Verify_PostedPayments/icon_SearchAccount' is clicked on

2023-08-06 22:38:11 - [MESSAGE][PASSED] - Object: 'Object Repository/BillingCenter/pge_BatchPaymentEntry/screen_Verify_PostedPayments/icon_SearchAccount' is clicked on

2023-08-06 22:38:11 - [TEST_STEP][PASSED] - click(findTestObject("BillingCenter/pge_BatchPaymentEntry/screen_Verify_PostedPayments/icon_PaymentsDownArrow"), CONTINUE_ON_FAILURE): Object: 'Object Repository/BillingCenter/pge_BatchPaymentEntry/screen_Verify_PostedPayments/icon_PaymentsDownArrow' is clicked on

2023-08-06 22:38:12 - [MESSAGE][PASSED] - Object: 'Object Repository/BillingCenter/pge_BatchPaymentEntry/screen_Verify_PostedPayments/icon_PaymentsDownArrow' is clicked on

2023-08-06 22:38:12 - [TEST_STEP][PASSED] - click(findTestObject("BillingCenter/pge_BatchPaymentEntry/screen_Verify_PostedPayments/opt_PaymentsAccount"), CONTINUE_ON_FAILURE): Object: 'Object Repository/BillingCenter/pge_BatchPaymentEntry/screen_Verify_PostedPayments/opt_PaymentsAccount' is clicked on

2023-08-06 22:38:12 - [MESSAGE][PASSED] - Object: 'Object Repository/BillingCenter/pge_BatchPaymentEntry/screen_Verify_PostedPayments/opt_PaymentsAccount' is clicked on

2023-08-06 22:38:12 - [TEST_STEP][PASSED] - Table1 = driver.findElement(By.xpath("//*[@id='AccountPayments-AccountDetailPaymentsScreen-DirectBillPaymentsListDetail-AccountDBPaymentsLV']//tbody")): null

2023-08-06 22:38:13 - [TEST_STEP][PASSED] - elementsinColumn1 = gw.Table.getTableElementsByColumn(Table1, 8): gw.Table.getTableElementsByColumn is PASSED

2023-08-06 22:38:18 - [MESSAGE][PASSED] - gw.Table.getTableElementsByColumn is PASSED

2023-08-06 22:38:18 - [TEST_STEP][PASSED] - comment("Elements after function call to getTableElementsByColumn " + elementsinColumn1): Elements after function call to getTableElementsByColumn [Batch Number, BA07172026-1404, BA07172026-1404, BA07172026-1386, BA07172026-1379, BA07172026-1372, BA07172026-1372, BA07172026-1368, BA07172026-1368, BA07162026-1335, BA07162026-1328, BA07162026-1324, BA07162026-1320, BA07162026-1316, BA07162026-1312, BA07042026-1252]

2023-08-06 22:38:18 - [MESSAGE][INFO] - Elements after function call to getTableElementsByColumn [Batch Number, BA07172026-1404, BA07172026-1404, BA07172026-1386, BA07172026-1379, BA07172026-1372, BA07172026-1372, BA07172026-1368, BA07172026-1368, BA07162026-1335, BA07162026-1328, BA07162026-1324, BA07162026-1320, BA07162026-1316, BA07162026-1312, BA07042026-1252]

2023-08-06 22:38:18 - [TEST_STEP][PASSED] - if (elementsinColumn1.contains(BatchNumber)): Account Payment Batch Number Found

2023-08-06 22:38:18 - [TEST_STEP][PASSED] - markPassed("Account Payment Batch Number Found"): Account Payment Batch Number Found

2023-08-06 22:38:18 - [MESSAGE][PASSED] - Account Payment Batch Number Found

2023-08-06 22:38:18 - [TEST_STEP][PASSED] - click(findTestObject("BillingCenter/pge_BatchPaymentEntry/screen_Verify_PostedPayments/opt_ProducerSearch")): Object: 'Object Repository/BillingCenter/pge_BatchPaymentEntry/screen_Verify_PostedPayments/opt_ProducerSearch' is clicked on

2023-08-06 22:38:19 - [MESSAGE][PASSED] - Object: 'Object Repository/BillingCenter/pge_BatchPaymentEntry/screen_Verify_PostedPayments/opt_ProducerSearch' is clicked on

2023-08-06 22:38:19 - [TEST_STEP][PASSED] - sendKeys(findTestObject("BillingCenter/pge_BatchPaymentEntry/screen_Verify_PostedPayments/fld_SearchProducer"), SplitAgency): Keys 'C0010' sent to object: 'Object Repository/BillingCenter/pge_BatchPaymentEntry/screen_Verify_PostedPayments/fld_SearchProducer'

2023-08-06 22:38:19 - [MESSAGE][PASSED] - Keys 'C0010' sent to object: 'Object Repository/BillingCenter/pge_BatchPaymentEntry/screen_Verify_PostedPayments/fld_SearchProducer'

2023-08-06 22:38:19 - [TEST_STEP][PASSED] - click(findTestObject("BillingCenter/pge_BatchPaymentEntry/screen_Verify_PostedPayments/icon_SearchProducer")): Object: 'Object Repository/BillingCenter/pge_BatchPaymentEntry/screen_Verify_PostedPayments/icon_SearchProducer' is clicked on

2023-08-06 22:38:20 - [MESSAGE][PASSED] - Object: 'Object Repository/BillingCenter/pge_BatchPaymentEntry/screen_Verify_PostedPayments/icon_SearchProducer' is clicked on

2023-08-06 22:38:20 - [TEST_STEP][PASSED] - click(findTestObject("BillingCenter/pge_BatchPaymentEntry/screen_Verify_PostedPayments/icon_AgencyBillPaymentsArrow")): Object: 'Object Repository/BillingCenter/pge_BatchPaymentEntry/screen_Verify_PostedPayments/icon_AgencyBillPaymentsArrow' is clicked on

2023-08-06 22:38:20 - [MESSAGE][PASSED] - Object: 'Object Repository/BillingCenter/pge_BatchPaymentEntry/screen_Verify_PostedPayments/icon_AgencyBillPaymentsArrow' is clicked on

2023-08-06 22:38:20 - [TEST_STEP][PASSED] - click(findTestObject("BillingCenter/pge_BatchPaymentEntry/screen_Verify_PostedPayments/opt_PaymentsProducer")): Object: 'Object Repository/BillingCenter/pge_BatchPaymentEntry/screen_Verify_PostedPayments/opt_PaymentsProducer' is clicked on

2023-08-06 22:38:21 - [MESSAGE][PASSED] - Object: 'Object Repository/BillingCenter/pge_BatchPaymentEntry/screen_Verify_PostedPayments/opt_PaymentsProducer' is clicked on

2023-08-06 22:38:21 - [TEST_STEP][PASSED] - Table2 = driver.findElement(By.xpath("//*[@id='AgencyBillExecutedPayments-PaymentsLV']//tbody")): null

2023-08-06 22:38:22 - [TEST_STEP][PASSED] - elementsinColumn2 = gw.Table.getTableElementsByColumn(Table2, 9): gw.Table.getTableElementsByColumn is PASSED

2023-08-06 22:38:25 - [MESSAGE][PASSED] - gw.Table.getTableElementsByColumn is PASSED

2023-08-06 22:38:25 - [TEST_STEP][PASSED] - comment("Elements after function call to getTableElementsByColumn " + elementsinColumn2): Elements after function call to getTableElementsByColumn [Batch Number, BA07172026-1404, BA07172026-1404, LB07172026, BA07172026-1372, BA07172026-1372, BA07172026-1368, BA07172026-1368, LB07162026, LB07042026]

2023-08-06 22:38:25 - [MESSAGE][INFO] - Elements after function call to getTableElementsByColumn [Batch Number, BA07172026-1404, BA07172026-1404, LB07172026, BA07172026-1372, BA07172026-1372, BA07172026-1368, BA07172026-1368, LB07162026, LB07042026]

2023-08-06 22:38:25 - [TEST_STEP][PASSED] - if (elementsinColumn2.contains(BatchNumber)): Agency Statement Payment Batch Number Found

2023-08-06 22:38:25 - [TEST_STEP][PASSED] - markPassed("Agency Statement Payment Batch Number Found"): Agency Statement Payment Batch Number Found

2023-08-06 22:38:25 - [MESSAGE][PASSED] - Agency Statement Payment Batch Number Found

2023-08-06 22:38:25 - [TEST_STEP][PASSED] - click(findTestObject("BillingCenter/pge_BatchPaymentEntry/screen_Verify_PostedPayments/opt_ProducerSearch")): Object: 'Object Repository/BillingCenter/pge_BatchPaymentEntry/screen_Verify_PostedPayments/opt_ProducerSearch' is clicked on

2023-08-06 22:38:25 - [MESSAGE][PASSED] - Object: 'Object Repository/BillingCenter/pge_BatchPaymentEntry/screen_Verify_PostedPayments/opt_ProducerSearch' is clicked on

2023-08-06 22:38:25 - [TEST_STEP][PASSED] - sendKeys(findTestObject("BillingCenter/pge_BatchPaymentEntry/screen_Verify_PostedPayments/fld_SearchProducer"), SplitAgency): Keys 'C0010' sent to object: 'Object Repository/BillingCenter/pge_BatchPaymentEntry/screen_Verify_PostedPayments/fld_SearchProducer'

2023-08-06 22:38:25 - [MESSAGE][PASSED] - Keys 'C0010' sent to object: 'Object Repository/BillingCenter/pge_BatchPaymentEntry/screen_Verify_PostedPayments/fld_SearchProducer'

2023-08-06 22:38:25 - [TEST_STEP][PASSED] - click(findTestObject("BillingCenter/pge_BatchPaymentEntry/screen_Verify_PostedPayments/icon_SearchProducer")): Object: 'Object Repository/BillingCenter/pge_BatchPaymentEntry/screen_Verify_PostedPayments/icon_SearchProducer' is clicked on

2023-08-06 22:38:26 - [MESSAGE][PASSED] - Object: 'Object Repository/BillingCenter/pge_BatchPaymentEntry/screen_Verify_PostedPayments/icon_SearchProducer' is clicked on

2023-08-06 22:38:26 - [TEST_STEP][PASSED] - click(findTestObject("BillingCenter/pge_BatchPaymentEntry/screen_Verify_PostedPayments/opt_TransactionsProducer")): Object: 'Object Repository/BillingCenter/pge_BatchPaymentEntry/screen_Verify_PostedPayments/opt_TransactionsProducer' is clicked on

2023-08-06 22:38:27 - [MESSAGE][PASSED] - Object: 'Object Repository/BillingCenter/pge_BatchPaymentEntry/screen_Verify_PostedPayments/opt_TransactionsProducer' is clicked on

2023-08-06 22:38:27 - [TEST_STEP][PASSED] - click(findTestObject("BillingCenter/pge_BatchPaymentEntry/screen_Verify_PostedPayments/Tab_PaymentsProducer")): Object: 'Object Repository/BillingCenter/pge_BatchPaymentEntry/screen_Verify_PostedPayments/Tab_PaymentsProducer' is clicked on

2023-08-06 22:38:27 - [MESSAGE][PASSED] - Object: 'Object Repository/BillingCenter/pge_BatchPaymentEntry/screen_Verify_PostedPayments/Tab_PaymentsProducer' is clicked on

2023-08-06 22:38:27 - [TEST_STEP][PASSED] - Table3 = driver.findElement(By.xpath("//*[@id='ProducerTransactions-ProducerTransactionsScreen-PaymentsLV']//tbody")): null

2023-08-06 22:38:28 - [TEST_STEP][PASSED] - elementsinColumn3 = gw.Table.getTableElementsByColumn(Table3, 7): gw.Table.getTableElementsByColumn is PASSED

2023-08-06 22:38:32 - [MESSAGE][PASSED] - gw.Table.getTableElementsByColumn is PASSED

2023-08-06 22:38:32 - [TEST_STEP][PASSED] - comment("Elements after function call to getTableElementsByColumn " + elementsinColumn3): Elements after function call to getTableElementsByColumn [Check / Ref #, 2342342345, 2342342345, 2342342345, 2342342345, 9231231299, 9551231299, 9551231299, 9887765432, 9887765432, 9551231299, 9887765432, ]

2023-08-06 22:38:32 - [MESSAGE][INFO] - Elements after function call to getTableElementsByColumn [Check / Ref #, 2342342345, 2342342345, 2342342345, 2342342345, 9231231299, 9551231299, 9551231299, 9887765432, 9887765432, 9551231299, 9887765432, ]

2023-08-06 22:38:32 - [TEST_STEP][PASSED] - if (elementsinColumn3.contains(CheckRef)): Agency DB Commission Payment CheckRef Found

2023-08-06 22:38:32 - [TEST_STEP][PASSED] - markPassed("Agency DB Commission Payment CheckRef Found"): Agency DB Commission Payment CheckRef Found

2023-08-06 22:38:32 - [MESSAGE][PASSED] - Agency DB Commission Payment CheckRef Found

2023-08-06 22:38:32 - [TEST_STEP][PASSED] - click(findTestObject("BillingCenter/pge_BatchPaymentEntry/screen_Verify_PostedPayments/lbl_DesktopOption")): Object: 'Object Repository/BillingCenter/pge_BatchPaymentEntry/screen_Verify_PostedPayments/lbl_DesktopOption' is clicked on

2023-08-06 22:38:32 - [MESSAGE][PASSED] - Object: 'Object Repository/BillingCenter/pge_BatchPaymentEntry/screen_Verify_PostedPayments/lbl_DesktopOption' is clicked on

2023-08-06 22:38:32 - [TEST_STEP][PASSED] - callTestCase(findTestCase("BillingCenter/BatchPaymentEntry/BC_NavigateBatchPaymentEntryScreen"), [:]): Call Test Case 'Test Cases/BillingCenter/BatchPaymentEntry/BC_NavigateBatchPaymentEntryScreen' successfully

2023-08-06 22:38:32 - [TEST_CASE][PASSED] - Test Cases/BillingCenter/BatchPaymentEntry/BC_NavigateBatchPaymentEntryScreen: Test Cases/BillingCenter/BatchPaymentEntry/BC_NavigateBatchPaymentEntryScreen

2023-08-06 22:38:32 - [TEST_STEP][PASSED] - click(findTestObject("BillingCenter/pge_BatchPaymentEntry/pge_Navigation/opt_Desktop_Actions")): Object: 'Object Repository/BillingCenter/pge_BatchPaymentEntry/pge_Navigation/opt_Desktop_Actions' is clicked on

2023-08-06 22:38:33 - [MESSAGE][PASSED] - Object: 'Object Repository/BillingCenter/pge_BatchPaymentEntry/pge_Navigation/opt_Desktop_Actions' is clicked on

2023-08-06 22:38:33 - [TEST_STEP][PASSED] - mouseOver(findTestObject("BillingCenter/pge_BatchPaymentEntry/pge_Navigation/act_NewPayment")): Object: 'Object Repository/BillingCenter/pge_BatchPaymentEntry/pge_Navigation/act_NewPayment' is hovered

2023-08-06 22:38:34 - [MESSAGE][PASSED] - Object: 'Object Repository/BillingCenter/pge_BatchPaymentEntry/pge_Navigation/act_NewPayment' is hovered

2023-08-06 22:38:34 - [TEST_STEP][PASSED] - click(findTestObject("BillingCenter/pge_BatchPaymentEntry/pge_Navigation/opt_newPayment _BatchPaymentEntry")): Object: 'Object Repository/BillingCenter/pge_BatchPaymentEntry/pge_Navigation/opt_newPayment _BatchPaymentEntry' is clicked on

2023-08-06 22:38:34 - [MESSAGE][PASSED] - Object: 'Object Repository/BillingCenter/pge_BatchPaymentEntry/pge_Navigation/opt_newPayment _BatchPaymentEntry' is clicked on

2023-08-06 22:38:34 - [MESSAGE][PASSED] - Call Test Case 'Test Cases/BillingCenter/BatchPaymentEntry/BC_NavigateBatchPaymentEntryScreen' successfully

2023-08-06 22:38:34 - [TEST_STEP][PASSED] - for (def index : (0..0)): null

2023-08-06 22:38:34 - [TEST_STEP][ERROR] - Start listener action : gwAfterTestCase: org.codehaus.groovy.runtime.InvokerInvocationException: java.io.FileNotFoundException: C:\QA Scripts\emc.guidewire.katalon.updated\GW10 Automation\Reports\Execution Status.xlsx (The system cannot find the file specified)
	at GWListener.invokeMethod(GWListener.groovy)
	at com.kms.katalon.core.context.internal.TestHooker.invokeMethod(TestHooker.java:111)
	at com.kms.katalon.core.context.internal.TestHooker.lambda$3(TestHooker.java:95)
	at com.kms.katalon.core.context.internal.TestHooker.invokeContextMethods(TestHooker.java:94)
	at com.kms.katalon.core.context.internal.TestListenerCollector.lambda$3(TestListenerCollector.java:88)
	at com.kms.katalon.core.context.internal.TestListenerCollector.handleListenerEvent(TestListenerCollector.java:85)
	at com.kms.katalon.core.context.internal.ExecutionEventManager.publicEvent(ExecutionEventManager.java:36)
	at com.kms.katalon.core.main.TestCaseExecutor.execute(TestCaseExecutor.java:251)
	at com.kms.katalon.core.main.TestSuiteExecutor.accessTestCaseMainPhase(TestSuiteExecutor.java:191)
	at com.kms.katalon.core.main.TestSuiteExecutor.accessTestSuiteMainPhase(TestSuiteExecutor.java:141)
	at com.kms.katalon.core.main.TestSuiteExecutor.execute(TestSuiteExecutor.java:90)
	at com.kms.katalon.core.main.TestCaseMain.startTestSuite(TestCaseMain.java:157)
	at com.kms.katalon.core.main.TestCaseMain$startTestSuite$0.call(Unknown Source)
	at TempTestSuite1691341402211.run(TempTestSuite1691341402211.groovy:39)
Caused by: java.io.FileNotFoundException: C:\QA Scripts\emc.guidewire.katalon.updated\GW10 Automation\Reports\Execution Status.xlsx (The system cannot find the file specified)
	at common.Excel.getColumnNumber(Excel.groovy:69)
	at common.Excel.WirteToExcel(Excel.groovy:95)
	at common.Excel$WirteToExcel$0.call(Unknown Source)
	at GWListener.gwAfterTestCase(GWListener.groovy:137)
	... 14 more


2023-08-06 22:38:34 - [TEST_STEP][PASSED] - tc_end_Time = System.currentTimeMillis(): null

2023-08-06 22:38:34 - [TEST_STEP][PASSED] - date_tc_end_Time = dateformat.format(tc_end_Time): null

2023-08-06 22:38:34 - [TEST_STEP][PASSED] - (tempRowNum++): null

2023-08-06 22:38:34 - [TEST_STEP][PASSED] - testCaseID = testCaseContext.getTestCaseId(): null

2023-08-06 22:38:34 - [TEST_STEP][PASSED] - testCase = findTestCase(testCaseID): null

2023-08-06 22:38:34 - [TEST_STEP][PASSED] - testCaseName = testCase.getName(): null

2023-08-06 22:38:34 - [TEST_STEP][PASSED] - switch (testCaseContext.getTestCaseStatus()): null

2023-08-06 22:38:34 - [TEST_STEP][PASSED] - case "PASSED":: null

2023-08-06 22:38:34 - [TEST_STEP][PASSED] - (passedCnt++): null

2023-08-06 22:38:34 - [TEST_STEP][PASSED] - break: null

2023-08-06 22:38:34 - [TEST_STEP][PASSED] - if (testCaseName == "GenerateAndSendReport"): null

2023-08-06 22:38:34 - [TEST_STEP][PASSED] - if (testCaseName == "GenerateAndSaveReport"): null

2023-08-06 22:38:34 - [TEST_STEP][PASSED] - if (testCaseName == "GenerateTimeReport"): null

2023-08-06 22:38:34 - [TEST_STEP][ERROR] - if (!(testCaseName.contains("Submission")) && !(testCaseName.contains("Issurance")) && !(testCaseName.contains("NewAccount")) && !(testCaseName.contains("FNOL")) && !(testCaseName.contains("QuickClaim")) && !(testCaseName.contains("verify"))): org.codehaus.groovy.runtime.InvokerInvocationException: java.io.FileNotFoundException: C:\QA Scripts\emc.guidewire.katalon.updated\GW10 Automation\Reports\Execution Status.xlsx (The system cannot find the file specified)
	at GWListener.invokeMethod(GWListener.groovy)
	at com.kms.katalon.core.context.internal.TestHooker.invokeMethod(TestHooker.java:111)
	at com.kms.katalon.core.context.internal.TestHooker.lambda$3(TestHooker.java:95)
	at com.kms.katalon.core.context.internal.TestHooker.invokeContextMethods(TestHooker.java:94)
	at com.kms.katalon.core.context.internal.TestListenerCollector.lambda$3(TestListenerCollector.java:88)
	at com.kms.katalon.core.context.internal.TestListenerCollector.handleListenerEvent(TestListenerCollector.java:85)
	at com.kms.katalon.core.context.internal.ExecutionEventManager.publicEvent(ExecutionEventManager.java:36)
	at com.kms.katalon.core.main.TestCaseExecutor.execute(TestCaseExecutor.java:251)
	at com.kms.katalon.core.main.TestSuiteExecutor.accessTestCaseMainPhase(TestSuiteExecutor.java:191)
	at com.kms.katalon.core.main.TestSuiteExecutor.accessTestSuiteMainPhase(TestSuiteExecutor.java:141)
	at com.kms.katalon.core.main.TestSuiteExecutor.execute(TestSuiteExecutor.java:90)
	at com.kms.katalon.core.main.TestCaseMain.startTestSuite(TestCaseMain.java:157)
	at com.kms.katalon.core.main.TestCaseMain$startTestSuite$0.call(Unknown Source)
	at TempTestSuite1691341402211.run(TempTestSuite1691341402211.groovy:39)
Caused by: java.io.FileNotFoundException: C:\QA Scripts\emc.guidewire.katalon.updated\GW10 Automation\Reports\Execution Status.xlsx (The system cannot find the file specified)
	at common.Excel.getColumnNumber(Excel.groovy:69)
	at common.Excel.WirteToExcel(Excel.groovy:95)
	at common.Excel$WirteToExcel$0.call(Unknown Source)
	at GWListener.gwAfterTestCase(GWListener.groovy:137)
	... 14 more


2023-08-06 22:38:34 - [MESSAGE][ERROR] - org.codehaus.groovy.runtime.InvokerInvocationException: java.io.FileNotFoundException: C:\QA Scripts\emc.guidewire.katalon.updated\GW10 Automation\Reports\Execution Status.xlsx (The system cannot find the file specified)
	at GWListener.invokeMethod(GWListener.groovy)
	at com.kms.katalon.core.context.internal.TestHooker.invokeMethod(TestHooker.java:111)
	at com.kms.katalon.core.context.internal.TestHooker.lambda$3(TestHooker.java:95)
	at com.kms.katalon.core.context.internal.TestHooker.invokeContextMethods(TestHooker.java:94)
	at com.kms.katalon.core.context.internal.TestListenerCollector.lambda$3(TestListenerCollector.java:88)
	at com.kms.katalon.core.context.internal.TestListenerCollector.handleListenerEvent(TestListenerCollector.java:85)
	at com.kms.katalon.core.context.internal.ExecutionEventManager.publicEvent(ExecutionEventManager.java:36)
	at com.kms.katalon.core.main.TestCaseExecutor.execute(TestCaseExecutor.java:251)
	at com.kms.katalon.core.main.TestSuiteExecutor.accessTestCaseMainPhase(TestSuiteExecutor.java:191)
	at com.kms.katalon.core.main.TestSuiteExecutor.accessTestSuiteMainPhase(TestSuiteExecutor.java:141)
	at com.kms.katalon.core.main.TestSuiteExecutor.execute(TestSuiteExecutor.java:90)
	at com.kms.katalon.core.main.TestCaseMain.startTestSuite(TestCaseMain.java:157)
	at com.kms.katalon.core.main.TestCaseMain$startTestSuite$0.call(Unknown Source)
	at TempTestSuite1691341402211.run(TempTestSuite1691341402211.groovy:39)
Caused by: java.io.FileNotFoundException: C:\QA Scripts\emc.guidewire.katalon.updated\GW10 Automation\Reports\Execution Status.xlsx (The system cannot find the file specified)
	at common.Excel.getColumnNumber(Excel.groovy:69)
	at common.Excel.WirteToExcel(Excel.groovy:95)
	at common.Excel$WirteToExcel$0.call(Unknown Source)
	at GWListener.gwAfterTestCase(GWListener.groovy:137)
	... 14 more


2023-08-06 22:38:36 - [TEST_STEP][PASSED] - Video: Video recording for test case 'Test Cases/BillingCenter/BatchPaymentEntry/BC_MultiplePaymentEntryandVerification_Split' .

2023-08-06 22:38:36 - [MESSAGE][INFO] - Video recording for test case 'Test Cases/BillingCenter/BatchPaymentEntry/BC_MultiplePaymentEntryandVerification_Split' .
[[ATTACHMENT|C:\\QA Scripts\\emc.guidewire.katalon.updated\\GW10 Automation\\Reports\\20230806_223322\\BillingCenter\\BatchPaymentEntry\\20230806_223322/videos\\test_10.avi]]]]></system-out>
         <system-err><![CDATA[]]></system-err>
      </testcase>
      <testcase name="Test Cases/BillingCenter/Common/BC_Logout" time="7.628" classname="Test Cases/BillingCenter/Common/BC_Logout" status="PASSED">
         <system-out><![CDATA[2023-08-06 22:38:36 - [TEST_CASE][PASSED] - Test Cases/BillingCenter/Common/BC_Logout: Test Cases/BillingCenter/Common/BC_Logout

2023-08-06 22:38:36 - [TEST_STEP][PASSED] - Start listener action : gwBeforeTestCase: null

2023-08-06 22:38:36 - [TEST_STEP][PASSED] - if (Env_TestCaseId == testCaseContext.getTestCaseId()): null

2023-08-06 22:38:36 - [TEST_STEP][PASSED] - else: null

2023-08-06 22:38:36 - [TEST_STEP][PASSED] - iteration = 1: null

2023-08-06 22:38:36 - [TEST_STEP][PASSED] - Env_Iteration = iteration: null

2023-08-06 22:38:36 - [TEST_STEP][PASSED] - Env_TestCaseId = testCaseContext.getTestCaseId(): null

2023-08-06 22:38:36 - [TEST_STEP][PASSED] - Env_TestCaseVariables = testCaseContext.getTestCaseVariables(): null

2023-08-06 22:38:36 - [TEST_STEP][PASSED] - tc_start_Time = System.currentTimeMillis(): null

2023-08-06 22:38:36 - [TEST_STEP][PASSED] - date_tc_start_Time = dateformat.format(tc_start_Time): null

2023-08-06 22:38:36 - [TEST_STEP][PASSED] - callTestCase(findTestCase("Common/GW_Logout"), [:], STOP_ON_FAILURE): Call Test Case 'Test Cases/Common/GW_Logout' successfully

2023-08-06 22:38:37 - [TEST_CASE][PASSED] - Test Cases/Common/GW_Logout: Test Cases/Common/GW_Logout

2023-08-06 22:38:37 - [TEST_STEP][PASSED] - gw.Actions.Click(findTestObject("Common/pge_Common/btn_TabMenu")): gw.Actions.Click is PASSED

2023-08-06 22:38:37 - [MESSAGE][PASSED] - Wait for page load successfully

2023-08-06 22:38:37 - [MESSAGE][PASSED] - Object 'Object Repository/Common/pge_Common/btn_TabMenu' is clickable

2023-08-06 22:38:38 - [MESSAGE][PASSED] - Object: 'Object Repository/Common/pge_Common/btn_TabMenu' is clicked on

2023-08-06 22:38:38 - [MESSAGE][PASSED] - gw.Actions.Click is PASSED

2023-08-06 22:38:38 - [TEST_STEP][PASSED] - gw.Actions.Click(findTestObject("Common/pge_Common/btn_LogOut")): gw.Actions.Click is PASSED

2023-08-06 22:38:38 - [MESSAGE][PASSED] - Wait for page load successfully

2023-08-06 22:38:38 - [MESSAGE][PASSED] - Object 'Object Repository/Common/pge_Common/btn_LogOut' is clickable

2023-08-06 22:38:39 - [MESSAGE][PASSED] - Object: 'Object Repository/Common/pge_Common/btn_LogOut' is clicked on

2023-08-06 22:38:39 - [MESSAGE][PASSED] - gw.Actions.Click is PASSED

2023-08-06 22:38:39 - [TEST_STEP][PASSED] - acceptAlert(OPTIONAL): Alert accepted

2023-08-06 22:38:39 - [MESSAGE][PASSED] - Alert accepted

2023-08-06 22:38:39 - [TEST_STEP][PASSED] - if (!(verifyElementPresent(findTestObject("Common/pge_LoginScreen/btn_LogIn"), gWaitTimeOut, OPTIONAL))): Object 'Object Repository/Common/pge_LoginScreen/btn_LogIn' is present

2023-08-06 22:38:40 - [MESSAGE][PASSED] - Object 'Object Repository/Common/pge_LoginScreen/btn_LogIn' is present

2023-08-06 22:38:40 - [TEST_STEP][PASSED] - verifyElementPresent(findTestObject("Common/pge_LoginScreen/btn_LogIn"), gWaitTimeOut): Object 'Object Repository/Common/pge_LoginScreen/btn_LogIn' is present

2023-08-06 22:38:40 - [MESSAGE][PASSED] - Object 'Object Repository/Common/pge_LoginScreen/btn_LogIn' is present

2023-08-06 22:38:40 - [TEST_STEP][PASSED] - closeBrowser(): Browser is closed

2023-08-06 22:38:42 - [MESSAGE][PASSED] - Browser is closed

2023-08-06 22:38:42 - [MESSAGE][PASSED] - Call Test Case 'Test Cases/Common/GW_Logout' successfully

2023-08-06 22:38:42 - [TEST_STEP][ERROR] - Start listener action : gwAfterTestCase: org.codehaus.groovy.runtime.InvokerInvocationException: java.io.FileNotFoundException: C:\QA Scripts\emc.guidewire.katalon.updated\GW10 Automation\Reports\Execution Status.xlsx (The system cannot find the file specified)
	at GWListener.invokeMethod(GWListener.groovy)
	at com.kms.katalon.core.context.internal.TestHooker.invokeMethod(TestHooker.java:111)
	at com.kms.katalon.core.context.internal.TestHooker.lambda$3(TestHooker.java:95)
	at com.kms.katalon.core.context.internal.TestHooker.invokeContextMethods(TestHooker.java:94)
	at com.kms.katalon.core.context.internal.TestListenerCollector.lambda$3(TestListenerCollector.java:88)
	at com.kms.katalon.core.context.internal.TestListenerCollector.handleListenerEvent(TestListenerCollector.java:85)
	at com.kms.katalon.core.context.internal.ExecutionEventManager.publicEvent(ExecutionEventManager.java:36)
	at com.kms.katalon.core.main.TestCaseExecutor.execute(TestCaseExecutor.java:251)
	at com.kms.katalon.core.main.TestSuiteExecutor.accessTestCaseMainPhase(TestSuiteExecutor.java:191)
	at com.kms.katalon.core.main.TestSuiteExecutor.accessTestSuiteMainPhase(TestSuiteExecutor.java:141)
	at com.kms.katalon.core.main.TestSuiteExecutor.execute(TestSuiteExecutor.java:90)
	at com.kms.katalon.core.main.TestCaseMain.startTestSuite(TestCaseMain.java:157)
	at com.kms.katalon.core.main.TestCaseMain$startTestSuite$0.call(Unknown Source)
	at TempTestSuite1691341402211.run(TempTestSuite1691341402211.groovy:39)
Caused by: java.io.FileNotFoundException: C:\QA Scripts\emc.guidewire.katalon.updated\GW10 Automation\Reports\Execution Status.xlsx (The system cannot find the file specified)
	at common.Excel.getColumnNumber(Excel.groovy:69)
	at common.Excel.WirteToExcel(Excel.groovy:95)
	at common.Excel$WirteToExcel$0.call(Unknown Source)
	at GWListener.gwAfterTestCase(GWListener.groovy:137)
	... 14 more


2023-08-06 22:38:42 - [TEST_STEP][PASSED] - tc_end_Time = System.currentTimeMillis(): null

2023-08-06 22:38:42 - [TEST_STEP][PASSED] - date_tc_end_Time = dateformat.format(tc_end_Time): null

2023-08-06 22:38:42 - [TEST_STEP][PASSED] - (tempRowNum++): null

2023-08-06 22:38:42 - [TEST_STEP][PASSED] - testCaseID = testCaseContext.getTestCaseId(): null

2023-08-06 22:38:42 - [TEST_STEP][PASSED] - testCase = findTestCase(testCaseID): null

2023-08-06 22:38:42 - [TEST_STEP][PASSED] - testCaseName = testCase.getName(): null

2023-08-06 22:38:42 - [TEST_STEP][PASSED] - switch (testCaseContext.getTestCaseStatus()): null

2023-08-06 22:38:42 - [TEST_STEP][PASSED] - case "PASSED":: null

2023-08-06 22:38:42 - [TEST_STEP][PASSED] - (passedCnt++): null

2023-08-06 22:38:42 - [TEST_STEP][PASSED] - break: null

2023-08-06 22:38:42 - [TEST_STEP][PASSED] - if (testCaseName == "GenerateAndSendReport"): null

2023-08-06 22:38:42 - [TEST_STEP][PASSED] - if (testCaseName == "GenerateAndSaveReport"): null

2023-08-06 22:38:42 - [TEST_STEP][PASSED] - if (testCaseName == "GenerateTimeReport"): null

2023-08-06 22:38:42 - [TEST_STEP][ERROR] - if (!(testCaseName.contains("Submission")) && !(testCaseName.contains("Issurance")) && !(testCaseName.contains("NewAccount")) && !(testCaseName.contains("FNOL")) && !(testCaseName.contains("QuickClaim")) && !(testCaseName.contains("verify"))): org.codehaus.groovy.runtime.InvokerInvocationException: java.io.FileNotFoundException: C:\QA Scripts\emc.guidewire.katalon.updated\GW10 Automation\Reports\Execution Status.xlsx (The system cannot find the file specified)
	at GWListener.invokeMethod(GWListener.groovy)
	at com.kms.katalon.core.context.internal.TestHooker.invokeMethod(TestHooker.java:111)
	at com.kms.katalon.core.context.internal.TestHooker.lambda$3(TestHooker.java:95)
	at com.kms.katalon.core.context.internal.TestHooker.invokeContextMethods(TestHooker.java:94)
	at com.kms.katalon.core.context.internal.TestListenerCollector.lambda$3(TestListenerCollector.java:88)
	at com.kms.katalon.core.context.internal.TestListenerCollector.handleListenerEvent(TestListenerCollector.java:85)
	at com.kms.katalon.core.context.internal.ExecutionEventManager.publicEvent(ExecutionEventManager.java:36)
	at com.kms.katalon.core.main.TestCaseExecutor.execute(TestCaseExecutor.java:251)
	at com.kms.katalon.core.main.TestSuiteExecutor.accessTestCaseMainPhase(TestSuiteExecutor.java:191)
	at com.kms.katalon.core.main.TestSuiteExecutor.accessTestSuiteMainPhase(TestSuiteExecutor.java:141)
	at com.kms.katalon.core.main.TestSuiteExecutor.execute(TestSuiteExecutor.java:90)
	at com.kms.katalon.core.main.TestCaseMain.startTestSuite(TestCaseMain.java:157)
	at com.kms.katalon.core.main.TestCaseMain$startTestSuite$0.call(Unknown Source)
	at TempTestSuite1691341402211.run(TempTestSuite1691341402211.groovy:39)
Caused by: java.io.FileNotFoundException: C:\QA Scripts\emc.guidewire.katalon.updated\GW10 Automation\Reports\Execution Status.xlsx (The system cannot find the file specified)
	at common.Excel.getColumnNumber(Excel.groovy:69)
	at common.Excel.WirteToExcel(Excel.groovy:95)
	at common.Excel$WirteToExcel$0.call(Unknown Source)
	at GWListener.gwAfterTestCase(GWListener.groovy:137)
	... 14 more


2023-08-06 22:38:42 - [MESSAGE][ERROR] - org.codehaus.groovy.runtime.InvokerInvocationException: java.io.FileNotFoundException: C:\QA Scripts\emc.guidewire.katalon.updated\GW10 Automation\Reports\Execution Status.xlsx (The system cannot find the file specified)
	at GWListener.invokeMethod(GWListener.groovy)
	at com.kms.katalon.core.context.internal.TestHooker.invokeMethod(TestHooker.java:111)
	at com.kms.katalon.core.context.internal.TestHooker.lambda$3(TestHooker.java:95)
	at com.kms.katalon.core.context.internal.TestHooker.invokeContextMethods(TestHooker.java:94)
	at com.kms.katalon.core.context.internal.TestListenerCollector.lambda$3(TestListenerCollector.java:88)
	at com.kms.katalon.core.context.internal.TestListenerCollector.handleListenerEvent(TestListenerCollector.java:85)
	at com.kms.katalon.core.context.internal.ExecutionEventManager.publicEvent(ExecutionEventManager.java:36)
	at com.kms.katalon.core.main.TestCaseExecutor.execute(TestCaseExecutor.java:251)
	at com.kms.katalon.core.main.TestSuiteExecutor.accessTestCaseMainPhase(TestSuiteExecutor.java:191)
	at com.kms.katalon.core.main.TestSuiteExecutor.accessTestSuiteMainPhase(TestSuiteExecutor.java:141)
	at com.kms.katalon.core.main.TestSuiteExecutor.execute(TestSuiteExecutor.java:90)
	at com.kms.katalon.core.main.TestCaseMain.startTestSuite(TestCaseMain.java:157)
	at com.kms.katalon.core.main.TestCaseMain$startTestSuite$0.call(Unknown Source)
	at TempTestSuite1691341402211.run(TempTestSuite1691341402211.groovy:39)
Caused by: java.io.FileNotFoundException: C:\QA Scripts\emc.guidewire.katalon.updated\GW10 Automation\Reports\Execution Status.xlsx (The system cannot find the file specified)
	at common.Excel.getColumnNumber(Excel.groovy:69)
	at common.Excel.WirteToExcel(Excel.groovy:95)
	at common.Excel$WirteToExcel$0.call(Unknown Source)
	at GWListener.gwAfterTestCase(GWListener.groovy:137)
	... 14 more


2023-08-06 22:38:44 - [TEST_STEP][PASSED] - Video: Video recording for test case 'Test Cases/BillingCenter/Common/BC_Logout' .

2023-08-06 22:38:44 - [MESSAGE][INFO] - Video recording for test case 'Test Cases/BillingCenter/Common/BC_Logout' .
[[ATTACHMENT|C:\\QA Scripts\\emc.guidewire.katalon.updated\\GW10 Automation\\Reports\\20230806_223322\\BillingCenter\\BatchPaymentEntry\\20230806_223322/videos\\test_11.avi]]]]></system-out>
         <system-err><![CDATA[]]></system-err>
      </testcase>
      <system-out><![CDATA[2023-08-06 22:33:25 - [TEST_SUITE][PASSED] - BatchPaymentEntry: Test Cases/BillingCenter/Common/BC_Logout]]></system-out>
      <system-err><![CDATA[]]></system-err>
   </testsuite>
</testsuites>
