<?xml version="1.0" encoding="UTF-8"?>
<testsuites name="BatchPaymentEntry" time="315.373" tests="11" failures="0" errors="0">
   <testsuite name="BatchPaymentEntry" tests="11" failures="0" errors="0" time="315.373" timestamp="2023-08-06 22:44:43" hostname="pyramid-6 - WSAMZN-EFE5A9SD.EMCINS.com" id="Test Suites/BillingCenter/BatchPaymentEntry">
      <properties>
         <property name="deviceName" value=""/>
         <property name="devicePlatform" value=""/>
         <property name="logFolder" value="C:\\QA Scripts\\emc.guidewire.katalon.updated\\GW10 Automation\\Reports\\20230806_224439\\BillingCenter\\BatchPaymentEntry\\20230806_224439"/>
         <property name="logFiles" value="C:\\QA Scripts\\emc.guidewire.katalon.updated\\GW10 Automation\\Reports\\20230806_224439\\BillingCenter\\BatchPaymentEntry\\20230806_224439\\execution0.log"/>
         <property name="attachments" value="C:\\QA Scripts\\emc.guidewire.katalon.updated\\GW10 Automation\\Reports\\20230806_224439\\BillingCenter\\BatchPaymentEntry\\20230806_224439/videos\\test_1.avi, C:\\QA Scripts\\emc.guidewire.katalon.updated\\GW10 Automation\\Reports\\20230806_224439\\BillingCenter\\BatchPaymentEntry\\20230806_224439/videos\\test_2.avi, C:\\QA Scripts\\emc.guidewire.katalon.updated\\GW10 Automation\\Reports\\20230806_224439\\BillingCenter\\BatchPaymentEntry\\20230806_224439/videos\\test_3.avi, C:\\QA Scripts\\emc.guidewire.katalon.updated\\GW10 Automation\\Reports\\20230806_224439\\BillingCenter\\BatchPaymentEntry\\20230806_224439/videos\\test_4.avi, C:\\QA Scripts\\emc.guidewire.katalon.updated\\GW10 Automation\\Reports\\20230806_224439\\BillingCenter\\BatchPaymentEntry\\20230806_224439/videos\\test_5.avi, C:\\QA Scripts\\emc.guidewire.katalon.updated\\GW10 Automation\\Reports\\20230806_224439\\BillingCenter\\BatchPaymentEntry\\20230806_224439/videos\\test_6.avi, C:\\QA Scripts\\emc.guidewire.katalon.updated\\GW10 Automation\\Reports\\20230806_224439\\BillingCenter\\BatchPaymentEntry\\20230806_224439/videos\\test_7.avi, C:\\QA Scripts\\emc.guidewire.katalon.updated\\GW10 Automation\\Reports\\20230806_224439\\BillingCenter\\BatchPaymentEntry\\20230806_224439/videos\\test_8.avi, C:\\QA Scripts\\emc.guidewire.katalon.updated\\GW10 Automation\\Reports\\20230806_224439\\BillingCenter\\BatchPaymentEntry\\20230806_224439/videos\\test_9.avi, C:\\QA Scripts\\emc.guidewire.katalon.updated\\GW10 Automation\\Reports\\20230806_224439\\BillingCenter\\BatchPaymentEntry\\20230806_224439/videos\\test_10.avi, C:\\QA Scripts\\emc.guidewire.katalon.updated\\GW10 Automation\\Reports\\20230806_224439\\BillingCenter\\BatchPaymentEntry\\20230806_224439/videos\\test_11.avi"/>
         <property name="hostName" value="pyramid-6 - WSAMZN-EFE5A9SD.EMCINS.com"/>
         <property name="os" value="Windows Server 2016 64bit"/>
         <property name="katalonVersion" value="7.6.2.205"/>
         <property name="browser" value="Chrome 111.0.0.0"/>
         <property name="hostAddress" value="10.66.10.112"/>
         <property name="sessionId" value="39038aa37c035e8ecc98e00784d5f170"/>
         <property name="seleniumVersion" value="3.141.59"/>
         <property name="proxyInformation" value="ProxyInformation { proxyOption=NO_PROXY, proxyServerType=HTTP, username=, password=********, proxyServerAddress=, proxyServerPort=0, executionList=\&quot;\&quot;, isApplyToDesiredCapabilities=true }"/>
         <property name="platform" value="Windows Server 2016"/>
      </properties>
      <testcase name="Test Cases/BillingCenter/Common/BC_Login" time="13.634" classname="Test Cases/BillingCenter/Common/BC_Login" status="PASSED">
         <system-out><![CDATA[2023-08-06 22:44:45 - [TEST_CASE][PASSED] - Test Cases/BillingCenter/Common/BC_Login: Test Cases/BillingCenter/Common/BC_Login

2023-08-06 22:44:45 - [TEST_STEP][PASSED] - Start listener action : gwBeforeTestCase: null

2023-08-06 22:44:45 - [TEST_STEP][PASSED] - if (Env_TestCaseId == testCaseContext.getTestCaseId()): null

2023-08-06 22:44:45 - [TEST_STEP][PASSED] - else: null

2023-08-06 22:44:45 - [TEST_STEP][PASSED] - iteration = 1: null

2023-08-06 22:44:45 - [TEST_STEP][PASSED] - Env_Iteration = iteration: null

2023-08-06 22:44:45 - [TEST_STEP][PASSED] - Env_TestCaseId = testCaseContext.getTestCaseId(): null

2023-08-06 22:44:45 - [TEST_STEP][PASSED] - Env_TestCaseVariables = testCaseContext.getTestCaseVariables(): null

2023-08-06 22:44:45 - [TEST_STEP][PASSED] - tc_start_Time = System.currentTimeMillis(): null

2023-08-06 22:44:45 - [TEST_STEP][PASSED] - date_tc_start_Time = dateformat.format(tc_start_Time): null

2023-08-06 22:44:46 - [TEST_STEP][PASSED] - callTestCase(findTestCase("Common/GW_Login"), ["GW_URL":URL_BC, "UserName":UserName, "Password":Password], STOP_ON_FAILURE): Call Test Case 'Test Cases/Common/GW_Login' successfully

2023-08-06 22:44:46 - [TEST_CASE][PASSED] - Test Cases/Common/GW_Login: Test Cases/Common/GW_Login

2023-08-06 22:44:46 - [TEST_STEP][PASSED] - openBrowser(""): Browser is opened with url: ''

2023-08-06 22:44:47 - [MESSAGE][INFO] - Starting 'Chrome' driver

2023-08-06 22:44:47 - [MESSAGE][INFO] - User set preference: ['acceptInsecureCerts', 'true']

2023-08-06 22:44:47 - [MESSAGE][INFO] - Action delay is set to 0 milliseconds

2023-08-06 22:44:50 - [MESSAGE][PASSED] - Browser is opened with url: ''

2023-08-06 22:44:50 - [TEST_STEP][PASSED] - maximizeWindow(): Current window maximized

2023-08-06 22:44:50 - [MESSAGE][PASSED] - Current window maximized

2023-08-06 22:44:50 - [TEST_STEP][PASSED] - navigateToUrl(GW_URL): Navigate to 'https://bc-qa2-corecon.emc.dev-1.us-east-1.guidewire.net' successfully

2023-08-06 22:44:51 - [MESSAGE][PASSED] - Navigate to 'https://bc-qa2-corecon.emc.dev-1.us-east-1.guidewire.net' successfully

2023-08-06 22:44:51 - [TEST_STEP][PASSED] - gw.Text.SetText(findTestObject("Common/pge_LoginScreen/txt_UserName"), UserName): gw.Text.SetText is PASSED

2023-08-06 22:44:51 - [MESSAGE][PASSED] - Wait for page load successfully

2023-08-06 22:44:52 - [MESSAGE][PASSED] - Object 'Object Repository/Common/pge_LoginScreen/txt_UserName' is visible

2023-08-06 22:44:52 - [MESSAGE][PASSED] - Object 'Object Repository/Common/pge_LoginScreen/txt_UserName' is clickable

2023-08-06 22:44:53 - [MESSAGE][PASSED] - Text 'smokeuser_np@emcins.com' is set on object 'Object Repository/Common/pge_LoginScreen/txt_UserName'

2023-08-06 22:44:53 - [MESSAGE][PASSED] - gw.Text.SetText is PASSED

2023-08-06 22:44:53 - [TEST_STEP][PASSED] - gw.Text.SetText(findTestObject("Common/pge_LoginScreen/txt_Password"), Password): gw.Text.SetText is PASSED

2023-08-06 22:44:53 - [MESSAGE][PASSED] - Wait for page load successfully

2023-08-06 22:44:53 - [MESSAGE][PASSED] - Object 'Object Repository/Common/pge_LoginScreen/txt_Password' is visible

2023-08-06 22:44:53 - [MESSAGE][PASSED] - Object 'Object Repository/Common/pge_LoginScreen/txt_Password' is clickable

2023-08-06 22:44:54 - [MESSAGE][PASSED] - Text 'gw' is set on object 'Object Repository/Common/pge_LoginScreen/txt_Password'

2023-08-06 22:44:54 - [MESSAGE][PASSED] - gw.Text.SetText is PASSED

2023-08-06 22:44:54 - [TEST_STEP][PASSED] - gw.Actions.Click(findTestObject("Common/pge_LoginScreen/btn_LogIn")): gw.Actions.Click is PASSED

2023-08-06 22:44:54 - [MESSAGE][PASSED] - Wait for page load successfully

2023-08-06 22:44:54 - [MESSAGE][PASSED] - Object 'Object Repository/Common/pge_LoginScreen/btn_LogIn' is clickable

2023-08-06 22:44:55 - [MESSAGE][PASSED] - Object: 'Object Repository/Common/pge_LoginScreen/btn_LogIn' is clicked on

2023-08-06 22:44:55 - [MESSAGE][PASSED] - gw.Actions.Click is PASSED

2023-08-06 22:44:55 - [MESSAGE][PASSED] - Call Test Case 'Test Cases/Common/GW_Login' successfully

2023-08-06 22:44:55 - [TEST_STEP][PASSED] - gw.Actions.NavigateByTab("Desktop"): gw.Actions.NavigateByTab is PASSED

2023-08-06 22:44:55 - [MESSAGE][PASSED] - Wait for page load successfully

2023-08-06 22:44:55 - [MESSAGE][PASSED] - Object 'Object Repository/Common/pge_Common/wel_TabBar' is clickable

2023-08-06 22:44:56 - [MESSAGE][PASSED] - Object: 'Object Repository/Common/pge_Common/wel_TabBar' is clicked on

2023-08-06 22:44:56 - [MESSAGE][PASSED] - gw.Actions.NavigateByTab is PASSED

2023-08-06 22:44:56 - [TEST_STEP][PASSED] - verifyElementPresent(findTestObject("Common/pge_Common/wel_MyActivities"), gWaitTimeOut): Object 'Object Repository/Common/pge_Common/wel_MyActivities' is present

2023-08-06 22:44:57 - [MESSAGE][PASSED] - Object 'Object Repository/Common/pge_Common/wel_MyActivities' is present

2023-08-06 22:44:57 - [TEST_STEP][ERROR] - Start listener action : gwAfterTestCase: org.codehaus.groovy.runtime.InvokerInvocationException: java.io.FileNotFoundException: C:\QA Scripts\emc.guidewire.katalon.updated\GW10 Automation\Reports\Execution Status.xlsx (The system cannot find the file specified)
	at GWListener.invokeMethod(GWListener.groovy)
	at com.kms.katalon.core.context.internal.TestHooker.invokeMethod(TestHooker.java:111)
	at com.kms.katalon.core.context.internal.TestHooker.lambda$3(TestHooker.java:95)
	at com.kms.katalon.core.context.internal.TestHooker.invokeContextMethods(TestHooker.java:94)
	at com.kms.katalon.core.context.internal.TestListenerCollector.lambda$3(TestListenerCollector.java:88)
	at com.kms.katalon.core.context.internal.TestListenerCollector.handleListenerEvent(TestListenerCollector.java:85)
	at com.kms.katalon.core.context.internal.ExecutionEventManager.publicEvent(ExecutionEventManager.java:36)
	at com.kms.katalon.core.main.TestCaseExecutor.execute(TestCaseExecutor.java:251)
	at com.kms.katalon.core.main.TestSuiteExecutor.accessTestCaseMainPhase(TestSuiteExecutor.java:191)
	at com.kms.katalon.core.main.TestSuiteExecutor.accessTestSuiteMainPhase(TestSuiteExecutor.java:141)
	at com.kms.katalon.core.main.TestSuiteExecutor.execute(TestSuiteExecutor.java:90)
	at com.kms.katalon.core.main.TestCaseMain.startTestSuite(TestCaseMain.java:157)
	at com.kms.katalon.core.main.TestCaseMain$startTestSuite$0.call(Unknown Source)
	at TempTestSuite1691342079987.run(TempTestSuite1691342079987.groovy:39)
Caused by: java.io.FileNotFoundException: C:\QA Scripts\emc.guidewire.katalon.updated\GW10 Automation\Reports\Execution Status.xlsx (The system cannot find the file specified)
	at common.Excel.getColumnNumber(Excel.groovy:69)
	at common.Excel.WirteToExcel(Excel.groovy:95)
	at common.Excel$WirteToExcel$0.call(Unknown Source)
	at GWListener.gwAfterTestCase(GWListener.groovy:137)
	... 14 more


2023-08-06 22:44:57 - [TEST_STEP][PASSED] - tc_end_Time = System.currentTimeMillis(): null

2023-08-06 22:44:57 - [TEST_STEP][PASSED] - date_tc_end_Time = dateformat.format(tc_end_Time): null

2023-08-06 22:44:57 - [TEST_STEP][PASSED] - (tempRowNum++): null

2023-08-06 22:44:57 - [TEST_STEP][PASSED] - testCaseID = testCaseContext.getTestCaseId(): null

2023-08-06 22:44:57 - [TEST_STEP][PASSED] - testCase = findTestCase(testCaseID): null

2023-08-06 22:44:57 - [TEST_STEP][PASSED] - testCaseName = testCase.getName(): null

2023-08-06 22:44:57 - [TEST_STEP][PASSED] - switch (testCaseContext.getTestCaseStatus()): null

2023-08-06 22:44:57 - [TEST_STEP][PASSED] - case "PASSED":: null

2023-08-06 22:44:57 - [TEST_STEP][PASSED] - (passedCnt++): null

2023-08-06 22:44:57 - [TEST_STEP][PASSED] - break: null

2023-08-06 22:44:57 - [TEST_STEP][PASSED] - if (testCaseName == "GenerateAndSendReport"): null

2023-08-06 22:44:57 - [TEST_STEP][PASSED] - if (testCaseName == "GenerateAndSaveReport"): null

2023-08-06 22:44:57 - [TEST_STEP][PASSED] - if (testCaseName == "GenerateTimeReport"): null

2023-08-06 22:44:57 - [TEST_STEP][ERROR] - if (!(testCaseName.contains("Submission")) && !(testCaseName.contains("Issurance")) && !(testCaseName.contains("NewAccount")) && !(testCaseName.contains("FNOL")) && !(testCaseName.contains("QuickClaim")) && !(testCaseName.contains("verify"))): org.codehaus.groovy.runtime.InvokerInvocationException: java.io.FileNotFoundException: C:\QA Scripts\emc.guidewire.katalon.updated\GW10 Automation\Reports\Execution Status.xlsx (The system cannot find the file specified)
	at GWListener.invokeMethod(GWListener.groovy)
	at com.kms.katalon.core.context.internal.TestHooker.invokeMethod(TestHooker.java:111)
	at com.kms.katalon.core.context.internal.TestHooker.lambda$3(TestHooker.java:95)
	at com.kms.katalon.core.context.internal.TestHooker.invokeContextMethods(TestHooker.java:94)
	at com.kms.katalon.core.context.internal.TestListenerCollector.lambda$3(TestListenerCollector.java:88)
	at com.kms.katalon.core.context.internal.TestListenerCollector.handleListenerEvent(TestListenerCollector.java:85)
	at com.kms.katalon.core.context.internal.ExecutionEventManager.publicEvent(ExecutionEventManager.java:36)
	at com.kms.katalon.core.main.TestCaseExecutor.execute(TestCaseExecutor.java:251)
	at com.kms.katalon.core.main.TestSuiteExecutor.accessTestCaseMainPhase(TestSuiteExecutor.java:191)
	at com.kms.katalon.core.main.TestSuiteExecutor.accessTestSuiteMainPhase(TestSuiteExecutor.java:141)
	at com.kms.katalon.core.main.TestSuiteExecutor.execute(TestSuiteExecutor.java:90)
	at com.kms.katalon.core.main.TestCaseMain.startTestSuite(TestCaseMain.java:157)
	at com.kms.katalon.core.main.TestCaseMain$startTestSuite$0.call(Unknown Source)
	at TempTestSuite1691342079987.run(TempTestSuite1691342079987.groovy:39)
Caused by: java.io.FileNotFoundException: C:\QA Scripts\emc.guidewire.katalon.updated\GW10 Automation\Reports\Execution Status.xlsx (The system cannot find the file specified)
	at common.Excel.getColumnNumber(Excel.groovy:69)
	at common.Excel.WirteToExcel(Excel.groovy:95)
	at common.Excel$WirteToExcel$0.call(Unknown Source)
	at GWListener.gwAfterTestCase(GWListener.groovy:137)
	... 14 more


2023-08-06 22:44:57 - [MESSAGE][ERROR] - org.codehaus.groovy.runtime.InvokerInvocationException: java.io.FileNotFoundException: C:\QA Scripts\emc.guidewire.katalon.updated\GW10 Automation\Reports\Execution Status.xlsx (The system cannot find the file specified)
	at GWListener.invokeMethod(GWListener.groovy)
	at com.kms.katalon.core.context.internal.TestHooker.invokeMethod(TestHooker.java:111)
	at com.kms.katalon.core.context.internal.TestHooker.lambda$3(TestHooker.java:95)
	at com.kms.katalon.core.context.internal.TestHooker.invokeContextMethods(TestHooker.java:94)
	at com.kms.katalon.core.context.internal.TestListenerCollector.lambda$3(TestListenerCollector.java:88)
	at com.kms.katalon.core.context.internal.TestListenerCollector.handleListenerEvent(TestListenerCollector.java:85)
	at com.kms.katalon.core.context.internal.ExecutionEventManager.publicEvent(ExecutionEventManager.java:36)
	at com.kms.katalon.core.main.TestCaseExecutor.execute(TestCaseExecutor.java:251)
	at com.kms.katalon.core.main.TestSuiteExecutor.accessTestCaseMainPhase(TestSuiteExecutor.java:191)
	at com.kms.katalon.core.main.TestSuiteExecutor.accessTestSuiteMainPhase(TestSuiteExecutor.java:141)
	at com.kms.katalon.core.main.TestSuiteExecutor.execute(TestSuiteExecutor.java:90)
	at com.kms.katalon.core.main.TestCaseMain.startTestSuite(TestCaseMain.java:157)
	at com.kms.katalon.core.main.TestCaseMain$startTestSuite$0.call(Unknown Source)
	at TempTestSuite1691342079987.run(TempTestSuite1691342079987.groovy:39)
Caused by: java.io.FileNotFoundException: C:\QA Scripts\emc.guidewire.katalon.updated\GW10 Automation\Reports\Execution Status.xlsx (The system cannot find the file specified)
	at common.Excel.getColumnNumber(Excel.groovy:69)
	at common.Excel.WirteToExcel(Excel.groovy:95)
	at common.Excel$WirteToExcel$0.call(Unknown Source)
	at GWListener.gwAfterTestCase(GWListener.groovy:137)
	... 14 more


2023-08-06 22:44:59 - [TEST_STEP][PASSED] - Video: Video recording for test case 'Test Cases/BillingCenter/Common/BC_Login' .

2023-08-06 22:44:59 - [MESSAGE][INFO] - Video recording for test case 'Test Cases/BillingCenter/Common/BC_Login' .
[[ATTACHMENT|C:\\QA Scripts\\emc.guidewire.katalon.updated\\GW10 Automation\\Reports\\20230806_224439\\BillingCenter\\BatchPaymentEntry\\20230806_224439/videos\\test_1.avi]]]]></system-out>
         <system-err><![CDATA[]]></system-err>
      </testcase>
      <testcase name="Test Cases/BillingCenter/BatchPaymentEntry/BC_NavigateBatchPaymentEntryScreen" time="3.851" classname="Test Cases/BillingCenter/BatchPaymentEntry/BC_NavigateBatchPaymentEntryScreen" status="PASSED">
         <system-out><![CDATA[2023-08-06 22:44:59 - [TEST_CASE][PASSED] - Test Cases/BillingCenter/BatchPaymentEntry/BC_NavigateBatchPaymentEntryScreen: Test Cases/BillingCenter/BatchPaymentEntry/BC_NavigateBatchPaymentEntryScreen

2023-08-06 22:44:59 - [TEST_STEP][PASSED] - Start listener action : gwBeforeTestCase: null

2023-08-06 22:44:59 - [TEST_STEP][PASSED] - if (Env_TestCaseId == testCaseContext.getTestCaseId()): null

2023-08-06 22:44:59 - [TEST_STEP][PASSED] - else: null

2023-08-06 22:44:59 - [TEST_STEP][PASSED] - iteration = 1: null

2023-08-06 22:44:59 - [TEST_STEP][PASSED] - Env_Iteration = iteration: null

2023-08-06 22:44:59 - [TEST_STEP][PASSED] - Env_TestCaseId = testCaseContext.getTestCaseId(): null

2023-08-06 22:44:59 - [TEST_STEP][PASSED] - Env_TestCaseVariables = testCaseContext.getTestCaseVariables(): null

2023-08-06 22:44:59 - [TEST_STEP][PASSED] - tc_start_Time = System.currentTimeMillis(): null

2023-08-06 22:44:59 - [TEST_STEP][PASSED] - date_tc_start_Time = dateformat.format(tc_start_Time): null

2023-08-06 22:44:59 - [TEST_STEP][PASSED] - click(findTestObject("BillingCenter/pge_BatchPaymentEntry/pge_Navigation/opt_Desktop_Actions")): Object: 'Object Repository/BillingCenter/pge_BatchPaymentEntry/pge_Navigation/opt_Desktop_Actions' is clicked on

2023-08-06 22:44:59 - [MESSAGE][PASSED] - Object: 'Object Repository/BillingCenter/pge_BatchPaymentEntry/pge_Navigation/opt_Desktop_Actions' is clicked on

2023-08-06 22:44:59 - [TEST_STEP][PASSED] - mouseOver(findTestObject("BillingCenter/pge_BatchPaymentEntry/pge_Navigation/act_NewPayment")): Object: 'Object Repository/BillingCenter/pge_BatchPaymentEntry/pge_Navigation/act_NewPayment' is hovered

2023-08-06 22:45:00 - [MESSAGE][PASSED] - Object: 'Object Repository/BillingCenter/pge_BatchPaymentEntry/pge_Navigation/act_NewPayment' is hovered

2023-08-06 22:45:00 - [TEST_STEP][PASSED] - click(findTestObject("BillingCenter/pge_BatchPaymentEntry/pge_Navigation/opt_newPayment _BatchPaymentEntry")): Object: 'Object Repository/BillingCenter/pge_BatchPaymentEntry/pge_Navigation/opt_newPayment _BatchPaymentEntry' is clicked on

2023-08-06 22:45:00 - [MESSAGE][PASSED] - Object: 'Object Repository/BillingCenter/pge_BatchPaymentEntry/pge_Navigation/opt_newPayment _BatchPaymentEntry' is clicked on

2023-08-06 22:45:00 - [TEST_STEP][ERROR] - Start listener action : gwAfterTestCase: org.codehaus.groovy.runtime.InvokerInvocationException: java.io.FileNotFoundException: C:\QA Scripts\emc.guidewire.katalon.updated\GW10 Automation\Reports\Execution Status.xlsx (The system cannot find the file specified)
	at GWListener.invokeMethod(GWListener.groovy)
	at com.kms.katalon.core.context.internal.TestHooker.invokeMethod(TestHooker.java:111)
	at com.kms.katalon.core.context.internal.TestHooker.lambda$3(TestHooker.java:95)
	at com.kms.katalon.core.context.internal.TestHooker.invokeContextMethods(TestHooker.java:94)
	at com.kms.katalon.core.context.internal.TestListenerCollector.lambda$3(TestListenerCollector.java:88)
	at com.kms.katalon.core.context.internal.TestListenerCollector.handleListenerEvent(TestListenerCollector.java:85)
	at com.kms.katalon.core.context.internal.ExecutionEventManager.publicEvent(ExecutionEventManager.java:36)
	at com.kms.katalon.core.main.TestCaseExecutor.execute(TestCaseExecutor.java:251)
	at com.kms.katalon.core.main.TestSuiteExecutor.accessTestCaseMainPhase(TestSuiteExecutor.java:191)
	at com.kms.katalon.core.main.TestSuiteExecutor.accessTestSuiteMainPhase(TestSuiteExecutor.java:141)
	at com.kms.katalon.core.main.TestSuiteExecutor.execute(TestSuiteExecutor.java:90)
	at com.kms.katalon.core.main.TestCaseMain.startTestSuite(TestCaseMain.java:157)
	at com.kms.katalon.core.main.TestCaseMain$startTestSuite$0.call(Unknown Source)
	at TempTestSuite1691342079987.run(TempTestSuite1691342079987.groovy:39)
Caused by: java.io.FileNotFoundException: C:\QA Scripts\emc.guidewire.katalon.updated\GW10 Automation\Reports\Execution Status.xlsx (The system cannot find the file specified)
	at common.Excel.getColumnNumber(Excel.groovy:69)
	at common.Excel.WirteToExcel(Excel.groovy:95)
	at common.Excel$WirteToExcel$0.call(Unknown Source)
	at GWListener.gwAfterTestCase(GWListener.groovy:137)
	... 14 more


2023-08-06 22:45:00 - [TEST_STEP][PASSED] - tc_end_Time = System.currentTimeMillis(): null

2023-08-06 22:45:00 - [TEST_STEP][PASSED] - date_tc_end_Time = dateformat.format(tc_end_Time): null

2023-08-06 22:45:00 - [TEST_STEP][PASSED] - (tempRowNum++): null

2023-08-06 22:45:00 - [TEST_STEP][PASSED] - testCaseID = testCaseContext.getTestCaseId(): null

2023-08-06 22:45:00 - [TEST_STEP][PASSED] - testCase = findTestCase(testCaseID): null

2023-08-06 22:45:00 - [TEST_STEP][PASSED] - testCaseName = testCase.getName(): null

2023-08-06 22:45:00 - [TEST_STEP][PASSED] - switch (testCaseContext.getTestCaseStatus()): null

2023-08-06 22:45:00 - [TEST_STEP][PASSED] - case "PASSED":: null

2023-08-06 22:45:00 - [TEST_STEP][PASSED] - (passedCnt++): null

2023-08-06 22:45:00 - [TEST_STEP][PASSED] - break: null

2023-08-06 22:45:00 - [TEST_STEP][PASSED] - if (testCaseName == "GenerateAndSendReport"): null

2023-08-06 22:45:00 - [TEST_STEP][PASSED] - if (testCaseName == "GenerateAndSaveReport"): null

2023-08-06 22:45:00 - [TEST_STEP][PASSED] - if (testCaseName == "GenerateTimeReport"): null

2023-08-06 22:45:00 - [TEST_STEP][ERROR] - if (!(testCaseName.contains("Submission")) && !(testCaseName.contains("Issurance")) && !(testCaseName.contains("NewAccount")) && !(testCaseName.contains("FNOL")) && !(testCaseName.contains("QuickClaim")) && !(testCaseName.contains("verify"))): org.codehaus.groovy.runtime.InvokerInvocationException: java.io.FileNotFoundException: C:\QA Scripts\emc.guidewire.katalon.updated\GW10 Automation\Reports\Execution Status.xlsx (The system cannot find the file specified)
	at GWListener.invokeMethod(GWListener.groovy)
	at com.kms.katalon.core.context.internal.TestHooker.invokeMethod(TestHooker.java:111)
	at com.kms.katalon.core.context.internal.TestHooker.lambda$3(TestHooker.java:95)
	at com.kms.katalon.core.context.internal.TestHooker.invokeContextMethods(TestHooker.java:94)
	at com.kms.katalon.core.context.internal.TestListenerCollector.lambda$3(TestListenerCollector.java:88)
	at com.kms.katalon.core.context.internal.TestListenerCollector.handleListenerEvent(TestListenerCollector.java:85)
	at com.kms.katalon.core.context.internal.ExecutionEventManager.publicEvent(ExecutionEventManager.java:36)
	at com.kms.katalon.core.main.TestCaseExecutor.execute(TestCaseExecutor.java:251)
	at com.kms.katalon.core.main.TestSuiteExecutor.accessTestCaseMainPhase(TestSuiteExecutor.java:191)
	at com.kms.katalon.core.main.TestSuiteExecutor.accessTestSuiteMainPhase(TestSuiteExecutor.java:141)
	at com.kms.katalon.core.main.TestSuiteExecutor.execute(TestSuiteExecutor.java:90)
	at com.kms.katalon.core.main.TestCaseMain.startTestSuite(TestCaseMain.java:157)
	at com.kms.katalon.core.main.TestCaseMain$startTestSuite$0.call(Unknown Source)
	at TempTestSuite1691342079987.run(TempTestSuite1691342079987.groovy:39)
Caused by: java.io.FileNotFoundException: C:\QA Scripts\emc.guidewire.katalon.updated\GW10 Automation\Reports\Execution Status.xlsx (The system cannot find the file specified)
	at common.Excel.getColumnNumber(Excel.groovy:69)
	at common.Excel.WirteToExcel(Excel.groovy:95)
	at common.Excel$WirteToExcel$0.call(Unknown Source)
	at GWListener.gwAfterTestCase(GWListener.groovy:137)
	... 14 more


2023-08-06 22:45:01 - [MESSAGE][ERROR] - org.codehaus.groovy.runtime.InvokerInvocationException: java.io.FileNotFoundException: C:\QA Scripts\emc.guidewire.katalon.updated\GW10 Automation\Reports\Execution Status.xlsx (The system cannot find the file specified)
	at GWListener.invokeMethod(GWListener.groovy)
	at com.kms.katalon.core.context.internal.TestHooker.invokeMethod(TestHooker.java:111)
	at com.kms.katalon.core.context.internal.TestHooker.lambda$3(TestHooker.java:95)
	at com.kms.katalon.core.context.internal.TestHooker.invokeContextMethods(TestHooker.java:94)
	at com.kms.katalon.core.context.internal.TestListenerCollector.lambda$3(TestListenerCollector.java:88)
	at com.kms.katalon.core.context.internal.TestListenerCollector.handleListenerEvent(TestListenerCollector.java:85)
	at com.kms.katalon.core.context.internal.ExecutionEventManager.publicEvent(ExecutionEventManager.java:36)
	at com.kms.katalon.core.main.TestCaseExecutor.execute(TestCaseExecutor.java:251)
	at com.kms.katalon.core.main.TestSuiteExecutor.accessTestCaseMainPhase(TestSuiteExecutor.java:191)
	at com.kms.katalon.core.main.TestSuiteExecutor.accessTestSuiteMainPhase(TestSuiteExecutor.java:141)
	at com.kms.katalon.core.main.TestSuiteExecutor.execute(TestSuiteExecutor.java:90)
	at com.kms.katalon.core.main.TestCaseMain.startTestSuite(TestCaseMain.java:157)
	at com.kms.katalon.core.main.TestCaseMain$startTestSuite$0.call(Unknown Source)
	at TempTestSuite1691342079987.run(TempTestSuite1691342079987.groovy:39)
Caused by: java.io.FileNotFoundException: C:\QA Scripts\emc.guidewire.katalon.updated\GW10 Automation\Reports\Execution Status.xlsx (The system cannot find the file specified)
	at common.Excel.getColumnNumber(Excel.groovy:69)
	at common.Excel.WirteToExcel(Excel.groovy:95)
	at common.Excel$WirteToExcel$0.call(Unknown Source)
	at GWListener.gwAfterTestCase(GWListener.groovy:137)
	... 14 more


2023-08-06 22:45:03 - [TEST_STEP][PASSED] - Video: Video recording for test case 'Test Cases/BillingCenter/BatchPaymentEntry/BC_NavigateBatchPaymentEntryScreen' .

2023-08-06 22:45:03 - [MESSAGE][INFO] - Video recording for test case 'Test Cases/BillingCenter/BatchPaymentEntry/BC_NavigateBatchPaymentEntryScreen' .
[[ATTACHMENT|C:\\QA Scripts\\emc.guidewire.katalon.updated\\GW10 Automation\\Reports\\20230806_224439\\BillingCenter\\BatchPaymentEntry\\20230806_224439/videos\\test_2.avi]]]]></system-out>
         <system-err><![CDATA[]]></system-err>
      </testcase>
      <testcase name="Test Cases/BillingCenter/BatchPaymentEntry/BC_MultiplePaymentEntryandVerification_AccountLevel" time="27.85" classname="Test Cases/BillingCenter/BatchPaymentEntry/BC_MultiplePaymentEntryandVerification_AccountLevel" status="PASSED">
         <system-out><![CDATA[2023-08-06 22:45:03 - [TEST_CASE][PASSED] - Test Cases/BillingCenter/BatchPaymentEntry/BC_MultiplePaymentEntryandVerification_AccountLevel: Test Cases/BillingCenter/BatchPaymentEntry/BC_MultiplePaymentEntryandVerification_AccountLevel

2023-08-06 22:45:03 - [TEST_STEP][PASSED] - Start listener action : gwBeforeTestCase: null

2023-08-06 22:45:03 - [TEST_STEP][PASSED] - if (Env_TestCaseId == testCaseContext.getTestCaseId()): null

2023-08-06 22:45:03 - [TEST_STEP][PASSED] - else: null

2023-08-06 22:45:03 - [TEST_STEP][PASSED] - iteration = 1: null

2023-08-06 22:45:03 - [TEST_STEP][PASSED] - Env_Iteration = iteration: null

2023-08-06 22:45:03 - [TEST_STEP][PASSED] - Env_TestCaseId = testCaseContext.getTestCaseId(): null

2023-08-06 22:45:03 - [TEST_STEP][PASSED] - Env_TestCaseVariables = testCaseContext.getTestCaseVariables(): null

2023-08-06 22:45:03 - [TEST_STEP][PASSED] - tc_start_Time = System.currentTimeMillis(): null

2023-08-06 22:45:03 - [TEST_STEP][PASSED] - date_tc_start_Time = dateformat.format(tc_start_Time): null

2023-08-06 22:45:03 - [TEST_STEP][PASSED] - selectOptionByLabel(findTestObject("BillingCenter/pge_BatchPaymentEntry/screen_MultiplePaymentWizard/lst_Source"), Source, false, CONTINUE_ON_FAILURE): All options with label 'Branch' are selected in object 'Object Repository/BillingCenter/pge_BatchPaymentEntry/screen_MultiplePaymentWizard/lst_Source' 

2023-08-06 22:45:04 - [MESSAGE][PASSED] - All options with label 'Branch' are selected in object 'Object Repository/BillingCenter/pge_BatchPaymentEntry/screen_MultiplePaymentWizard/lst_Source' 

2023-08-06 22:45:04 - [TEST_STEP][PASSED] - setText(findTestObject("BillingCenter/pge_BatchPaymentEntry/screen_MultiplePaymentWizard/txt_BatchAmount"), BatchAmount, CONTINUE_ON_FAILURE): Text '2' is set on object 'Object Repository/BillingCenter/pge_BatchPaymentEntry/screen_MultiplePaymentWizard/txt_BatchAmount'

2023-08-06 22:45:06 - [MESSAGE][PASSED] - Text '2' is set on object 'Object Repository/BillingCenter/pge_BatchPaymentEntry/screen_MultiplePaymentWizard/txt_BatchAmount'

2023-08-06 22:45:06 - [TEST_STEP][PASSED] - sendKeys(findTestObject("BillingCenter/pge_BatchPaymentEntry/screen_MultiplePaymentWizard/txt_BatchAmount"), Keys.chord(TAB)): Keys 'TAB + ' sent to object: 'Object Repository/BillingCenter/pge_BatchPaymentEntry/screen_MultiplePaymentWizard/txt_BatchAmount'

2023-08-06 22:45:06 - [MESSAGE][PASSED] - Keys 'TAB + ' sent to object: 'Object Repository/BillingCenter/pge_BatchPaymentEntry/screen_MultiplePaymentWizard/txt_BatchAmount'

2023-08-06 22:45:06 - [TEST_STEP][PASSED] - selectOptionByLabel(findTestObject("BillingCenter/pge_BatchPaymentEntry/screen_MultiplePaymentWizard/lst_Type"), Type, false, CONTINUE_ON_FAILURE): All options with label 'Payment' are selected in object 'Object Repository/BillingCenter/pge_BatchPaymentEntry/screen_MultiplePaymentWizard/lst_Type' 

2023-08-06 22:45:07 - [MESSAGE][PASSED] - All options with label 'Payment' are selected in object 'Object Repository/BillingCenter/pge_BatchPaymentEntry/screen_MultiplePaymentWizard/lst_Type' 

2023-08-06 22:45:07 - [TEST_STEP][PASSED] - verifyElementVisible(findTestObject("BillingCenter/pge_BatchPaymentEntry/screen_MultiplePaymentWizard/txt_Account"), CONTINUE_ON_FAILURE): Object 'Object Repository/BillingCenter/pge_BatchPaymentEntry/screen_MultiplePaymentWizard/txt_Account' is visible

2023-08-06 22:45:08 - [MESSAGE][PASSED] - Object 'Object Repository/BillingCenter/pge_BatchPaymentEntry/screen_MultiplePaymentWizard/txt_Account' is visible

2023-08-06 22:45:08 - [TEST_STEP][PASSED] - setText(findTestObject("BillingCenter/pge_BatchPaymentEntry/screen_MultiplePaymentWizard/txt_Account"), Account): Text '3062523' is set on object 'Object Repository/BillingCenter/pge_BatchPaymentEntry/screen_MultiplePaymentWizard/txt_Account'

2023-08-06 22:45:09 - [MESSAGE][PASSED] - Text '3062523' is set on object 'Object Repository/BillingCenter/pge_BatchPaymentEntry/screen_MultiplePaymentWizard/txt_Account'

2023-08-06 22:45:09 - [TEST_STEP][PASSED] - clearText(findTestObject("BillingCenter/pge_BatchPaymentEntry/screen_MultiplePaymentWizard/txt_Amount"), CONTINUE_ON_FAILURE): Text of object 'Object Repository/BillingCenter/pge_BatchPaymentEntry/screen_MultiplePaymentWizard/txt_Amount' is cleared

2023-08-06 22:45:09 - [MESSAGE][PASSED] - Text of object 'Object Repository/BillingCenter/pge_BatchPaymentEntry/screen_MultiplePaymentWizard/txt_Amount' is cleared

2023-08-06 22:45:09 - [TEST_STEP][PASSED] - setText(findTestObject("BillingCenter/pge_BatchPaymentEntry/screen_MultiplePaymentWizard/txt_Amount"), Amount, CONTINUE_ON_FAILURE): Text '2' is set on object 'Object Repository/BillingCenter/pge_BatchPaymentEntry/screen_MultiplePaymentWizard/txt_Amount'

2023-08-06 22:45:10 - [MESSAGE][PASSED] - Text '2' is set on object 'Object Repository/BillingCenter/pge_BatchPaymentEntry/screen_MultiplePaymentWizard/txt_Amount'

2023-08-06 22:45:10 - [TEST_STEP][PASSED] - sendKeys(findTestObject("BillingCenter/pge_BatchPaymentEntry/screen_MultiplePaymentWizard/txt_Amount"), Keys.chord(TAB)): Keys 'TAB + ' sent to object: 'Object Repository/BillingCenter/pge_BatchPaymentEntry/screen_MultiplePaymentWizard/txt_Amount'

2023-08-06 22:45:11 - [MESSAGE][PASSED] - Keys 'TAB + ' sent to object: 'Object Repository/BillingCenter/pge_BatchPaymentEntry/screen_MultiplePaymentWizard/txt_Amount'

2023-08-06 22:45:11 - [TEST_STEP][PASSED] - verifyElementVisible(findTestObject("BillingCenter/pge_BatchPaymentEntry/screen_MultiplePaymentWizard/txt_CheckRef"), CONTINUE_ON_FAILURE): Object 'Object Repository/BillingCenter/pge_BatchPaymentEntry/screen_MultiplePaymentWizard/txt_CheckRef' is visible

2023-08-06 22:45:11 - [MESSAGE][PASSED] - Object 'Object Repository/BillingCenter/pge_BatchPaymentEntry/screen_MultiplePaymentWizard/txt_CheckRef' is visible

2023-08-06 22:45:11 - [TEST_STEP][PASSED] - setText(findTestObject("BillingCenter/pge_BatchPaymentEntry/screen_MultiplePaymentWizard/txt_CheckRef"), CheckRef, CONTINUE_ON_FAILURE): Text '9988776655' is set on object 'Object Repository/BillingCenter/pge_BatchPaymentEntry/screen_MultiplePaymentWizard/txt_CheckRef'

2023-08-06 22:45:12 - [MESSAGE][PASSED] - Text '9988776655' is set on object 'Object Repository/BillingCenter/pge_BatchPaymentEntry/screen_MultiplePaymentWizard/txt_CheckRef'

2023-08-06 22:45:12 - [TEST_STEP][PASSED] - setText(findTestObject("BillingCenter/pge_BatchPaymentEntry/screen_MultiplePaymentWizard/txt_Description"), Description, CONTINUE_ON_FAILURE): Text 'Payment on account level' is set on object 'Object Repository/BillingCenter/pge_BatchPaymentEntry/screen_MultiplePaymentWizard/txt_Description'

2023-08-06 22:45:13 - [MESSAGE][PASSED] - Text 'Payment on account level' is set on object 'Object Repository/BillingCenter/pge_BatchPaymentEntry/screen_MultiplePaymentWizard/txt_Description'

2023-08-06 22:45:13 - [TEST_STEP][PASSED] - selectOptionByLabel(findTestObject("BillingCenter/pge_BatchPaymentEntry/screen_MultiplePaymentWizard/lst_PaymentInstrument"), PaymentInstrument, false, CONTINUE_ON_FAILURE): All options with label 'Cash' are selected in object 'Object Repository/BillingCenter/pge_BatchPaymentEntry/screen_MultiplePaymentWizard/lst_PaymentInstrument' 

2023-08-06 22:45:14 - [MESSAGE][PASSED] - All options with label 'Cash' are selected in object 'Object Repository/BillingCenter/pge_BatchPaymentEntry/screen_MultiplePaymentWizard/lst_PaymentInstrument' 

2023-08-06 22:45:14 - [TEST_STEP][PASSED] - click(findTestObject("BillingCenter/pge_BatchPaymentEntry/screen_MultiplePaymentWizard/btn_Next"), CONTINUE_ON_FAILURE): Object: 'Object Repository/BillingCenter/pge_BatchPaymentEntry/screen_MultiplePaymentWizard/btn_Next' is clicked on

2023-08-06 22:45:15 - [MESSAGE][PASSED] - Object: 'Object Repository/BillingCenter/pge_BatchPaymentEntry/screen_MultiplePaymentWizard/btn_Next' is clicked on

2023-08-06 22:45:15 - [TEST_STEP][PASSED] - BatchNumber = getText(findTestObject("BillingCenter/pge_BatchPaymentEntry/screen_MultiplePaymentWizard/val_BatchNumber"), CONTINUE_ON_FAILURE): Text of object 'Object Repository/BillingCenter/pge_BatchPaymentEntry/screen_MultiplePaymentWizard/val_BatchNumber' is: 'BA07172026-1411'

2023-08-06 22:45:15 - [MESSAGE][PASSED] - Text of object 'Object Repository/BillingCenter/pge_BatchPaymentEntry/screen_MultiplePaymentWizard/val_BatchNumber' is: 'BA07172026-1411'

2023-08-06 22:45:15 - [TEST_STEP][PASSED] - comment("Posted Payment Batch Number " + BatchNumber): Posted Payment Batch Number BA07172026-1411

2023-08-06 22:45:15 - [MESSAGE][INFO] - Posted Payment Batch Number BA07172026-1411

2023-08-06 22:45:15 - [TEST_STEP][PASSED] - click(findTestObject("BillingCenter/pge_BatchPaymentEntry/screen_MultiplePaymentWizard/btn_Post"), CONTINUE_ON_FAILURE): Object: 'Object Repository/BillingCenter/pge_BatchPaymentEntry/screen_MultiplePaymentWizard/btn_Post' is clicked on

2023-08-06 22:45:16 - [MESSAGE][PASSED] - Object: 'Object Repository/BillingCenter/pge_BatchPaymentEntry/screen_MultiplePaymentWizard/btn_Post' is clicked on

2023-08-06 22:45:16 - [TEST_STEP][PASSED] - verifyElementPresent(findTestObject("BillingCenter/pge_BatchPaymentEntry/screen_BatchJobs/fld_GoTo_Quickjump"), 0): Object 'Object Repository/BillingCenter/pge_BatchPaymentEntry/screen_BatchJobs/fld_GoTo_Quickjump' is present

2023-08-06 22:45:16 - [MESSAGE][WARNING] - Timeout '0' is invalid. Using default page load timeout: '2'

2023-08-06 22:45:16 - [MESSAGE][PASSED] - Object 'Object Repository/BillingCenter/pge_BatchPaymentEntry/screen_BatchJobs/fld_GoTo_Quickjump' is present

2023-08-06 22:45:16 - [TEST_STEP][PASSED] - sendKeys(findTestObject("BillingCenter/pge_BatchPaymentEntry/screen_BatchJobs/fld_GoTo_Quickjump"), "runBatchProcess PostBatchPayment_sp"): Keys 'runBatchProcess PostBatchPayment_sp' sent to object: 'Object Repository/BillingCenter/pge_BatchPaymentEntry/screen_BatchJobs/fld_GoTo_Quickjump'

2023-08-06 22:45:17 - [MESSAGE][PASSED] - Keys 'runBatchProcess PostBatchPayment_sp' sent to object: 'Object Repository/BillingCenter/pge_BatchPaymentEntry/screen_BatchJobs/fld_GoTo_Quickjump'

2023-08-06 22:45:17 - [TEST_STEP][PASSED] - sendKeys(findTestObject("BillingCenter/pge_BatchPaymentEntry/screen_BatchJobs/fld_GoTo_Quickjump"), Keys.chord(ENTER)): Keys 'ENTER + ' sent to object: 'Object Repository/BillingCenter/pge_BatchPaymentEntry/screen_BatchJobs/fld_GoTo_Quickjump'

2023-08-06 22:45:17 - [MESSAGE][PASSED] - Keys 'ENTER + ' sent to object: 'Object Repository/BillingCenter/pge_BatchPaymentEntry/screen_BatchJobs/fld_GoTo_Quickjump'

2023-08-06 22:45:17 - [TEST_STEP][PASSED] - click(findTestObject("BillingCenter/pge_BatchPaymentEntry/screen_Verify_PostedPayments/opt_AccountSearch")): Object: 'Object Repository/BillingCenter/pge_BatchPaymentEntry/screen_Verify_PostedPayments/opt_AccountSearch' is clicked on

2023-08-06 22:45:18 - [MESSAGE][PASSED] - Object: 'Object Repository/BillingCenter/pge_BatchPaymentEntry/screen_Verify_PostedPayments/opt_AccountSearch' is clicked on

2023-08-06 22:45:18 - [TEST_STEP][PASSED] - sendKeys(findTestObject("BillingCenter/pge_BatchPaymentEntry/screen_Verify_PostedPayments/fld_SearchAccount"), Account): Keys '3062523' sent to object: 'Object Repository/BillingCenter/pge_BatchPaymentEntry/screen_Verify_PostedPayments/fld_SearchAccount'

2023-08-06 22:45:19 - [MESSAGE][PASSED] - Keys '3062523' sent to object: 'Object Repository/BillingCenter/pge_BatchPaymentEntry/screen_Verify_PostedPayments/fld_SearchAccount'

2023-08-06 22:45:19 - [TEST_STEP][PASSED] - click(findTestObject("BillingCenter/pge_BatchPaymentEntry/screen_Verify_PostedPayments/icon_SearchAccount")): Object: 'Object Repository/BillingCenter/pge_BatchPaymentEntry/screen_Verify_PostedPayments/icon_SearchAccount' is clicked on

2023-08-06 22:45:19 - [MESSAGE][PASSED] - Object: 'Object Repository/BillingCenter/pge_BatchPaymentEntry/screen_Verify_PostedPayments/icon_SearchAccount' is clicked on

2023-08-06 22:45:19 - [TEST_STEP][PASSED] - click(findTestObject("BillingCenter/pge_BatchPaymentEntry/screen_Verify_PostedPayments/icon_PaymentsDownArrow")): Object: 'Object Repository/BillingCenter/pge_BatchPaymentEntry/screen_Verify_PostedPayments/icon_PaymentsDownArrow' is clicked on

2023-08-06 22:45:20 - [MESSAGE][PASSED] - Object: 'Object Repository/BillingCenter/pge_BatchPaymentEntry/screen_Verify_PostedPayments/icon_PaymentsDownArrow' is clicked on

2023-08-06 22:45:20 - [TEST_STEP][PASSED] - click(findTestObject("BillingCenter/pge_BatchPaymentEntry/screen_Verify_PostedPayments/opt_PaymentsAccount")): Object: 'Object Repository/BillingCenter/pge_BatchPaymentEntry/screen_Verify_PostedPayments/opt_PaymentsAccount' is clicked on

2023-08-06 22:45:20 - [MESSAGE][PASSED] - Object: 'Object Repository/BillingCenter/pge_BatchPaymentEntry/screen_Verify_PostedPayments/opt_PaymentsAccount' is clicked on

2023-08-06 22:45:20 - [TEST_STEP][PASSED] - driver = getWebDriver(): null

2023-08-06 22:45:20 - [TEST_STEP][PASSED] - Table = driver.findElement(By.xpath("//*[@id='AccountPayments-AccountDetailPaymentsScreen-DirectBillPaymentsListDetail-AccountDBPaymentsLV']//tbody")): null

2023-08-06 22:45:21 - [TEST_STEP][PASSED] - elementsinColumn = gw.Table.getTableElementsByColumn(Table, 8): gw.Table.getTableElementsByColumn is PASSED

2023-08-06 22:45:26 - [MESSAGE][PASSED] - gw.Table.getTableElementsByColumn is PASSED

2023-08-06 22:45:26 - [TEST_STEP][PASSED] - comment("Elements after function call to getTableElementsByColumn " + elementsinColumn): Elements after function call to getTableElementsByColumn [Batch Number, BA07172026-1411, BA07172026-1404, BA07172026-1404, BA07172026-1386, BA07172026-1379, BA07172026-1372, BA07172026-1372, BA07172026-1368, BA07172026-1368, BA07162026-1335, BA07162026-1328, BA07162026-1324, BA07162026-1320, BA07162026-1316, BA07162026-1312]

2023-08-06 22:45:26 - [MESSAGE][INFO] - Elements after function call to getTableElementsByColumn [Batch Number, BA07172026-1411, BA07172026-1404, BA07172026-1404, BA07172026-1386, BA07172026-1379, BA07172026-1372, BA07172026-1372, BA07172026-1368, BA07172026-1368, BA07162026-1335, BA07162026-1328, BA07162026-1324, BA07162026-1320, BA07162026-1316, BA07162026-1312]

2023-08-06 22:45:26 - [TEST_STEP][PASSED] - if (elementsinColumn.contains(BatchNumber)): Account Payment Batch Number Found

2023-08-06 22:45:26 - [TEST_STEP][PASSED] - markPassed("Account Payment Batch Number Found"): Account Payment Batch Number Found

2023-08-06 22:45:26 - [MESSAGE][PASSED] - Account Payment Batch Number Found

2023-08-06 22:45:26 - [TEST_STEP][PASSED] - click(findTestObject("BillingCenter/pge_BatchPaymentEntry/screen_Verify_PostedPayments/lbl_DesktopOption")): Object: 'Object Repository/BillingCenter/pge_BatchPaymentEntry/screen_Verify_PostedPayments/lbl_DesktopOption' is clicked on

2023-08-06 22:45:27 - [MESSAGE][PASSED] - Object: 'Object Repository/BillingCenter/pge_BatchPaymentEntry/screen_Verify_PostedPayments/lbl_DesktopOption' is clicked on

2023-08-06 22:45:27 - [TEST_STEP][PASSED] - callTestCase(findTestCase("BillingCenter/BatchPaymentEntry/BC_NavigateBatchPaymentEntryScreen"), [:]): Call Test Case 'Test Cases/BillingCenter/BatchPaymentEntry/BC_NavigateBatchPaymentEntryScreen' successfully

2023-08-06 22:45:27 - [TEST_CASE][PASSED] - Test Cases/BillingCenter/BatchPaymentEntry/BC_NavigateBatchPaymentEntryScreen: Test Cases/BillingCenter/BatchPaymentEntry/BC_NavigateBatchPaymentEntryScreen

2023-08-06 22:45:27 - [TEST_STEP][PASSED] - click(findTestObject("BillingCenter/pge_BatchPaymentEntry/pge_Navigation/opt_Desktop_Actions")): Object: 'Object Repository/BillingCenter/pge_BatchPaymentEntry/pge_Navigation/opt_Desktop_Actions' is clicked on

2023-08-06 22:45:27 - [MESSAGE][PASSED] - Object: 'Object Repository/BillingCenter/pge_BatchPaymentEntry/pge_Navigation/opt_Desktop_Actions' is clicked on

2023-08-06 22:45:27 - [TEST_STEP][PASSED] - mouseOver(findTestObject("BillingCenter/pge_BatchPaymentEntry/pge_Navigation/act_NewPayment")): Object: 'Object Repository/BillingCenter/pge_BatchPaymentEntry/pge_Navigation/act_NewPayment' is hovered

2023-08-06 22:45:28 - [MESSAGE][PASSED] - Object: 'Object Repository/BillingCenter/pge_BatchPaymentEntry/pge_Navigation/act_NewPayment' is hovered

2023-08-06 22:45:28 - [TEST_STEP][PASSED] - click(findTestObject("BillingCenter/pge_BatchPaymentEntry/pge_Navigation/opt_newPayment _BatchPaymentEntry")): Object: 'Object Repository/BillingCenter/pge_BatchPaymentEntry/pge_Navigation/opt_newPayment _BatchPaymentEntry' is clicked on

2023-08-06 22:45:28 - [MESSAGE][PASSED] - Object: 'Object Repository/BillingCenter/pge_BatchPaymentEntry/pge_Navigation/opt_newPayment _BatchPaymentEntry' is clicked on

2023-08-06 22:45:28 - [MESSAGE][PASSED] - Call Test Case 'Test Cases/BillingCenter/BatchPaymentEntry/BC_NavigateBatchPaymentEntryScreen' successfully

2023-08-06 22:45:28 - [TEST_STEP][PASSED] - for (def index : (0..0)): null

2023-08-06 22:45:28 - [TEST_STEP][ERROR] - Start listener action : gwAfterTestCase: org.codehaus.groovy.runtime.InvokerInvocationException: java.io.FileNotFoundException: C:\QA Scripts\emc.guidewire.katalon.updated\GW10 Automation\Reports\Execution Status.xlsx (The system cannot find the file specified)
	at GWListener.invokeMethod(GWListener.groovy)
	at com.kms.katalon.core.context.internal.TestHooker.invokeMethod(TestHooker.java:111)
	at com.kms.katalon.core.context.internal.TestHooker.lambda$3(TestHooker.java:95)
	at com.kms.katalon.core.context.internal.TestHooker.invokeContextMethods(TestHooker.java:94)
	at com.kms.katalon.core.context.internal.TestListenerCollector.lambda$3(TestListenerCollector.java:88)
	at com.kms.katalon.core.context.internal.TestListenerCollector.handleListenerEvent(TestListenerCollector.java:85)
	at com.kms.katalon.core.context.internal.ExecutionEventManager.publicEvent(ExecutionEventManager.java:36)
	at com.kms.katalon.core.main.TestCaseExecutor.execute(TestCaseExecutor.java:251)
	at com.kms.katalon.core.main.TestSuiteExecutor.accessTestCaseMainPhase(TestSuiteExecutor.java:191)
	at com.kms.katalon.core.main.TestSuiteExecutor.accessTestSuiteMainPhase(TestSuiteExecutor.java:141)
	at com.kms.katalon.core.main.TestSuiteExecutor.execute(TestSuiteExecutor.java:90)
	at com.kms.katalon.core.main.TestCaseMain.startTestSuite(TestCaseMain.java:157)
	at com.kms.katalon.core.main.TestCaseMain$startTestSuite$0.call(Unknown Source)
	at TempTestSuite1691342079987.run(TempTestSuite1691342079987.groovy:39)
Caused by: java.io.FileNotFoundException: C:\QA Scripts\emc.guidewire.katalon.updated\GW10 Automation\Reports\Execution Status.xlsx (The system cannot find the file specified)
	at common.Excel.getColumnNumber(Excel.groovy:69)
	at common.Excel.WirteToExcel(Excel.groovy:95)
	at common.Excel$WirteToExcel$0.call(Unknown Source)
	at GWListener.gwAfterTestCase(GWListener.groovy:137)
	... 14 more


2023-08-06 22:45:28 - [TEST_STEP][PASSED] - tc_end_Time = System.currentTimeMillis(): null

2023-08-06 22:45:28 - [TEST_STEP][PASSED] - date_tc_end_Time = dateformat.format(tc_end_Time): null

2023-08-06 22:45:28 - [TEST_STEP][PASSED] - (tempRowNum++): null

2023-08-06 22:45:28 - [TEST_STEP][PASSED] - testCaseID = testCaseContext.getTestCaseId(): null

2023-08-06 22:45:28 - [TEST_STEP][PASSED] - testCase = findTestCase(testCaseID): null

2023-08-06 22:45:28 - [TEST_STEP][PASSED] - testCaseName = testCase.getName(): null

2023-08-06 22:45:28 - [TEST_STEP][PASSED] - switch (testCaseContext.getTestCaseStatus()): null

2023-08-06 22:45:28 - [TEST_STEP][PASSED] - case "PASSED":: null

2023-08-06 22:45:28 - [TEST_STEP][PASSED] - (passedCnt++): null

2023-08-06 22:45:28 - [TEST_STEP][PASSED] - break: null

2023-08-06 22:45:28 - [TEST_STEP][PASSED] - if (testCaseName == "GenerateAndSendReport"): null

2023-08-06 22:45:28 - [TEST_STEP][PASSED] - if (testCaseName == "GenerateAndSaveReport"): null

2023-08-06 22:45:28 - [TEST_STEP][PASSED] - if (testCaseName == "GenerateTimeReport"): null

2023-08-06 22:45:28 - [TEST_STEP][ERROR] - if (!(testCaseName.contains("Submission")) && !(testCaseName.contains("Issurance")) && !(testCaseName.contains("NewAccount")) && !(testCaseName.contains("FNOL")) && !(testCaseName.contains("QuickClaim")) && !(testCaseName.contains("verify"))): org.codehaus.groovy.runtime.InvokerInvocationException: java.io.FileNotFoundException: C:\QA Scripts\emc.guidewire.katalon.updated\GW10 Automation\Reports\Execution Status.xlsx (The system cannot find the file specified)
	at GWListener.invokeMethod(GWListener.groovy)
	at com.kms.katalon.core.context.internal.TestHooker.invokeMethod(TestHooker.java:111)
	at com.kms.katalon.core.context.internal.TestHooker.lambda$3(TestHooker.java:95)
	at com.kms.katalon.core.context.internal.TestHooker.invokeContextMethods(TestHooker.java:94)
	at com.kms.katalon.core.context.internal.TestListenerCollector.lambda$3(TestListenerCollector.java:88)
	at com.kms.katalon.core.context.internal.TestListenerCollector.handleListenerEvent(TestListenerCollector.java:85)
	at com.kms.katalon.core.context.internal.ExecutionEventManager.publicEvent(ExecutionEventManager.java:36)
	at com.kms.katalon.core.main.TestCaseExecutor.execute(TestCaseExecutor.java:251)
	at com.kms.katalon.core.main.TestSuiteExecutor.accessTestCaseMainPhase(TestSuiteExecutor.java:191)
	at com.kms.katalon.core.main.TestSuiteExecutor.accessTestSuiteMainPhase(TestSuiteExecutor.java:141)
	at com.kms.katalon.core.main.TestSuiteExecutor.execute(TestSuiteExecutor.java:90)
	at com.kms.katalon.core.main.TestCaseMain.startTestSuite(TestCaseMain.java:157)
	at com.kms.katalon.core.main.TestCaseMain$startTestSuite$0.call(Unknown Source)
	at TempTestSuite1691342079987.run(TempTestSuite1691342079987.groovy:39)
Caused by: java.io.FileNotFoundException: C:\QA Scripts\emc.guidewire.katalon.updated\GW10 Automation\Reports\Execution Status.xlsx (The system cannot find the file specified)
	at common.Excel.getColumnNumber(Excel.groovy:69)
	at common.Excel.WirteToExcel(Excel.groovy:95)
	at common.Excel$WirteToExcel$0.call(Unknown Source)
	at GWListener.gwAfterTestCase(GWListener.groovy:137)
	... 14 more


2023-08-06 22:45:28 - [MESSAGE][ERROR] - org.codehaus.groovy.runtime.InvokerInvocationException: java.io.FileNotFoundException: C:\QA Scripts\emc.guidewire.katalon.updated\GW10 Automation\Reports\Execution Status.xlsx (The system cannot find the file specified)
	at GWListener.invokeMethod(GWListener.groovy)
	at com.kms.katalon.core.context.internal.TestHooker.invokeMethod(TestHooker.java:111)
	at com.kms.katalon.core.context.internal.TestHooker.lambda$3(TestHooker.java:95)
	at com.kms.katalon.core.context.internal.TestHooker.invokeContextMethods(TestHooker.java:94)
	at com.kms.katalon.core.context.internal.TestListenerCollector.lambda$3(TestListenerCollector.java:88)
	at com.kms.katalon.core.context.internal.TestListenerCollector.handleListenerEvent(TestListenerCollector.java:85)
	at com.kms.katalon.core.context.internal.ExecutionEventManager.publicEvent(ExecutionEventManager.java:36)
	at com.kms.katalon.core.main.TestCaseExecutor.execute(TestCaseExecutor.java:251)
	at com.kms.katalon.core.main.TestSuiteExecutor.accessTestCaseMainPhase(TestSuiteExecutor.java:191)
	at com.kms.katalon.core.main.TestSuiteExecutor.accessTestSuiteMainPhase(TestSuiteExecutor.java:141)
	at com.kms.katalon.core.main.TestSuiteExecutor.execute(TestSuiteExecutor.java:90)
	at com.kms.katalon.core.main.TestCaseMain.startTestSuite(TestCaseMain.java:157)
	at com.kms.katalon.core.main.TestCaseMain$startTestSuite$0.call(Unknown Source)
	at TempTestSuite1691342079987.run(TempTestSuite1691342079987.groovy:39)
Caused by: java.io.FileNotFoundException: C:\QA Scripts\emc.guidewire.katalon.updated\GW10 Automation\Reports\Execution Status.xlsx (The system cannot find the file specified)
	at common.Excel.getColumnNumber(Excel.groovy:69)
	at common.Excel.WirteToExcel(Excel.groovy:95)
	at common.Excel$WirteToExcel$0.call(Unknown Source)
	at GWListener.gwAfterTestCase(GWListener.groovy:137)
	... 14 more


2023-08-06 22:45:30 - [TEST_STEP][PASSED] - Video: Video recording for test case 'Test Cases/BillingCenter/BatchPaymentEntry/BC_MultiplePaymentEntryandVerification_AccountLevel' .

2023-08-06 22:45:30 - [MESSAGE][INFO] - Video recording for test case 'Test Cases/BillingCenter/BatchPaymentEntry/BC_MultiplePaymentEntryandVerification_AccountLevel' .
[[ATTACHMENT|C:\\QA Scripts\\emc.guidewire.katalon.updated\\GW10 Automation\\Reports\\20230806_224439\\BillingCenter\\BatchPaymentEntry\\20230806_224439/videos\\test_3.avi]]]]></system-out>
         <system-err><![CDATA[]]></system-err>
      </testcase>
      <testcase name="Test Cases/BillingCenter/BatchPaymentEntry/BC_MultiplePaymentEntryandVerification_AccountLevel" time="23.049" classname="Test Cases/BillingCenter/BatchPaymentEntry/BC_MultiplePaymentEntryandVerification_AccountLevel" status="PASSED">
         <system-out><![CDATA[2023-08-06 22:45:31 - [TEST_CASE][PASSED] - Test Cases/BillingCenter/BatchPaymentEntry/BC_MultiplePaymentEntryandVerification_AccountLevel: Test Cases/BillingCenter/BatchPaymentEntry/BC_MultiplePaymentEntryandVerification_AccountLevel

2023-08-06 22:45:31 - [TEST_STEP][PASSED] - Start listener action : gwBeforeTestCase: null

2023-08-06 22:45:31 - [TEST_STEP][PASSED] - if (Env_TestCaseId == testCaseContext.getTestCaseId()): null

2023-08-06 22:45:31 - [TEST_STEP][PASSED] - Env_Iteration = iteration: null

2023-08-06 22:45:31 - [TEST_STEP][PASSED] - Env_TestCaseId = testCaseContext.getTestCaseId(): null

2023-08-06 22:45:31 - [TEST_STEP][PASSED] - Env_TestCaseVariables = testCaseContext.getTestCaseVariables(): null

2023-08-06 22:45:31 - [TEST_STEP][PASSED] - tc_start_Time = System.currentTimeMillis(): null

2023-08-06 22:45:31 - [TEST_STEP][PASSED] - date_tc_start_Time = dateformat.format(tc_start_Time): null

2023-08-06 22:45:31 - [TEST_STEP][PASSED] - selectOptionByLabel(findTestObject("BillingCenter/pge_BatchPaymentEntry/screen_MultiplePaymentWizard/lst_Source"), Source, false, CONTINUE_ON_FAILURE): All options with label 'Cash Accounting' are selected in object 'Object Repository/BillingCenter/pge_BatchPaymentEntry/screen_MultiplePaymentWizard/lst_Source' 

2023-08-06 22:45:31 - [MESSAGE][PASSED] - All options with label 'Cash Accounting' are selected in object 'Object Repository/BillingCenter/pge_BatchPaymentEntry/screen_MultiplePaymentWizard/lst_Source' 

2023-08-06 22:45:31 - [TEST_STEP][PASSED] - setText(findTestObject("BillingCenter/pge_BatchPaymentEntry/screen_MultiplePaymentWizard/txt_BatchAmount"), BatchAmount, CONTINUE_ON_FAILURE): Text '3.5' is set on object 'Object Repository/BillingCenter/pge_BatchPaymentEntry/screen_MultiplePaymentWizard/txt_BatchAmount'

2023-08-06 22:45:32 - [MESSAGE][PASSED] - Text '3.5' is set on object 'Object Repository/BillingCenter/pge_BatchPaymentEntry/screen_MultiplePaymentWizard/txt_BatchAmount'

2023-08-06 22:45:32 - [TEST_STEP][PASSED] - sendKeys(findTestObject("BillingCenter/pge_BatchPaymentEntry/screen_MultiplePaymentWizard/txt_BatchAmount"), Keys.chord(TAB)): Keys 'TAB + ' sent to object: 'Object Repository/BillingCenter/pge_BatchPaymentEntry/screen_MultiplePaymentWizard/txt_BatchAmount'

2023-08-06 22:45:33 - [MESSAGE][PASSED] - Keys 'TAB + ' sent to object: 'Object Repository/BillingCenter/pge_BatchPaymentEntry/screen_MultiplePaymentWizard/txt_BatchAmount'

2023-08-06 22:45:33 - [TEST_STEP][PASSED] - selectOptionByLabel(findTestObject("BillingCenter/pge_BatchPaymentEntry/screen_MultiplePaymentWizard/lst_Type"), Type, false, CONTINUE_ON_FAILURE): All options with label 'Payment' are selected in object 'Object Repository/BillingCenter/pge_BatchPaymentEntry/screen_MultiplePaymentWizard/lst_Type' 

2023-08-06 22:45:34 - [MESSAGE][PASSED] - All options with label 'Payment' are selected in object 'Object Repository/BillingCenter/pge_BatchPaymentEntry/screen_MultiplePaymentWizard/lst_Type' 

2023-08-06 22:45:34 - [TEST_STEP][PASSED] - verifyElementVisible(findTestObject("BillingCenter/pge_BatchPaymentEntry/screen_MultiplePaymentWizard/txt_Account"), CONTINUE_ON_FAILURE): Object 'Object Repository/BillingCenter/pge_BatchPaymentEntry/screen_MultiplePaymentWizard/txt_Account' is visible

2023-08-06 22:45:34 - [MESSAGE][PASSED] - Object 'Object Repository/BillingCenter/pge_BatchPaymentEntry/screen_MultiplePaymentWizard/txt_Account' is visible

2023-08-06 22:45:34 - [TEST_STEP][PASSED] - setText(findTestObject("BillingCenter/pge_BatchPaymentEntry/screen_MultiplePaymentWizard/txt_Account"), Account): Text '3062524' is set on object 'Object Repository/BillingCenter/pge_BatchPaymentEntry/screen_MultiplePaymentWizard/txt_Account'

2023-08-06 22:45:35 - [MESSAGE][PASSED] - Text '3062524' is set on object 'Object Repository/BillingCenter/pge_BatchPaymentEntry/screen_MultiplePaymentWizard/txt_Account'

2023-08-06 22:45:35 - [TEST_STEP][PASSED] - clearText(findTestObject("BillingCenter/pge_BatchPaymentEntry/screen_MultiplePaymentWizard/txt_Amount"), CONTINUE_ON_FAILURE): Text of object 'Object Repository/BillingCenter/pge_BatchPaymentEntry/screen_MultiplePaymentWizard/txt_Amount' is cleared

2023-08-06 22:45:36 - [MESSAGE][PASSED] - Text of object 'Object Repository/BillingCenter/pge_BatchPaymentEntry/screen_MultiplePaymentWizard/txt_Amount' is cleared

2023-08-06 22:45:36 - [TEST_STEP][PASSED] - setText(findTestObject("BillingCenter/pge_BatchPaymentEntry/screen_MultiplePaymentWizard/txt_Amount"), Amount, CONTINUE_ON_FAILURE): Text '3.5' is set on object 'Object Repository/BillingCenter/pge_BatchPaymentEntry/screen_MultiplePaymentWizard/txt_Amount'

2023-08-06 22:45:37 - [MESSAGE][PASSED] - Text '3.5' is set on object 'Object Repository/BillingCenter/pge_BatchPaymentEntry/screen_MultiplePaymentWizard/txt_Amount'

2023-08-06 22:45:37 - [TEST_STEP][PASSED] - sendKeys(findTestObject("BillingCenter/pge_BatchPaymentEntry/screen_MultiplePaymentWizard/txt_Amount"), Keys.chord(TAB)): Keys 'TAB + ' sent to object: 'Object Repository/BillingCenter/pge_BatchPaymentEntry/screen_MultiplePaymentWizard/txt_Amount'

2023-08-06 22:45:38 - [MESSAGE][PASSED] - Keys 'TAB + ' sent to object: 'Object Repository/BillingCenter/pge_BatchPaymentEntry/screen_MultiplePaymentWizard/txt_Amount'

2023-08-06 22:45:38 - [TEST_STEP][PASSED] - verifyElementVisible(findTestObject("BillingCenter/pge_BatchPaymentEntry/screen_MultiplePaymentWizard/txt_CheckRef"), CONTINUE_ON_FAILURE): Object 'Object Repository/BillingCenter/pge_BatchPaymentEntry/screen_MultiplePaymentWizard/txt_CheckRef' is visible

2023-08-06 22:45:38 - [MESSAGE][PASSED] - Object 'Object Repository/BillingCenter/pge_BatchPaymentEntry/screen_MultiplePaymentWizard/txt_CheckRef' is visible

2023-08-06 22:45:38 - [TEST_STEP][PASSED] - setText(findTestObject("BillingCenter/pge_BatchPaymentEntry/screen_MultiplePaymentWizard/txt_CheckRef"), CheckRef, CONTINUE_ON_FAILURE): Text '8877665544' is set on object 'Object Repository/BillingCenter/pge_BatchPaymentEntry/screen_MultiplePaymentWizard/txt_CheckRef'

2023-08-06 22:45:39 - [MESSAGE][PASSED] - Text '8877665544' is set on object 'Object Repository/BillingCenter/pge_BatchPaymentEntry/screen_MultiplePaymentWizard/txt_CheckRef'

2023-08-06 22:45:39 - [TEST_STEP][PASSED] - setText(findTestObject("BillingCenter/pge_BatchPaymentEntry/screen_MultiplePaymentWizard/txt_Description"), Description, CONTINUE_ON_FAILURE): Text 'Payment on account' is set on object 'Object Repository/BillingCenter/pge_BatchPaymentEntry/screen_MultiplePaymentWizard/txt_Description'

2023-08-06 22:45:40 - [MESSAGE][PASSED] - Text 'Payment on account' is set on object 'Object Repository/BillingCenter/pge_BatchPaymentEntry/screen_MultiplePaymentWizard/txt_Description'

2023-08-06 22:45:40 - [TEST_STEP][PASSED] - selectOptionByLabel(findTestObject("BillingCenter/pge_BatchPaymentEntry/screen_MultiplePaymentWizard/lst_PaymentInstrument"), PaymentInstrument, false, CONTINUE_ON_FAILURE): All options with label 'Check' are selected in object 'Object Repository/BillingCenter/pge_BatchPaymentEntry/screen_MultiplePaymentWizard/lst_PaymentInstrument' 

2023-08-06 22:45:41 - [MESSAGE][PASSED] - All options with label 'Check' are selected in object 'Object Repository/BillingCenter/pge_BatchPaymentEntry/screen_MultiplePaymentWizard/lst_PaymentInstrument' 

2023-08-06 22:45:41 - [TEST_STEP][PASSED] - click(findTestObject("BillingCenter/pge_BatchPaymentEntry/screen_MultiplePaymentWizard/btn_Next"), CONTINUE_ON_FAILURE): Object: 'Object Repository/BillingCenter/pge_BatchPaymentEntry/screen_MultiplePaymentWizard/btn_Next' is clicked on

2023-08-06 22:45:41 - [MESSAGE][PASSED] - Object: 'Object Repository/BillingCenter/pge_BatchPaymentEntry/screen_MultiplePaymentWizard/btn_Next' is clicked on

2023-08-06 22:45:41 - [TEST_STEP][PASSED] - BatchNumber = getText(findTestObject("BillingCenter/pge_BatchPaymentEntry/screen_MultiplePaymentWizard/val_BatchNumber"), CONTINUE_ON_FAILURE): Text of object 'Object Repository/BillingCenter/pge_BatchPaymentEntry/screen_MultiplePaymentWizard/val_BatchNumber' is: 'CA07172026-1414'

2023-08-06 22:45:42 - [MESSAGE][PASSED] - Text of object 'Object Repository/BillingCenter/pge_BatchPaymentEntry/screen_MultiplePaymentWizard/val_BatchNumber' is: 'CA07172026-1414'

2023-08-06 22:45:42 - [TEST_STEP][PASSED] - comment("Posted Payment Batch Number " + BatchNumber): Posted Payment Batch Number CA07172026-1414

2023-08-06 22:45:42 - [MESSAGE][INFO] - Posted Payment Batch Number CA07172026-1414

2023-08-06 22:45:42 - [TEST_STEP][PASSED] - click(findTestObject("BillingCenter/pge_BatchPaymentEntry/screen_MultiplePaymentWizard/btn_Post"), CONTINUE_ON_FAILURE): Object: 'Object Repository/BillingCenter/pge_BatchPaymentEntry/screen_MultiplePaymentWizard/btn_Post' is clicked on

2023-08-06 22:45:42 - [MESSAGE][PASSED] - Object: 'Object Repository/BillingCenter/pge_BatchPaymentEntry/screen_MultiplePaymentWizard/btn_Post' is clicked on

2023-08-06 22:45:42 - [TEST_STEP][PASSED] - verifyElementPresent(findTestObject("BillingCenter/pge_BatchPaymentEntry/screen_BatchJobs/fld_GoTo_Quickjump"), 0): Object 'Object Repository/BillingCenter/pge_BatchPaymentEntry/screen_BatchJobs/fld_GoTo_Quickjump' is present

2023-08-06 22:45:43 - [MESSAGE][WARNING] - Timeout '0' is invalid. Using default page load timeout: '2'

2023-08-06 22:45:43 - [MESSAGE][PASSED] - Object 'Object Repository/BillingCenter/pge_BatchPaymentEntry/screen_BatchJobs/fld_GoTo_Quickjump' is present

2023-08-06 22:45:43 - [TEST_STEP][PASSED] - sendKeys(findTestObject("BillingCenter/pge_BatchPaymentEntry/screen_BatchJobs/fld_GoTo_Quickjump"), "runBatchProcess PostBatchPayment_sp"): Keys 'runBatchProcess PostBatchPayment_sp' sent to object: 'Object Repository/BillingCenter/pge_BatchPaymentEntry/screen_BatchJobs/fld_GoTo_Quickjump'

2023-08-06 22:45:44 - [MESSAGE][PASSED] - Keys 'runBatchProcess PostBatchPayment_sp' sent to object: 'Object Repository/BillingCenter/pge_BatchPaymentEntry/screen_BatchJobs/fld_GoTo_Quickjump'

2023-08-06 22:45:44 - [TEST_STEP][PASSED] - sendKeys(findTestObject("BillingCenter/pge_BatchPaymentEntry/screen_BatchJobs/fld_GoTo_Quickjump"), Keys.chord(ENTER)): Keys 'ENTER + ' sent to object: 'Object Repository/BillingCenter/pge_BatchPaymentEntry/screen_BatchJobs/fld_GoTo_Quickjump'

2023-08-06 22:45:44 - [MESSAGE][PASSED] - Keys 'ENTER + ' sent to object: 'Object Repository/BillingCenter/pge_BatchPaymentEntry/screen_BatchJobs/fld_GoTo_Quickjump'

2023-08-06 22:45:44 - [TEST_STEP][PASSED] - click(findTestObject("BillingCenter/pge_BatchPaymentEntry/screen_Verify_PostedPayments/opt_AccountSearch")): Object: 'Object Repository/BillingCenter/pge_BatchPaymentEntry/screen_Verify_PostedPayments/opt_AccountSearch' is clicked on

2023-08-06 22:45:45 - [MESSAGE][PASSED] - Object: 'Object Repository/BillingCenter/pge_BatchPaymentEntry/screen_Verify_PostedPayments/opt_AccountSearch' is clicked on

2023-08-06 22:45:45 - [TEST_STEP][PASSED] - sendKeys(findTestObject("BillingCenter/pge_BatchPaymentEntry/screen_Verify_PostedPayments/fld_SearchAccount"), Account): Keys '3062524' sent to object: 'Object Repository/BillingCenter/pge_BatchPaymentEntry/screen_Verify_PostedPayments/fld_SearchAccount'

2023-08-06 22:45:45 - [MESSAGE][PASSED] - Keys '3062524' sent to object: 'Object Repository/BillingCenter/pge_BatchPaymentEntry/screen_Verify_PostedPayments/fld_SearchAccount'

2023-08-06 22:45:45 - [TEST_STEP][PASSED] - click(findTestObject("BillingCenter/pge_BatchPaymentEntry/screen_Verify_PostedPayments/icon_SearchAccount")): Object: 'Object Repository/BillingCenter/pge_BatchPaymentEntry/screen_Verify_PostedPayments/icon_SearchAccount' is clicked on

2023-08-06 22:45:46 - [MESSAGE][PASSED] - Object: 'Object Repository/BillingCenter/pge_BatchPaymentEntry/screen_Verify_PostedPayments/icon_SearchAccount' is clicked on

2023-08-06 22:45:46 - [TEST_STEP][PASSED] - click(findTestObject("BillingCenter/pge_BatchPaymentEntry/screen_Verify_PostedPayments/icon_PaymentsDownArrow")): Object: 'Object Repository/BillingCenter/pge_BatchPaymentEntry/screen_Verify_PostedPayments/icon_PaymentsDownArrow' is clicked on

2023-08-06 22:45:47 - [MESSAGE][PASSED] - Object: 'Object Repository/BillingCenter/pge_BatchPaymentEntry/screen_Verify_PostedPayments/icon_PaymentsDownArrow' is clicked on

2023-08-06 22:45:47 - [TEST_STEP][PASSED] - click(findTestObject("BillingCenter/pge_BatchPaymentEntry/screen_Verify_PostedPayments/opt_PaymentsAccount")): Object: 'Object Repository/BillingCenter/pge_BatchPaymentEntry/screen_Verify_PostedPayments/opt_PaymentsAccount' is clicked on

2023-08-06 22:45:47 - [MESSAGE][PASSED] - Object: 'Object Repository/BillingCenter/pge_BatchPaymentEntry/screen_Verify_PostedPayments/opt_PaymentsAccount' is clicked on

2023-08-06 22:45:47 - [TEST_STEP][PASSED] - driver = getWebDriver(): null

2023-08-06 22:45:47 - [TEST_STEP][PASSED] - Table = driver.findElement(By.xpath("//*[@id='AccountPayments-AccountDetailPaymentsScreen-DirectBillPaymentsListDetail-AccountDBPaymentsLV']//tbody")): null

2023-08-06 22:45:48 - [TEST_STEP][PASSED] - elementsinColumn = gw.Table.getTableElementsByColumn(Table, 8): gw.Table.getTableElementsByColumn is PASSED

2023-08-06 22:45:49 - [MESSAGE][PASSED] - gw.Table.getTableElementsByColumn is PASSED

2023-08-06 22:45:49 - [TEST_STEP][PASSED] - comment("Elements after function call to getTableElementsByColumn " + elementsinColumn): Elements after function call to getTableElementsByColumn [Batch Number, CA07172026-1414, CA07172026-1382, CA07162026-1331, CA07042026-1230]

2023-08-06 22:45:49 - [MESSAGE][INFO] - Elements after function call to getTableElementsByColumn [Batch Number, CA07172026-1414, CA07172026-1382, CA07162026-1331, CA07042026-1230]

2023-08-06 22:45:49 - [TEST_STEP][PASSED] - if (elementsinColumn.contains(BatchNumber)): Account Payment Batch Number Found

2023-08-06 22:45:49 - [TEST_STEP][PASSED] - markPassed("Account Payment Batch Number Found"): Account Payment Batch Number Found

2023-08-06 22:45:49 - [MESSAGE][PASSED] - Account Payment Batch Number Found

2023-08-06 22:45:49 - [TEST_STEP][PASSED] - click(findTestObject("BillingCenter/pge_BatchPaymentEntry/screen_Verify_PostedPayments/lbl_DesktopOption")): Object: 'Object Repository/BillingCenter/pge_BatchPaymentEntry/screen_Verify_PostedPayments/lbl_DesktopOption' is clicked on

2023-08-06 22:45:50 - [MESSAGE][PASSED] - Object: 'Object Repository/BillingCenter/pge_BatchPaymentEntry/screen_Verify_PostedPayments/lbl_DesktopOption' is clicked on

2023-08-06 22:45:50 - [TEST_STEP][PASSED] - callTestCase(findTestCase("BillingCenter/BatchPaymentEntry/BC_NavigateBatchPaymentEntryScreen"), [:]): Call Test Case 'Test Cases/BillingCenter/BatchPaymentEntry/BC_NavigateBatchPaymentEntryScreen' successfully

2023-08-06 22:45:50 - [TEST_CASE][PASSED] - Test Cases/BillingCenter/BatchPaymentEntry/BC_NavigateBatchPaymentEntryScreen: Test Cases/BillingCenter/BatchPaymentEntry/BC_NavigateBatchPaymentEntryScreen

2023-08-06 22:45:50 - [TEST_STEP][PASSED] - click(findTestObject("BillingCenter/pge_BatchPaymentEntry/pge_Navigation/opt_Desktop_Actions")): Object: 'Object Repository/BillingCenter/pge_BatchPaymentEntry/pge_Navigation/opt_Desktop_Actions' is clicked on

2023-08-06 22:45:51 - [MESSAGE][PASSED] - Object: 'Object Repository/BillingCenter/pge_BatchPaymentEntry/pge_Navigation/opt_Desktop_Actions' is clicked on

2023-08-06 22:45:51 - [TEST_STEP][PASSED] - mouseOver(findTestObject("BillingCenter/pge_BatchPaymentEntry/pge_Navigation/act_NewPayment")): Object: 'Object Repository/BillingCenter/pge_BatchPaymentEntry/pge_Navigation/act_NewPayment' is hovered

2023-08-06 22:45:51 - [MESSAGE][PASSED] - Object: 'Object Repository/BillingCenter/pge_BatchPaymentEntry/pge_Navigation/act_NewPayment' is hovered

2023-08-06 22:45:51 - [TEST_STEP][PASSED] - click(findTestObject("BillingCenter/pge_BatchPaymentEntry/pge_Navigation/opt_newPayment _BatchPaymentEntry")): Object: 'Object Repository/BillingCenter/pge_BatchPaymentEntry/pge_Navigation/opt_newPayment _BatchPaymentEntry' is clicked on

2023-08-06 22:45:51 - [MESSAGE][PASSED] - Object: 'Object Repository/BillingCenter/pge_BatchPaymentEntry/pge_Navigation/opt_newPayment _BatchPaymentEntry' is clicked on

2023-08-06 22:45:51 - [MESSAGE][PASSED] - Call Test Case 'Test Cases/BillingCenter/BatchPaymentEntry/BC_NavigateBatchPaymentEntryScreen' successfully

2023-08-06 22:45:51 - [TEST_STEP][PASSED] - for (def index : (0..0)): null

2023-08-06 22:45:51 - [TEST_STEP][ERROR] - Start listener action : gwAfterTestCase: org.codehaus.groovy.runtime.InvokerInvocationException: java.io.FileNotFoundException: C:\QA Scripts\emc.guidewire.katalon.updated\GW10 Automation\Reports\Execution Status.xlsx (The system cannot find the file specified)
	at GWListener.invokeMethod(GWListener.groovy)
	at com.kms.katalon.core.context.internal.TestHooker.invokeMethod(TestHooker.java:111)
	at com.kms.katalon.core.context.internal.TestHooker.lambda$3(TestHooker.java:95)
	at com.kms.katalon.core.context.internal.TestHooker.invokeContextMethods(TestHooker.java:94)
	at com.kms.katalon.core.context.internal.TestListenerCollector.lambda$3(TestListenerCollector.java:88)
	at com.kms.katalon.core.context.internal.TestListenerCollector.handleListenerEvent(TestListenerCollector.java:85)
	at com.kms.katalon.core.context.internal.ExecutionEventManager.publicEvent(ExecutionEventManager.java:36)
	at com.kms.katalon.core.main.TestCaseExecutor.execute(TestCaseExecutor.java:251)
	at com.kms.katalon.core.main.TestSuiteExecutor.accessTestCaseMainPhase(TestSuiteExecutor.java:191)
	at com.kms.katalon.core.main.TestSuiteExecutor.accessTestSuiteMainPhase(TestSuiteExecutor.java:141)
	at com.kms.katalon.core.main.TestSuiteExecutor.execute(TestSuiteExecutor.java:90)
	at com.kms.katalon.core.main.TestCaseMain.startTestSuite(TestCaseMain.java:157)
	at com.kms.katalon.core.main.TestCaseMain$startTestSuite$0.call(Unknown Source)
	at TempTestSuite1691342079987.run(TempTestSuite1691342079987.groovy:39)
Caused by: java.io.FileNotFoundException: C:\QA Scripts\emc.guidewire.katalon.updated\GW10 Automation\Reports\Execution Status.xlsx (The system cannot find the file specified)
	at common.Excel.getColumnNumber(Excel.groovy:69)
	at common.Excel.WirteToExcel(Excel.groovy:95)
	at common.Excel$WirteToExcel$0.call(Unknown Source)
	at GWListener.gwAfterTestCase(GWListener.groovy:137)
	... 14 more


2023-08-06 22:45:51 - [TEST_STEP][PASSED] - tc_end_Time = System.currentTimeMillis(): null

2023-08-06 22:45:51 - [TEST_STEP][PASSED] - date_tc_end_Time = dateformat.format(tc_end_Time): null

2023-08-06 22:45:51 - [TEST_STEP][PASSED] - (tempRowNum++): null

2023-08-06 22:45:51 - [TEST_STEP][PASSED] - testCaseID = testCaseContext.getTestCaseId(): null

2023-08-06 22:45:51 - [TEST_STEP][PASSED] - testCase = findTestCase(testCaseID): null

2023-08-06 22:45:51 - [TEST_STEP][PASSED] - testCaseName = testCase.getName(): null

2023-08-06 22:45:51 - [TEST_STEP][PASSED] - switch (testCaseContext.getTestCaseStatus()): null

2023-08-06 22:45:51 - [TEST_STEP][PASSED] - case "PASSED":: null

2023-08-06 22:45:51 - [TEST_STEP][PASSED] - (passedCnt++): null

2023-08-06 22:45:51 - [TEST_STEP][PASSED] - break: null

2023-08-06 22:45:52 - [TEST_STEP][PASSED] - if (testCaseName == "GenerateAndSendReport"): null

2023-08-06 22:45:52 - [TEST_STEP][PASSED] - if (testCaseName == "GenerateAndSaveReport"): null

2023-08-06 22:45:52 - [TEST_STEP][PASSED] - if (testCaseName == "GenerateTimeReport"): null

2023-08-06 22:45:52 - [TEST_STEP][ERROR] - if (!(testCaseName.contains("Submission")) && !(testCaseName.contains("Issurance")) && !(testCaseName.contains("NewAccount")) && !(testCaseName.contains("FNOL")) && !(testCaseName.contains("QuickClaim")) && !(testCaseName.contains("verify"))): org.codehaus.groovy.runtime.InvokerInvocationException: java.io.FileNotFoundException: C:\QA Scripts\emc.guidewire.katalon.updated\GW10 Automation\Reports\Execution Status.xlsx (The system cannot find the file specified)
	at GWListener.invokeMethod(GWListener.groovy)
	at com.kms.katalon.core.context.internal.TestHooker.invokeMethod(TestHooker.java:111)
	at com.kms.katalon.core.context.internal.TestHooker.lambda$3(TestHooker.java:95)
	at com.kms.katalon.core.context.internal.TestHooker.invokeContextMethods(TestHooker.java:94)
	at com.kms.katalon.core.context.internal.TestListenerCollector.lambda$3(TestListenerCollector.java:88)
	at com.kms.katalon.core.context.internal.TestListenerCollector.handleListenerEvent(TestListenerCollector.java:85)
	at com.kms.katalon.core.context.internal.ExecutionEventManager.publicEvent(ExecutionEventManager.java:36)
	at com.kms.katalon.core.main.TestCaseExecutor.execute(TestCaseExecutor.java:251)
	at com.kms.katalon.core.main.TestSuiteExecutor.accessTestCaseMainPhase(TestSuiteExecutor.java:191)
	at com.kms.katalon.core.main.TestSuiteExecutor.accessTestSuiteMainPhase(TestSuiteExecutor.java:141)
	at com.kms.katalon.core.main.TestSuiteExecutor.execute(TestSuiteExecutor.java:90)
	at com.kms.katalon.core.main.TestCaseMain.startTestSuite(TestCaseMain.java:157)
	at com.kms.katalon.core.main.TestCaseMain$startTestSuite$0.call(Unknown Source)
	at TempTestSuite1691342079987.run(TempTestSuite1691342079987.groovy:39)
Caused by: java.io.FileNotFoundException: C:\QA Scripts\emc.guidewire.katalon.updated\GW10 Automation\Reports\Execution Status.xlsx (The system cannot find the file specified)
	at common.Excel.getColumnNumber(Excel.groovy:69)
	at common.Excel.WirteToExcel(Excel.groovy:95)
	at common.Excel$WirteToExcel$0.call(Unknown Source)
	at GWListener.gwAfterTestCase(GWListener.groovy:137)
	... 14 more


2023-08-06 22:45:52 - [MESSAGE][ERROR] - org.codehaus.groovy.runtime.InvokerInvocationException: java.io.FileNotFoundException: C:\QA Scripts\emc.guidewire.katalon.updated\GW10 Automation\Reports\Execution Status.xlsx (The system cannot find the file specified)
	at GWListener.invokeMethod(GWListener.groovy)
	at com.kms.katalon.core.context.internal.TestHooker.invokeMethod(TestHooker.java:111)
	at com.kms.katalon.core.context.internal.TestHooker.lambda$3(TestHooker.java:95)
	at com.kms.katalon.core.context.internal.TestHooker.invokeContextMethods(TestHooker.java:94)
	at com.kms.katalon.core.context.internal.TestListenerCollector.lambda$3(TestListenerCollector.java:88)
	at com.kms.katalon.core.context.internal.TestListenerCollector.handleListenerEvent(TestListenerCollector.java:85)
	at com.kms.katalon.core.context.internal.ExecutionEventManager.publicEvent(ExecutionEventManager.java:36)
	at com.kms.katalon.core.main.TestCaseExecutor.execute(TestCaseExecutor.java:251)
	at com.kms.katalon.core.main.TestSuiteExecutor.accessTestCaseMainPhase(TestSuiteExecutor.java:191)
	at com.kms.katalon.core.main.TestSuiteExecutor.accessTestSuiteMainPhase(TestSuiteExecutor.java:141)
	at com.kms.katalon.core.main.TestSuiteExecutor.execute(TestSuiteExecutor.java:90)
	at com.kms.katalon.core.main.TestCaseMain.startTestSuite(TestCaseMain.java:157)
	at com.kms.katalon.core.main.TestCaseMain$startTestSuite$0.call(Unknown Source)
	at TempTestSuite1691342079987.run(TempTestSuite1691342079987.groovy:39)
Caused by: java.io.FileNotFoundException: C:\QA Scripts\emc.guidewire.katalon.updated\GW10 Automation\Reports\Execution Status.xlsx (The system cannot find the file specified)
	at common.Excel.getColumnNumber(Excel.groovy:69)
	at common.Excel.WirteToExcel(Excel.groovy:95)
	at common.Excel$WirteToExcel$0.call(Unknown Source)
	at GWListener.gwAfterTestCase(GWListener.groovy:137)
	... 14 more


2023-08-06 22:45:54 - [TEST_STEP][PASSED] - Video: Video recording for test case 'Test Cases/BillingCenter/BatchPaymentEntry/BC_MultiplePaymentEntryandVerification_AccountLevel' .

2023-08-06 22:45:54 - [MESSAGE][INFO] - Video recording for test case 'Test Cases/BillingCenter/BatchPaymentEntry/BC_MultiplePaymentEntryandVerification_AccountLevel' .
[[ATTACHMENT|C:\\QA Scripts\\emc.guidewire.katalon.updated\\GW10 Automation\\Reports\\20230806_224439\\BillingCenter\\BatchPaymentEntry\\20230806_224439/videos\\test_4.avi]]]]></system-out>
         <system-err><![CDATA[]]></system-err>
      </testcase>
      <testcase name="Test Cases/BillingCenter/BatchPaymentEntry/BC_MultiplePaymentEntryandVerification_InvoiceLevel" time="27.478" classname="Test Cases/BillingCenter/BatchPaymentEntry/BC_MultiplePaymentEntryandVerification_InvoiceLevel" status="PASSED">
         <system-out><![CDATA[2023-08-06 22:45:54 - [TEST_CASE][PASSED] - Test Cases/BillingCenter/BatchPaymentEntry/BC_MultiplePaymentEntryandVerification_InvoiceLevel: Test Cases/BillingCenter/BatchPaymentEntry/BC_MultiplePaymentEntryandVerification_InvoiceLevel

2023-08-06 22:45:54 - [TEST_STEP][PASSED] - Start listener action : gwBeforeTestCase: null

2023-08-06 22:45:54 - [TEST_STEP][PASSED] - if (Env_TestCaseId == testCaseContext.getTestCaseId()): null

2023-08-06 22:45:54 - [TEST_STEP][PASSED] - else: null

2023-08-06 22:45:54 - [TEST_STEP][PASSED] - iteration = 1: null

2023-08-06 22:45:54 - [TEST_STEP][PASSED] - Env_Iteration = iteration: null

2023-08-06 22:45:54 - [TEST_STEP][PASSED] - Env_TestCaseId = testCaseContext.getTestCaseId(): null

2023-08-06 22:45:54 - [TEST_STEP][PASSED] - Env_TestCaseVariables = testCaseContext.getTestCaseVariables(): null

2023-08-06 22:45:54 - [TEST_STEP][PASSED] - tc_start_Time = System.currentTimeMillis(): null

2023-08-06 22:45:54 - [TEST_STEP][PASSED] - date_tc_start_Time = dateformat.format(tc_start_Time): null

2023-08-06 22:45:54 - [TEST_STEP][PASSED] - selectOptionByLabel(findTestObject("BillingCenter/pge_BatchPaymentEntry/screen_MultiplePaymentWizard/lst_Source"), Source, false, CONTINUE_ON_FAILURE): All options with label 'Branch' are selected in object 'Object Repository/BillingCenter/pge_BatchPaymentEntry/screen_MultiplePaymentWizard/lst_Source' 

2023-08-06 22:45:55 - [MESSAGE][PASSED] - All options with label 'Branch' are selected in object 'Object Repository/BillingCenter/pge_BatchPaymentEntry/screen_MultiplePaymentWizard/lst_Source' 

2023-08-06 22:45:55 - [TEST_STEP][PASSED] - setText(findTestObject("BillingCenter/pge_BatchPaymentEntry/screen_MultiplePaymentWizard/txt_BatchAmount"), BatchAmount, CONTINUE_ON_FAILURE): Text '10' is set on object 'Object Repository/BillingCenter/pge_BatchPaymentEntry/screen_MultiplePaymentWizard/txt_BatchAmount'

2023-08-06 22:45:57 - [MESSAGE][PASSED] - Text '10' is set on object 'Object Repository/BillingCenter/pge_BatchPaymentEntry/screen_MultiplePaymentWizard/txt_BatchAmount'

2023-08-06 22:45:57 - [TEST_STEP][PASSED] - sendKeys(findTestObject("BillingCenter/pge_BatchPaymentEntry/screen_MultiplePaymentWizard/txt_BatchAmount"), Keys.chord(TAB)): Keys 'TAB + ' sent to object: 'Object Repository/BillingCenter/pge_BatchPaymentEntry/screen_MultiplePaymentWizard/txt_BatchAmount'

2023-08-06 22:45:57 - [MESSAGE][PASSED] - Keys 'TAB + ' sent to object: 'Object Repository/BillingCenter/pge_BatchPaymentEntry/screen_MultiplePaymentWizard/txt_BatchAmount'

2023-08-06 22:45:57 - [TEST_STEP][PASSED] - selectOptionByLabel(findTestObject("BillingCenter/pge_BatchPaymentEntry/screen_MultiplePaymentWizard/lst_Type"), Type, false, CONTINUE_ON_FAILURE): All options with label 'Payment' are selected in object 'Object Repository/BillingCenter/pge_BatchPaymentEntry/screen_MultiplePaymentWizard/lst_Type' 

2023-08-06 22:45:58 - [MESSAGE][PASSED] - All options with label 'Payment' are selected in object 'Object Repository/BillingCenter/pge_BatchPaymentEntry/screen_MultiplePaymentWizard/lst_Type' 

2023-08-06 22:45:58 - [TEST_STEP][PASSED] - verifyElementVisible(findTestObject("BillingCenter/pge_BatchPaymentEntry/screen_MultiplePaymentWizard/txt_Invoice"), CONTINUE_ON_FAILURE): Object 'Object Repository/BillingCenter/pge_BatchPaymentEntry/screen_MultiplePaymentWizard/txt_Invoice' is visible

2023-08-06 22:45:58 - [MESSAGE][PASSED] - Object 'Object Repository/BillingCenter/pge_BatchPaymentEntry/screen_MultiplePaymentWizard/txt_Invoice' is visible

2023-08-06 22:45:58 - [TEST_STEP][PASSED] - setText(findTestObject("BillingCenter/pge_BatchPaymentEntry/screen_MultiplePaymentWizard/txt_Invoice"), Invoice, CONTINUE_ON_FAILURE): Text '7000000702' is set on object 'Object Repository/BillingCenter/pge_BatchPaymentEntry/screen_MultiplePaymentWizard/txt_Invoice'

2023-08-06 22:46:00 - [MESSAGE][PASSED] - Text '7000000702' is set on object 'Object Repository/BillingCenter/pge_BatchPaymentEntry/screen_MultiplePaymentWizard/txt_Invoice'

2023-08-06 22:46:00 - [TEST_STEP][PASSED] - clearText(findTestObject("BillingCenter/pge_BatchPaymentEntry/screen_MultiplePaymentWizard/txt_Amount"), CONTINUE_ON_FAILURE): Text of object 'Object Repository/BillingCenter/pge_BatchPaymentEntry/screen_MultiplePaymentWizard/txt_Amount' is cleared

2023-08-06 22:46:00 - [MESSAGE][PASSED] - Text of object 'Object Repository/BillingCenter/pge_BatchPaymentEntry/screen_MultiplePaymentWizard/txt_Amount' is cleared

2023-08-06 22:46:00 - [TEST_STEP][PASSED] - setText(findTestObject("BillingCenter/pge_BatchPaymentEntry/screen_MultiplePaymentWizard/txt_Amount"), Amount, CONTINUE_ON_FAILURE): Text '10' is set on object 'Object Repository/BillingCenter/pge_BatchPaymentEntry/screen_MultiplePaymentWizard/txt_Amount'

2023-08-06 22:46:01 - [MESSAGE][PASSED] - Text '10' is set on object 'Object Repository/BillingCenter/pge_BatchPaymentEntry/screen_MultiplePaymentWizard/txt_Amount'

2023-08-06 22:46:01 - [TEST_STEP][PASSED] - sendKeys(findTestObject("BillingCenter/pge_BatchPaymentEntry/screen_MultiplePaymentWizard/txt_Amount"), Keys.chord(TAB)): Keys 'TAB + ' sent to object: 'Object Repository/BillingCenter/pge_BatchPaymentEntry/screen_MultiplePaymentWizard/txt_Amount'

2023-08-06 22:46:02 - [MESSAGE][PASSED] - Keys 'TAB + ' sent to object: 'Object Repository/BillingCenter/pge_BatchPaymentEntry/screen_MultiplePaymentWizard/txt_Amount'

2023-08-06 22:46:02 - [TEST_STEP][PASSED] - verifyElementVisible(findTestObject("BillingCenter/pge_BatchPaymentEntry/screen_MultiplePaymentWizard/txt_CheckRef"), CONTINUE_ON_FAILURE): Object 'Object Repository/BillingCenter/pge_BatchPaymentEntry/screen_MultiplePaymentWizard/txt_CheckRef' is visible

2023-08-06 22:46:02 - [MESSAGE][PASSED] - Object 'Object Repository/BillingCenter/pge_BatchPaymentEntry/screen_MultiplePaymentWizard/txt_CheckRef' is visible

2023-08-06 22:46:02 - [TEST_STEP][PASSED] - setText(findTestObject("BillingCenter/pge_BatchPaymentEntry/screen_MultiplePaymentWizard/txt_CheckRef"), CheckRef, CONTINUE_ON_FAILURE): Text '5566778899' is set on object 'Object Repository/BillingCenter/pge_BatchPaymentEntry/screen_MultiplePaymentWizard/txt_CheckRef'

2023-08-06 22:46:03 - [MESSAGE][PASSED] - Text '5566778899' is set on object 'Object Repository/BillingCenter/pge_BatchPaymentEntry/screen_MultiplePaymentWizard/txt_CheckRef'

2023-08-06 22:46:03 - [TEST_STEP][PASSED] - setText(findTestObject("BillingCenter/pge_BatchPaymentEntry/screen_MultiplePaymentWizard/txt_Description"), Description, CONTINUE_ON_FAILURE): Text 'Payment on invoice level' is set on object 'Object Repository/BillingCenter/pge_BatchPaymentEntry/screen_MultiplePaymentWizard/txt_Description'

2023-08-06 22:46:04 - [MESSAGE][PASSED] - Text 'Payment on invoice level' is set on object 'Object Repository/BillingCenter/pge_BatchPaymentEntry/screen_MultiplePaymentWizard/txt_Description'

2023-08-06 22:46:04 - [TEST_STEP][PASSED] - selectOptionByLabel(findTestObject("BillingCenter/pge_BatchPaymentEntry/screen_MultiplePaymentWizard/lst_PaymentInstrument"), PaymentInstrument, false, CONTINUE_ON_FAILURE): All options with label 'Cash' are selected in object 'Object Repository/BillingCenter/pge_BatchPaymentEntry/screen_MultiplePaymentWizard/lst_PaymentInstrument' 

2023-08-06 22:46:05 - [MESSAGE][PASSED] - All options with label 'Cash' are selected in object 'Object Repository/BillingCenter/pge_BatchPaymentEntry/screen_MultiplePaymentWizard/lst_PaymentInstrument' 

2023-08-06 22:46:05 - [TEST_STEP][PASSED] - click(findTestObject("BillingCenter/pge_BatchPaymentEntry/screen_MultiplePaymentWizard/btn_Next"), CONTINUE_ON_FAILURE): Object: 'Object Repository/BillingCenter/pge_BatchPaymentEntry/screen_MultiplePaymentWizard/btn_Next' is clicked on

2023-08-06 22:46:06 - [MESSAGE][PASSED] - Object: 'Object Repository/BillingCenter/pge_BatchPaymentEntry/screen_MultiplePaymentWizard/btn_Next' is clicked on

2023-08-06 22:46:06 - [TEST_STEP][PASSED] - BatchNumber = getText(findTestObject("BillingCenter/pge_BatchPaymentEntry/screen_MultiplePaymentWizard/val_BatchNumber"), CONTINUE_ON_FAILURE): Text of object 'Object Repository/BillingCenter/pge_BatchPaymentEntry/screen_MultiplePaymentWizard/val_BatchNumber' is: 'BA07172026-1418'

2023-08-06 22:46:06 - [MESSAGE][PASSED] - Text of object 'Object Repository/BillingCenter/pge_BatchPaymentEntry/screen_MultiplePaymentWizard/val_BatchNumber' is: 'BA07172026-1418'

2023-08-06 22:46:06 - [TEST_STEP][PASSED] - comment("Posted Payment Batch Number " + BatchNumber): Posted Payment Batch Number BA07172026-1418

2023-08-06 22:46:06 - [MESSAGE][INFO] - Posted Payment Batch Number BA07172026-1418

2023-08-06 22:46:06 - [TEST_STEP][PASSED] - click(findTestObject("BillingCenter/pge_BatchPaymentEntry/screen_MultiplePaymentWizard/btn_Post"), CONTINUE_ON_FAILURE): Object: 'Object Repository/BillingCenter/pge_BatchPaymentEntry/screen_MultiplePaymentWizard/btn_Post' is clicked on

2023-08-06 22:46:07 - [MESSAGE][PASSED] - Object: 'Object Repository/BillingCenter/pge_BatchPaymentEntry/screen_MultiplePaymentWizard/btn_Post' is clicked on

2023-08-06 22:46:07 - [TEST_STEP][PASSED] - verifyElementPresent(findTestObject("BillingCenter/pge_BatchPaymentEntry/screen_BatchJobs/fld_GoTo_Quickjump"), 0): Object 'Object Repository/BillingCenter/pge_BatchPaymentEntry/screen_BatchJobs/fld_GoTo_Quickjump' is present

2023-08-06 22:46:07 - [MESSAGE][WARNING] - Timeout '0' is invalid. Using default page load timeout: '2'

2023-08-06 22:46:07 - [MESSAGE][PASSED] - Object 'Object Repository/BillingCenter/pge_BatchPaymentEntry/screen_BatchJobs/fld_GoTo_Quickjump' is present

2023-08-06 22:46:07 - [TEST_STEP][PASSED] - sendKeys(findTestObject("BillingCenter/pge_BatchPaymentEntry/screen_BatchJobs/fld_GoTo_Quickjump"), "runBatchProcess PostBatchPayment_sp"): Keys 'runBatchProcess PostBatchPayment_sp' sent to object: 'Object Repository/BillingCenter/pge_BatchPaymentEntry/screen_BatchJobs/fld_GoTo_Quickjump'

2023-08-06 22:46:08 - [MESSAGE][PASSED] - Keys 'runBatchProcess PostBatchPayment_sp' sent to object: 'Object Repository/BillingCenter/pge_BatchPaymentEntry/screen_BatchJobs/fld_GoTo_Quickjump'

2023-08-06 22:46:08 - [TEST_STEP][PASSED] - sendKeys(findTestObject("BillingCenter/pge_BatchPaymentEntry/screen_BatchJobs/fld_GoTo_Quickjump"), Keys.chord(ENTER)): Keys 'ENTER + ' sent to object: 'Object Repository/BillingCenter/pge_BatchPaymentEntry/screen_BatchJobs/fld_GoTo_Quickjump'

2023-08-06 22:46:08 - [MESSAGE][PASSED] - Keys 'ENTER + ' sent to object: 'Object Repository/BillingCenter/pge_BatchPaymentEntry/screen_BatchJobs/fld_GoTo_Quickjump'

2023-08-06 22:46:08 - [TEST_STEP][PASSED] - click(findTestObject("BillingCenter/pge_BatchPaymentEntry/screen_Verify_PostedPayments/opt_AccountSearch")): Object: 'Object Repository/BillingCenter/pge_BatchPaymentEntry/screen_Verify_PostedPayments/opt_AccountSearch' is clicked on

2023-08-06 22:46:09 - [MESSAGE][PASSED] - Object: 'Object Repository/BillingCenter/pge_BatchPaymentEntry/screen_Verify_PostedPayments/opt_AccountSearch' is clicked on

2023-08-06 22:46:09 - [TEST_STEP][PASSED] - sendKeys(findTestObject("BillingCenter/pge_BatchPaymentEntry/screen_Verify_PostedPayments/fld_SearchAccount"), Account): Keys '3062523' sent to object: 'Object Repository/BillingCenter/pge_BatchPaymentEntry/screen_Verify_PostedPayments/fld_SearchAccount'

2023-08-06 22:46:09 - [MESSAGE][PASSED] - Keys '3062523' sent to object: 'Object Repository/BillingCenter/pge_BatchPaymentEntry/screen_Verify_PostedPayments/fld_SearchAccount'

2023-08-06 22:46:09 - [TEST_STEP][PASSED] - click(findTestObject("BillingCenter/pge_BatchPaymentEntry/screen_Verify_PostedPayments/icon_SearchAccount")): Object: 'Object Repository/BillingCenter/pge_BatchPaymentEntry/screen_Verify_PostedPayments/icon_SearchAccount' is clicked on

2023-08-06 22:46:10 - [MESSAGE][PASSED] - Object: 'Object Repository/BillingCenter/pge_BatchPaymentEntry/screen_Verify_PostedPayments/icon_SearchAccount' is clicked on

2023-08-06 22:46:10 - [TEST_STEP][PASSED] - click(findTestObject("BillingCenter/pge_BatchPaymentEntry/screen_Verify_PostedPayments/icon_PaymentsDownArrow")): Object: 'Object Repository/BillingCenter/pge_BatchPaymentEntry/screen_Verify_PostedPayments/icon_PaymentsDownArrow' is clicked on

2023-08-06 22:46:11 - [MESSAGE][PASSED] - Object: 'Object Repository/BillingCenter/pge_BatchPaymentEntry/screen_Verify_PostedPayments/icon_PaymentsDownArrow' is clicked on

2023-08-06 22:46:11 - [TEST_STEP][PASSED] - click(findTestObject("BillingCenter/pge_BatchPaymentEntry/screen_Verify_PostedPayments/opt_PaymentsAccount")): Object: 'Object Repository/BillingCenter/pge_BatchPaymentEntry/screen_Verify_PostedPayments/opt_PaymentsAccount' is clicked on

2023-08-06 22:46:11 - [MESSAGE][PASSED] - Object: 'Object Repository/BillingCenter/pge_BatchPaymentEntry/screen_Verify_PostedPayments/opt_PaymentsAccount' is clicked on

2023-08-06 22:46:11 - [TEST_STEP][PASSED] - driver = getWebDriver(): null

2023-08-06 22:46:11 - [TEST_STEP][PASSED] - Table = driver.findElement(By.xpath("//*[@id='AccountPayments-AccountDetailPaymentsScreen-DirectBillPaymentsListDetail-AccountDBPaymentsLV']//tbody")): null

2023-08-06 22:46:12 - [TEST_STEP][PASSED] - elementsinColumn = gw.Table.getTableElementsByColumn(Table, 8): gw.Table.getTableElementsByColumn is PASSED

2023-08-06 22:46:17 - [MESSAGE][PASSED] - gw.Table.getTableElementsByColumn is PASSED

2023-08-06 22:46:17 - [TEST_STEP][PASSED] - comment("Elements after function call to getTableElementsByColumn " + elementsinColumn): Elements after function call to getTableElementsByColumn [Batch Number, BA07172026-1418, BA07172026-1411, BA07172026-1404, BA07172026-1404, BA07172026-1386, BA07172026-1379, BA07172026-1372, BA07172026-1372, BA07172026-1368, BA07172026-1368, BA07162026-1335, BA07162026-1328, BA07162026-1324, BA07162026-1320, BA07162026-1316]

2023-08-06 22:46:17 - [MESSAGE][INFO] - Elements after function call to getTableElementsByColumn [Batch Number, BA07172026-1418, BA07172026-1411, BA07172026-1404, BA07172026-1404, BA07172026-1386, BA07172026-1379, BA07172026-1372, BA07172026-1372, BA07172026-1368, BA07172026-1368, BA07162026-1335, BA07162026-1328, BA07162026-1324, BA07162026-1320, BA07162026-1316]

2023-08-06 22:46:17 - [TEST_STEP][PASSED] - if (elementsinColumn.contains(BatchNumber)): Invoice Payment Batch Number Found

2023-08-06 22:46:17 - [TEST_STEP][PASSED] - markPassed("Invoice Payment Batch Number Found"): Invoice Payment Batch Number Found

2023-08-06 22:46:17 - [MESSAGE][PASSED] - Invoice Payment Batch Number Found

2023-08-06 22:46:17 - [TEST_STEP][PASSED] - click(findTestObject("BillingCenter/pge_BatchPaymentEntry/screen_Verify_PostedPayments/lbl_DesktopOption")): Object: 'Object Repository/BillingCenter/pge_BatchPaymentEntry/screen_Verify_PostedPayments/lbl_DesktopOption' is clicked on

2023-08-06 22:46:17 - [MESSAGE][PASSED] - Object: 'Object Repository/BillingCenter/pge_BatchPaymentEntry/screen_Verify_PostedPayments/lbl_DesktopOption' is clicked on

2023-08-06 22:46:17 - [TEST_STEP][PASSED] - callTestCase(findTestCase("BillingCenter/BatchPaymentEntry/BC_NavigateBatchPaymentEntryScreen"), [:]): Call Test Case 'Test Cases/BillingCenter/BatchPaymentEntry/BC_NavigateBatchPaymentEntryScreen' successfully

2023-08-06 22:46:17 - [TEST_CASE][PASSED] - Test Cases/BillingCenter/BatchPaymentEntry/BC_NavigateBatchPaymentEntryScreen: Test Cases/BillingCenter/BatchPaymentEntry/BC_NavigateBatchPaymentEntryScreen

2023-08-06 22:46:17 - [TEST_STEP][PASSED] - click(findTestObject("BillingCenter/pge_BatchPaymentEntry/pge_Navigation/opt_Desktop_Actions")): Object: 'Object Repository/BillingCenter/pge_BatchPaymentEntry/pge_Navigation/opt_Desktop_Actions' is clicked on

2023-08-06 22:46:18 - [MESSAGE][PASSED] - Object: 'Object Repository/BillingCenter/pge_BatchPaymentEntry/pge_Navigation/opt_Desktop_Actions' is clicked on

2023-08-06 22:46:18 - [TEST_STEP][PASSED] - mouseOver(findTestObject("BillingCenter/pge_BatchPaymentEntry/pge_Navigation/act_NewPayment")): Object: 'Object Repository/BillingCenter/pge_BatchPaymentEntry/pge_Navigation/act_NewPayment' is hovered

2023-08-06 22:46:19 - [MESSAGE][PASSED] - Object: 'Object Repository/BillingCenter/pge_BatchPaymentEntry/pge_Navigation/act_NewPayment' is hovered

2023-08-06 22:46:19 - [TEST_STEP][PASSED] - click(findTestObject("BillingCenter/pge_BatchPaymentEntry/pge_Navigation/opt_newPayment _BatchPaymentEntry")): Object: 'Object Repository/BillingCenter/pge_BatchPaymentEntry/pge_Navigation/opt_newPayment _BatchPaymentEntry' is clicked on

2023-08-06 22:46:19 - [MESSAGE][PASSED] - Object: 'Object Repository/BillingCenter/pge_BatchPaymentEntry/pge_Navigation/opt_newPayment _BatchPaymentEntry' is clicked on

2023-08-06 22:46:19 - [MESSAGE][PASSED] - Call Test Case 'Test Cases/BillingCenter/BatchPaymentEntry/BC_NavigateBatchPaymentEntryScreen' successfully

2023-08-06 22:46:19 - [TEST_STEP][PASSED] - for (def index : (0..0)): null

2023-08-06 22:46:19 - [TEST_STEP][ERROR] - Start listener action : gwAfterTestCase: org.codehaus.groovy.runtime.InvokerInvocationException: java.io.FileNotFoundException: C:\QA Scripts\emc.guidewire.katalon.updated\GW10 Automation\Reports\Execution Status.xlsx (The system cannot find the file specified)
	at GWListener.invokeMethod(GWListener.groovy)
	at com.kms.katalon.core.context.internal.TestHooker.invokeMethod(TestHooker.java:111)
	at com.kms.katalon.core.context.internal.TestHooker.lambda$3(TestHooker.java:95)
	at com.kms.katalon.core.context.internal.TestHooker.invokeContextMethods(TestHooker.java:94)
	at com.kms.katalon.core.context.internal.TestListenerCollector.lambda$3(TestListenerCollector.java:88)
	at com.kms.katalon.core.context.internal.TestListenerCollector.handleListenerEvent(TestListenerCollector.java:85)
	at com.kms.katalon.core.context.internal.ExecutionEventManager.publicEvent(ExecutionEventManager.java:36)
	at com.kms.katalon.core.main.TestCaseExecutor.execute(TestCaseExecutor.java:251)
	at com.kms.katalon.core.main.TestSuiteExecutor.accessTestCaseMainPhase(TestSuiteExecutor.java:191)
	at com.kms.katalon.core.main.TestSuiteExecutor.accessTestSuiteMainPhase(TestSuiteExecutor.java:141)
	at com.kms.katalon.core.main.TestSuiteExecutor.execute(TestSuiteExecutor.java:90)
	at com.kms.katalon.core.main.TestCaseMain.startTestSuite(TestCaseMain.java:157)
	at com.kms.katalon.core.main.TestCaseMain$startTestSuite$0.call(Unknown Source)
	at TempTestSuite1691342079987.run(TempTestSuite1691342079987.groovy:39)
Caused by: java.io.FileNotFoundException: C:\QA Scripts\emc.guidewire.katalon.updated\GW10 Automation\Reports\Execution Status.xlsx (The system cannot find the file specified)
	at common.Excel.getColumnNumber(Excel.groovy:69)
	at common.Excel.WirteToExcel(Excel.groovy:95)
	at common.Excel$WirteToExcel$0.call(Unknown Source)
	at GWListener.gwAfterTestCase(GWListener.groovy:137)
	... 14 more


2023-08-06 22:46:19 - [TEST_STEP][PASSED] - tc_end_Time = System.currentTimeMillis(): null

2023-08-06 22:46:19 - [TEST_STEP][PASSED] - date_tc_end_Time = dateformat.format(tc_end_Time): null

2023-08-06 22:46:19 - [TEST_STEP][PASSED] - (tempRowNum++): null

2023-08-06 22:46:19 - [TEST_STEP][PASSED] - testCaseID = testCaseContext.getTestCaseId(): null

2023-08-06 22:46:19 - [TEST_STEP][PASSED] - testCase = findTestCase(testCaseID): null

2023-08-06 22:46:19 - [TEST_STEP][PASSED] - testCaseName = testCase.getName(): null

2023-08-06 22:46:19 - [TEST_STEP][PASSED] - switch (testCaseContext.getTestCaseStatus()): null

2023-08-06 22:46:19 - [TEST_STEP][PASSED] - case "PASSED":: null

2023-08-06 22:46:19 - [TEST_STEP][PASSED] - (passedCnt++): null

2023-08-06 22:46:19 - [TEST_STEP][PASSED] - break: null

2023-08-06 22:46:19 - [TEST_STEP][PASSED] - if (testCaseName == "GenerateAndSendReport"): null

2023-08-06 22:46:19 - [TEST_STEP][PASSED] - if (testCaseName == "GenerateAndSaveReport"): null

2023-08-06 22:46:19 - [TEST_STEP][PASSED] - if (testCaseName == "GenerateTimeReport"): null

2023-08-06 22:46:19 - [TEST_STEP][ERROR] - if (!(testCaseName.contains("Submission")) && !(testCaseName.contains("Issurance")) && !(testCaseName.contains("NewAccount")) && !(testCaseName.contains("FNOL")) && !(testCaseName.contains("QuickClaim")) && !(testCaseName.contains("verify"))): org.codehaus.groovy.runtime.InvokerInvocationException: java.io.FileNotFoundException: C:\QA Scripts\emc.guidewire.katalon.updated\GW10 Automation\Reports\Execution Status.xlsx (The system cannot find the file specified)
	at GWListener.invokeMethod(GWListener.groovy)
	at com.kms.katalon.core.context.internal.TestHooker.invokeMethod(TestHooker.java:111)
	at com.kms.katalon.core.context.internal.TestHooker.lambda$3(TestHooker.java:95)
	at com.kms.katalon.core.context.internal.TestHooker.invokeContextMethods(TestHooker.java:94)
	at com.kms.katalon.core.context.internal.TestListenerCollector.lambda$3(TestListenerCollector.java:88)
	at com.kms.katalon.core.context.internal.TestListenerCollector.handleListenerEvent(TestListenerCollector.java:85)
	at com.kms.katalon.core.context.internal.ExecutionEventManager.publicEvent(ExecutionEventManager.java:36)
	at com.kms.katalon.core.main.TestCaseExecutor.execute(TestCaseExecutor.java:251)
	at com.kms.katalon.core.main.TestSuiteExecutor.accessTestCaseMainPhase(TestSuiteExecutor.java:191)
	at com.kms.katalon.core.main.TestSuiteExecutor.accessTestSuiteMainPhase(TestSuiteExecutor.java:141)
	at com.kms.katalon.core.main.TestSuiteExecutor.execute(TestSuiteExecutor.java:90)
	at com.kms.katalon.core.main.TestCaseMain.startTestSuite(TestCaseMain.java:157)
	at com.kms.katalon.core.main.TestCaseMain$startTestSuite$0.call(Unknown Source)
	at TempTestSuite1691342079987.run(TempTestSuite1691342079987.groovy:39)
Caused by: java.io.FileNotFoundException: C:\QA Scripts\emc.guidewire.katalon.updated\GW10 Automation\Reports\Execution Status.xlsx (The system cannot find the file specified)
	at common.Excel.getColumnNumber(Excel.groovy:69)
	at common.Excel.WirteToExcel(Excel.groovy:95)
	at common.Excel$WirteToExcel$0.call(Unknown Source)
	at GWListener.gwAfterTestCase(GWListener.groovy:137)
	... 14 more


2023-08-06 22:46:19 - [MESSAGE][ERROR] - org.codehaus.groovy.runtime.InvokerInvocationException: java.io.FileNotFoundException: C:\QA Scripts\emc.guidewire.katalon.updated\GW10 Automation\Reports\Execution Status.xlsx (The system cannot find the file specified)
	at GWListener.invokeMethod(GWListener.groovy)
	at com.kms.katalon.core.context.internal.TestHooker.invokeMethod(TestHooker.java:111)
	at com.kms.katalon.core.context.internal.TestHooker.lambda$3(TestHooker.java:95)
	at com.kms.katalon.core.context.internal.TestHooker.invokeContextMethods(TestHooker.java:94)
	at com.kms.katalon.core.context.internal.TestListenerCollector.lambda$3(TestListenerCollector.java:88)
	at com.kms.katalon.core.context.internal.TestListenerCollector.handleListenerEvent(TestListenerCollector.java:85)
	at com.kms.katalon.core.context.internal.ExecutionEventManager.publicEvent(ExecutionEventManager.java:36)
	at com.kms.katalon.core.main.TestCaseExecutor.execute(TestCaseExecutor.java:251)
	at com.kms.katalon.core.main.TestSuiteExecutor.accessTestCaseMainPhase(TestSuiteExecutor.java:191)
	at com.kms.katalon.core.main.TestSuiteExecutor.accessTestSuiteMainPhase(TestSuiteExecutor.java:141)
	at com.kms.katalon.core.main.TestSuiteExecutor.execute(TestSuiteExecutor.java:90)
	at com.kms.katalon.core.main.TestCaseMain.startTestSuite(TestCaseMain.java:157)
	at com.kms.katalon.core.main.TestCaseMain$startTestSuite$0.call(Unknown Source)
	at TempTestSuite1691342079987.run(TempTestSuite1691342079987.groovy:39)
Caused by: java.io.FileNotFoundException: C:\QA Scripts\emc.guidewire.katalon.updated\GW10 Automation\Reports\Execution Status.xlsx (The system cannot find the file specified)
	at common.Excel.getColumnNumber(Excel.groovy:69)
	at common.Excel.WirteToExcel(Excel.groovy:95)
	at common.Excel$WirteToExcel$0.call(Unknown Source)
	at GWListener.gwAfterTestCase(GWListener.groovy:137)
	... 14 more


2023-08-06 22:46:21 - [TEST_STEP][PASSED] - Video: Video recording for test case 'Test Cases/BillingCenter/BatchPaymentEntry/BC_MultiplePaymentEntryandVerification_InvoiceLevel' .

2023-08-06 22:46:21 - [MESSAGE][INFO] - Video recording for test case 'Test Cases/BillingCenter/BatchPaymentEntry/BC_MultiplePaymentEntryandVerification_InvoiceLevel' .
[[ATTACHMENT|C:\\QA Scripts\\emc.guidewire.katalon.updated\\GW10 Automation\\Reports\\20230806_224439\\BillingCenter\\BatchPaymentEntry\\20230806_224439/videos\\test_5.avi]]]]></system-out>
         <system-err><![CDATA[]]></system-err>
      </testcase>
      <testcase name="Test Cases/BillingCenter/BatchPaymentEntry/BC_MultiplePaymentEntryandVerification_AgencyLevel" time="23.619" classname="Test Cases/BillingCenter/BatchPaymentEntry/BC_MultiplePaymentEntryandVerification_AgencyLevel" status="PASSED">
         <system-out><![CDATA[2023-08-06 22:46:21 - [TEST_CASE][PASSED] - Test Cases/BillingCenter/BatchPaymentEntry/BC_MultiplePaymentEntryandVerification_AgencyLevel: Test Cases/BillingCenter/BatchPaymentEntry/BC_MultiplePaymentEntryandVerification_AgencyLevel

2023-08-06 22:46:21 - [TEST_STEP][PASSED] - Start listener action : gwBeforeTestCase: null

2023-08-06 22:46:21 - [TEST_STEP][PASSED] - if (Env_TestCaseId == testCaseContext.getTestCaseId()): null

2023-08-06 22:46:21 - [TEST_STEP][PASSED] - else: null

2023-08-06 22:46:21 - [TEST_STEP][PASSED] - iteration = 1: null

2023-08-06 22:46:21 - [TEST_STEP][PASSED] - Env_Iteration = iteration: null

2023-08-06 22:46:21 - [TEST_STEP][PASSED] - Env_TestCaseId = testCaseContext.getTestCaseId(): null

2023-08-06 22:46:21 - [TEST_STEP][PASSED] - Env_TestCaseVariables = testCaseContext.getTestCaseVariables(): null

2023-08-06 22:46:21 - [TEST_STEP][PASSED] - tc_start_Time = System.currentTimeMillis(): null

2023-08-06 22:46:21 - [TEST_STEP][PASSED] - date_tc_start_Time = dateformat.format(tc_start_Time): null

2023-08-06 22:46:22 - [TEST_STEP][PASSED] - selectOptionByLabel(findTestObject("BillingCenter/pge_BatchPaymentEntry/screen_MultiplePaymentWizard/lst_Source"), Source, false, CONTINUE_ON_FAILURE): All options with label 'Branch' are selected in object 'Object Repository/BillingCenter/pge_BatchPaymentEntry/screen_MultiplePaymentWizard/lst_Source' 

2023-08-06 22:46:23 - [MESSAGE][PASSED] - All options with label 'Branch' are selected in object 'Object Repository/BillingCenter/pge_BatchPaymentEntry/screen_MultiplePaymentWizard/lst_Source' 

2023-08-06 22:46:23 - [TEST_STEP][PASSED] - setText(findTestObject("BillingCenter/pge_BatchPaymentEntry/screen_MultiplePaymentWizard/txt_BatchAmount"), BatchAmount, CONTINUE_ON_FAILURE): Text '15.55' is set on object 'Object Repository/BillingCenter/pge_BatchPaymentEntry/screen_MultiplePaymentWizard/txt_BatchAmount'

2023-08-06 22:46:24 - [MESSAGE][PASSED] - Text '15.55' is set on object 'Object Repository/BillingCenter/pge_BatchPaymentEntry/screen_MultiplePaymentWizard/txt_BatchAmount'

2023-08-06 22:46:24 - [TEST_STEP][PASSED] - sendKeys(findTestObject("BillingCenter/pge_BatchPaymentEntry/screen_MultiplePaymentWizard/txt_BatchAmount"), Keys.chord(TAB)): Keys 'TAB + ' sent to object: 'Object Repository/BillingCenter/pge_BatchPaymentEntry/screen_MultiplePaymentWizard/txt_BatchAmount'

2023-08-06 22:46:25 - [MESSAGE][PASSED] - Keys 'TAB + ' sent to object: 'Object Repository/BillingCenter/pge_BatchPaymentEntry/screen_MultiplePaymentWizard/txt_BatchAmount'

2023-08-06 22:46:25 - [TEST_STEP][PASSED] - selectOptionByLabel(findTestObject("BillingCenter/pge_BatchPaymentEntry/screen_MultiplePaymentWizard/lst_Type"), Type, false, CONTINUE_ON_FAILURE): All options with label 'Payment' are selected in object 'Object Repository/BillingCenter/pge_BatchPaymentEntry/screen_MultiplePaymentWizard/lst_Type' 

2023-08-06 22:46:25 - [MESSAGE][PASSED] - All options with label 'Payment' are selected in object 'Object Repository/BillingCenter/pge_BatchPaymentEntry/screen_MultiplePaymentWizard/lst_Type' 

2023-08-06 22:46:25 - [TEST_STEP][PASSED] - verifyElementVisible(findTestObject("BillingCenter/pge_BatchPaymentEntry/screen_MultiplePaymentWizard/txt_AgencyCode"), CONTINUE_ON_FAILURE): Object 'Object Repository/BillingCenter/pge_BatchPaymentEntry/screen_MultiplePaymentWizard/txt_AgencyCode' is visible

2023-08-06 22:46:26 - [MESSAGE][PASSED] - Object 'Object Repository/BillingCenter/pge_BatchPaymentEntry/screen_MultiplePaymentWizard/txt_AgencyCode' is visible

2023-08-06 22:46:26 - [TEST_STEP][PASSED] - setText(findTestObject("BillingCenter/pge_BatchPaymentEntry/screen_MultiplePaymentWizard/txt_AgencyCode"), AgencyCode): Text 'A0010' is set on object 'Object Repository/BillingCenter/pge_BatchPaymentEntry/screen_MultiplePaymentWizard/txt_AgencyCode'

2023-08-06 22:46:27 - [MESSAGE][PASSED] - Text 'A0010' is set on object 'Object Repository/BillingCenter/pge_BatchPaymentEntry/screen_MultiplePaymentWizard/txt_AgencyCode'

2023-08-06 22:46:27 - [TEST_STEP][PASSED] - clearText(findTestObject("BillingCenter/pge_BatchPaymentEntry/screen_MultiplePaymentWizard/txt_Amount"), CONTINUE_ON_FAILURE): Text of object 'Object Repository/BillingCenter/pge_BatchPaymentEntry/screen_MultiplePaymentWizard/txt_Amount' is cleared

2023-08-06 22:46:28 - [MESSAGE][PASSED] - Text of object 'Object Repository/BillingCenter/pge_BatchPaymentEntry/screen_MultiplePaymentWizard/txt_Amount' is cleared

2023-08-06 22:46:28 - [TEST_STEP][PASSED] - setText(findTestObject("BillingCenter/pge_BatchPaymentEntry/screen_MultiplePaymentWizard/txt_Amount"), Amount, CONTINUE_ON_FAILURE): Text '15.55' is set on object 'Object Repository/BillingCenter/pge_BatchPaymentEntry/screen_MultiplePaymentWizard/txt_Amount'

2023-08-06 22:46:29 - [MESSAGE][PASSED] - Text '15.55' is set on object 'Object Repository/BillingCenter/pge_BatchPaymentEntry/screen_MultiplePaymentWizard/txt_Amount'

2023-08-06 22:46:29 - [TEST_STEP][PASSED] - sendKeys(findTestObject("BillingCenter/pge_BatchPaymentEntry/screen_MultiplePaymentWizard/txt_Amount"), Keys.chord(TAB)): Keys 'TAB + ' sent to object: 'Object Repository/BillingCenter/pge_BatchPaymentEntry/screen_MultiplePaymentWizard/txt_Amount'

2023-08-06 22:46:29 - [MESSAGE][PASSED] - Keys 'TAB + ' sent to object: 'Object Repository/BillingCenter/pge_BatchPaymentEntry/screen_MultiplePaymentWizard/txt_Amount'

2023-08-06 22:46:29 - [TEST_STEP][PASSED] - verifyElementVisible(findTestObject("BillingCenter/pge_BatchPaymentEntry/screen_MultiplePaymentWizard/txt_CheckRef"), CONTINUE_ON_FAILURE): Object 'Object Repository/BillingCenter/pge_BatchPaymentEntry/screen_MultiplePaymentWizard/txt_CheckRef' is visible

2023-08-06 22:46:30 - [MESSAGE][PASSED] - Object 'Object Repository/BillingCenter/pge_BatchPaymentEntry/screen_MultiplePaymentWizard/txt_CheckRef' is visible

2023-08-06 22:46:30 - [TEST_STEP][PASSED] - setText(findTestObject("BillingCenter/pge_BatchPaymentEntry/screen_MultiplePaymentWizard/txt_CheckRef"), CheckRef, CONTINUE_ON_FAILURE): Text '2233445566' is set on object 'Object Repository/BillingCenter/pge_BatchPaymentEntry/screen_MultiplePaymentWizard/txt_CheckRef'

2023-08-06 22:46:30 - [MESSAGE][PASSED] - Text '2233445566' is set on object 'Object Repository/BillingCenter/pge_BatchPaymentEntry/screen_MultiplePaymentWizard/txt_CheckRef'

2023-08-06 22:46:30 - [TEST_STEP][PASSED] - setText(findTestObject("BillingCenter/pge_BatchPaymentEntry/screen_MultiplePaymentWizard/txt_Description"), Description, CONTINUE_ON_FAILURE): Text 'Payment on invoice level' is set on object 'Object Repository/BillingCenter/pge_BatchPaymentEntry/screen_MultiplePaymentWizard/txt_Description'

2023-08-06 22:46:32 - [MESSAGE][PASSED] - Text 'Payment on invoice level' is set on object 'Object Repository/BillingCenter/pge_BatchPaymentEntry/screen_MultiplePaymentWizard/txt_Description'

2023-08-06 22:46:32 - [TEST_STEP][PASSED] - selectOptionByLabel(findTestObject("BillingCenter/pge_BatchPaymentEntry/screen_MultiplePaymentWizard/lst_PaymentInstrument"), PaymentInstrument, false, CONTINUE_ON_FAILURE): All options with label 'Cash' are selected in object 'Object Repository/BillingCenter/pge_BatchPaymentEntry/screen_MultiplePaymentWizard/lst_PaymentInstrument' 

2023-08-06 22:46:32 - [MESSAGE][PASSED] - All options with label 'Cash' are selected in object 'Object Repository/BillingCenter/pge_BatchPaymentEntry/screen_MultiplePaymentWizard/lst_PaymentInstrument' 

2023-08-06 22:46:32 - [TEST_STEP][PASSED] - click(findTestObject("BillingCenter/pge_BatchPaymentEntry/screen_MultiplePaymentWizard/btn_Next"), CONTINUE_ON_FAILURE): Object: 'Object Repository/BillingCenter/pge_BatchPaymentEntry/screen_MultiplePaymentWizard/btn_Next' is clicked on

2023-08-06 22:46:33 - [MESSAGE][PASSED] - Object: 'Object Repository/BillingCenter/pge_BatchPaymentEntry/screen_MultiplePaymentWizard/btn_Next' is clicked on

2023-08-06 22:46:33 - [TEST_STEP][PASSED] - BatchNumber = getText(findTestObject("BillingCenter/pge_BatchPaymentEntry/screen_MultiplePaymentWizard/val_BatchNumber"), CONTINUE_ON_FAILURE): Text of object 'Object Repository/BillingCenter/pge_BatchPaymentEntry/screen_MultiplePaymentWizard/val_BatchNumber' is: 'BA07172026-1422'

2023-08-06 22:46:34 - [MESSAGE][PASSED] - Text of object 'Object Repository/BillingCenter/pge_BatchPaymentEntry/screen_MultiplePaymentWizard/val_BatchNumber' is: 'BA07172026-1422'

2023-08-06 22:46:34 - [TEST_STEP][PASSED] - comment("Posted Payment Batch Number " + BatchNumber): Posted Payment Batch Number BA07172026-1422

2023-08-06 22:46:34 - [MESSAGE][INFO] - Posted Payment Batch Number BA07172026-1422

2023-08-06 22:46:34 - [TEST_STEP][PASSED] - click(findTestObject("BillingCenter/pge_BatchPaymentEntry/screen_MultiplePaymentWizard/btn_Post"), CONTINUE_ON_FAILURE): Object: 'Object Repository/BillingCenter/pge_BatchPaymentEntry/screen_MultiplePaymentWizard/btn_Post' is clicked on

2023-08-06 22:46:34 - [MESSAGE][PASSED] - Object: 'Object Repository/BillingCenter/pge_BatchPaymentEntry/screen_MultiplePaymentWizard/btn_Post' is clicked on

2023-08-06 22:46:34 - [TEST_STEP][PASSED] - verifyElementPresent(findTestObject("BillingCenter/pge_BatchPaymentEntry/screen_BatchJobs/fld_GoTo_Quickjump"), 0): Object 'Object Repository/BillingCenter/pge_BatchPaymentEntry/screen_BatchJobs/fld_GoTo_Quickjump' is present

2023-08-06 22:46:34 - [MESSAGE][WARNING] - Timeout '0' is invalid. Using default page load timeout: '2'

2023-08-06 22:46:35 - [MESSAGE][PASSED] - Object 'Object Repository/BillingCenter/pge_BatchPaymentEntry/screen_BatchJobs/fld_GoTo_Quickjump' is present

2023-08-06 22:46:35 - [TEST_STEP][PASSED] - sendKeys(findTestObject("BillingCenter/pge_BatchPaymentEntry/screen_BatchJobs/fld_GoTo_Quickjump"), "runBatchProcess PostBatchPayment_sp"): Keys 'runBatchProcess PostBatchPayment_sp' sent to object: 'Object Repository/BillingCenter/pge_BatchPaymentEntry/screen_BatchJobs/fld_GoTo_Quickjump'

2023-08-06 22:46:35 - [MESSAGE][PASSED] - Keys 'runBatchProcess PostBatchPayment_sp' sent to object: 'Object Repository/BillingCenter/pge_BatchPaymentEntry/screen_BatchJobs/fld_GoTo_Quickjump'

2023-08-06 22:46:35 - [TEST_STEP][PASSED] - sendKeys(findTestObject("BillingCenter/pge_BatchPaymentEntry/screen_BatchJobs/fld_GoTo_Quickjump"), Keys.chord(ENTER)): Keys 'ENTER + ' sent to object: 'Object Repository/BillingCenter/pge_BatchPaymentEntry/screen_BatchJobs/fld_GoTo_Quickjump'

2023-08-06 22:46:36 - [MESSAGE][PASSED] - Keys 'ENTER + ' sent to object: 'Object Repository/BillingCenter/pge_BatchPaymentEntry/screen_BatchJobs/fld_GoTo_Quickjump'

2023-08-06 22:46:36 - [TEST_STEP][PASSED] - click(findTestObject("BillingCenter/pge_BatchPaymentEntry/screen_Verify_PostedPayments/opt_ProducerSearch")): Object: 'Object Repository/BillingCenter/pge_BatchPaymentEntry/screen_Verify_PostedPayments/opt_ProducerSearch' is clicked on

2023-08-06 22:46:36 - [MESSAGE][PASSED] - Object: 'Object Repository/BillingCenter/pge_BatchPaymentEntry/screen_Verify_PostedPayments/opt_ProducerSearch' is clicked on

2023-08-06 22:46:36 - [TEST_STEP][PASSED] - sendKeys(findTestObject("BillingCenter/pge_BatchPaymentEntry/screen_Verify_PostedPayments/fld_SearchProducer"), AgencyCode): Keys 'A0010' sent to object: 'Object Repository/BillingCenter/pge_BatchPaymentEntry/screen_Verify_PostedPayments/fld_SearchProducer'

2023-08-06 22:46:37 - [MESSAGE][PASSED] - Keys 'A0010' sent to object: 'Object Repository/BillingCenter/pge_BatchPaymentEntry/screen_Verify_PostedPayments/fld_SearchProducer'

2023-08-06 22:46:37 - [TEST_STEP][PASSED] - click(findTestObject("BillingCenter/pge_BatchPaymentEntry/screen_Verify_PostedPayments/icon_SearchProducer")): Object: 'Object Repository/BillingCenter/pge_BatchPaymentEntry/screen_Verify_PostedPayments/icon_SearchProducer' is clicked on

2023-08-06 22:46:37 - [MESSAGE][PASSED] - Object: 'Object Repository/BillingCenter/pge_BatchPaymentEntry/screen_Verify_PostedPayments/icon_SearchProducer' is clicked on

2023-08-06 22:46:37 - [TEST_STEP][PASSED] - click(findTestObject("BillingCenter/pge_BatchPaymentEntry/screen_Verify_PostedPayments/icon_AgencyBillPaymentsArrow")): Object: 'Object Repository/BillingCenter/pge_BatchPaymentEntry/screen_Verify_PostedPayments/icon_AgencyBillPaymentsArrow' is clicked on

2023-08-06 22:46:38 - [MESSAGE][PASSED] - Object: 'Object Repository/BillingCenter/pge_BatchPaymentEntry/screen_Verify_PostedPayments/icon_AgencyBillPaymentsArrow' is clicked on

2023-08-06 22:46:38 - [TEST_STEP][PASSED] - click(findTestObject("BillingCenter/pge_BatchPaymentEntry/screen_Verify_PostedPayments/opt_PaymentsProducer")): Object: 'Object Repository/BillingCenter/pge_BatchPaymentEntry/screen_Verify_PostedPayments/opt_PaymentsProducer' is clicked on

2023-08-06 22:46:38 - [MESSAGE][PASSED] - Object: 'Object Repository/BillingCenter/pge_BatchPaymentEntry/screen_Verify_PostedPayments/opt_PaymentsProducer' is clicked on

2023-08-06 22:46:38 - [TEST_STEP][PASSED] - driver = getWebDriver(): null

2023-08-06 22:46:38 - [TEST_STEP][PASSED] - Table = driver.findElement(By.xpath("//*[@id='AgencyBillExecutedPayments-PaymentsLV']//tbody")): null

2023-08-06 22:46:39 - [TEST_STEP][PASSED] - elementsinColumn = gw.Table.getTableElementsByColumn(Table, 9): gw.Table.getTableElementsByColumn is PASSED

2023-08-06 22:46:41 - [MESSAGE][PASSED] - gw.Table.getTableElementsByColumn is PASSED

2023-08-06 22:46:41 - [TEST_STEP][PASSED] - comment("Elements after function call to getTableElementsByColumn " + elementsinColumn): Elements after function call to getTableElementsByColumn [Batch Number, BA07172026-1422, BA07172026-1390, BA07162026-1339, BA07042026-1238]

2023-08-06 22:46:41 - [MESSAGE][INFO] - Elements after function call to getTableElementsByColumn [Batch Number, BA07172026-1422, BA07172026-1390, BA07162026-1339, BA07042026-1238]

2023-08-06 22:46:41 - [TEST_STEP][PASSED] - if (elementsinColumn.contains(BatchNumber)): Agency Payment Batch Number Found

2023-08-06 22:46:41 - [TEST_STEP][PASSED] - markPassed("Agency Payment Batch Number Found"): Agency Payment Batch Number Found

2023-08-06 22:46:41 - [MESSAGE][PASSED] - Agency Payment Batch Number Found

2023-08-06 22:46:41 - [TEST_STEP][PASSED] - click(findTestObject("BillingCenter/pge_BatchPaymentEntry/screen_Verify_PostedPayments/lbl_DesktopOption")): Object: 'Object Repository/BillingCenter/pge_BatchPaymentEntry/screen_Verify_PostedPayments/lbl_DesktopOption' is clicked on

2023-08-06 22:46:41 - [MESSAGE][PASSED] - Object: 'Object Repository/BillingCenter/pge_BatchPaymentEntry/screen_Verify_PostedPayments/lbl_DesktopOption' is clicked on

2023-08-06 22:46:41 - [TEST_STEP][PASSED] - callTestCase(findTestCase("BillingCenter/BatchPaymentEntry/BC_NavigateBatchPaymentEntryScreen"), [:]): Call Test Case 'Test Cases/BillingCenter/BatchPaymentEntry/BC_NavigateBatchPaymentEntryScreen' successfully

2023-08-06 22:46:41 - [TEST_CASE][PASSED] - Test Cases/BillingCenter/BatchPaymentEntry/BC_NavigateBatchPaymentEntryScreen: Test Cases/BillingCenter/BatchPaymentEntry/BC_NavigateBatchPaymentEntryScreen

2023-08-06 22:46:41 - [TEST_STEP][PASSED] - click(findTestObject("BillingCenter/pge_BatchPaymentEntry/pge_Navigation/opt_Desktop_Actions")): Object: 'Object Repository/BillingCenter/pge_BatchPaymentEntry/pge_Navigation/opt_Desktop_Actions' is clicked on

2023-08-06 22:46:42 - [MESSAGE][PASSED] - Object: 'Object Repository/BillingCenter/pge_BatchPaymentEntry/pge_Navigation/opt_Desktop_Actions' is clicked on

2023-08-06 22:46:42 - [TEST_STEP][PASSED] - mouseOver(findTestObject("BillingCenter/pge_BatchPaymentEntry/pge_Navigation/act_NewPayment")): Object: 'Object Repository/BillingCenter/pge_BatchPaymentEntry/pge_Navigation/act_NewPayment' is hovered

2023-08-06 22:46:42 - [MESSAGE][PASSED] - Object: 'Object Repository/BillingCenter/pge_BatchPaymentEntry/pge_Navigation/act_NewPayment' is hovered

2023-08-06 22:46:42 - [TEST_STEP][PASSED] - click(findTestObject("BillingCenter/pge_BatchPaymentEntry/pge_Navigation/opt_newPayment _BatchPaymentEntry")): Object: 'Object Repository/BillingCenter/pge_BatchPaymentEntry/pge_Navigation/opt_newPayment _BatchPaymentEntry' is clicked on

2023-08-06 22:46:43 - [MESSAGE][PASSED] - Object: 'Object Repository/BillingCenter/pge_BatchPaymentEntry/pge_Navigation/opt_newPayment _BatchPaymentEntry' is clicked on

2023-08-06 22:46:43 - [MESSAGE][PASSED] - Call Test Case 'Test Cases/BillingCenter/BatchPaymentEntry/BC_NavigateBatchPaymentEntryScreen' successfully

2023-08-06 22:46:43 - [TEST_STEP][PASSED] - for (def index : (0..0)): null

2023-08-06 22:46:43 - [TEST_STEP][ERROR] - Start listener action : gwAfterTestCase: org.codehaus.groovy.runtime.InvokerInvocationException: java.io.FileNotFoundException: C:\QA Scripts\emc.guidewire.katalon.updated\GW10 Automation\Reports\Execution Status.xlsx (The system cannot find the file specified)
	at GWListener.invokeMethod(GWListener.groovy)
	at com.kms.katalon.core.context.internal.TestHooker.invokeMethod(TestHooker.java:111)
	at com.kms.katalon.core.context.internal.TestHooker.lambda$3(TestHooker.java:95)
	at com.kms.katalon.core.context.internal.TestHooker.invokeContextMethods(TestHooker.java:94)
	at com.kms.katalon.core.context.internal.TestListenerCollector.lambda$3(TestListenerCollector.java:88)
	at com.kms.katalon.core.context.internal.TestListenerCollector.handleListenerEvent(TestListenerCollector.java:85)
	at com.kms.katalon.core.context.internal.ExecutionEventManager.publicEvent(ExecutionEventManager.java:36)
	at com.kms.katalon.core.main.TestCaseExecutor.execute(TestCaseExecutor.java:251)
	at com.kms.katalon.core.main.TestSuiteExecutor.accessTestCaseMainPhase(TestSuiteExecutor.java:191)
	at com.kms.katalon.core.main.TestSuiteExecutor.accessTestSuiteMainPhase(TestSuiteExecutor.java:141)
	at com.kms.katalon.core.main.TestSuiteExecutor.execute(TestSuiteExecutor.java:90)
	at com.kms.katalon.core.main.TestCaseMain.startTestSuite(TestCaseMain.java:157)
	at com.kms.katalon.core.main.TestCaseMain$startTestSuite$0.call(Unknown Source)
	at TempTestSuite1691342079987.run(TempTestSuite1691342079987.groovy:39)
Caused by: java.io.FileNotFoundException: C:\QA Scripts\emc.guidewire.katalon.updated\GW10 Automation\Reports\Execution Status.xlsx (The system cannot find the file specified)
	at common.Excel.getColumnNumber(Excel.groovy:69)
	at common.Excel.WirteToExcel(Excel.groovy:95)
	at common.Excel$WirteToExcel$0.call(Unknown Source)
	at GWListener.gwAfterTestCase(GWListener.groovy:137)
	... 14 more


2023-08-06 22:46:43 - [TEST_STEP][PASSED] - tc_end_Time = System.currentTimeMillis(): null

2023-08-06 22:46:43 - [TEST_STEP][PASSED] - date_tc_end_Time = dateformat.format(tc_end_Time): null

2023-08-06 22:46:43 - [TEST_STEP][PASSED] - (tempRowNum++): null

2023-08-06 22:46:43 - [TEST_STEP][PASSED] - testCaseID = testCaseContext.getTestCaseId(): null

2023-08-06 22:46:43 - [TEST_STEP][PASSED] - testCase = findTestCase(testCaseID): null

2023-08-06 22:46:43 - [TEST_STEP][PASSED] - testCaseName = testCase.getName(): null

2023-08-06 22:46:43 - [TEST_STEP][PASSED] - switch (testCaseContext.getTestCaseStatus()): null

2023-08-06 22:46:43 - [TEST_STEP][PASSED] - case "PASSED":: null

2023-08-06 22:46:43 - [TEST_STEP][PASSED] - (passedCnt++): null

2023-08-06 22:46:43 - [TEST_STEP][PASSED] - break: null

2023-08-06 22:46:43 - [TEST_STEP][PASSED] - if (testCaseName == "GenerateAndSendReport"): null

2023-08-06 22:46:43 - [TEST_STEP][PASSED] - if (testCaseName == "GenerateAndSaveReport"): null

2023-08-06 22:46:43 - [TEST_STEP][PASSED] - if (testCaseName == "GenerateTimeReport"): null

2023-08-06 22:46:43 - [TEST_STEP][ERROR] - if (!(testCaseName.contains("Submission")) && !(testCaseName.contains("Issurance")) && !(testCaseName.contains("NewAccount")) && !(testCaseName.contains("FNOL")) && !(testCaseName.contains("QuickClaim")) && !(testCaseName.contains("verify"))): org.codehaus.groovy.runtime.InvokerInvocationException: java.io.FileNotFoundException: C:\QA Scripts\emc.guidewire.katalon.updated\GW10 Automation\Reports\Execution Status.xlsx (The system cannot find the file specified)
	at GWListener.invokeMethod(GWListener.groovy)
	at com.kms.katalon.core.context.internal.TestHooker.invokeMethod(TestHooker.java:111)
	at com.kms.katalon.core.context.internal.TestHooker.lambda$3(TestHooker.java:95)
	at com.kms.katalon.core.context.internal.TestHooker.invokeContextMethods(TestHooker.java:94)
	at com.kms.katalon.core.context.internal.TestListenerCollector.lambda$3(TestListenerCollector.java:88)
	at com.kms.katalon.core.context.internal.TestListenerCollector.handleListenerEvent(TestListenerCollector.java:85)
	at com.kms.katalon.core.context.internal.ExecutionEventManager.publicEvent(ExecutionEventManager.java:36)
	at com.kms.katalon.core.main.TestCaseExecutor.execute(TestCaseExecutor.java:251)
	at com.kms.katalon.core.main.TestSuiteExecutor.accessTestCaseMainPhase(TestSuiteExecutor.java:191)
	at com.kms.katalon.core.main.TestSuiteExecutor.accessTestSuiteMainPhase(TestSuiteExecutor.java:141)
	at com.kms.katalon.core.main.TestSuiteExecutor.execute(TestSuiteExecutor.java:90)
	at com.kms.katalon.core.main.TestCaseMain.startTestSuite(TestCaseMain.java:157)
	at com.kms.katalon.core.main.TestCaseMain$startTestSuite$0.call(Unknown Source)
	at TempTestSuite1691342079987.run(TempTestSuite1691342079987.groovy:39)
Caused by: java.io.FileNotFoundException: C:\QA Scripts\emc.guidewire.katalon.updated\GW10 Automation\Reports\Execution Status.xlsx (The system cannot find the file specified)
	at common.Excel.getColumnNumber(Excel.groovy:69)
	at common.Excel.WirteToExcel(Excel.groovy:95)
	at common.Excel$WirteToExcel$0.call(Unknown Source)
	at GWListener.gwAfterTestCase(GWListener.groovy:137)
	... 14 more


2023-08-06 22:46:43 - [MESSAGE][ERROR] - org.codehaus.groovy.runtime.InvokerInvocationException: java.io.FileNotFoundException: C:\QA Scripts\emc.guidewire.katalon.updated\GW10 Automation\Reports\Execution Status.xlsx (The system cannot find the file specified)
	at GWListener.invokeMethod(GWListener.groovy)
	at com.kms.katalon.core.context.internal.TestHooker.invokeMethod(TestHooker.java:111)
	at com.kms.katalon.core.context.internal.TestHooker.lambda$3(TestHooker.java:95)
	at com.kms.katalon.core.context.internal.TestHooker.invokeContextMethods(TestHooker.java:94)
	at com.kms.katalon.core.context.internal.TestListenerCollector.lambda$3(TestListenerCollector.java:88)
	at com.kms.katalon.core.context.internal.TestListenerCollector.handleListenerEvent(TestListenerCollector.java:85)
	at com.kms.katalon.core.context.internal.ExecutionEventManager.publicEvent(ExecutionEventManager.java:36)
	at com.kms.katalon.core.main.TestCaseExecutor.execute(TestCaseExecutor.java:251)
	at com.kms.katalon.core.main.TestSuiteExecutor.accessTestCaseMainPhase(TestSuiteExecutor.java:191)
	at com.kms.katalon.core.main.TestSuiteExecutor.accessTestSuiteMainPhase(TestSuiteExecutor.java:141)
	at com.kms.katalon.core.main.TestSuiteExecutor.execute(TestSuiteExecutor.java:90)
	at com.kms.katalon.core.main.TestCaseMain.startTestSuite(TestCaseMain.java:157)
	at com.kms.katalon.core.main.TestCaseMain$startTestSuite$0.call(Unknown Source)
	at TempTestSuite1691342079987.run(TempTestSuite1691342079987.groovy:39)
Caused by: java.io.FileNotFoundException: C:\QA Scripts\emc.guidewire.katalon.updated\GW10 Automation\Reports\Execution Status.xlsx (The system cannot find the file specified)
	at common.Excel.getColumnNumber(Excel.groovy:69)
	at common.Excel.WirteToExcel(Excel.groovy:95)
	at common.Excel$WirteToExcel$0.call(Unknown Source)
	at GWListener.gwAfterTestCase(GWListener.groovy:137)
	... 14 more


2023-08-06 22:46:45 - [TEST_STEP][PASSED] - Video: Video recording for test case 'Test Cases/BillingCenter/BatchPaymentEntry/BC_MultiplePaymentEntryandVerification_AgencyLevel' .

2023-08-06 22:46:45 - [MESSAGE][INFO] - Video recording for test case 'Test Cases/BillingCenter/BatchPaymentEntry/BC_MultiplePaymentEntryandVerification_AgencyLevel' .
[[ATTACHMENT|C:\\QA Scripts\\emc.guidewire.katalon.updated\\GW10 Automation\\Reports\\20230806_224439\\BillingCenter\\BatchPaymentEntry\\20230806_224439/videos\\test_6.avi]]]]></system-out>
         <system-err><![CDATA[]]></system-err>
      </testcase>
      <testcase name="Test Cases/BillingCenter/BatchPaymentEntry/BC_MultiplePaymentEntryandVerification_AgencyStatementLevel" time="26.333" classname="Test Cases/BillingCenter/BatchPaymentEntry/BC_MultiplePaymentEntryandVerification_AgencyStatementLevel" status="PASSED">
         <system-out><![CDATA[2023-08-06 22:46:45 - [TEST_CASE][PASSED] - Test Cases/BillingCenter/BatchPaymentEntry/BC_MultiplePaymentEntryandVerification_AgencyStatementLevel: Test Cases/BillingCenter/BatchPaymentEntry/BC_MultiplePaymentEntryandVerification_AgencyStatementLevel

2023-08-06 22:46:45 - [TEST_STEP][PASSED] - Start listener action : gwBeforeTestCase: null

2023-08-06 22:46:45 - [TEST_STEP][PASSED] - if (Env_TestCaseId == testCaseContext.getTestCaseId()): null

2023-08-06 22:46:45 - [TEST_STEP][PASSED] - else: null

2023-08-06 22:46:45 - [TEST_STEP][PASSED] - iteration = 1: null

2023-08-06 22:46:45 - [TEST_STEP][PASSED] - Env_Iteration = iteration: null

2023-08-06 22:46:45 - [TEST_STEP][PASSED] - Env_TestCaseId = testCaseContext.getTestCaseId(): null

2023-08-06 22:46:45 - [TEST_STEP][PASSED] - Env_TestCaseVariables = testCaseContext.getTestCaseVariables(): null

2023-08-06 22:46:45 - [TEST_STEP][PASSED] - tc_start_Time = System.currentTimeMillis(): null

2023-08-06 22:46:45 - [TEST_STEP][PASSED] - date_tc_start_Time = dateformat.format(tc_start_Time): null

2023-08-06 22:46:45 - [TEST_STEP][PASSED] - selectOptionByLabel(findTestObject("BillingCenter/pge_BatchPaymentEntry/screen_MultiplePaymentWizard/lst_Source"), Source, false, CONTINUE_ON_FAILURE): All options with label 'Lockbox' are selected in object 'Object Repository/BillingCenter/pge_BatchPaymentEntry/screen_MultiplePaymentWizard/lst_Source' 

2023-08-06 22:46:46 - [MESSAGE][PASSED] - All options with label 'Lockbox' are selected in object 'Object Repository/BillingCenter/pge_BatchPaymentEntry/screen_MultiplePaymentWizard/lst_Source' 

2023-08-06 22:46:46 - [TEST_STEP][PASSED] - setText(findTestObject("BillingCenter/pge_BatchPaymentEntry/screen_MultiplePaymentWizard/txt_BatchAmount"), BatchAmount, CONTINUE_ON_FAILURE): Text '101' is set on object 'Object Repository/BillingCenter/pge_BatchPaymentEntry/screen_MultiplePaymentWizard/txt_BatchAmount'

2023-08-06 22:46:48 - [MESSAGE][PASSED] - Text '101' is set on object 'Object Repository/BillingCenter/pge_BatchPaymentEntry/screen_MultiplePaymentWizard/txt_BatchAmount'

2023-08-06 22:46:48 - [TEST_STEP][PASSED] - sendKeys(findTestObject("BillingCenter/pge_BatchPaymentEntry/screen_MultiplePaymentWizard/txt_BatchAmount"), Keys.chord(TAB)): Keys 'TAB + ' sent to object: 'Object Repository/BillingCenter/pge_BatchPaymentEntry/screen_MultiplePaymentWizard/txt_BatchAmount'

2023-08-06 22:46:48 - [MESSAGE][PASSED] - Keys 'TAB + ' sent to object: 'Object Repository/BillingCenter/pge_BatchPaymentEntry/screen_MultiplePaymentWizard/txt_BatchAmount'

2023-08-06 22:46:48 - [TEST_STEP][PASSED] - selectOptionByLabel(findTestObject("BillingCenter/pge_BatchPaymentEntry/screen_MultiplePaymentWizard/lst_Type"), Type, false, CONTINUE_ON_FAILURE): All options with label 'Payment' are selected in object 'Object Repository/BillingCenter/pge_BatchPaymentEntry/screen_MultiplePaymentWizard/lst_Type' 

2023-08-06 22:46:49 - [MESSAGE][PASSED] - All options with label 'Payment' are selected in object 'Object Repository/BillingCenter/pge_BatchPaymentEntry/screen_MultiplePaymentWizard/lst_Type' 

2023-08-06 22:46:49 - [TEST_STEP][PASSED] - verifyElementVisible(findTestObject("BillingCenter/pge_BatchPaymentEntry/screen_MultiplePaymentWizard/txt_ABStatement"), CONTINUE_ON_FAILURE): Object 'Object Repository/BillingCenter/pge_BatchPaymentEntry/screen_MultiplePaymentWizard/txt_ABStatement' is visible

2023-08-06 22:46:49 - [MESSAGE][PASSED] - Object 'Object Repository/BillingCenter/pge_BatchPaymentEntry/screen_MultiplePaymentWizard/txt_ABStatement' is visible

2023-08-06 22:46:49 - [TEST_STEP][PASSED] - setText(findTestObject("BillingCenter/pge_BatchPaymentEntry/screen_MultiplePaymentWizard/txt_ABStatement"), ABStatement): Text '7000000111' is set on object 'Object Repository/BillingCenter/pge_BatchPaymentEntry/screen_MultiplePaymentWizard/txt_ABStatement'

2023-08-06 22:46:50 - [MESSAGE][PASSED] - Text '7000000111' is set on object 'Object Repository/BillingCenter/pge_BatchPaymentEntry/screen_MultiplePaymentWizard/txt_ABStatement'

2023-08-06 22:46:50 - [TEST_STEP][PASSED] - clearText(findTestObject("BillingCenter/pge_BatchPaymentEntry/screen_MultiplePaymentWizard/txt_Amount"), CONTINUE_ON_FAILURE): Text of object 'Object Repository/BillingCenter/pge_BatchPaymentEntry/screen_MultiplePaymentWizard/txt_Amount' is cleared

2023-08-06 22:46:51 - [MESSAGE][PASSED] - Text of object 'Object Repository/BillingCenter/pge_BatchPaymentEntry/screen_MultiplePaymentWizard/txt_Amount' is cleared

2023-08-06 22:46:51 - [TEST_STEP][PASSED] - setText(findTestObject("BillingCenter/pge_BatchPaymentEntry/screen_MultiplePaymentWizard/txt_Amount"), Amount, CONTINUE_ON_FAILURE): Text '101' is set on object 'Object Repository/BillingCenter/pge_BatchPaymentEntry/screen_MultiplePaymentWizard/txt_Amount'

2023-08-06 22:46:52 - [MESSAGE][PASSED] - Text '101' is set on object 'Object Repository/BillingCenter/pge_BatchPaymentEntry/screen_MultiplePaymentWizard/txt_Amount'

2023-08-06 22:46:52 - [TEST_STEP][PASSED] - sendKeys(findTestObject("BillingCenter/pge_BatchPaymentEntry/screen_MultiplePaymentWizard/txt_Amount"), Keys.chord(TAB)): Keys 'TAB + ' sent to object: 'Object Repository/BillingCenter/pge_BatchPaymentEntry/screen_MultiplePaymentWizard/txt_Amount'

2023-08-06 22:46:53 - [MESSAGE][PASSED] - Keys 'TAB + ' sent to object: 'Object Repository/BillingCenter/pge_BatchPaymentEntry/screen_MultiplePaymentWizard/txt_Amount'

2023-08-06 22:46:53 - [TEST_STEP][PASSED] - verifyElementVisible(findTestObject("BillingCenter/pge_BatchPaymentEntry/screen_MultiplePaymentWizard/txt_CheckRef"), CONTINUE_ON_FAILURE): Object 'Object Repository/BillingCenter/pge_BatchPaymentEntry/screen_MultiplePaymentWizard/txt_CheckRef' is visible

2023-08-06 22:46:54 - [MESSAGE][PASSED] - Object 'Object Repository/BillingCenter/pge_BatchPaymentEntry/screen_MultiplePaymentWizard/txt_CheckRef' is visible

2023-08-06 22:46:54 - [TEST_STEP][PASSED] - setText(findTestObject("BillingCenter/pge_BatchPaymentEntry/screen_MultiplePaymentWizard/txt_CheckRef"), CheckRef, CONTINUE_ON_FAILURE): Text '1231231234' is set on object 'Object Repository/BillingCenter/pge_BatchPaymentEntry/screen_MultiplePaymentWizard/txt_CheckRef'

2023-08-06 22:46:54 - [MESSAGE][PASSED] - Text '1231231234' is set on object 'Object Repository/BillingCenter/pge_BatchPaymentEntry/screen_MultiplePaymentWizard/txt_CheckRef'

2023-08-06 22:46:54 - [TEST_STEP][PASSED] - setText(findTestObject("BillingCenter/pge_BatchPaymentEntry/screen_MultiplePaymentWizard/txt_Description"), Description, CONTINUE_ON_FAILURE): Text 'Payment on AB Statement level' is set on object 'Object Repository/BillingCenter/pge_BatchPaymentEntry/screen_MultiplePaymentWizard/txt_Description'

2023-08-06 22:46:56 - [MESSAGE][PASSED] - Text 'Payment on AB Statement level' is set on object 'Object Repository/BillingCenter/pge_BatchPaymentEntry/screen_MultiplePaymentWizard/txt_Description'

2023-08-06 22:46:56 - [TEST_STEP][PASSED] - selectOptionByLabel(findTestObject("BillingCenter/pge_BatchPaymentEntry/screen_MultiplePaymentWizard/lst_PaymentInstrument"), PaymentInstrument, false, CONTINUE_ON_FAILURE): All options with label 'Cash' are selected in object 'Object Repository/BillingCenter/pge_BatchPaymentEntry/screen_MultiplePaymentWizard/lst_PaymentInstrument' 

2023-08-06 22:46:56 - [MESSAGE][PASSED] - All options with label 'Cash' are selected in object 'Object Repository/BillingCenter/pge_BatchPaymentEntry/screen_MultiplePaymentWizard/lst_PaymentInstrument' 

2023-08-06 22:46:56 - [TEST_STEP][PASSED] - click(findTestObject("BillingCenter/pge_BatchPaymentEntry/screen_MultiplePaymentWizard/btn_Next"), CONTINUE_ON_FAILURE): Object: 'Object Repository/BillingCenter/pge_BatchPaymentEntry/screen_MultiplePaymentWizard/btn_Next' is clicked on

2023-08-06 22:46:57 - [MESSAGE][PASSED] - Object: 'Object Repository/BillingCenter/pge_BatchPaymentEntry/screen_MultiplePaymentWizard/btn_Next' is clicked on

2023-08-06 22:46:57 - [TEST_STEP][PASSED] - BatchNumber = getText(findTestObject("BillingCenter/pge_BatchPaymentEntry/screen_MultiplePaymentWizard/val_BatchNumber"), CONTINUE_ON_FAILURE): Text of object 'Object Repository/BillingCenter/pge_BatchPaymentEntry/screen_MultiplePaymentWizard/val_BatchNumber' is: 'LB07172026'

2023-08-06 22:46:58 - [MESSAGE][PASSED] - Text of object 'Object Repository/BillingCenter/pge_BatchPaymentEntry/screen_MultiplePaymentWizard/val_BatchNumber' is: 'LB07172026'

2023-08-06 22:46:58 - [TEST_STEP][PASSED] - comment("Posted Payment Batch Number " + BatchNumber): Posted Payment Batch Number LB07172026

2023-08-06 22:46:58 - [MESSAGE][INFO] - Posted Payment Batch Number LB07172026

2023-08-06 22:46:58 - [TEST_STEP][PASSED] - click(findTestObject("BillingCenter/pge_BatchPaymentEntry/screen_MultiplePaymentWizard/btn_Post"), CONTINUE_ON_FAILURE): Object: 'Object Repository/BillingCenter/pge_BatchPaymentEntry/screen_MultiplePaymentWizard/btn_Post' is clicked on

2023-08-06 22:46:58 - [MESSAGE][PASSED] - Object: 'Object Repository/BillingCenter/pge_BatchPaymentEntry/screen_MultiplePaymentWizard/btn_Post' is clicked on

2023-08-06 22:46:58 - [TEST_STEP][PASSED] - verifyElementPresent(findTestObject("BillingCenter/pge_BatchPaymentEntry/screen_BatchJobs/fld_GoTo_Quickjump"), 0): Object 'Object Repository/BillingCenter/pge_BatchPaymentEntry/screen_BatchJobs/fld_GoTo_Quickjump' is present

2023-08-06 22:46:58 - [MESSAGE][WARNING] - Timeout '0' is invalid. Using default page load timeout: '2'

2023-08-06 22:46:59 - [MESSAGE][PASSED] - Object 'Object Repository/BillingCenter/pge_BatchPaymentEntry/screen_BatchJobs/fld_GoTo_Quickjump' is present

2023-08-06 22:46:59 - [TEST_STEP][PASSED] - sendKeys(findTestObject("BillingCenter/pge_BatchPaymentEntry/screen_BatchJobs/fld_GoTo_Quickjump"), "runBatchProcess PostBatchPayment_sp"): Keys 'runBatchProcess PostBatchPayment_sp' sent to object: 'Object Repository/BillingCenter/pge_BatchPaymentEntry/screen_BatchJobs/fld_GoTo_Quickjump'

2023-08-06 22:46:59 - [MESSAGE][PASSED] - Keys 'runBatchProcess PostBatchPayment_sp' sent to object: 'Object Repository/BillingCenter/pge_BatchPaymentEntry/screen_BatchJobs/fld_GoTo_Quickjump'

2023-08-06 22:46:59 - [TEST_STEP][PASSED] - sendKeys(findTestObject("BillingCenter/pge_BatchPaymentEntry/screen_BatchJobs/fld_GoTo_Quickjump"), Keys.chord(ENTER)): Keys 'ENTER + ' sent to object: 'Object Repository/BillingCenter/pge_BatchPaymentEntry/screen_BatchJobs/fld_GoTo_Quickjump'

2023-08-06 22:47:00 - [MESSAGE][PASSED] - Keys 'ENTER + ' sent to object: 'Object Repository/BillingCenter/pge_BatchPaymentEntry/screen_BatchJobs/fld_GoTo_Quickjump'

2023-08-06 22:47:00 - [TEST_STEP][PASSED] - click(findTestObject("BillingCenter/pge_BatchPaymentEntry/screen_Verify_PostedPayments/opt_ProducerSearch")): Object: 'Object Repository/BillingCenter/pge_BatchPaymentEntry/screen_Verify_PostedPayments/opt_ProducerSearch' is clicked on

2023-08-06 22:47:01 - [MESSAGE][PASSED] - Object: 'Object Repository/BillingCenter/pge_BatchPaymentEntry/screen_Verify_PostedPayments/opt_ProducerSearch' is clicked on

2023-08-06 22:47:01 - [TEST_STEP][PASSED] - sendKeys(findTestObject("BillingCenter/pge_BatchPaymentEntry/screen_Verify_PostedPayments/fld_SearchProducer"), AgencyCode): Keys 'C0010' sent to object: 'Object Repository/BillingCenter/pge_BatchPaymentEntry/screen_Verify_PostedPayments/fld_SearchProducer'

2023-08-06 22:47:01 - [MESSAGE][PASSED] - Keys 'C0010' sent to object: 'Object Repository/BillingCenter/pge_BatchPaymentEntry/screen_Verify_PostedPayments/fld_SearchProducer'

2023-08-06 22:47:01 - [TEST_STEP][PASSED] - click(findTestObject("BillingCenter/pge_BatchPaymentEntry/screen_Verify_PostedPayments/icon_SearchProducer")): Object: 'Object Repository/BillingCenter/pge_BatchPaymentEntry/screen_Verify_PostedPayments/icon_SearchProducer' is clicked on

2023-08-06 22:47:02 - [MESSAGE][PASSED] - Object: 'Object Repository/BillingCenter/pge_BatchPaymentEntry/screen_Verify_PostedPayments/icon_SearchProducer' is clicked on

2023-08-06 22:47:02 - [TEST_STEP][PASSED] - click(findTestObject("BillingCenter/pge_BatchPaymentEntry/screen_Verify_PostedPayments/icon_AgencyBillPaymentsArrow")): Object: 'Object Repository/BillingCenter/pge_BatchPaymentEntry/screen_Verify_PostedPayments/icon_AgencyBillPaymentsArrow' is clicked on

2023-08-06 22:47:02 - [MESSAGE][PASSED] - Object: 'Object Repository/BillingCenter/pge_BatchPaymentEntry/screen_Verify_PostedPayments/icon_AgencyBillPaymentsArrow' is clicked on

2023-08-06 22:47:02 - [TEST_STEP][PASSED] - click(findTestObject("BillingCenter/pge_BatchPaymentEntry/screen_Verify_PostedPayments/opt_PaymentsProducer")): Object: 'Object Repository/BillingCenter/pge_BatchPaymentEntry/screen_Verify_PostedPayments/opt_PaymentsProducer' is clicked on

2023-08-06 22:47:03 - [MESSAGE][PASSED] - Object: 'Object Repository/BillingCenter/pge_BatchPaymentEntry/screen_Verify_PostedPayments/opt_PaymentsProducer' is clicked on

2023-08-06 22:47:03 - [TEST_STEP][PASSED] - driver = getWebDriver(): null

2023-08-06 22:47:03 - [TEST_STEP][PASSED] - Table = driver.findElement(By.xpath("//*[@id='AgencyBillExecutedPayments-PaymentsLV']//tbody")): null

2023-08-06 22:47:04 - [TEST_STEP][PASSED] - elementsinColumn = gw.Table.getTableElementsByColumn(Table, 9): gw.Table.getTableElementsByColumn is PASSED

2023-08-06 22:47:07 - [MESSAGE][PASSED] - gw.Table.getTableElementsByColumn is PASSED

2023-08-06 22:47:07 - [TEST_STEP][PASSED] - comment("Elements after function call to getTableElementsByColumn " + elementsinColumn): Elements after function call to getTableElementsByColumn [Batch Number, LB07172026, BA07172026-1404, BA07172026-1404, LB07172026, BA07172026-1372, BA07172026-1372, BA07172026-1368, BA07172026-1368, LB07162026, LB07042026]

2023-08-06 22:47:07 - [MESSAGE][INFO] - Elements after function call to getTableElementsByColumn [Batch Number, LB07172026, BA07172026-1404, BA07172026-1404, LB07172026, BA07172026-1372, BA07172026-1372, BA07172026-1368, BA07172026-1368, LB07162026, LB07042026]

2023-08-06 22:47:07 - [TEST_STEP][PASSED] - if (elementsinColumn.contains(BatchNumber)): Agency Statement Payment Batch Number Found

2023-08-06 22:47:07 - [TEST_STEP][PASSED] - markPassed("Agency Statement Payment Batch Number Found"): Agency Statement Payment Batch Number Found

2023-08-06 22:47:07 - [MESSAGE][PASSED] - Agency Statement Payment Batch Number Found

2023-08-06 22:47:07 - [TEST_STEP][PASSED] - click(findTestObject("BillingCenter/pge_BatchPaymentEntry/screen_Verify_PostedPayments/lbl_DesktopOption")): Object: 'Object Repository/BillingCenter/pge_BatchPaymentEntry/screen_Verify_PostedPayments/lbl_DesktopOption' is clicked on

2023-08-06 22:47:07 - [MESSAGE][PASSED] - Object: 'Object Repository/BillingCenter/pge_BatchPaymentEntry/screen_Verify_PostedPayments/lbl_DesktopOption' is clicked on

2023-08-06 22:47:07 - [TEST_STEP][PASSED] - callTestCase(findTestCase("BillingCenter/BatchPaymentEntry/BC_NavigateBatchPaymentEntryScreen"), [:]): Call Test Case 'Test Cases/BillingCenter/BatchPaymentEntry/BC_NavigateBatchPaymentEntryScreen' successfully

2023-08-06 22:47:08 - [TEST_CASE][PASSED] - Test Cases/BillingCenter/BatchPaymentEntry/BC_NavigateBatchPaymentEntryScreen: Test Cases/BillingCenter/BatchPaymentEntry/BC_NavigateBatchPaymentEntryScreen

2023-08-06 22:47:08 - [TEST_STEP][PASSED] - click(findTestObject("BillingCenter/pge_BatchPaymentEntry/pge_Navigation/opt_Desktop_Actions")): Object: 'Object Repository/BillingCenter/pge_BatchPaymentEntry/pge_Navigation/opt_Desktop_Actions' is clicked on

2023-08-06 22:47:08 - [MESSAGE][PASSED] - Object: 'Object Repository/BillingCenter/pge_BatchPaymentEntry/pge_Navigation/opt_Desktop_Actions' is clicked on

2023-08-06 22:47:08 - [TEST_STEP][PASSED] - mouseOver(findTestObject("BillingCenter/pge_BatchPaymentEntry/pge_Navigation/act_NewPayment")): Object: 'Object Repository/BillingCenter/pge_BatchPaymentEntry/pge_Navigation/act_NewPayment' is hovered

2023-08-06 22:47:09 - [MESSAGE][PASSED] - Object: 'Object Repository/BillingCenter/pge_BatchPaymentEntry/pge_Navigation/act_NewPayment' is hovered

2023-08-06 22:47:09 - [TEST_STEP][PASSED] - click(findTestObject("BillingCenter/pge_BatchPaymentEntry/pge_Navigation/opt_newPayment _BatchPaymentEntry")): Object: 'Object Repository/BillingCenter/pge_BatchPaymentEntry/pge_Navigation/opt_newPayment _BatchPaymentEntry' is clicked on

2023-08-06 22:47:09 - [MESSAGE][PASSED] - Object: 'Object Repository/BillingCenter/pge_BatchPaymentEntry/pge_Navigation/opt_newPayment _BatchPaymentEntry' is clicked on

2023-08-06 22:47:09 - [MESSAGE][PASSED] - Call Test Case 'Test Cases/BillingCenter/BatchPaymentEntry/BC_NavigateBatchPaymentEntryScreen' successfully

2023-08-06 22:47:09 - [TEST_STEP][PASSED] - for (def index : (0..0)): null

2023-08-06 22:47:09 - [TEST_STEP][ERROR] - Start listener action : gwAfterTestCase: org.codehaus.groovy.runtime.InvokerInvocationException: java.io.FileNotFoundException: C:\QA Scripts\emc.guidewire.katalon.updated\GW10 Automation\Reports\Execution Status.xlsx (The system cannot find the file specified)
	at GWListener.invokeMethod(GWListener.groovy)
	at com.kms.katalon.core.context.internal.TestHooker.invokeMethod(TestHooker.java:111)
	at com.kms.katalon.core.context.internal.TestHooker.lambda$3(TestHooker.java:95)
	at com.kms.katalon.core.context.internal.TestHooker.invokeContextMethods(TestHooker.java:94)
	at com.kms.katalon.core.context.internal.TestListenerCollector.lambda$3(TestListenerCollector.java:88)
	at com.kms.katalon.core.context.internal.TestListenerCollector.handleListenerEvent(TestListenerCollector.java:85)
	at com.kms.katalon.core.context.internal.ExecutionEventManager.publicEvent(ExecutionEventManager.java:36)
	at com.kms.katalon.core.main.TestCaseExecutor.execute(TestCaseExecutor.java:251)
	at com.kms.katalon.core.main.TestSuiteExecutor.accessTestCaseMainPhase(TestSuiteExecutor.java:191)
	at com.kms.katalon.core.main.TestSuiteExecutor.accessTestSuiteMainPhase(TestSuiteExecutor.java:141)
	at com.kms.katalon.core.main.TestSuiteExecutor.execute(TestSuiteExecutor.java:90)
	at com.kms.katalon.core.main.TestCaseMain.startTestSuite(TestCaseMain.java:157)
	at com.kms.katalon.core.main.TestCaseMain$startTestSuite$0.call(Unknown Source)
	at TempTestSuite1691342079987.run(TempTestSuite1691342079987.groovy:39)
Caused by: java.io.FileNotFoundException: C:\QA Scripts\emc.guidewire.katalon.updated\GW10 Automation\Reports\Execution Status.xlsx (The system cannot find the file specified)
	at common.Excel.getColumnNumber(Excel.groovy:69)
	at common.Excel.WirteToExcel(Excel.groovy:95)
	at common.Excel$WirteToExcel$0.call(Unknown Source)
	at GWListener.gwAfterTestCase(GWListener.groovy:137)
	... 14 more


2023-08-06 22:47:09 - [TEST_STEP][PASSED] - tc_end_Time = System.currentTimeMillis(): null

2023-08-06 22:47:09 - [TEST_STEP][PASSED] - date_tc_end_Time = dateformat.format(tc_end_Time): null

2023-08-06 22:47:09 - [TEST_STEP][PASSED] - (tempRowNum++): null

2023-08-06 22:47:09 - [TEST_STEP][PASSED] - testCaseID = testCaseContext.getTestCaseId(): null

2023-08-06 22:47:09 - [TEST_STEP][PASSED] - testCase = findTestCase(testCaseID): null

2023-08-06 22:47:09 - [TEST_STEP][PASSED] - testCaseName = testCase.getName(): null

2023-08-06 22:47:09 - [TEST_STEP][PASSED] - switch (testCaseContext.getTestCaseStatus()): null

2023-08-06 22:47:09 - [TEST_STEP][PASSED] - case "PASSED":: null

2023-08-06 22:47:09 - [TEST_STEP][PASSED] - (passedCnt++): null

2023-08-06 22:47:09 - [TEST_STEP][PASSED] - break: null

2023-08-06 22:47:09 - [TEST_STEP][PASSED] - if (testCaseName == "GenerateAndSendReport"): null

2023-08-06 22:47:09 - [TEST_STEP][PASSED] - if (testCaseName == "GenerateAndSaveReport"): null

2023-08-06 22:47:09 - [TEST_STEP][PASSED] - if (testCaseName == "GenerateTimeReport"): null

2023-08-06 22:47:09 - [TEST_STEP][ERROR] - if (!(testCaseName.contains("Submission")) && !(testCaseName.contains("Issurance")) && !(testCaseName.contains("NewAccount")) && !(testCaseName.contains("FNOL")) && !(testCaseName.contains("QuickClaim")) && !(testCaseName.contains("verify"))): org.codehaus.groovy.runtime.InvokerInvocationException: java.io.FileNotFoundException: C:\QA Scripts\emc.guidewire.katalon.updated\GW10 Automation\Reports\Execution Status.xlsx (The system cannot find the file specified)
	at GWListener.invokeMethod(GWListener.groovy)
	at com.kms.katalon.core.context.internal.TestHooker.invokeMethod(TestHooker.java:111)
	at com.kms.katalon.core.context.internal.TestHooker.lambda$3(TestHooker.java:95)
	at com.kms.katalon.core.context.internal.TestHooker.invokeContextMethods(TestHooker.java:94)
	at com.kms.katalon.core.context.internal.TestListenerCollector.lambda$3(TestListenerCollector.java:88)
	at com.kms.katalon.core.context.internal.TestListenerCollector.handleListenerEvent(TestListenerCollector.java:85)
	at com.kms.katalon.core.context.internal.ExecutionEventManager.publicEvent(ExecutionEventManager.java:36)
	at com.kms.katalon.core.main.TestCaseExecutor.execute(TestCaseExecutor.java:251)
	at com.kms.katalon.core.main.TestSuiteExecutor.accessTestCaseMainPhase(TestSuiteExecutor.java:191)
	at com.kms.katalon.core.main.TestSuiteExecutor.accessTestSuiteMainPhase(TestSuiteExecutor.java:141)
	at com.kms.katalon.core.main.TestSuiteExecutor.execute(TestSuiteExecutor.java:90)
	at com.kms.katalon.core.main.TestCaseMain.startTestSuite(TestCaseMain.java:157)
	at com.kms.katalon.core.main.TestCaseMain$startTestSuite$0.call(Unknown Source)
	at TempTestSuite1691342079987.run(TempTestSuite1691342079987.groovy:39)
Caused by: java.io.FileNotFoundException: C:\QA Scripts\emc.guidewire.katalon.updated\GW10 Automation\Reports\Execution Status.xlsx (The system cannot find the file specified)
	at common.Excel.getColumnNumber(Excel.groovy:69)
	at common.Excel.WirteToExcel(Excel.groovy:95)
	at common.Excel$WirteToExcel$0.call(Unknown Source)
	at GWListener.gwAfterTestCase(GWListener.groovy:137)
	... 14 more


2023-08-06 22:47:09 - [MESSAGE][ERROR] - org.codehaus.groovy.runtime.InvokerInvocationException: java.io.FileNotFoundException: C:\QA Scripts\emc.guidewire.katalon.updated\GW10 Automation\Reports\Execution Status.xlsx (The system cannot find the file specified)
	at GWListener.invokeMethod(GWListener.groovy)
	at com.kms.katalon.core.context.internal.TestHooker.invokeMethod(TestHooker.java:111)
	at com.kms.katalon.core.context.internal.TestHooker.lambda$3(TestHooker.java:95)
	at com.kms.katalon.core.context.internal.TestHooker.invokeContextMethods(TestHooker.java:94)
	at com.kms.katalon.core.context.internal.TestListenerCollector.lambda$3(TestListenerCollector.java:88)
	at com.kms.katalon.core.context.internal.TestListenerCollector.handleListenerEvent(TestListenerCollector.java:85)
	at com.kms.katalon.core.context.internal.ExecutionEventManager.publicEvent(ExecutionEventManager.java:36)
	at com.kms.katalon.core.main.TestCaseExecutor.execute(TestCaseExecutor.java:251)
	at com.kms.katalon.core.main.TestSuiteExecutor.accessTestCaseMainPhase(TestSuiteExecutor.java:191)
	at com.kms.katalon.core.main.TestSuiteExecutor.accessTestSuiteMainPhase(TestSuiteExecutor.java:141)
	at com.kms.katalon.core.main.TestSuiteExecutor.execute(TestSuiteExecutor.java:90)
	at com.kms.katalon.core.main.TestCaseMain.startTestSuite(TestCaseMain.java:157)
	at com.kms.katalon.core.main.TestCaseMain$startTestSuite$0.call(Unknown Source)
	at TempTestSuite1691342079987.run(TempTestSuite1691342079987.groovy:39)
Caused by: java.io.FileNotFoundException: C:\QA Scripts\emc.guidewire.katalon.updated\GW10 Automation\Reports\Execution Status.xlsx (The system cannot find the file specified)
	at common.Excel.getColumnNumber(Excel.groovy:69)
	at common.Excel.WirteToExcel(Excel.groovy:95)
	at common.Excel$WirteToExcel$0.call(Unknown Source)
	at GWListener.gwAfterTestCase(GWListener.groovy:137)
	... 14 more


2023-08-06 22:47:11 - [TEST_STEP][PASSED] - Video: Video recording for test case 'Test Cases/BillingCenter/BatchPaymentEntry/BC_MultiplePaymentEntryandVerification_AgencyStatementLevel' .

2023-08-06 22:47:11 - [MESSAGE][INFO] - Video recording for test case 'Test Cases/BillingCenter/BatchPaymentEntry/BC_MultiplePaymentEntryandVerification_AgencyStatementLevel' .
[[ATTACHMENT|C:\\QA Scripts\\emc.guidewire.katalon.updated\\GW10 Automation\\Reports\\20230806_224439\\BillingCenter\\BatchPaymentEntry\\20230806_224439/videos\\test_7.avi]]]]></system-out>
         <system-err><![CDATA[]]></system-err>
      </testcase>
      <testcase name="Test Cases/BillingCenter/BatchPaymentEntry/BC_MultiplePaymentEntryandVerification_AgencyDBCommLevel" time="29.328" classname="Test Cases/BillingCenter/BatchPaymentEntry/BC_MultiplePaymentEntryandVerification_AgencyDBCommLevel" status="PASSED">
         <system-out><![CDATA[2023-08-06 22:47:11 - [TEST_CASE][PASSED] - Test Cases/BillingCenter/BatchPaymentEntry/BC_MultiplePaymentEntryandVerification_AgencyDBCommLevel: Test Cases/BillingCenter/BatchPaymentEntry/BC_MultiplePaymentEntryandVerification_AgencyDBCommLevel

2023-08-06 22:47:11 - [TEST_STEP][PASSED] - Start listener action : gwBeforeTestCase: null

2023-08-06 22:47:11 - [TEST_STEP][PASSED] - if (Env_TestCaseId == testCaseContext.getTestCaseId()): null

2023-08-06 22:47:11 - [TEST_STEP][PASSED] - else: null

2023-08-06 22:47:11 - [TEST_STEP][PASSED] - iteration = 1: null

2023-08-06 22:47:11 - [TEST_STEP][PASSED] - Env_Iteration = iteration: null

2023-08-06 22:47:11 - [TEST_STEP][PASSED] - Env_TestCaseId = testCaseContext.getTestCaseId(): null

2023-08-06 22:47:11 - [TEST_STEP][PASSED] - Env_TestCaseVariables = testCaseContext.getTestCaseVariables(): null

2023-08-06 22:47:11 - [TEST_STEP][PASSED] - tc_start_Time = System.currentTimeMillis(): null

2023-08-06 22:47:11 - [TEST_STEP][PASSED] - date_tc_start_Time = dateformat.format(tc_start_Time): null

2023-08-06 22:47:12 - [TEST_STEP][PASSED] - selectOptionByLabel(findTestObject("BillingCenter/pge_BatchPaymentEntry/screen_MultiplePaymentWizard/lst_Source"), Source, false, CONTINUE_ON_FAILURE): All options with label 'Lockbox' are selected in object 'Object Repository/BillingCenter/pge_BatchPaymentEntry/screen_MultiplePaymentWizard/lst_Source' 

2023-08-06 22:47:13 - [MESSAGE][PASSED] - All options with label 'Lockbox' are selected in object 'Object Repository/BillingCenter/pge_BatchPaymentEntry/screen_MultiplePaymentWizard/lst_Source' 

2023-08-06 22:47:13 - [TEST_STEP][PASSED] - setText(findTestObject("BillingCenter/pge_BatchPaymentEntry/screen_MultiplePaymentWizard/txt_BatchAmount"), BatchAmount, CONTINUE_ON_FAILURE): Text '107' is set on object 'Object Repository/BillingCenter/pge_BatchPaymentEntry/screen_MultiplePaymentWizard/txt_BatchAmount'

2023-08-06 22:47:14 - [MESSAGE][PASSED] - Text '107' is set on object 'Object Repository/BillingCenter/pge_BatchPaymentEntry/screen_MultiplePaymentWizard/txt_BatchAmount'

2023-08-06 22:47:14 - [TEST_STEP][PASSED] - sendKeys(findTestObject("BillingCenter/pge_BatchPaymentEntry/screen_MultiplePaymentWizard/txt_BatchAmount"), Keys.chord(TAB)): Keys 'TAB + ' sent to object: 'Object Repository/BillingCenter/pge_BatchPaymentEntry/screen_MultiplePaymentWizard/txt_BatchAmount'

2023-08-06 22:47:15 - [MESSAGE][PASSED] - Keys 'TAB + ' sent to object: 'Object Repository/BillingCenter/pge_BatchPaymentEntry/screen_MultiplePaymentWizard/txt_BatchAmount'

2023-08-06 22:47:15 - [TEST_STEP][PASSED] - selectOptionByLabel(findTestObject("BillingCenter/pge_BatchPaymentEntry/screen_MultiplePaymentWizard/lst_Type"), Type, false, CONTINUE_ON_FAILURE): All options with label 'Payment' are selected in object 'Object Repository/BillingCenter/pge_BatchPaymentEntry/screen_MultiplePaymentWizard/lst_Type' 

2023-08-06 22:47:16 - [MESSAGE][PASSED] - All options with label 'Payment' are selected in object 'Object Repository/BillingCenter/pge_BatchPaymentEntry/screen_MultiplePaymentWizard/lst_Type' 

2023-08-06 22:47:16 - [TEST_STEP][PASSED] - verifyElementVisible(findTestObject("BillingCenter/pge_BatchPaymentEntry/screen_MultiplePaymentWizard/txt_AgencyCode"), CONTINUE_ON_FAILURE): Object 'Object Repository/BillingCenter/pge_BatchPaymentEntry/screen_MultiplePaymentWizard/txt_AgencyCode' is visible

2023-08-06 22:47:16 - [MESSAGE][PASSED] - Object 'Object Repository/BillingCenter/pge_BatchPaymentEntry/screen_MultiplePaymentWizard/txt_AgencyCode' is visible

2023-08-06 22:47:16 - [TEST_STEP][PASSED] - setText(findTestObject("BillingCenter/pge_BatchPaymentEntry/screen_MultiplePaymentWizard/txt_AgencyCode"), AgencyCode): Text 'C0010' is set on object 'Object Repository/BillingCenter/pge_BatchPaymentEntry/screen_MultiplePaymentWizard/txt_AgencyCode'

2023-08-06 22:47:17 - [MESSAGE][PASSED] - Text 'C0010' is set on object 'Object Repository/BillingCenter/pge_BatchPaymentEntry/screen_MultiplePaymentWizard/txt_AgencyCode'

2023-08-06 22:47:17 - [TEST_STEP][PASSED] - sendKeys(findTestObject("BillingCenter/pge_BatchPaymentEntry/screen_MultiplePaymentWizard/txt_AgencyCode"), Keys.chord(TAB)): Keys 'TAB + ' sent to object: 'Object Repository/BillingCenter/pge_BatchPaymentEntry/screen_MultiplePaymentWizard/txt_AgencyCode'

2023-08-06 22:47:18 - [MESSAGE][PASSED] - Keys 'TAB + ' sent to object: 'Object Repository/BillingCenter/pge_BatchPaymentEntry/screen_MultiplePaymentWizard/txt_AgencyCode'

2023-08-06 22:47:18 - [TEST_STEP][PASSED] - verifyElementVisible(findTestObject("BillingCenter/pge_BatchPaymentEntry/screen_MultiplePaymentWizard/chk_DBCommissions")): Object 'Object Repository/BillingCenter/pge_BatchPaymentEntry/screen_MultiplePaymentWizard/chk_DBCommissions' is visible

2023-08-06 22:47:18 - [MESSAGE][PASSED] - Object 'Object Repository/BillingCenter/pge_BatchPaymentEntry/screen_MultiplePaymentWizard/chk_DBCommissions' is visible

2023-08-06 22:47:18 - [TEST_STEP][PASSED] - check(findTestObject("BillingCenter/pge_BatchPaymentEntry/screen_MultiplePaymentWizard/chk_DBCommissions")): Object 'Object Repository/BillingCenter/pge_BatchPaymentEntry/screen_MultiplePaymentWizard/chk_DBCommissions' is checked

2023-08-06 22:47:19 - [MESSAGE][PASSED] - Object 'Object Repository/BillingCenter/pge_BatchPaymentEntry/screen_MultiplePaymentWizard/chk_DBCommissions' is checked

2023-08-06 22:47:19 - [TEST_STEP][PASSED] - verifyElementChecked(findTestObject("BillingCenter/pge_BatchPaymentEntry/screen_MultiplePaymentWizard/chk_DBCommissions"), 0): Object 'Object Repository/BillingCenter/pge_BatchPaymentEntry/screen_MultiplePaymentWizard/chk_DBCommissions' is checked

2023-08-06 22:47:19 - [MESSAGE][WARNING] - Timeout '0' is invalid. Using default page load timeout: '2'

2023-08-06 22:47:20 - [MESSAGE][PASSED] - Object 'Object Repository/BillingCenter/pge_BatchPaymentEntry/screen_MultiplePaymentWizard/chk_DBCommissions' is checked

2023-08-06 22:47:20 - [TEST_STEP][PASSED] - clearText(findTestObject("BillingCenter/pge_BatchPaymentEntry/screen_MultiplePaymentWizard/txt_Amount"), CONTINUE_ON_FAILURE): Text of object 'Object Repository/BillingCenter/pge_BatchPaymentEntry/screen_MultiplePaymentWizard/txt_Amount' is cleared

2023-08-06 22:47:20 - [MESSAGE][PASSED] - Text of object 'Object Repository/BillingCenter/pge_BatchPaymentEntry/screen_MultiplePaymentWizard/txt_Amount' is cleared

2023-08-06 22:47:20 - [TEST_STEP][PASSED] - setText(findTestObject("BillingCenter/pge_BatchPaymentEntry/screen_MultiplePaymentWizard/txt_Amount"), Amount, CONTINUE_ON_FAILURE): Text '107' is set on object 'Object Repository/BillingCenter/pge_BatchPaymentEntry/screen_MultiplePaymentWizard/txt_Amount'

2023-08-06 22:47:21 - [MESSAGE][PASSED] - Text '107' is set on object 'Object Repository/BillingCenter/pge_BatchPaymentEntry/screen_MultiplePaymentWizard/txt_Amount'

2023-08-06 22:47:21 - [TEST_STEP][PASSED] - sendKeys(findTestObject("BillingCenter/pge_BatchPaymentEntry/screen_MultiplePaymentWizard/txt_Amount"), Keys.chord(TAB)): Keys 'TAB + ' sent to object: 'Object Repository/BillingCenter/pge_BatchPaymentEntry/screen_MultiplePaymentWizard/txt_Amount'

2023-08-06 22:47:22 - [MESSAGE][PASSED] - Keys 'TAB + ' sent to object: 'Object Repository/BillingCenter/pge_BatchPaymentEntry/screen_MultiplePaymentWizard/txt_Amount'

2023-08-06 22:47:22 - [TEST_STEP][PASSED] - verifyElementVisible(findTestObject("BillingCenter/pge_BatchPaymentEntry/screen_MultiplePaymentWizard/txt_CheckRef"), CONTINUE_ON_FAILURE): Object 'Object Repository/BillingCenter/pge_BatchPaymentEntry/screen_MultiplePaymentWizard/txt_CheckRef' is visible

2023-08-06 22:47:22 - [MESSAGE][PASSED] - Object 'Object Repository/BillingCenter/pge_BatchPaymentEntry/screen_MultiplePaymentWizard/txt_CheckRef' is visible

2023-08-06 22:47:22 - [TEST_STEP][PASSED] - setText(findTestObject("BillingCenter/pge_BatchPaymentEntry/screen_MultiplePaymentWizard/txt_CheckRef"), CheckRef, CONTINUE_ON_FAILURE): Text '9551231299' is set on object 'Object Repository/BillingCenter/pge_BatchPaymentEntry/screen_MultiplePaymentWizard/txt_CheckRef'

2023-08-06 22:47:23 - [MESSAGE][PASSED] - Text '9551231299' is set on object 'Object Repository/BillingCenter/pge_BatchPaymentEntry/screen_MultiplePaymentWizard/txt_CheckRef'

2023-08-06 22:47:23 - [TEST_STEP][PASSED] - setText(findTestObject("BillingCenter/pge_BatchPaymentEntry/screen_MultiplePaymentWizard/txt_Description"), Description, CONTINUE_ON_FAILURE): Text 'Payment on Agency DB Comm level' is set on object 'Object Repository/BillingCenter/pge_BatchPaymentEntry/screen_MultiplePaymentWizard/txt_Description'

2023-08-06 22:47:24 - [MESSAGE][PASSED] - Text 'Payment on Agency DB Comm level' is set on object 'Object Repository/BillingCenter/pge_BatchPaymentEntry/screen_MultiplePaymentWizard/txt_Description'

2023-08-06 22:47:24 - [TEST_STEP][PASSED] - selectOptionByLabel(findTestObject("BillingCenter/pge_BatchPaymentEntry/screen_MultiplePaymentWizard/lst_PaymentInstrument"), PaymentInstrument, false, CONTINUE_ON_FAILURE): All options with label 'Check' are selected in object 'Object Repository/BillingCenter/pge_BatchPaymentEntry/screen_MultiplePaymentWizard/lst_PaymentInstrument' 

2023-08-06 22:47:25 - [MESSAGE][PASSED] - All options with label 'Check' are selected in object 'Object Repository/BillingCenter/pge_BatchPaymentEntry/screen_MultiplePaymentWizard/lst_PaymentInstrument' 

2023-08-06 22:47:25 - [TEST_STEP][PASSED] - click(findTestObject("BillingCenter/pge_BatchPaymentEntry/screen_MultiplePaymentWizard/btn_Next"), CONTINUE_ON_FAILURE): Object: 'Object Repository/BillingCenter/pge_BatchPaymentEntry/screen_MultiplePaymentWizard/btn_Next' is clicked on

2023-08-06 22:47:25 - [MESSAGE][PASSED] - Object: 'Object Repository/BillingCenter/pge_BatchPaymentEntry/screen_MultiplePaymentWizard/btn_Next' is clicked on

2023-08-06 22:47:25 - [TEST_STEP][PASSED] - CheckRef = getText(findTestObject("BillingCenter/pge_BatchPaymentEntry/screen_MultiplePaymentWizard/val_CheckRef"), CONTINUE_ON_FAILURE): Text of object 'Object Repository/BillingCenter/pge_BatchPaymentEntry/screen_MultiplePaymentWizard/val_CheckRef' is: '9551231299'

2023-08-06 22:47:26 - [MESSAGE][PASSED] - Text of object 'Object Repository/BillingCenter/pge_BatchPaymentEntry/screen_MultiplePaymentWizard/val_CheckRef' is: '9551231299'

2023-08-06 22:47:26 - [TEST_STEP][PASSED] - comment("Posted Payment CheckRef Number " + CheckRef): Posted Payment CheckRef Number 9551231299

2023-08-06 22:47:26 - [MESSAGE][INFO] - Posted Payment CheckRef Number 9551231299

2023-08-06 22:47:26 - [TEST_STEP][PASSED] - click(findTestObject("BillingCenter/pge_BatchPaymentEntry/screen_MultiplePaymentWizard/btn_Post"), CONTINUE_ON_FAILURE): Object: 'Object Repository/BillingCenter/pge_BatchPaymentEntry/screen_MultiplePaymentWizard/btn_Post' is clicked on

2023-08-06 22:47:27 - [MESSAGE][PASSED] - Object: 'Object Repository/BillingCenter/pge_BatchPaymentEntry/screen_MultiplePaymentWizard/btn_Post' is clicked on

2023-08-06 22:47:27 - [TEST_STEP][PASSED] - verifyElementPresent(findTestObject("BillingCenter/pge_BatchPaymentEntry/screen_BatchJobs/fld_GoTo_Quickjump"), 0): Object 'Object Repository/BillingCenter/pge_BatchPaymentEntry/screen_BatchJobs/fld_GoTo_Quickjump' is present

2023-08-06 22:47:27 - [MESSAGE][WARNING] - Timeout '0' is invalid. Using default page load timeout: '2'

2023-08-06 22:47:27 - [MESSAGE][PASSED] - Object 'Object Repository/BillingCenter/pge_BatchPaymentEntry/screen_BatchJobs/fld_GoTo_Quickjump' is present

2023-08-06 22:47:27 - [TEST_STEP][PASSED] - sendKeys(findTestObject("BillingCenter/pge_BatchPaymentEntry/screen_BatchJobs/fld_GoTo_Quickjump"), "runBatchProcess PostBatchPayment_sp"): Keys 'runBatchProcess PostBatchPayment_sp' sent to object: 'Object Repository/BillingCenter/pge_BatchPaymentEntry/screen_BatchJobs/fld_GoTo_Quickjump'

2023-08-06 22:47:28 - [MESSAGE][PASSED] - Keys 'runBatchProcess PostBatchPayment_sp' sent to object: 'Object Repository/BillingCenter/pge_BatchPaymentEntry/screen_BatchJobs/fld_GoTo_Quickjump'

2023-08-06 22:47:28 - [TEST_STEP][PASSED] - sendKeys(findTestObject("BillingCenter/pge_BatchPaymentEntry/screen_BatchJobs/fld_GoTo_Quickjump"), Keys.chord(ENTER)): Keys 'ENTER + ' sent to object: 'Object Repository/BillingCenter/pge_BatchPaymentEntry/screen_BatchJobs/fld_GoTo_Quickjump'

2023-08-06 22:47:28 - [MESSAGE][PASSED] - Keys 'ENTER + ' sent to object: 'Object Repository/BillingCenter/pge_BatchPaymentEntry/screen_BatchJobs/fld_GoTo_Quickjump'

2023-08-06 22:47:28 - [TEST_STEP][PASSED] - click(findTestObject("BillingCenter/pge_BatchPaymentEntry/screen_Verify_PostedPayments/opt_ProducerSearch")): Object: 'Object Repository/BillingCenter/pge_BatchPaymentEntry/screen_Verify_PostedPayments/opt_ProducerSearch' is clicked on

2023-08-06 22:47:29 - [MESSAGE][PASSED] - Object: 'Object Repository/BillingCenter/pge_BatchPaymentEntry/screen_Verify_PostedPayments/opt_ProducerSearch' is clicked on

2023-08-06 22:47:29 - [TEST_STEP][PASSED] - sendKeys(findTestObject("BillingCenter/pge_BatchPaymentEntry/screen_Verify_PostedPayments/fld_SearchProducer"), AgencyCode): Keys 'C0010' sent to object: 'Object Repository/BillingCenter/pge_BatchPaymentEntry/screen_Verify_PostedPayments/fld_SearchProducer'

2023-08-06 22:47:30 - [MESSAGE][PASSED] - Keys 'C0010' sent to object: 'Object Repository/BillingCenter/pge_BatchPaymentEntry/screen_Verify_PostedPayments/fld_SearchProducer'

2023-08-06 22:47:30 - [TEST_STEP][PASSED] - click(findTestObject("BillingCenter/pge_BatchPaymentEntry/screen_Verify_PostedPayments/icon_SearchProducer")): Object: 'Object Repository/BillingCenter/pge_BatchPaymentEntry/screen_Verify_PostedPayments/icon_SearchProducer' is clicked on

2023-08-06 22:47:30 - [MESSAGE][PASSED] - Object: 'Object Repository/BillingCenter/pge_BatchPaymentEntry/screen_Verify_PostedPayments/icon_SearchProducer' is clicked on

2023-08-06 22:47:30 - [TEST_STEP][PASSED] - click(findTestObject("BillingCenter/pge_BatchPaymentEntry/screen_Verify_PostedPayments/opt_TransactionsProducer")): Object: 'Object Repository/BillingCenter/pge_BatchPaymentEntry/screen_Verify_PostedPayments/opt_TransactionsProducer' is clicked on

2023-08-06 22:47:31 - [MESSAGE][PASSED] - Object: 'Object Repository/BillingCenter/pge_BatchPaymentEntry/screen_Verify_PostedPayments/opt_TransactionsProducer' is clicked on

2023-08-06 22:47:31 - [TEST_STEP][PASSED] - click(findTestObject("BillingCenter/pge_BatchPaymentEntry/screen_Verify_PostedPayments/Tab_PaymentsProducer")): Object: 'Object Repository/BillingCenter/pge_BatchPaymentEntry/screen_Verify_PostedPayments/Tab_PaymentsProducer' is clicked on

2023-08-06 22:47:32 - [MESSAGE][PASSED] - Object: 'Object Repository/BillingCenter/pge_BatchPaymentEntry/screen_Verify_PostedPayments/Tab_PaymentsProducer' is clicked on

2023-08-06 22:47:32 - [TEST_STEP][PASSED] - driver = getWebDriver(): null

2023-08-06 22:47:32 - [TEST_STEP][PASSED] - Table = driver.findElement(By.xpath("//*[@id='ProducerTransactions-ProducerTransactionsScreen-PaymentsLV']//tbody")): null

2023-08-06 22:47:32 - [TEST_STEP][PASSED] - elementsinColumn = gw.Table.getTableElementsByColumn(Table, 7): gw.Table.getTableElementsByColumn is PASSED

2023-08-06 22:47:36 - [MESSAGE][PASSED] - gw.Table.getTableElementsByColumn is PASSED

2023-08-06 22:47:36 - [TEST_STEP][PASSED] - comment("Elements after function call to getTableElementsByColumn " + elementsinColumn): Elements after function call to getTableElementsByColumn [Check / Ref #, 2342342345, 2342342345, 2342342345, 2342342345, 9231231299, 9551231299, 9551231299, 9887765432, 9887765432, 9551231299, 9887765432, 9551231299, ]

2023-08-06 22:47:36 - [MESSAGE][INFO] - Elements after function call to getTableElementsByColumn [Check / Ref #, 2342342345, 2342342345, 2342342345, 2342342345, 9231231299, 9551231299, 9551231299, 9887765432, 9887765432, 9551231299, 9887765432, 9551231299, ]

2023-08-06 22:47:36 - [TEST_STEP][PASSED] - if (elementsinColumn.contains(CheckRef)): Agency DB Commission Payment CheckRef Found

2023-08-06 22:47:36 - [TEST_STEP][PASSED] - markPassed("Agency DB Commission Payment CheckRef Found"): Agency DB Commission Payment CheckRef Found

2023-08-06 22:47:36 - [MESSAGE][PASSED] - Agency DB Commission Payment CheckRef Found

2023-08-06 22:47:36 - [TEST_STEP][PASSED] - click(findTestObject("BillingCenter/pge_BatchPaymentEntry/screen_Verify_PostedPayments/lbl_DesktopOption")): Object: 'Object Repository/BillingCenter/pge_BatchPaymentEntry/screen_Verify_PostedPayments/lbl_DesktopOption' is clicked on

2023-08-06 22:47:37 - [MESSAGE][PASSED] - Object: 'Object Repository/BillingCenter/pge_BatchPaymentEntry/screen_Verify_PostedPayments/lbl_DesktopOption' is clicked on

2023-08-06 22:47:37 - [TEST_STEP][PASSED] - callTestCase(findTestCase("BillingCenter/BatchPaymentEntry/BC_NavigateBatchPaymentEntryScreen"), [:]): Call Test Case 'Test Cases/BillingCenter/BatchPaymentEntry/BC_NavigateBatchPaymentEntryScreen' successfully

2023-08-06 22:47:37 - [TEST_CASE][PASSED] - Test Cases/BillingCenter/BatchPaymentEntry/BC_NavigateBatchPaymentEntryScreen: Test Cases/BillingCenter/BatchPaymentEntry/BC_NavigateBatchPaymentEntryScreen

2023-08-06 22:47:37 - [TEST_STEP][PASSED] - click(findTestObject("BillingCenter/pge_BatchPaymentEntry/pge_Navigation/opt_Desktop_Actions")): Object: 'Object Repository/BillingCenter/pge_BatchPaymentEntry/pge_Navigation/opt_Desktop_Actions' is clicked on

2023-08-06 22:47:38 - [MESSAGE][PASSED] - Object: 'Object Repository/BillingCenter/pge_BatchPaymentEntry/pge_Navigation/opt_Desktop_Actions' is clicked on

2023-08-06 22:47:38 - [TEST_STEP][PASSED] - mouseOver(findTestObject("BillingCenter/pge_BatchPaymentEntry/pge_Navigation/act_NewPayment")): Object: 'Object Repository/BillingCenter/pge_BatchPaymentEntry/pge_Navigation/act_NewPayment' is hovered

2023-08-06 22:47:38 - [MESSAGE][PASSED] - Object: 'Object Repository/BillingCenter/pge_BatchPaymentEntry/pge_Navigation/act_NewPayment' is hovered

2023-08-06 22:47:38 - [TEST_STEP][PASSED] - click(findTestObject("BillingCenter/pge_BatchPaymentEntry/pge_Navigation/opt_newPayment _BatchPaymentEntry")): Object: 'Object Repository/BillingCenter/pge_BatchPaymentEntry/pge_Navigation/opt_newPayment _BatchPaymentEntry' is clicked on

2023-08-06 22:47:39 - [MESSAGE][PASSED] - Object: 'Object Repository/BillingCenter/pge_BatchPaymentEntry/pge_Navigation/opt_newPayment _BatchPaymentEntry' is clicked on

2023-08-06 22:47:39 - [MESSAGE][PASSED] - Call Test Case 'Test Cases/BillingCenter/BatchPaymentEntry/BC_NavigateBatchPaymentEntryScreen' successfully

2023-08-06 22:47:39 - [TEST_STEP][PASSED] - for (def index : (0..0)): null

2023-08-06 22:47:39 - [TEST_STEP][ERROR] - Start listener action : gwAfterTestCase: org.codehaus.groovy.runtime.InvokerInvocationException: java.io.FileNotFoundException: C:\QA Scripts\emc.guidewire.katalon.updated\GW10 Automation\Reports\Execution Status.xlsx (The system cannot find the file specified)
	at GWListener.invokeMethod(GWListener.groovy)
	at com.kms.katalon.core.context.internal.TestHooker.invokeMethod(TestHooker.java:111)
	at com.kms.katalon.core.context.internal.TestHooker.lambda$3(TestHooker.java:95)
	at com.kms.katalon.core.context.internal.TestHooker.invokeContextMethods(TestHooker.java:94)
	at com.kms.katalon.core.context.internal.TestListenerCollector.lambda$3(TestListenerCollector.java:88)
	at com.kms.katalon.core.context.internal.TestListenerCollector.handleListenerEvent(TestListenerCollector.java:85)
	at com.kms.katalon.core.context.internal.ExecutionEventManager.publicEvent(ExecutionEventManager.java:36)
	at com.kms.katalon.core.main.TestCaseExecutor.execute(TestCaseExecutor.java:251)
	at com.kms.katalon.core.main.TestSuiteExecutor.accessTestCaseMainPhase(TestSuiteExecutor.java:191)
	at com.kms.katalon.core.main.TestSuiteExecutor.accessTestSuiteMainPhase(TestSuiteExecutor.java:141)
	at com.kms.katalon.core.main.TestSuiteExecutor.execute(TestSuiteExecutor.java:90)
	at com.kms.katalon.core.main.TestCaseMain.startTestSuite(TestCaseMain.java:157)
	at com.kms.katalon.core.main.TestCaseMain$startTestSuite$0.call(Unknown Source)
	at TempTestSuite1691342079987.run(TempTestSuite1691342079987.groovy:39)
Caused by: java.io.FileNotFoundException: C:\QA Scripts\emc.guidewire.katalon.updated\GW10 Automation\Reports\Execution Status.xlsx (The system cannot find the file specified)
	at common.Excel.getColumnNumber(Excel.groovy:69)
	at common.Excel.WirteToExcel(Excel.groovy:95)
	at common.Excel$WirteToExcel$0.call(Unknown Source)
	at GWListener.gwAfterTestCase(GWListener.groovy:137)
	... 14 more


2023-08-06 22:47:39 - [TEST_STEP][PASSED] - tc_end_Time = System.currentTimeMillis(): null

2023-08-06 22:47:39 - [TEST_STEP][PASSED] - date_tc_end_Time = dateformat.format(tc_end_Time): null

2023-08-06 22:47:39 - [TEST_STEP][PASSED] - (tempRowNum++): null

2023-08-06 22:47:39 - [TEST_STEP][PASSED] - testCaseID = testCaseContext.getTestCaseId(): null

2023-08-06 22:47:39 - [TEST_STEP][PASSED] - testCase = findTestCase(testCaseID): null

2023-08-06 22:47:39 - [TEST_STEP][PASSED] - testCaseName = testCase.getName(): null

2023-08-06 22:47:39 - [TEST_STEP][PASSED] - switch (testCaseContext.getTestCaseStatus()): null

2023-08-06 22:47:39 - [TEST_STEP][PASSED] - case "PASSED":: null

2023-08-06 22:47:39 - [TEST_STEP][PASSED] - (passedCnt++): null

2023-08-06 22:47:39 - [TEST_STEP][PASSED] - break: null

2023-08-06 22:47:39 - [TEST_STEP][PASSED] - if (testCaseName == "GenerateAndSendReport"): null

2023-08-06 22:47:39 - [TEST_STEP][PASSED] - if (testCaseName == "GenerateAndSaveReport"): null

2023-08-06 22:47:39 - [TEST_STEP][PASSED] - if (testCaseName == "GenerateTimeReport"): null

2023-08-06 22:47:39 - [TEST_STEP][ERROR] - if (!(testCaseName.contains("Submission")) && !(testCaseName.contains("Issurance")) && !(testCaseName.contains("NewAccount")) && !(testCaseName.contains("FNOL")) && !(testCaseName.contains("QuickClaim")) && !(testCaseName.contains("verify"))): org.codehaus.groovy.runtime.InvokerInvocationException: java.io.FileNotFoundException: C:\QA Scripts\emc.guidewire.katalon.updated\GW10 Automation\Reports\Execution Status.xlsx (The system cannot find the file specified)
	at GWListener.invokeMethod(GWListener.groovy)
	at com.kms.katalon.core.context.internal.TestHooker.invokeMethod(TestHooker.java:111)
	at com.kms.katalon.core.context.internal.TestHooker.lambda$3(TestHooker.java:95)
	at com.kms.katalon.core.context.internal.TestHooker.invokeContextMethods(TestHooker.java:94)
	at com.kms.katalon.core.context.internal.TestListenerCollector.lambda$3(TestListenerCollector.java:88)
	at com.kms.katalon.core.context.internal.TestListenerCollector.handleListenerEvent(TestListenerCollector.java:85)
	at com.kms.katalon.core.context.internal.ExecutionEventManager.publicEvent(ExecutionEventManager.java:36)
	at com.kms.katalon.core.main.TestCaseExecutor.execute(TestCaseExecutor.java:251)
	at com.kms.katalon.core.main.TestSuiteExecutor.accessTestCaseMainPhase(TestSuiteExecutor.java:191)
	at com.kms.katalon.core.main.TestSuiteExecutor.accessTestSuiteMainPhase(TestSuiteExecutor.java:141)
	at com.kms.katalon.core.main.TestSuiteExecutor.execute(TestSuiteExecutor.java:90)
	at com.kms.katalon.core.main.TestCaseMain.startTestSuite(TestCaseMain.java:157)
	at com.kms.katalon.core.main.TestCaseMain$startTestSuite$0.call(Unknown Source)
	at TempTestSuite1691342079987.run(TempTestSuite1691342079987.groovy:39)
Caused by: java.io.FileNotFoundException: C:\QA Scripts\emc.guidewire.katalon.updated\GW10 Automation\Reports\Execution Status.xlsx (The system cannot find the file specified)
	at common.Excel.getColumnNumber(Excel.groovy:69)
	at common.Excel.WirteToExcel(Excel.groovy:95)
	at common.Excel$WirteToExcel$0.call(Unknown Source)
	at GWListener.gwAfterTestCase(GWListener.groovy:137)
	... 14 more


2023-08-06 22:47:39 - [MESSAGE][ERROR] - org.codehaus.groovy.runtime.InvokerInvocationException: java.io.FileNotFoundException: C:\QA Scripts\emc.guidewire.katalon.updated\GW10 Automation\Reports\Execution Status.xlsx (The system cannot find the file specified)
	at GWListener.invokeMethod(GWListener.groovy)
	at com.kms.katalon.core.context.internal.TestHooker.invokeMethod(TestHooker.java:111)
	at com.kms.katalon.core.context.internal.TestHooker.lambda$3(TestHooker.java:95)
	at com.kms.katalon.core.context.internal.TestHooker.invokeContextMethods(TestHooker.java:94)
	at com.kms.katalon.core.context.internal.TestListenerCollector.lambda$3(TestListenerCollector.java:88)
	at com.kms.katalon.core.context.internal.TestListenerCollector.handleListenerEvent(TestListenerCollector.java:85)
	at com.kms.katalon.core.context.internal.ExecutionEventManager.publicEvent(ExecutionEventManager.java:36)
	at com.kms.katalon.core.main.TestCaseExecutor.execute(TestCaseExecutor.java:251)
	at com.kms.katalon.core.main.TestSuiteExecutor.accessTestCaseMainPhase(TestSuiteExecutor.java:191)
	at com.kms.katalon.core.main.TestSuiteExecutor.accessTestSuiteMainPhase(TestSuiteExecutor.java:141)
	at com.kms.katalon.core.main.TestSuiteExecutor.execute(TestSuiteExecutor.java:90)
	at com.kms.katalon.core.main.TestCaseMain.startTestSuite(TestCaseMain.java:157)
	at com.kms.katalon.core.main.TestCaseMain$startTestSuite$0.call(Unknown Source)
	at TempTestSuite1691342079987.run(TempTestSuite1691342079987.groovy:39)
Caused by: java.io.FileNotFoundException: C:\QA Scripts\emc.guidewire.katalon.updated\GW10 Automation\Reports\Execution Status.xlsx (The system cannot find the file specified)
	at common.Excel.getColumnNumber(Excel.groovy:69)
	at common.Excel.WirteToExcel(Excel.groovy:95)
	at common.Excel$WirteToExcel$0.call(Unknown Source)
	at GWListener.gwAfterTestCase(GWListener.groovy:137)
	... 14 more


2023-08-06 22:47:41 - [TEST_STEP][PASSED] - Video: Video recording for test case 'Test Cases/BillingCenter/BatchPaymentEntry/BC_MultiplePaymentEntryandVerification_AgencyDBCommLevel' .

2023-08-06 22:47:41 - [MESSAGE][INFO] - Video recording for test case 'Test Cases/BillingCenter/BatchPaymentEntry/BC_MultiplePaymentEntryandVerification_AgencyDBCommLevel' .
[[ATTACHMENT|C:\\QA Scripts\\emc.guidewire.katalon.updated\\GW10 Automation\\Reports\\20230806_224439\\BillingCenter\\BatchPaymentEntry\\20230806_224439/videos\\test_8.avi]]]]></system-out>
         <system-err><![CDATA[]]></system-err>
      </testcase>
      <testcase name="Test Cases/BillingCenter/BatchPaymentEntry/BC_MultiplePaymentEntryandVerification_SuspenseLevel" time="27.811" classname="Test Cases/BillingCenter/BatchPaymentEntry/BC_MultiplePaymentEntryandVerification_SuspenseLevel" status="PASSED">
         <system-out><![CDATA[2023-08-06 22:47:41 - [TEST_CASE][PASSED] - Test Cases/BillingCenter/BatchPaymentEntry/BC_MultiplePaymentEntryandVerification_SuspenseLevel: Test Cases/BillingCenter/BatchPaymentEntry/BC_MultiplePaymentEntryandVerification_SuspenseLevel

2023-08-06 22:47:41 - [TEST_STEP][PASSED] - Start listener action : gwBeforeTestCase: null

2023-08-06 22:47:41 - [TEST_STEP][PASSED] - if (Env_TestCaseId == testCaseContext.getTestCaseId()): null

2023-08-06 22:47:41 - [TEST_STEP][PASSED] - else: null

2023-08-06 22:47:41 - [TEST_STEP][PASSED] - iteration = 1: null

2023-08-06 22:47:41 - [TEST_STEP][PASSED] - Env_Iteration = iteration: null

2023-08-06 22:47:41 - [TEST_STEP][PASSED] - Env_TestCaseId = testCaseContext.getTestCaseId(): null

2023-08-06 22:47:41 - [TEST_STEP][PASSED] - Env_TestCaseVariables = testCaseContext.getTestCaseVariables(): null

2023-08-06 22:47:41 - [TEST_STEP][PASSED] - tc_start_Time = System.currentTimeMillis(): null

2023-08-06 22:47:41 - [TEST_STEP][PASSED] - date_tc_start_Time = dateformat.format(tc_start_Time): null

2023-08-06 22:47:41 - [TEST_STEP][PASSED] - selectOptionByLabel(findTestObject("BillingCenter/pge_BatchPaymentEntry/screen_MultiplePaymentWizard/lst_Source"), Source, false, CONTINUE_ON_FAILURE): All options with label 'Branch' are selected in object 'Object Repository/BillingCenter/pge_BatchPaymentEntry/screen_MultiplePaymentWizard/lst_Source' 

2023-08-06 22:47:42 - [MESSAGE][PASSED] - All options with label 'Branch' are selected in object 'Object Repository/BillingCenter/pge_BatchPaymentEntry/screen_MultiplePaymentWizard/lst_Source' 

2023-08-06 22:47:42 - [TEST_STEP][PASSED] - setText(findTestObject("BillingCenter/pge_BatchPaymentEntry/screen_MultiplePaymentWizard/txt_BatchAmount"), BatchAmount, CONTINUE_ON_FAILURE): Text '2' is set on object 'Object Repository/BillingCenter/pge_BatchPaymentEntry/screen_MultiplePaymentWizard/txt_BatchAmount'

2023-08-06 22:47:44 - [MESSAGE][PASSED] - Text '2' is set on object 'Object Repository/BillingCenter/pge_BatchPaymentEntry/screen_MultiplePaymentWizard/txt_BatchAmount'

2023-08-06 22:47:44 - [TEST_STEP][PASSED] - sendKeys(findTestObject("BillingCenter/pge_BatchPaymentEntry/screen_MultiplePaymentWizard/txt_BatchAmount"), Keys.chord(TAB)): Keys 'TAB + ' sent to object: 'Object Repository/BillingCenter/pge_BatchPaymentEntry/screen_MultiplePaymentWizard/txt_BatchAmount'

2023-08-06 22:47:44 - [MESSAGE][PASSED] - Keys 'TAB + ' sent to object: 'Object Repository/BillingCenter/pge_BatchPaymentEntry/screen_MultiplePaymentWizard/txt_BatchAmount'

2023-08-06 22:47:44 - [TEST_STEP][PASSED] - verifyElementVisible(findTestObject("BillingCenter/pge_BatchPaymentEntry/screen_MultiplePaymentWizard/screen_SplitPaymentEntry/chk_Split"), CONTINUE_ON_FAILURE): Object 'Object Repository/BillingCenter/pge_BatchPaymentEntry/screen_MultiplePaymentWizard/screen_SplitPaymentEntry/chk_Split' is visible

2023-08-06 22:47:45 - [MESSAGE][PASSED] - Object 'Object Repository/BillingCenter/pge_BatchPaymentEntry/screen_MultiplePaymentWizard/screen_SplitPaymentEntry/chk_Split' is visible

2023-08-06 22:47:45 - [TEST_STEP][PASSED] - check(findTestObject("BillingCenter/pge_BatchPaymentEntry/screen_MultiplePaymentWizard/screen_SplitPaymentEntry/chk_Split"), CONTINUE_ON_FAILURE): Object 'Object Repository/BillingCenter/pge_BatchPaymentEntry/screen_MultiplePaymentWizard/screen_SplitPaymentEntry/chk_Split' is checked

2023-08-06 22:47:45 - [MESSAGE][PASSED] - Object 'Object Repository/BillingCenter/pge_BatchPaymentEntry/screen_MultiplePaymentWizard/screen_SplitPaymentEntry/chk_Split' is checked

2023-08-06 22:47:45 - [TEST_STEP][PASSED] - selectOptionByLabel(findTestObject("BillingCenter/pge_BatchPaymentEntry/screen_MultiplePaymentWizard/lst_Type"), Type, false, CONTINUE_ON_FAILURE): All options with label 'Suspense' are selected in object 'Object Repository/BillingCenter/pge_BatchPaymentEntry/screen_MultiplePaymentWizard/lst_Type' 

2023-08-06 22:47:46 - [MESSAGE][PASSED] - All options with label 'Suspense' are selected in object 'Object Repository/BillingCenter/pge_BatchPaymentEntry/screen_MultiplePaymentWizard/lst_Type' 

2023-08-06 22:47:46 - [TEST_STEP][PASSED] - clearText(findTestObject("BillingCenter/pge_BatchPaymentEntry/screen_MultiplePaymentWizard/txt_Amount"), CONTINUE_ON_FAILURE): Text of object 'Object Repository/BillingCenter/pge_BatchPaymentEntry/screen_MultiplePaymentWizard/txt_Amount' is cleared

2023-08-06 22:47:47 - [MESSAGE][PASSED] - Text of object 'Object Repository/BillingCenter/pge_BatchPaymentEntry/screen_MultiplePaymentWizard/txt_Amount' is cleared

2023-08-06 22:47:47 - [TEST_STEP][PASSED] - setText(findTestObject("BillingCenter/pge_BatchPaymentEntry/screen_MultiplePaymentWizard/txt_Amount"), Amount, CONTINUE_ON_FAILURE): Text '2' is set on object 'Object Repository/BillingCenter/pge_BatchPaymentEntry/screen_MultiplePaymentWizard/txt_Amount'

2023-08-06 22:47:48 - [MESSAGE][PASSED] - Text '2' is set on object 'Object Repository/BillingCenter/pge_BatchPaymentEntry/screen_MultiplePaymentWizard/txt_Amount'

2023-08-06 22:47:48 - [TEST_STEP][PASSED] - sendKeys(findTestObject("BillingCenter/pge_BatchPaymentEntry/screen_MultiplePaymentWizard/txt_Amount"), Keys.chord(TAB)): Keys 'TAB + ' sent to object: 'Object Repository/BillingCenter/pge_BatchPaymentEntry/screen_MultiplePaymentWizard/txt_Amount'

2023-08-06 22:47:49 - [MESSAGE][PASSED] - Keys 'TAB + ' sent to object: 'Object Repository/BillingCenter/pge_BatchPaymentEntry/screen_MultiplePaymentWizard/txt_Amount'

2023-08-06 22:47:49 - [TEST_STEP][PASSED] - verifyElementVisible(findTestObject("BillingCenter/pge_BatchPaymentEntry/screen_MultiplePaymentWizard/txt_CheckRef"), CONTINUE_ON_FAILURE): Object 'Object Repository/BillingCenter/pge_BatchPaymentEntry/screen_MultiplePaymentWizard/txt_CheckRef' is visible

2023-08-06 22:47:49 - [MESSAGE][PASSED] - Object 'Object Repository/BillingCenter/pge_BatchPaymentEntry/screen_MultiplePaymentWizard/txt_CheckRef' is visible

2023-08-06 22:47:49 - [TEST_STEP][PASSED] - setText(findTestObject("BillingCenter/pge_BatchPaymentEntry/screen_MultiplePaymentWizard/txt_CheckRef"), CheckRef, CONTINUE_ON_FAILURE): Text '9988776655' is set on object 'Object Repository/BillingCenter/pge_BatchPaymentEntry/screen_MultiplePaymentWizard/txt_CheckRef'

2023-08-06 22:47:50 - [MESSAGE][PASSED] - Text '9988776655' is set on object 'Object Repository/BillingCenter/pge_BatchPaymentEntry/screen_MultiplePaymentWizard/txt_CheckRef'

2023-08-06 22:47:50 - [TEST_STEP][PASSED] - setText(findTestObject("BillingCenter/pge_BatchPaymentEntry/screen_MultiplePaymentWizard/txt_Description"), Description, CONTINUE_ON_FAILURE): Text 'Payment on suspense level' is set on object 'Object Repository/BillingCenter/pge_BatchPaymentEntry/screen_MultiplePaymentWizard/txt_Description'

2023-08-06 22:47:51 - [MESSAGE][PASSED] - Text 'Payment on suspense level' is set on object 'Object Repository/BillingCenter/pge_BatchPaymentEntry/screen_MultiplePaymentWizard/txt_Description'

2023-08-06 22:47:51 - [TEST_STEP][PASSED] - selectOptionByLabel(findTestObject("BillingCenter/pge_BatchPaymentEntry/screen_MultiplePaymentWizard/lst_PaymentInstrument"), PaymentInstrument, false, CONTINUE_ON_FAILURE): All options with label 'Cash' are selected in object 'Object Repository/BillingCenter/pge_BatchPaymentEntry/screen_MultiplePaymentWizard/lst_PaymentInstrument' 

2023-08-06 22:47:52 - [MESSAGE][PASSED] - All options with label 'Cash' are selected in object 'Object Repository/BillingCenter/pge_BatchPaymentEntry/screen_MultiplePaymentWizard/lst_PaymentInstrument' 

2023-08-06 22:47:52 - [TEST_STEP][PASSED] - click(findTestObject("BillingCenter/pge_BatchPaymentEntry/screen_MultiplePaymentWizard/btn_Next"), CONTINUE_ON_FAILURE): Object: 'Object Repository/BillingCenter/pge_BatchPaymentEntry/screen_MultiplePaymentWizard/btn_Next' is clicked on

2023-08-06 22:47:52 - [MESSAGE][PASSED] - Object: 'Object Repository/BillingCenter/pge_BatchPaymentEntry/screen_MultiplePaymentWizard/btn_Next' is clicked on

2023-08-06 22:47:52 - [TEST_STEP][PASSED] - BatchNumber = getText(findTestObject("BillingCenter/pge_BatchPaymentEntry/screen_MultiplePaymentWizard/val_BatchNumber"), CONTINUE_ON_FAILURE): Text of object 'Object Repository/BillingCenter/pge_BatchPaymentEntry/screen_MultiplePaymentWizard/val_BatchNumber' is: 'BA07172026-1432'

2023-08-06 22:47:53 - [MESSAGE][PASSED] - Text of object 'Object Repository/BillingCenter/pge_BatchPaymentEntry/screen_MultiplePaymentWizard/val_BatchNumber' is: 'BA07172026-1432'

2023-08-06 22:47:53 - [TEST_STEP][PASSED] - comment("Posted Payment Batch Number " + BatchNumber): Posted Payment Batch Number BA07172026-1432

2023-08-06 22:47:53 - [MESSAGE][INFO] - Posted Payment Batch Number BA07172026-1432

2023-08-06 22:47:53 - [TEST_STEP][PASSED] - click(findTestObject("BillingCenter/pge_BatchPaymentEntry/screen_MultiplePaymentWizard/btn_Post"), CONTINUE_ON_FAILURE): Object: 'Object Repository/BillingCenter/pge_BatchPaymentEntry/screen_MultiplePaymentWizard/btn_Post' is clicked on

2023-08-06 22:47:54 - [MESSAGE][PASSED] - Object: 'Object Repository/BillingCenter/pge_BatchPaymentEntry/screen_MultiplePaymentWizard/btn_Post' is clicked on

2023-08-06 22:47:54 - [TEST_STEP][PASSED] - verifyElementPresent(findTestObject("BillingCenter/pge_BatchPaymentEntry/screen_BatchJobs/fld_GoTo_Quickjump"), 0): Object 'Object Repository/BillingCenter/pge_BatchPaymentEntry/screen_BatchJobs/fld_GoTo_Quickjump' is present

2023-08-06 22:47:54 - [MESSAGE][WARNING] - Timeout '0' is invalid. Using default page load timeout: '2'

2023-08-06 22:47:54 - [MESSAGE][PASSED] - Object 'Object Repository/BillingCenter/pge_BatchPaymentEntry/screen_BatchJobs/fld_GoTo_Quickjump' is present

2023-08-06 22:47:54 - [TEST_STEP][PASSED] - sendKeys(findTestObject("BillingCenter/pge_BatchPaymentEntry/screen_BatchJobs/fld_GoTo_Quickjump"), "runBatchProcess PostBatchPayment_sp"): Keys 'runBatchProcess PostBatchPayment_sp' sent to object: 'Object Repository/BillingCenter/pge_BatchPaymentEntry/screen_BatchJobs/fld_GoTo_Quickjump'

2023-08-06 22:47:55 - [MESSAGE][PASSED] - Keys 'runBatchProcess PostBatchPayment_sp' sent to object: 'Object Repository/BillingCenter/pge_BatchPaymentEntry/screen_BatchJobs/fld_GoTo_Quickjump'

2023-08-06 22:47:55 - [TEST_STEP][PASSED] - sendKeys(findTestObject("BillingCenter/pge_BatchPaymentEntry/screen_BatchJobs/fld_GoTo_Quickjump"), Keys.chord(ENTER)): Keys 'ENTER + ' sent to object: 'Object Repository/BillingCenter/pge_BatchPaymentEntry/screen_BatchJobs/fld_GoTo_Quickjump'

2023-08-06 22:47:55 - [MESSAGE][PASSED] - Keys 'ENTER + ' sent to object: 'Object Repository/BillingCenter/pge_BatchPaymentEntry/screen_BatchJobs/fld_GoTo_Quickjump'

2023-08-06 22:47:55 - [TEST_STEP][PASSED] - click(findTestObject("BillingCenter/pge_BatchPaymentEntry/screen_Verify_PostedPayments/lbl_DesktopOption")): Object: 'Object Repository/BillingCenter/pge_BatchPaymentEntry/screen_Verify_PostedPayments/lbl_DesktopOption' is clicked on

2023-08-06 22:47:57 - [MESSAGE][PASSED] - Object: 'Object Repository/BillingCenter/pge_BatchPaymentEntry/screen_Verify_PostedPayments/lbl_DesktopOption' is clicked on

2023-08-06 22:47:57 - [TEST_STEP][PASSED] - verifyElementVisible(findTestObject("BillingCenter/pge_BatchPaymentEntry/screen_MultiplePaymentWizard/opt_SuspensepPayment")): Object 'Object Repository/BillingCenter/pge_BatchPaymentEntry/screen_MultiplePaymentWizard/opt_SuspensepPayment' is visible

2023-08-06 22:47:58 - [MESSAGE][PASSED] - Object 'Object Repository/BillingCenter/pge_BatchPaymentEntry/screen_MultiplePaymentWizard/opt_SuspensepPayment' is visible

2023-08-06 22:47:58 - [TEST_STEP][PASSED] - click(findTestObject("BillingCenter/pge_BatchPaymentEntry/screen_MultiplePaymentWizard/opt_SuspensepPayment")): Object: 'Object Repository/BillingCenter/pge_BatchPaymentEntry/screen_MultiplePaymentWizard/opt_SuspensepPayment' is clicked on

2023-08-06 22:47:58 - [MESSAGE][PASSED] - Object: 'Object Repository/BillingCenter/pge_BatchPaymentEntry/screen_MultiplePaymentWizard/opt_SuspensepPayment' is clicked on

2023-08-06 22:47:58 - [TEST_STEP][PASSED] - driver = getWebDriver(): null

2023-08-06 22:47:58 - [TEST_STEP][PASSED] - Table = driver.findElement(By.xpath("//div[@id='DesktopSuspensePayments-DesktopSuspensePaymentsScreen-DesktopSuspensePaymentsLV']//tbody")): null

2023-08-06 22:47:59 - [TEST_STEP][PASSED] - elementsinColumn = gw.Table.getTableElementsByColumn(Table, 9): gw.Table.getTableElementsByColumn is PASSED

2023-08-06 22:48:04 - [MESSAGE][PASSED] - gw.Table.getTableElementsByColumn is PASSED

2023-08-06 22:48:04 - [TEST_STEP][PASSED] - comment("Elements after function call to getTableElementsByColumn " + elementsinColumn): Elements after function call to getTableElementsByColumn [Batch Number, , , BA07172026-1432, BA07172026-1404, BA07172026-1400, BA07172026-1372, BA07172026-1368, BA07162026-1349, BA07162026-1281, BA07162026-1274, CA07162026-1270, BA07042026-1252, BA07042026-1248, BA03242026-1179, BA03242026-1175, ]

2023-08-06 22:48:04 - [MESSAGE][INFO] - Elements after function call to getTableElementsByColumn [Batch Number, , , BA07172026-1432, BA07172026-1404, BA07172026-1400, BA07172026-1372, BA07172026-1368, BA07162026-1349, BA07162026-1281, BA07162026-1274, CA07162026-1270, BA07042026-1252, BA07042026-1248, BA03242026-1179, BA03242026-1175, ]

2023-08-06 22:48:04 - [TEST_STEP][PASSED] - if (elementsinColumn.contains(BatchNumber)): Suspense Payment Batch Number Found

2023-08-06 22:48:04 - [TEST_STEP][PASSED] - markPassed("Suspense Payment Batch Number Found"): Suspense Payment Batch Number Found

2023-08-06 22:48:04 - [MESSAGE][PASSED] - Suspense Payment Batch Number Found

2023-08-06 22:48:04 - [TEST_STEP][PASSED] - click(findTestObject("BillingCenter/pge_BatchPaymentEntry/screen_Verify_PostedPayments/lbl_DesktopOption")): Object: 'Object Repository/BillingCenter/pge_BatchPaymentEntry/screen_Verify_PostedPayments/lbl_DesktopOption' is clicked on

2023-08-06 22:48:05 - [MESSAGE][PASSED] - Object: 'Object Repository/BillingCenter/pge_BatchPaymentEntry/screen_Verify_PostedPayments/lbl_DesktopOption' is clicked on

2023-08-06 22:48:05 - [TEST_STEP][PASSED] - callTestCase(findTestCase("BillingCenter/BatchPaymentEntry/BC_NavigateBatchPaymentEntryScreen"), [:]): Call Test Case 'Test Cases/BillingCenter/BatchPaymentEntry/BC_NavigateBatchPaymentEntryScreen' successfully

2023-08-06 22:48:05 - [TEST_CASE][PASSED] - Test Cases/BillingCenter/BatchPaymentEntry/BC_NavigateBatchPaymentEntryScreen: Test Cases/BillingCenter/BatchPaymentEntry/BC_NavigateBatchPaymentEntryScreen

2023-08-06 22:48:05 - [TEST_STEP][PASSED] - click(findTestObject("BillingCenter/pge_BatchPaymentEntry/pge_Navigation/opt_Desktop_Actions")): Object: 'Object Repository/BillingCenter/pge_BatchPaymentEntry/pge_Navigation/opt_Desktop_Actions' is clicked on

2023-08-06 22:48:06 - [MESSAGE][PASSED] - Object: 'Object Repository/BillingCenter/pge_BatchPaymentEntry/pge_Navigation/opt_Desktop_Actions' is clicked on

2023-08-06 22:48:06 - [TEST_STEP][PASSED] - mouseOver(findTestObject("BillingCenter/pge_BatchPaymentEntry/pge_Navigation/act_NewPayment")): Object: 'Object Repository/BillingCenter/pge_BatchPaymentEntry/pge_Navigation/act_NewPayment' is hovered

2023-08-06 22:48:06 - [MESSAGE][PASSED] - Object: 'Object Repository/BillingCenter/pge_BatchPaymentEntry/pge_Navigation/act_NewPayment' is hovered

2023-08-06 22:48:06 - [TEST_STEP][PASSED] - click(findTestObject("BillingCenter/pge_BatchPaymentEntry/pge_Navigation/opt_newPayment _BatchPaymentEntry")): Object: 'Object Repository/BillingCenter/pge_BatchPaymentEntry/pge_Navigation/opt_newPayment _BatchPaymentEntry' is clicked on

2023-08-06 22:48:06 - [MESSAGE][PASSED] - Object: 'Object Repository/BillingCenter/pge_BatchPaymentEntry/pge_Navigation/opt_newPayment _BatchPaymentEntry' is clicked on

2023-08-06 22:48:06 - [MESSAGE][PASSED] - Call Test Case 'Test Cases/BillingCenter/BatchPaymentEntry/BC_NavigateBatchPaymentEntryScreen' successfully

2023-08-06 22:48:06 - [TEST_STEP][PASSED] - for (def index : (0..0)): null

2023-08-06 22:48:06 - [TEST_STEP][ERROR] - Start listener action : gwAfterTestCase: org.codehaus.groovy.runtime.InvokerInvocationException: java.io.FileNotFoundException: C:\QA Scripts\emc.guidewire.katalon.updated\GW10 Automation\Reports\Execution Status.xlsx (The system cannot find the file specified)
	at GWListener.invokeMethod(GWListener.groovy)
	at com.kms.katalon.core.context.internal.TestHooker.invokeMethod(TestHooker.java:111)
	at com.kms.katalon.core.context.internal.TestHooker.lambda$3(TestHooker.java:95)
	at com.kms.katalon.core.context.internal.TestHooker.invokeContextMethods(TestHooker.java:94)
	at com.kms.katalon.core.context.internal.TestListenerCollector.lambda$3(TestListenerCollector.java:88)
	at com.kms.katalon.core.context.internal.TestListenerCollector.handleListenerEvent(TestListenerCollector.java:85)
	at com.kms.katalon.core.context.internal.ExecutionEventManager.publicEvent(ExecutionEventManager.java:36)
	at com.kms.katalon.core.main.TestCaseExecutor.execute(TestCaseExecutor.java:251)
	at com.kms.katalon.core.main.TestSuiteExecutor.accessTestCaseMainPhase(TestSuiteExecutor.java:191)
	at com.kms.katalon.core.main.TestSuiteExecutor.accessTestSuiteMainPhase(TestSuiteExecutor.java:141)
	at com.kms.katalon.core.main.TestSuiteExecutor.execute(TestSuiteExecutor.java:90)
	at com.kms.katalon.core.main.TestCaseMain.startTestSuite(TestCaseMain.java:157)
	at com.kms.katalon.core.main.TestCaseMain$startTestSuite$0.call(Unknown Source)
	at TempTestSuite1691342079987.run(TempTestSuite1691342079987.groovy:39)
Caused by: java.io.FileNotFoundException: C:\QA Scripts\emc.guidewire.katalon.updated\GW10 Automation\Reports\Execution Status.xlsx (The system cannot find the file specified)
	at common.Excel.getColumnNumber(Excel.groovy:69)
	at common.Excel.WirteToExcel(Excel.groovy:95)
	at common.Excel$WirteToExcel$0.call(Unknown Source)
	at GWListener.gwAfterTestCase(GWListener.groovy:137)
	... 14 more


2023-08-06 22:48:06 - [TEST_STEP][PASSED] - tc_end_Time = System.currentTimeMillis(): null

2023-08-06 22:48:06 - [TEST_STEP][PASSED] - date_tc_end_Time = dateformat.format(tc_end_Time): null

2023-08-06 22:48:06 - [TEST_STEP][PASSED] - (tempRowNum++): null

2023-08-06 22:48:06 - [TEST_STEP][PASSED] - testCaseID = testCaseContext.getTestCaseId(): null

2023-08-06 22:48:06 - [TEST_STEP][PASSED] - testCase = findTestCase(testCaseID): null

2023-08-06 22:48:06 - [TEST_STEP][PASSED] - testCaseName = testCase.getName(): null

2023-08-06 22:48:06 - [TEST_STEP][PASSED] - switch (testCaseContext.getTestCaseStatus()): null

2023-08-06 22:48:06 - [TEST_STEP][PASSED] - case "PASSED":: null

2023-08-06 22:48:06 - [TEST_STEP][PASSED] - (passedCnt++): null

2023-08-06 22:48:06 - [TEST_STEP][PASSED] - break: null

2023-08-06 22:48:06 - [TEST_STEP][PASSED] - if (testCaseName == "GenerateAndSendReport"): null

2023-08-06 22:48:06 - [TEST_STEP][PASSED] - if (testCaseName == "GenerateAndSaveReport"): null

2023-08-06 22:48:06 - [TEST_STEP][PASSED] - if (testCaseName == "GenerateTimeReport"): null

2023-08-06 22:48:06 - [TEST_STEP][ERROR] - if (!(testCaseName.contains("Submission")) && !(testCaseName.contains("Issurance")) && !(testCaseName.contains("NewAccount")) && !(testCaseName.contains("FNOL")) && !(testCaseName.contains("QuickClaim")) && !(testCaseName.contains("verify"))): org.codehaus.groovy.runtime.InvokerInvocationException: java.io.FileNotFoundException: C:\QA Scripts\emc.guidewire.katalon.updated\GW10 Automation\Reports\Execution Status.xlsx (The system cannot find the file specified)
	at GWListener.invokeMethod(GWListener.groovy)
	at com.kms.katalon.core.context.internal.TestHooker.invokeMethod(TestHooker.java:111)
	at com.kms.katalon.core.context.internal.TestHooker.lambda$3(TestHooker.java:95)
	at com.kms.katalon.core.context.internal.TestHooker.invokeContextMethods(TestHooker.java:94)
	at com.kms.katalon.core.context.internal.TestListenerCollector.lambda$3(TestListenerCollector.java:88)
	at com.kms.katalon.core.context.internal.TestListenerCollector.handleListenerEvent(TestListenerCollector.java:85)
	at com.kms.katalon.core.context.internal.ExecutionEventManager.publicEvent(ExecutionEventManager.java:36)
	at com.kms.katalon.core.main.TestCaseExecutor.execute(TestCaseExecutor.java:251)
	at com.kms.katalon.core.main.TestSuiteExecutor.accessTestCaseMainPhase(TestSuiteExecutor.java:191)
	at com.kms.katalon.core.main.TestSuiteExecutor.accessTestSuiteMainPhase(TestSuiteExecutor.java:141)
	at com.kms.katalon.core.main.TestSuiteExecutor.execute(TestSuiteExecutor.java:90)
	at com.kms.katalon.core.main.TestCaseMain.startTestSuite(TestCaseMain.java:157)
	at com.kms.katalon.core.main.TestCaseMain$startTestSuite$0.call(Unknown Source)
	at TempTestSuite1691342079987.run(TempTestSuite1691342079987.groovy:39)
Caused by: java.io.FileNotFoundException: C:\QA Scripts\emc.guidewire.katalon.updated\GW10 Automation\Reports\Execution Status.xlsx (The system cannot find the file specified)
	at common.Excel.getColumnNumber(Excel.groovy:69)
	at common.Excel.WirteToExcel(Excel.groovy:95)
	at common.Excel$WirteToExcel$0.call(Unknown Source)
	at GWListener.gwAfterTestCase(GWListener.groovy:137)
	... 14 more


2023-08-06 22:48:06 - [MESSAGE][ERROR] - org.codehaus.groovy.runtime.InvokerInvocationException: java.io.FileNotFoundException: C:\QA Scripts\emc.guidewire.katalon.updated\GW10 Automation\Reports\Execution Status.xlsx (The system cannot find the file specified)
	at GWListener.invokeMethod(GWListener.groovy)
	at com.kms.katalon.core.context.internal.TestHooker.invokeMethod(TestHooker.java:111)
	at com.kms.katalon.core.context.internal.TestHooker.lambda$3(TestHooker.java:95)
	at com.kms.katalon.core.context.internal.TestHooker.invokeContextMethods(TestHooker.java:94)
	at com.kms.katalon.core.context.internal.TestListenerCollector.lambda$3(TestListenerCollector.java:88)
	at com.kms.katalon.core.context.internal.TestListenerCollector.handleListenerEvent(TestListenerCollector.java:85)
	at com.kms.katalon.core.context.internal.ExecutionEventManager.publicEvent(ExecutionEventManager.java:36)
	at com.kms.katalon.core.main.TestCaseExecutor.execute(TestCaseExecutor.java:251)
	at com.kms.katalon.core.main.TestSuiteExecutor.accessTestCaseMainPhase(TestSuiteExecutor.java:191)
	at com.kms.katalon.core.main.TestSuiteExecutor.accessTestSuiteMainPhase(TestSuiteExecutor.java:141)
	at com.kms.katalon.core.main.TestSuiteExecutor.execute(TestSuiteExecutor.java:90)
	at com.kms.katalon.core.main.TestCaseMain.startTestSuite(TestCaseMain.java:157)
	at com.kms.katalon.core.main.TestCaseMain$startTestSuite$0.call(Unknown Source)
	at TempTestSuite1691342079987.run(TempTestSuite1691342079987.groovy:39)
Caused by: java.io.FileNotFoundException: C:\QA Scripts\emc.guidewire.katalon.updated\GW10 Automation\Reports\Execution Status.xlsx (The system cannot find the file specified)
	at common.Excel.getColumnNumber(Excel.groovy:69)
	at common.Excel.WirteToExcel(Excel.groovy:95)
	at common.Excel$WirteToExcel$0.call(Unknown Source)
	at GWListener.gwAfterTestCase(GWListener.groovy:137)
	... 14 more


2023-08-06 22:48:08 - [TEST_STEP][PASSED] - Video: Video recording for test case 'Test Cases/BillingCenter/BatchPaymentEntry/BC_MultiplePaymentEntryandVerification_SuspenseLevel' .

2023-08-06 22:48:08 - [MESSAGE][INFO] - Video recording for test case 'Test Cases/BillingCenter/BatchPaymentEntry/BC_MultiplePaymentEntryandVerification_SuspenseLevel' .
[[ATTACHMENT|C:\\QA Scripts\\emc.guidewire.katalon.updated\\GW10 Automation\\Reports\\20230806_224439\\BillingCenter\\BatchPaymentEntry\\20230806_224439/videos\\test_9.avi]]]]></system-out>
         <system-err><![CDATA[]]></system-err>
      </testcase>
      <testcase name="Test Cases/BillingCenter/BatchPaymentEntry/BC_MultiplePaymentEntryandVerification_Split" time="102.246" classname="Test Cases/BillingCenter/BatchPaymentEntry/BC_MultiplePaymentEntryandVerification_Split" status="PASSED">
         <system-out><![CDATA[2023-08-06 22:48:09 - [TEST_CASE][PASSED] - Test Cases/BillingCenter/BatchPaymentEntry/BC_MultiplePaymentEntryandVerification_Split: Test Cases/BillingCenter/BatchPaymentEntry/BC_MultiplePaymentEntryandVerification_Split

2023-08-06 22:48:09 - [TEST_STEP][PASSED] - Start listener action : gwBeforeTestCase: null

2023-08-06 22:48:09 - [TEST_STEP][PASSED] - if (Env_TestCaseId == testCaseContext.getTestCaseId()): null

2023-08-06 22:48:09 - [TEST_STEP][PASSED] - else: null

2023-08-06 22:48:09 - [TEST_STEP][PASSED] - iteration = 1: null

2023-08-06 22:48:09 - [TEST_STEP][PASSED] - Env_Iteration = iteration: null

2023-08-06 22:48:09 - [TEST_STEP][PASSED] - Env_TestCaseId = testCaseContext.getTestCaseId(): null

2023-08-06 22:48:09 - [TEST_STEP][PASSED] - Env_TestCaseVariables = testCaseContext.getTestCaseVariables(): null

2023-08-06 22:48:09 - [TEST_STEP][PASSED] - tc_start_Time = System.currentTimeMillis(): null

2023-08-06 22:48:09 - [TEST_STEP][PASSED] - date_tc_start_Time = dateformat.format(tc_start_Time): null

2023-08-06 22:48:09 - [TEST_STEP][PASSED] - selectOptionByLabel(findTestObject("BillingCenter/pge_BatchPaymentEntry/screen_MultiplePaymentWizard/lst_Source"), Source, false, CONTINUE_ON_FAILURE): All options with label 'Branch' are selected in object 'Object Repository/BillingCenter/pge_BatchPaymentEntry/screen_MultiplePaymentWizard/lst_Source' 

2023-08-06 22:48:10 - [MESSAGE][PASSED] - All options with label 'Branch' are selected in object 'Object Repository/BillingCenter/pge_BatchPaymentEntry/screen_MultiplePaymentWizard/lst_Source' 

2023-08-06 22:48:10 - [TEST_STEP][PASSED] - setText(findTestObject("BillingCenter/pge_BatchPaymentEntry/screen_MultiplePaymentWizard/txt_BatchAmount"), BatchAmount, CONTINUE_ON_FAILURE): Text '60' is set on object 'Object Repository/BillingCenter/pge_BatchPaymentEntry/screen_MultiplePaymentWizard/txt_BatchAmount'

2023-08-06 22:48:12 - [MESSAGE][PASSED] - Text '60' is set on object 'Object Repository/BillingCenter/pge_BatchPaymentEntry/screen_MultiplePaymentWizard/txt_BatchAmount'

2023-08-06 22:48:12 - [TEST_STEP][PASSED] - sendKeys(findTestObject("BillingCenter/pge_BatchPaymentEntry/screen_MultiplePaymentWizard/txt_BatchAmount"), Keys.chord(TAB)): Keys 'TAB + ' sent to object: 'Object Repository/BillingCenter/pge_BatchPaymentEntry/screen_MultiplePaymentWizard/txt_BatchAmount'

2023-08-06 22:48:12 - [MESSAGE][PASSED] - Keys 'TAB + ' sent to object: 'Object Repository/BillingCenter/pge_BatchPaymentEntry/screen_MultiplePaymentWizard/txt_BatchAmount'

2023-08-06 22:48:12 - [TEST_STEP][PASSED] - verifyElementVisible(findTestObject("BillingCenter/pge_BatchPaymentEntry/screen_MultiplePaymentWizard/screen_SplitPaymentEntry/chk_Split"), CONTINUE_ON_FAILURE): Object 'Object Repository/BillingCenter/pge_BatchPaymentEntry/screen_MultiplePaymentWizard/screen_SplitPaymentEntry/chk_Split' is visible

2023-08-06 22:48:13 - [MESSAGE][PASSED] - Object 'Object Repository/BillingCenter/pge_BatchPaymentEntry/screen_MultiplePaymentWizard/screen_SplitPaymentEntry/chk_Split' is visible

2023-08-06 22:48:13 - [TEST_STEP][PASSED] - check(findTestObject("BillingCenter/pge_BatchPaymentEntry/screen_MultiplePaymentWizard/screen_SplitPaymentEntry/chk_Split"), CONTINUE_ON_FAILURE): Object 'Object Repository/BillingCenter/pge_BatchPaymentEntry/screen_MultiplePaymentWizard/screen_SplitPaymentEntry/chk_Split' is checked

2023-08-06 22:48:14 - [MESSAGE][PASSED] - Object 'Object Repository/BillingCenter/pge_BatchPaymentEntry/screen_MultiplePaymentWizard/screen_SplitPaymentEntry/chk_Split' is checked

2023-08-06 22:48:14 - [TEST_STEP][PASSED] - selectOptionByLabel(findTestObject("BillingCenter/pge_BatchPaymentEntry/screen_MultiplePaymentWizard/lst_Type"), Type, false, CONTINUE_ON_FAILURE): All options with label 'Split' are selected in object 'Object Repository/BillingCenter/pge_BatchPaymentEntry/screen_MultiplePaymentWizard/lst_Type' 

2023-08-06 22:48:15 - [MESSAGE][PASSED] - All options with label 'Split' are selected in object 'Object Repository/BillingCenter/pge_BatchPaymentEntry/screen_MultiplePaymentWizard/lst_Type' 

2023-08-06 22:48:15 - [TEST_STEP][PASSED] - clearText(findTestObject("BillingCenter/pge_BatchPaymentEntry/screen_MultiplePaymentWizard/txt_Amount"), CONTINUE_ON_FAILURE): Text of object 'Object Repository/BillingCenter/pge_BatchPaymentEntry/screen_MultiplePaymentWizard/txt_Amount' is cleared

2023-08-06 22:48:16 - [MESSAGE][PASSED] - Text of object 'Object Repository/BillingCenter/pge_BatchPaymentEntry/screen_MultiplePaymentWizard/txt_Amount' is cleared

2023-08-06 22:48:16 - [TEST_STEP][PASSED] - setText(findTestObject("BillingCenter/pge_BatchPaymentEntry/screen_MultiplePaymentWizard/txt_Amount"), Amount, CONTINUE_ON_FAILURE): Text '60' is set on object 'Object Repository/BillingCenter/pge_BatchPaymentEntry/screen_MultiplePaymentWizard/txt_Amount'

2023-08-06 22:48:17 - [MESSAGE][PASSED] - Text '60' is set on object 'Object Repository/BillingCenter/pge_BatchPaymentEntry/screen_MultiplePaymentWizard/txt_Amount'

2023-08-06 22:48:17 - [TEST_STEP][PASSED] - sendKeys(findTestObject("BillingCenter/pge_BatchPaymentEntry/screen_MultiplePaymentWizard/txt_Amount"), Keys.chord(TAB)): Keys 'TAB + ' sent to object: 'Object Repository/BillingCenter/pge_BatchPaymentEntry/screen_MultiplePaymentWizard/txt_Amount'

2023-08-06 22:48:17 - [MESSAGE][PASSED] - Keys 'TAB + ' sent to object: 'Object Repository/BillingCenter/pge_BatchPaymentEntry/screen_MultiplePaymentWizard/txt_Amount'

2023-08-06 22:48:17 - [TEST_STEP][PASSED] - verifyElementVisible(findTestObject("BillingCenter/pge_BatchPaymentEntry/screen_MultiplePaymentWizard/txt_CheckRef"), CONTINUE_ON_FAILURE): Object 'Object Repository/BillingCenter/pge_BatchPaymentEntry/screen_MultiplePaymentWizard/txt_CheckRef' is visible

2023-08-06 22:48:18 - [MESSAGE][PASSED] - Object 'Object Repository/BillingCenter/pge_BatchPaymentEntry/screen_MultiplePaymentWizard/txt_CheckRef' is visible

2023-08-06 22:48:18 - [TEST_STEP][PASSED] - setText(findTestObject("BillingCenter/pge_BatchPaymentEntry/screen_MultiplePaymentWizard/txt_CheckRef"), CheckRef, CONTINUE_ON_FAILURE): Text '9887765432' is set on object 'Object Repository/BillingCenter/pge_BatchPaymentEntry/screen_MultiplePaymentWizard/txt_CheckRef'

2023-08-06 22:48:19 - [MESSAGE][PASSED] - Text '9887765432' is set on object 'Object Repository/BillingCenter/pge_BatchPaymentEntry/screen_MultiplePaymentWizard/txt_CheckRef'

2023-08-06 22:48:19 - [TEST_STEP][PASSED] - selectOptionByLabel(findTestObject("BillingCenter/pge_BatchPaymentEntry/screen_MultiplePaymentWizard/lst_PaymentInstrument"), PaymentInstrument, false, CONTINUE_ON_FAILURE): All options with label 'Check' are selected in object 'Object Repository/BillingCenter/pge_BatchPaymentEntry/screen_MultiplePaymentWizard/lst_PaymentInstrument' 

2023-08-06 22:48:19 - [MESSAGE][PASSED] - All options with label 'Check' are selected in object 'Object Repository/BillingCenter/pge_BatchPaymentEntry/screen_MultiplePaymentWizard/lst_PaymentInstrument' 

2023-08-06 22:48:19 - [TEST_STEP][PASSED] - verifyElementVisible(findTestObject("BillingCenter/pge_BatchPaymentEntry/screen_MultiplePaymentWizard/screen_SplitPaymentEntry/btn_Split"), STOP_ON_FAILURE): Object 'Object Repository/BillingCenter/pge_BatchPaymentEntry/screen_MultiplePaymentWizard/screen_SplitPaymentEntry/btn_Split' is visible

2023-08-06 22:48:20 - [MESSAGE][PASSED] - Object 'Object Repository/BillingCenter/pge_BatchPaymentEntry/screen_MultiplePaymentWizard/screen_SplitPaymentEntry/btn_Split' is visible

2023-08-06 22:48:20 - [TEST_STEP][PASSED] - click(findTestObject("BillingCenter/pge_BatchPaymentEntry/screen_MultiplePaymentWizard/screen_SplitPaymentEntry/btn_Split"), CONTINUE_ON_FAILURE): Object: 'Object Repository/BillingCenter/pge_BatchPaymentEntry/screen_MultiplePaymentWizard/screen_SplitPaymentEntry/btn_Split' is clicked on

2023-08-06 22:48:20 - [MESSAGE][PASSED] - Object: 'Object Repository/BillingCenter/pge_BatchPaymentEntry/screen_MultiplePaymentWizard/screen_SplitPaymentEntry/btn_Split' is clicked on

2023-08-06 22:48:20 - [TEST_STEP][PASSED] - verifyElementVisible(findTestObject("BillingCenter/pge_BatchPaymentEntry/screen_MultiplePaymentWizard/screen_SplitPaymentEntry/btn_AddSplit"), CONTINUE_ON_FAILURE): Object 'Object Repository/BillingCenter/pge_BatchPaymentEntry/screen_MultiplePaymentWizard/screen_SplitPaymentEntry/btn_AddSplit' is visible

2023-08-06 22:48:21 - [MESSAGE][PASSED] - Object 'Object Repository/BillingCenter/pge_BatchPaymentEntry/screen_MultiplePaymentWizard/screen_SplitPaymentEntry/btn_AddSplit' is visible

2023-08-06 22:48:21 - [TEST_STEP][PASSED] - click(findTestObject("BillingCenter/pge_BatchPaymentEntry/screen_MultiplePaymentWizard/screen_SplitPaymentEntry/btn_AddSplit"), CONTINUE_ON_FAILURE): Object: 'Object Repository/BillingCenter/pge_BatchPaymentEntry/screen_MultiplePaymentWizard/screen_SplitPaymentEntry/btn_AddSplit' is clicked on

2023-08-06 22:48:21 - [MESSAGE][PASSED] - Object: 'Object Repository/BillingCenter/pge_BatchPaymentEntry/screen_MultiplePaymentWizard/screen_SplitPaymentEntry/btn_AddSplit' is clicked on

2023-08-06 22:48:21 - [TEST_STEP][PASSED] - verifyElementVisible(findTestObject("BillingCenter/pge_BatchPaymentEntry/screen_MultiplePaymentWizard/screen_SplitPaymentEntry/lst_SplitTypePaymentAccount"), CONTINUE_ON_FAILURE): Object 'Object Repository/BillingCenter/pge_BatchPaymentEntry/screen_MultiplePaymentWizard/screen_SplitPaymentEntry/lst_SplitTypePaymentAccount' is visible

2023-08-06 22:48:22 - [MESSAGE][PASSED] - Object 'Object Repository/BillingCenter/pge_BatchPaymentEntry/screen_MultiplePaymentWizard/screen_SplitPaymentEntry/lst_SplitTypePaymentAccount' is visible

2023-08-06 22:48:22 - [TEST_STEP][PASSED] - selectOptionByLabel(findTestObject("BillingCenter/pge_BatchPaymentEntry/screen_MultiplePaymentWizard/screen_SplitPaymentEntry/lst_SplitTypePaymentAccount"), SplitTypePayment, false, CONTINUE_ON_FAILURE): All options with label 'Payment' are selected in object 'Object Repository/BillingCenter/pge_BatchPaymentEntry/screen_MultiplePaymentWizard/screen_SplitPaymentEntry/lst_SplitTypePaymentAccount' 

2023-08-06 22:48:23 - [MESSAGE][PASSED] - All options with label 'Payment' are selected in object 'Object Repository/BillingCenter/pge_BatchPaymentEntry/screen_MultiplePaymentWizard/screen_SplitPaymentEntry/lst_SplitTypePaymentAccount' 

2023-08-06 22:48:23 - [TEST_STEP][PASSED] - verifyElementVisible(findTestObject("BillingCenter/pge_BatchPaymentEntry/screen_MultiplePaymentWizard/screen_SplitPaymentEntry/txt_SplitAccount")): Object 'Object Repository/BillingCenter/pge_BatchPaymentEntry/screen_MultiplePaymentWizard/screen_SplitPaymentEntry/txt_SplitAccount' is visible

2023-08-06 22:48:23 - [MESSAGE][PASSED] - Object 'Object Repository/BillingCenter/pge_BatchPaymentEntry/screen_MultiplePaymentWizard/screen_SplitPaymentEntry/txt_SplitAccount' is visible

2023-08-06 22:48:23 - [TEST_STEP][PASSED] - setText(findTestObject("BillingCenter/pge_BatchPaymentEntry/screen_MultiplePaymentWizard/screen_SplitPaymentEntry/txt_SplitAccount"), SplitAccount, CONTINUE_ON_FAILURE): Text '3062523' is set on object 'Object Repository/BillingCenter/pge_BatchPaymentEntry/screen_MultiplePaymentWizard/screen_SplitPaymentEntry/txt_SplitAccount'

2023-08-06 22:48:24 - [MESSAGE][PASSED] - Text '3062523' is set on object 'Object Repository/BillingCenter/pge_BatchPaymentEntry/screen_MultiplePaymentWizard/screen_SplitPaymentEntry/txt_SplitAccount'

2023-08-06 22:48:24 - [TEST_STEP][PASSED] - sendKeys(findTestObject("BillingCenter/pge_BatchPaymentEntry/screen_MultiplePaymentWizard/screen_SplitPaymentEntry/txt_SplitAccount"), Keys.chord(TAB), CONTINUE_ON_FAILURE): Keys 'TAB + ' sent to object: 'Object Repository/BillingCenter/pge_BatchPaymentEntry/screen_MultiplePaymentWizard/screen_SplitPaymentEntry/txt_SplitAccount'

2023-08-06 22:48:24 - [MESSAGE][PASSED] - Keys 'TAB + ' sent to object: 'Object Repository/BillingCenter/pge_BatchPaymentEntry/screen_MultiplePaymentWizard/screen_SplitPaymentEntry/txt_SplitAccount'

2023-08-06 22:48:24 - [TEST_STEP][PASSED] - verifyElementVisible(findTestObject("BillingCenter/pge_BatchPaymentEntry/screen_MultiplePaymentWizard/screen_SplitPaymentEntry/txt_SplitAccountAmount"), STOP_ON_FAILURE): Object 'Object Repository/BillingCenter/pge_BatchPaymentEntry/screen_MultiplePaymentWizard/screen_SplitPaymentEntry/txt_SplitAccountAmount' is visible

2023-08-06 22:48:25 - [MESSAGE][PASSED] - Object 'Object Repository/BillingCenter/pge_BatchPaymentEntry/screen_MultiplePaymentWizard/screen_SplitPaymentEntry/txt_SplitAccountAmount' is visible

2023-08-06 22:48:25 - [TEST_STEP][PASSED] - clearText(findTestObject("BillingCenter/pge_BatchPaymentEntry/screen_MultiplePaymentWizard/screen_SplitPaymentEntry/txt_SplitAccountAmount")): Text of object 'Object Repository/BillingCenter/pge_BatchPaymentEntry/screen_MultiplePaymentWizard/screen_SplitPaymentEntry/txt_SplitAccountAmount' is cleared

2023-08-06 22:48:25 - [MESSAGE][PASSED] - Text of object 'Object Repository/BillingCenter/pge_BatchPaymentEntry/screen_MultiplePaymentWizard/screen_SplitPaymentEntry/txt_SplitAccountAmount' is cleared

2023-08-06 22:48:25 - [TEST_STEP][PASSED] - setText(findTestObject("BillingCenter/pge_BatchPaymentEntry/screen_MultiplePaymentWizard/screen_SplitPaymentEntry/txt_SplitAccountAmount"), SplitAccountAmount): Text '10' is set on object 'Object Repository/BillingCenter/pge_BatchPaymentEntry/screen_MultiplePaymentWizard/screen_SplitPaymentEntry/txt_SplitAccountAmount'

2023-08-06 22:48:26 - [MESSAGE][PASSED] - Text '10' is set on object 'Object Repository/BillingCenter/pge_BatchPaymentEntry/screen_MultiplePaymentWizard/screen_SplitPaymentEntry/txt_SplitAccountAmount'

2023-08-06 22:48:26 - [TEST_STEP][PASSED] - sendKeys(findTestObject("BillingCenter/pge_BatchPaymentEntry/screen_MultiplePaymentWizard/screen_SplitPaymentEntry/txt_SplitAccountAmount"), Keys.chord(TAB)): Keys 'TAB + ' sent to object: 'Object Repository/BillingCenter/pge_BatchPaymentEntry/screen_MultiplePaymentWizard/screen_SplitPaymentEntry/txt_SplitAccountAmount'

2023-08-06 22:48:27 - [MESSAGE][PASSED] - Keys 'TAB + ' sent to object: 'Object Repository/BillingCenter/pge_BatchPaymentEntry/screen_MultiplePaymentWizard/screen_SplitPaymentEntry/txt_SplitAccountAmount'

2023-08-06 22:48:27 - [TEST_STEP][PASSED] - verifyElementVisible(findTestObject("BillingCenter/pge_BatchPaymentEntry/screen_MultiplePaymentWizard/screen_SplitPaymentEntry/txt_SplitAccountDescription"), CONTINUE_ON_FAILURE): Object 'Object Repository/BillingCenter/pge_BatchPaymentEntry/screen_MultiplePaymentWizard/screen_SplitPaymentEntry/txt_SplitAccountDescription' is visible

2023-08-06 22:48:27 - [MESSAGE][PASSED] - Object 'Object Repository/BillingCenter/pge_BatchPaymentEntry/screen_MultiplePaymentWizard/screen_SplitPaymentEntry/txt_SplitAccountDescription' is visible

2023-08-06 22:48:27 - [TEST_STEP][PASSED] - setText(findTestObject("BillingCenter/pge_BatchPaymentEntry/screen_MultiplePaymentWizard/screen_SplitPaymentEntry/txt_SplitAccountDescription"), SplitAccountDescription, CONTINUE_ON_FAILURE): Text 'Payment on account level' is set on object 'Object Repository/BillingCenter/pge_BatchPaymentEntry/screen_MultiplePaymentWizard/screen_SplitPaymentEntry/txt_SplitAccountDescription'

2023-08-06 22:48:28 - [MESSAGE][PASSED] - Text 'Payment on account level' is set on object 'Object Repository/BillingCenter/pge_BatchPaymentEntry/screen_MultiplePaymentWizard/screen_SplitPaymentEntry/txt_SplitAccountDescription'

2023-08-06 22:48:28 - [TEST_STEP][PASSED] - verifyElementVisible(findTestObject("BillingCenter/pge_BatchPaymentEntry/screen_MultiplePaymentWizard/screen_SplitPaymentEntry/btn_AddSplit"), CONTINUE_ON_FAILURE): Object 'Object Repository/BillingCenter/pge_BatchPaymentEntry/screen_MultiplePaymentWizard/screen_SplitPaymentEntry/btn_AddSplit' is visible

2023-08-06 22:48:28 - [MESSAGE][PASSED] - Object 'Object Repository/BillingCenter/pge_BatchPaymentEntry/screen_MultiplePaymentWizard/screen_SplitPaymentEntry/btn_AddSplit' is visible

2023-08-06 22:48:28 - [TEST_STEP][PASSED] - click(findTestObject("BillingCenter/pge_BatchPaymentEntry/screen_MultiplePaymentWizard/screen_SplitPaymentEntry/btn_AddSplit"), CONTINUE_ON_FAILURE): Object: 'Object Repository/BillingCenter/pge_BatchPaymentEntry/screen_MultiplePaymentWizard/screen_SplitPaymentEntry/btn_AddSplit' is clicked on

2023-08-06 22:48:29 - [MESSAGE][PASSED] - Object: 'Object Repository/BillingCenter/pge_BatchPaymentEntry/screen_MultiplePaymentWizard/screen_SplitPaymentEntry/btn_AddSplit' is clicked on

2023-08-06 22:48:29 - [TEST_STEP][PASSED] - verifyElementVisible(findTestObject("BillingCenter/pge_BatchPaymentEntry/screen_MultiplePaymentWizard/screen_SplitPaymentEntry/lst_SplitTypePaymentInvoice"), CONTINUE_ON_FAILURE): Object 'Object Repository/BillingCenter/pge_BatchPaymentEntry/screen_MultiplePaymentWizard/screen_SplitPaymentEntry/lst_SplitTypePaymentInvoice' is visible

2023-08-06 22:48:29 - [MESSAGE][PASSED] - Object 'Object Repository/BillingCenter/pge_BatchPaymentEntry/screen_MultiplePaymentWizard/screen_SplitPaymentEntry/lst_SplitTypePaymentInvoice' is visible

2023-08-06 22:48:29 - [TEST_STEP][PASSED] - selectOptionByLabel(findTestObject("BillingCenter/pge_BatchPaymentEntry/screen_MultiplePaymentWizard/screen_SplitPaymentEntry/lst_SplitTypePaymentInvoice"), SplitTypePayment, false, CONTINUE_ON_FAILURE): All options with label 'Payment' are selected in object 'Object Repository/BillingCenter/pge_BatchPaymentEntry/screen_MultiplePaymentWizard/screen_SplitPaymentEntry/lst_SplitTypePaymentInvoice' 

2023-08-06 22:48:30 - [MESSAGE][PASSED] - All options with label 'Payment' are selected in object 'Object Repository/BillingCenter/pge_BatchPaymentEntry/screen_MultiplePaymentWizard/screen_SplitPaymentEntry/lst_SplitTypePaymentInvoice' 

2023-08-06 22:48:30 - [TEST_STEP][PASSED] - verifyElementVisible(findTestObject("BillingCenter/pge_BatchPaymentEntry/screen_MultiplePaymentWizard/screen_SplitPaymentEntry/txt_SplitInvoice")): Object 'Object Repository/BillingCenter/pge_BatchPaymentEntry/screen_MultiplePaymentWizard/screen_SplitPaymentEntry/txt_SplitInvoice' is visible

2023-08-06 22:48:31 - [MESSAGE][PASSED] - Object 'Object Repository/BillingCenter/pge_BatchPaymentEntry/screen_MultiplePaymentWizard/screen_SplitPaymentEntry/txt_SplitInvoice' is visible

2023-08-06 22:48:31 - [TEST_STEP][PASSED] - setText(findTestObject("BillingCenter/pge_BatchPaymentEntry/screen_MultiplePaymentWizard/screen_SplitPaymentEntry/txt_SplitInvoice"), SplitInvoice, CONTINUE_ON_FAILURE): Text '7000000702' is set on object 'Object Repository/BillingCenter/pge_BatchPaymentEntry/screen_MultiplePaymentWizard/screen_SplitPaymentEntry/txt_SplitInvoice'

2023-08-06 22:48:31 - [MESSAGE][PASSED] - Text '7000000702' is set on object 'Object Repository/BillingCenter/pge_BatchPaymentEntry/screen_MultiplePaymentWizard/screen_SplitPaymentEntry/txt_SplitInvoice'

2023-08-06 22:48:31 - [TEST_STEP][PASSED] - sendKeys(findTestObject("BillingCenter/pge_BatchPaymentEntry/screen_MultiplePaymentWizard/screen_SplitPaymentEntry/txt_SplitInvoice"), Keys.chord(TAB), CONTINUE_ON_FAILURE): Keys 'TAB + ' sent to object: 'Object Repository/BillingCenter/pge_BatchPaymentEntry/screen_MultiplePaymentWizard/screen_SplitPaymentEntry/txt_SplitInvoice'

2023-08-06 22:48:32 - [MESSAGE][PASSED] - Keys 'TAB + ' sent to object: 'Object Repository/BillingCenter/pge_BatchPaymentEntry/screen_MultiplePaymentWizard/screen_SplitPaymentEntry/txt_SplitInvoice'

2023-08-06 22:48:32 - [TEST_STEP][PASSED] - verifyElementVisible(findTestObject("BillingCenter/pge_BatchPaymentEntry/screen_MultiplePaymentWizard/screen_SplitPaymentEntry/txt_SplitInvoiceAmount")): Object 'Object Repository/BillingCenter/pge_BatchPaymentEntry/screen_MultiplePaymentWizard/screen_SplitPaymentEntry/txt_SplitInvoiceAmount' is visible

2023-08-06 22:48:32 - [MESSAGE][PASSED] - Object 'Object Repository/BillingCenter/pge_BatchPaymentEntry/screen_MultiplePaymentWizard/screen_SplitPaymentEntry/txt_SplitInvoiceAmount' is visible

2023-08-06 22:48:32 - [TEST_STEP][PASSED] - clearText(findTestObject("BillingCenter/pge_BatchPaymentEntry/screen_MultiplePaymentWizard/screen_SplitPaymentEntry/txt_SplitInvoiceAmount")): Text of object 'Object Repository/BillingCenter/pge_BatchPaymentEntry/screen_MultiplePaymentWizard/screen_SplitPaymentEntry/txt_SplitInvoiceAmount' is cleared

2023-08-06 22:48:33 - [MESSAGE][PASSED] - Text of object 'Object Repository/BillingCenter/pge_BatchPaymentEntry/screen_MultiplePaymentWizard/screen_SplitPaymentEntry/txt_SplitInvoiceAmount' is cleared

2023-08-06 22:48:33 - [TEST_STEP][PASSED] - setText(findTestObject("BillingCenter/pge_BatchPaymentEntry/screen_MultiplePaymentWizard/screen_SplitPaymentEntry/txt_SplitInvoiceAmount"), SplitInvoiceAmount, CONTINUE_ON_FAILURE): Text '10' is set on object 'Object Repository/BillingCenter/pge_BatchPaymentEntry/screen_MultiplePaymentWizard/screen_SplitPaymentEntry/txt_SplitInvoiceAmount'

2023-08-06 22:48:34 - [MESSAGE][PASSED] - Text '10' is set on object 'Object Repository/BillingCenter/pge_BatchPaymentEntry/screen_MultiplePaymentWizard/screen_SplitPaymentEntry/txt_SplitInvoiceAmount'

2023-08-06 22:48:34 - [TEST_STEP][PASSED] - sendKeys(findTestObject("BillingCenter/pge_BatchPaymentEntry/screen_MultiplePaymentWizard/screen_SplitPaymentEntry/txt_SplitInvoiceAmount"), Keys.chord(TAB)): Keys 'TAB + ' sent to object: 'Object Repository/BillingCenter/pge_BatchPaymentEntry/screen_MultiplePaymentWizard/screen_SplitPaymentEntry/txt_SplitInvoiceAmount'

2023-08-06 22:48:34 - [MESSAGE][PASSED] - Keys 'TAB + ' sent to object: 'Object Repository/BillingCenter/pge_BatchPaymentEntry/screen_MultiplePaymentWizard/screen_SplitPaymentEntry/txt_SplitInvoiceAmount'

2023-08-06 22:48:34 - [TEST_STEP][PASSED] - verifyElementVisible(findTestObject("BillingCenter/pge_BatchPaymentEntry/screen_MultiplePaymentWizard/screen_SplitPaymentEntry/txt_SplitInvoiceDescription"), CONTINUE_ON_FAILURE): Object 'Object Repository/BillingCenter/pge_BatchPaymentEntry/screen_MultiplePaymentWizard/screen_SplitPaymentEntry/txt_SplitInvoiceDescription' is visible

2023-08-06 22:48:35 - [MESSAGE][PASSED] - Object 'Object Repository/BillingCenter/pge_BatchPaymentEntry/screen_MultiplePaymentWizard/screen_SplitPaymentEntry/txt_SplitInvoiceDescription' is visible

2023-08-06 22:48:35 - [TEST_STEP][PASSED] - setText(findTestObject("BillingCenter/pge_BatchPaymentEntry/screen_MultiplePaymentWizard/screen_SplitPaymentEntry/txt_SplitInvoiceDescription"), SplitInvoiceDescription, CONTINUE_ON_FAILURE): Text 'Payment on Invoice level' is set on object 'Object Repository/BillingCenter/pge_BatchPaymentEntry/screen_MultiplePaymentWizard/screen_SplitPaymentEntry/txt_SplitInvoiceDescription'

2023-08-06 22:48:35 - [MESSAGE][PASSED] - Text 'Payment on Invoice level' is set on object 'Object Repository/BillingCenter/pge_BatchPaymentEntry/screen_MultiplePaymentWizard/screen_SplitPaymentEntry/txt_SplitInvoiceDescription'

2023-08-06 22:48:35 - [TEST_STEP][PASSED] - verifyElementVisible(findTestObject("BillingCenter/pge_BatchPaymentEntry/screen_MultiplePaymentWizard/screen_SplitPaymentEntry/btn_AddSplit"), CONTINUE_ON_FAILURE): Object 'Object Repository/BillingCenter/pge_BatchPaymentEntry/screen_MultiplePaymentWizard/screen_SplitPaymentEntry/btn_AddSplit' is visible

2023-08-06 22:48:36 - [MESSAGE][PASSED] - Object 'Object Repository/BillingCenter/pge_BatchPaymentEntry/screen_MultiplePaymentWizard/screen_SplitPaymentEntry/btn_AddSplit' is visible

2023-08-06 22:48:36 - [TEST_STEP][PASSED] - click(findTestObject("BillingCenter/pge_BatchPaymentEntry/screen_MultiplePaymentWizard/screen_SplitPaymentEntry/btn_AddSplit"), CONTINUE_ON_FAILURE): Object: 'Object Repository/BillingCenter/pge_BatchPaymentEntry/screen_MultiplePaymentWizard/screen_SplitPaymentEntry/btn_AddSplit' is clicked on

2023-08-06 22:48:36 - [MESSAGE][PASSED] - Object: 'Object Repository/BillingCenter/pge_BatchPaymentEntry/screen_MultiplePaymentWizard/screen_SplitPaymentEntry/btn_AddSplit' is clicked on

2023-08-06 22:48:36 - [TEST_STEP][PASSED] - verifyElementVisible(findTestObject("BillingCenter/pge_BatchPaymentEntry/screen_MultiplePaymentWizard/screen_SplitPaymentEntry/lst_SplitTypePaymentAgency"), CONTINUE_ON_FAILURE): Object 'Object Repository/BillingCenter/pge_BatchPaymentEntry/screen_MultiplePaymentWizard/screen_SplitPaymentEntry/lst_SplitTypePaymentAgency' is visible

2023-08-06 22:48:37 - [MESSAGE][PASSED] - Object 'Object Repository/BillingCenter/pge_BatchPaymentEntry/screen_MultiplePaymentWizard/screen_SplitPaymentEntry/lst_SplitTypePaymentAgency' is visible

2023-08-06 22:48:37 - [TEST_STEP][PASSED] - selectOptionByLabel(findTestObject("BillingCenter/pge_BatchPaymentEntry/screen_MultiplePaymentWizard/screen_SplitPaymentEntry/lst_SplitTypePaymentAgency"), SplitTypePayment, false, CONTINUE_ON_FAILURE): All options with label 'Payment' are selected in object 'Object Repository/BillingCenter/pge_BatchPaymentEntry/screen_MultiplePaymentWizard/screen_SplitPaymentEntry/lst_SplitTypePaymentAgency' 

2023-08-06 22:48:37 - [MESSAGE][PASSED] - All options with label 'Payment' are selected in object 'Object Repository/BillingCenter/pge_BatchPaymentEntry/screen_MultiplePaymentWizard/screen_SplitPaymentEntry/lst_SplitTypePaymentAgency' 

2023-08-06 22:48:37 - [TEST_STEP][PASSED] - verifyElementVisible(findTestObject("BillingCenter/pge_BatchPaymentEntry/screen_MultiplePaymentWizard/screen_SplitPaymentEntry/txt_SplitAgency")): Object 'Object Repository/BillingCenter/pge_BatchPaymentEntry/screen_MultiplePaymentWizard/screen_SplitPaymentEntry/txt_SplitAgency' is visible

2023-08-06 22:48:38 - [MESSAGE][PASSED] - Object 'Object Repository/BillingCenter/pge_BatchPaymentEntry/screen_MultiplePaymentWizard/screen_SplitPaymentEntry/txt_SplitAgency' is visible

2023-08-06 22:48:38 - [TEST_STEP][PASSED] - setText(findTestObject("BillingCenter/pge_BatchPaymentEntry/screen_MultiplePaymentWizard/screen_SplitPaymentEntry/txt_SplitAgency"), SplitAgency, CONTINUE_ON_FAILURE): Text 'C0010' is set on object 'Object Repository/BillingCenter/pge_BatchPaymentEntry/screen_MultiplePaymentWizard/screen_SplitPaymentEntry/txt_SplitAgency'

2023-08-06 22:48:39 - [MESSAGE][PASSED] - Text 'C0010' is set on object 'Object Repository/BillingCenter/pge_BatchPaymentEntry/screen_MultiplePaymentWizard/screen_SplitPaymentEntry/txt_SplitAgency'

2023-08-06 22:48:39 - [TEST_STEP][PASSED] - sendKeys(findTestObject("BillingCenter/pge_BatchPaymentEntry/screen_MultiplePaymentWizard/screen_SplitPaymentEntry/txt_SplitAgency"), Keys.chord(TAB), CONTINUE_ON_FAILURE): Keys 'TAB + ' sent to object: 'Object Repository/BillingCenter/pge_BatchPaymentEntry/screen_MultiplePaymentWizard/screen_SplitPaymentEntry/txt_SplitAgency'

2023-08-06 22:48:39 - [MESSAGE][PASSED] - Keys 'TAB + ' sent to object: 'Object Repository/BillingCenter/pge_BatchPaymentEntry/screen_MultiplePaymentWizard/screen_SplitPaymentEntry/txt_SplitAgency'

2023-08-06 22:48:39 - [TEST_STEP][PASSED] - verifyElementVisible(findTestObject("BillingCenter/pge_BatchPaymentEntry/screen_MultiplePaymentWizard/screen_SplitPaymentEntry/txt_SplitAgencyAmount")): Object 'Object Repository/BillingCenter/pge_BatchPaymentEntry/screen_MultiplePaymentWizard/screen_SplitPaymentEntry/txt_SplitAgencyAmount' is visible

2023-08-06 22:48:40 - [MESSAGE][PASSED] - Object 'Object Repository/BillingCenter/pge_BatchPaymentEntry/screen_MultiplePaymentWizard/screen_SplitPaymentEntry/txt_SplitAgencyAmount' is visible

2023-08-06 22:48:40 - [TEST_STEP][PASSED] - clearText(findTestObject("BillingCenter/pge_BatchPaymentEntry/screen_MultiplePaymentWizard/screen_SplitPaymentEntry/txt_SplitAgencyAmount")): Text of object 'Object Repository/BillingCenter/pge_BatchPaymentEntry/screen_MultiplePaymentWizard/screen_SplitPaymentEntry/txt_SplitAgencyAmount' is cleared

2023-08-06 22:48:40 - [MESSAGE][PASSED] - Text of object 'Object Repository/BillingCenter/pge_BatchPaymentEntry/screen_MultiplePaymentWizard/screen_SplitPaymentEntry/txt_SplitAgencyAmount' is cleared

2023-08-06 22:48:40 - [TEST_STEP][PASSED] - setText(findTestObject("BillingCenter/pge_BatchPaymentEntry/screen_MultiplePaymentWizard/screen_SplitPaymentEntry/txt_SplitAgencyAmount"), SplitAgencyAmount, CONTINUE_ON_FAILURE): Text '10' is set on object 'Object Repository/BillingCenter/pge_BatchPaymentEntry/screen_MultiplePaymentWizard/screen_SplitPaymentEntry/txt_SplitAgencyAmount'

2023-08-06 22:48:41 - [MESSAGE][PASSED] - Text '10' is set on object 'Object Repository/BillingCenter/pge_BatchPaymentEntry/screen_MultiplePaymentWizard/screen_SplitPaymentEntry/txt_SplitAgencyAmount'

2023-08-06 22:48:41 - [TEST_STEP][PASSED] - sendKeys(findTestObject("BillingCenter/pge_BatchPaymentEntry/screen_MultiplePaymentWizard/screen_SplitPaymentEntry/txt_SplitAgencyAmount"), Keys.chord(TAB)): Keys 'TAB + ' sent to object: 'Object Repository/BillingCenter/pge_BatchPaymentEntry/screen_MultiplePaymentWizard/screen_SplitPaymentEntry/txt_SplitAgencyAmount'

2023-08-06 22:48:41 - [MESSAGE][PASSED] - Keys 'TAB + ' sent to object: 'Object Repository/BillingCenter/pge_BatchPaymentEntry/screen_MultiplePaymentWizard/screen_SplitPaymentEntry/txt_SplitAgencyAmount'

2023-08-06 22:48:41 - [TEST_STEP][PASSED] - verifyElementVisible(findTestObject("BillingCenter/pge_BatchPaymentEntry/screen_MultiplePaymentWizard/screen_SplitPaymentEntry/txt_SplitAgencyDescription"), CONTINUE_ON_FAILURE): Object 'Object Repository/BillingCenter/pge_BatchPaymentEntry/screen_MultiplePaymentWizard/screen_SplitPaymentEntry/txt_SplitAgencyDescription' is visible

2023-08-06 22:48:42 - [MESSAGE][PASSED] - Object 'Object Repository/BillingCenter/pge_BatchPaymentEntry/screen_MultiplePaymentWizard/screen_SplitPaymentEntry/txt_SplitAgencyDescription' is visible

2023-08-06 22:48:42 - [TEST_STEP][PASSED] - setText(findTestObject("BillingCenter/pge_BatchPaymentEntry/screen_MultiplePaymentWizard/screen_SplitPaymentEntry/txt_SplitAgencyDescription"), SplitAgencyDescription, CONTINUE_ON_FAILURE): Text 'Payment on Agency level' is set on object 'Object Repository/BillingCenter/pge_BatchPaymentEntry/screen_MultiplePaymentWizard/screen_SplitPaymentEntry/txt_SplitAgencyDescription'

2023-08-06 22:48:43 - [MESSAGE][PASSED] - Text 'Payment on Agency level' is set on object 'Object Repository/BillingCenter/pge_BatchPaymentEntry/screen_MultiplePaymentWizard/screen_SplitPaymentEntry/txt_SplitAgencyDescription'

2023-08-06 22:48:43 - [TEST_STEP][PASSED] - verifyElementVisible(findTestObject("BillingCenter/pge_BatchPaymentEntry/screen_MultiplePaymentWizard/screen_SplitPaymentEntry/btn_AddSplit"), CONTINUE_ON_FAILURE): Object 'Object Repository/BillingCenter/pge_BatchPaymentEntry/screen_MultiplePaymentWizard/screen_SplitPaymentEntry/btn_AddSplit' is visible

2023-08-06 22:48:43 - [MESSAGE][PASSED] - Object 'Object Repository/BillingCenter/pge_BatchPaymentEntry/screen_MultiplePaymentWizard/screen_SplitPaymentEntry/btn_AddSplit' is visible

2023-08-06 22:48:43 - [TEST_STEP][PASSED] - click(findTestObject("BillingCenter/pge_BatchPaymentEntry/screen_MultiplePaymentWizard/screen_SplitPaymentEntry/btn_AddSplit"), CONTINUE_ON_FAILURE): Object: 'Object Repository/BillingCenter/pge_BatchPaymentEntry/screen_MultiplePaymentWizard/screen_SplitPaymentEntry/btn_AddSplit' is clicked on

2023-08-06 22:48:43 - [MESSAGE][PASSED] - Object: 'Object Repository/BillingCenter/pge_BatchPaymentEntry/screen_MultiplePaymentWizard/screen_SplitPaymentEntry/btn_AddSplit' is clicked on

2023-08-06 22:48:43 - [TEST_STEP][PASSED] - verifyElementVisible(findTestObject("BillingCenter/pge_BatchPaymentEntry/screen_MultiplePaymentWizard/screen_SplitPaymentEntry/lst_SplitTypePaymentAgencyStatement"), CONTINUE_ON_FAILURE): Object 'Object Repository/BillingCenter/pge_BatchPaymentEntry/screen_MultiplePaymentWizard/screen_SplitPaymentEntry/lst_SplitTypePaymentAgencyStatement' is visible

2023-08-06 22:48:44 - [MESSAGE][PASSED] - Object 'Object Repository/BillingCenter/pge_BatchPaymentEntry/screen_MultiplePaymentWizard/screen_SplitPaymentEntry/lst_SplitTypePaymentAgencyStatement' is visible

2023-08-06 22:48:44 - [TEST_STEP][PASSED] - selectOptionByLabel(findTestObject("BillingCenter/pge_BatchPaymentEntry/screen_MultiplePaymentWizard/screen_SplitPaymentEntry/lst_SplitTypePaymentAgencyStatement"), SplitTypePayment, false, CONTINUE_ON_FAILURE): All options with label 'Payment' are selected in object 'Object Repository/BillingCenter/pge_BatchPaymentEntry/screen_MultiplePaymentWizard/screen_SplitPaymentEntry/lst_SplitTypePaymentAgencyStatement' 

2023-08-06 22:48:45 - [MESSAGE][PASSED] - All options with label 'Payment' are selected in object 'Object Repository/BillingCenter/pge_BatchPaymentEntry/screen_MultiplePaymentWizard/screen_SplitPaymentEntry/lst_SplitTypePaymentAgencyStatement' 

2023-08-06 22:48:45 - [TEST_STEP][PASSED] - verifyElementVisible(findTestObject("BillingCenter/pge_BatchPaymentEntry/screen_MultiplePaymentWizard/screen_SplitPaymentEntry/txt_SplitAgencyCode_ABStatement")): Object 'Object Repository/BillingCenter/pge_BatchPaymentEntry/screen_MultiplePaymentWizard/screen_SplitPaymentEntry/txt_SplitAgencyCode_ABStatement' is visible

2023-08-06 22:48:45 - [MESSAGE][PASSED] - Object 'Object Repository/BillingCenter/pge_BatchPaymentEntry/screen_MultiplePaymentWizard/screen_SplitPaymentEntry/txt_SplitAgencyCode_ABStatement' is visible

2023-08-06 22:48:45 - [TEST_STEP][PASSED] - setText(findTestObject("BillingCenter/pge_BatchPaymentEntry/screen_MultiplePaymentWizard/screen_SplitPaymentEntry/txt_SplitAgencyCode_ABStatement"), SplitAgency, CONTINUE_ON_FAILURE): Text 'C0010' is set on object 'Object Repository/BillingCenter/pge_BatchPaymentEntry/screen_MultiplePaymentWizard/screen_SplitPaymentEntry/txt_SplitAgencyCode_ABStatement'

2023-08-06 22:48:46 - [MESSAGE][PASSED] - Text 'C0010' is set on object 'Object Repository/BillingCenter/pge_BatchPaymentEntry/screen_MultiplePaymentWizard/screen_SplitPaymentEntry/txt_SplitAgencyCode_ABStatement'

2023-08-06 22:48:46 - [TEST_STEP][PASSED] - sendKeys(findTestObject("BillingCenter/pge_BatchPaymentEntry/screen_MultiplePaymentWizard/screen_SplitPaymentEntry/txt_SplitAgencyCode_ABStatement"), Keys.chord(TAB), CONTINUE_ON_FAILURE): Keys 'TAB + ' sent to object: 'Object Repository/BillingCenter/pge_BatchPaymentEntry/screen_MultiplePaymentWizard/screen_SplitPaymentEntry/txt_SplitAgencyCode_ABStatement'

2023-08-06 22:48:47 - [MESSAGE][PASSED] - Keys 'TAB + ' sent to object: 'Object Repository/BillingCenter/pge_BatchPaymentEntry/screen_MultiplePaymentWizard/screen_SplitPaymentEntry/txt_SplitAgencyCode_ABStatement'

2023-08-06 22:48:47 - [TEST_STEP][PASSED] - verifyElementVisible(findTestObject("BillingCenter/pge_BatchPaymentEntry/screen_MultiplePaymentWizard/screen_SplitPaymentEntry/txt_SplitAgencyStatement")): Object 'Object Repository/BillingCenter/pge_BatchPaymentEntry/screen_MultiplePaymentWizard/screen_SplitPaymentEntry/txt_SplitAgencyStatement' is visible

2023-08-06 22:48:47 - [MESSAGE][PASSED] - Object 'Object Repository/BillingCenter/pge_BatchPaymentEntry/screen_MultiplePaymentWizard/screen_SplitPaymentEntry/txt_SplitAgencyStatement' is visible

2023-08-06 22:48:47 - [TEST_STEP][PASSED] - setText(findTestObject("BillingCenter/pge_BatchPaymentEntry/screen_MultiplePaymentWizard/screen_SplitPaymentEntry/txt_SplitAgencyStatement"), SplitAgencyStatement, CONTINUE_ON_FAILURE): Text '7000000111' is set on object 'Object Repository/BillingCenter/pge_BatchPaymentEntry/screen_MultiplePaymentWizard/screen_SplitPaymentEntry/txt_SplitAgencyStatement'

2023-08-06 22:48:48 - [MESSAGE][PASSED] - Text '7000000111' is set on object 'Object Repository/BillingCenter/pge_BatchPaymentEntry/screen_MultiplePaymentWizard/screen_SplitPaymentEntry/txt_SplitAgencyStatement'

2023-08-06 22:48:48 - [TEST_STEP][PASSED] - sendKeys(findTestObject("BillingCenter/pge_BatchPaymentEntry/screen_MultiplePaymentWizard/screen_SplitPaymentEntry/txt_SplitAgencyStatement"), Keys.chord(TAB), CONTINUE_ON_FAILURE): Keys 'TAB + ' sent to object: 'Object Repository/BillingCenter/pge_BatchPaymentEntry/screen_MultiplePaymentWizard/screen_SplitPaymentEntry/txt_SplitAgencyStatement'

2023-08-06 22:48:48 - [MESSAGE][PASSED] - Keys 'TAB + ' sent to object: 'Object Repository/BillingCenter/pge_BatchPaymentEntry/screen_MultiplePaymentWizard/screen_SplitPaymentEntry/txt_SplitAgencyStatement'

2023-08-06 22:48:48 - [TEST_STEP][PASSED] - verifyElementVisible(findTestObject("BillingCenter/pge_BatchPaymentEntry/screen_MultiplePaymentWizard/screen_SplitPaymentEntry/txt_SplitAgencyStatementAmount")): Object 'Object Repository/BillingCenter/pge_BatchPaymentEntry/screen_MultiplePaymentWizard/screen_SplitPaymentEntry/txt_SplitAgencyStatementAmount' is visible

2023-08-06 22:48:49 - [MESSAGE][PASSED] - Object 'Object Repository/BillingCenter/pge_BatchPaymentEntry/screen_MultiplePaymentWizard/screen_SplitPaymentEntry/txt_SplitAgencyStatementAmount' is visible

2023-08-06 22:48:49 - [TEST_STEP][PASSED] - clearText(findTestObject("BillingCenter/pge_BatchPaymentEntry/screen_MultiplePaymentWizard/screen_SplitPaymentEntry/txt_SplitAgencyStatementAmount")): Text of object 'Object Repository/BillingCenter/pge_BatchPaymentEntry/screen_MultiplePaymentWizard/screen_SplitPaymentEntry/txt_SplitAgencyStatementAmount' is cleared

2023-08-06 22:48:49 - [MESSAGE][PASSED] - Text of object 'Object Repository/BillingCenter/pge_BatchPaymentEntry/screen_MultiplePaymentWizard/screen_SplitPaymentEntry/txt_SplitAgencyStatementAmount' is cleared

2023-08-06 22:48:49 - [TEST_STEP][PASSED] - setText(findTestObject("BillingCenter/pge_BatchPaymentEntry/screen_MultiplePaymentWizard/screen_SplitPaymentEntry/txt_SplitAgencyStatementAmount"), SplitAgencyAmount, CONTINUE_ON_FAILURE): Text '10' is set on object 'Object Repository/BillingCenter/pge_BatchPaymentEntry/screen_MultiplePaymentWizard/screen_SplitPaymentEntry/txt_SplitAgencyStatementAmount'

2023-08-06 22:48:50 - [MESSAGE][PASSED] - Text '10' is set on object 'Object Repository/BillingCenter/pge_BatchPaymentEntry/screen_MultiplePaymentWizard/screen_SplitPaymentEntry/txt_SplitAgencyStatementAmount'

2023-08-06 22:48:50 - [TEST_STEP][PASSED] - sendKeys(findTestObject("BillingCenter/pge_BatchPaymentEntry/screen_MultiplePaymentWizard/screen_SplitPaymentEntry/txt_SplitAgencyStatementAmount"), Keys.chord(TAB)): Keys 'TAB + ' sent to object: 'Object Repository/BillingCenter/pge_BatchPaymentEntry/screen_MultiplePaymentWizard/screen_SplitPaymentEntry/txt_SplitAgencyStatementAmount'

2023-08-06 22:48:51 - [MESSAGE][PASSED] - Keys 'TAB + ' sent to object: 'Object Repository/BillingCenter/pge_BatchPaymentEntry/screen_MultiplePaymentWizard/screen_SplitPaymentEntry/txt_SplitAgencyStatementAmount'

2023-08-06 22:48:51 - [TEST_STEP][PASSED] - verifyElementVisible(findTestObject("BillingCenter/pge_BatchPaymentEntry/screen_MultiplePaymentWizard/screen_SplitPaymentEntry/txt_SplitAgencyStatementDescription"), CONTINUE_ON_FAILURE): Object 'Object Repository/BillingCenter/pge_BatchPaymentEntry/screen_MultiplePaymentWizard/screen_SplitPaymentEntry/txt_SplitAgencyStatementDescription' is visible

2023-08-06 22:48:51 - [MESSAGE][PASSED] - Object 'Object Repository/BillingCenter/pge_BatchPaymentEntry/screen_MultiplePaymentWizard/screen_SplitPaymentEntry/txt_SplitAgencyStatementDescription' is visible

2023-08-06 22:48:51 - [TEST_STEP][PASSED] - setText(findTestObject("BillingCenter/pge_BatchPaymentEntry/screen_MultiplePaymentWizard/screen_SplitPaymentEntry/txt_SplitAgencyStatementDescription"), SplitAgencyStatementDescription, CONTINUE_ON_FAILURE): Text 'Payment on Agency Statement level' is set on object 'Object Repository/BillingCenter/pge_BatchPaymentEntry/screen_MultiplePaymentWizard/screen_SplitPaymentEntry/txt_SplitAgencyStatementDescription'

2023-08-06 22:48:52 - [MESSAGE][PASSED] - Text 'Payment on Agency Statement level' is set on object 'Object Repository/BillingCenter/pge_BatchPaymentEntry/screen_MultiplePaymentWizard/screen_SplitPaymentEntry/txt_SplitAgencyStatementDescription'

2023-08-06 22:48:52 - [TEST_STEP][PASSED] - verifyElementVisible(findTestObject("BillingCenter/pge_BatchPaymentEntry/screen_MultiplePaymentWizard/screen_SplitPaymentEntry/btn_AddSplit"), CONTINUE_ON_FAILURE): Object 'Object Repository/BillingCenter/pge_BatchPaymentEntry/screen_MultiplePaymentWizard/screen_SplitPaymentEntry/btn_AddSplit' is visible

2023-08-06 22:48:52 - [MESSAGE][PASSED] - Object 'Object Repository/BillingCenter/pge_BatchPaymentEntry/screen_MultiplePaymentWizard/screen_SplitPaymentEntry/btn_AddSplit' is visible

2023-08-06 22:48:52 - [TEST_STEP][PASSED] - click(findTestObject("BillingCenter/pge_BatchPaymentEntry/screen_MultiplePaymentWizard/screen_SplitPaymentEntry/btn_AddSplit"), CONTINUE_ON_FAILURE): Object: 'Object Repository/BillingCenter/pge_BatchPaymentEntry/screen_MultiplePaymentWizard/screen_SplitPaymentEntry/btn_AddSplit' is clicked on

2023-08-06 22:48:53 - [MESSAGE][PASSED] - Object: 'Object Repository/BillingCenter/pge_BatchPaymentEntry/screen_MultiplePaymentWizard/screen_SplitPaymentEntry/btn_AddSplit' is clicked on

2023-08-06 22:48:53 - [TEST_STEP][PASSED] - verifyElementVisible(findTestObject("BillingCenter/pge_BatchPaymentEntry/screen_MultiplePaymentWizard/screen_SplitPaymentEntry/lst_SplitTypePaymentAgencyDBComm"), CONTINUE_ON_FAILURE): Object 'Object Repository/BillingCenter/pge_BatchPaymentEntry/screen_MultiplePaymentWizard/screen_SplitPaymentEntry/lst_SplitTypePaymentAgencyDBComm' is visible

2023-08-06 22:48:54 - [MESSAGE][PASSED] - Object 'Object Repository/BillingCenter/pge_BatchPaymentEntry/screen_MultiplePaymentWizard/screen_SplitPaymentEntry/lst_SplitTypePaymentAgencyDBComm' is visible

2023-08-06 22:48:54 - [TEST_STEP][PASSED] - selectOptionByLabel(findTestObject("BillingCenter/pge_BatchPaymentEntry/screen_MultiplePaymentWizard/screen_SplitPaymentEntry/lst_SplitTypePaymentAgencyDBComm"), SplitTypePayment, false, CONTINUE_ON_FAILURE): All options with label 'Payment' are selected in object 'Object Repository/BillingCenter/pge_BatchPaymentEntry/screen_MultiplePaymentWizard/screen_SplitPaymentEntry/lst_SplitTypePaymentAgencyDBComm' 

2023-08-06 22:48:54 - [MESSAGE][PASSED] - All options with label 'Payment' are selected in object 'Object Repository/BillingCenter/pge_BatchPaymentEntry/screen_MultiplePaymentWizard/screen_SplitPaymentEntry/lst_SplitTypePaymentAgencyDBComm' 

2023-08-06 22:48:54 - [TEST_STEP][PASSED] - verifyElementVisible(findTestObject("BillingCenter/pge_BatchPaymentEntry/screen_MultiplePaymentWizard/screen_SplitPaymentEntry/txt_SplitAgencyCode_DBStatement")): Object 'Object Repository/BillingCenter/pge_BatchPaymentEntry/screen_MultiplePaymentWizard/screen_SplitPaymentEntry/txt_SplitAgencyCode_DBStatement' is visible

2023-08-06 22:48:55 - [MESSAGE][PASSED] - Object 'Object Repository/BillingCenter/pge_BatchPaymentEntry/screen_MultiplePaymentWizard/screen_SplitPaymentEntry/txt_SplitAgencyCode_DBStatement' is visible

2023-08-06 22:48:55 - [TEST_STEP][PASSED] - setText(findTestObject("BillingCenter/pge_BatchPaymentEntry/screen_MultiplePaymentWizard/screen_SplitPaymentEntry/txt_SplitAgencyCode_DBStatement"), SplitAgency, CONTINUE_ON_FAILURE): Text 'C0010' is set on object 'Object Repository/BillingCenter/pge_BatchPaymentEntry/screen_MultiplePaymentWizard/screen_SplitPaymentEntry/txt_SplitAgencyCode_DBStatement'

2023-08-06 22:48:56 - [MESSAGE][PASSED] - Text 'C0010' is set on object 'Object Repository/BillingCenter/pge_BatchPaymentEntry/screen_MultiplePaymentWizard/screen_SplitPaymentEntry/txt_SplitAgencyCode_DBStatement'

2023-08-06 22:48:56 - [TEST_STEP][PASSED] - sendKeys(findTestObject("BillingCenter/pge_BatchPaymentEntry/screen_MultiplePaymentWizard/screen_SplitPaymentEntry/txt_SplitAgencyCode_DBStatement"), Keys.chord(TAB), CONTINUE_ON_FAILURE): Keys 'TAB + ' sent to object: 'Object Repository/BillingCenter/pge_BatchPaymentEntry/screen_MultiplePaymentWizard/screen_SplitPaymentEntry/txt_SplitAgencyCode_DBStatement'

2023-08-06 22:48:56 - [MESSAGE][PASSED] - Keys 'TAB + ' sent to object: 'Object Repository/BillingCenter/pge_BatchPaymentEntry/screen_MultiplePaymentWizard/screen_SplitPaymentEntry/txt_SplitAgencyCode_DBStatement'

2023-08-06 22:48:56 - [TEST_STEP][PASSED] - verifyElementVisible(findTestObject("BillingCenter/pge_BatchPaymentEntry/screen_MultiplePaymentWizard/screen_SplitPaymentEntry/chk_SplitAgencyDBComm")): Object 'Object Repository/BillingCenter/pge_BatchPaymentEntry/screen_MultiplePaymentWizard/screen_SplitPaymentEntry/chk_SplitAgencyDBComm' is visible

2023-08-06 22:48:57 - [MESSAGE][PASSED] - Object 'Object Repository/BillingCenter/pge_BatchPaymentEntry/screen_MultiplePaymentWizard/screen_SplitPaymentEntry/chk_SplitAgencyDBComm' is visible

2023-08-06 22:48:57 - [TEST_STEP][PASSED] - check(findTestObject("BillingCenter/pge_BatchPaymentEntry/screen_MultiplePaymentWizard/screen_SplitPaymentEntry/chk_SplitAgencyDBComm")): Object 'Object Repository/BillingCenter/pge_BatchPaymentEntry/screen_MultiplePaymentWizard/screen_SplitPaymentEntry/chk_SplitAgencyDBComm' is checked

2023-08-06 22:48:58 - [MESSAGE][PASSED] - Object 'Object Repository/BillingCenter/pge_BatchPaymentEntry/screen_MultiplePaymentWizard/screen_SplitPaymentEntry/chk_SplitAgencyDBComm' is checked

2023-08-06 22:48:58 - [TEST_STEP][PASSED] - verifyElementChecked(findTestObject("BillingCenter/pge_BatchPaymentEntry/screen_MultiplePaymentWizard/screen_SplitPaymentEntry/chk_SplitAgencyDBComm"), 0, CONTINUE_ON_FAILURE): Object 'Object Repository/BillingCenter/pge_BatchPaymentEntry/screen_MultiplePaymentWizard/screen_SplitPaymentEntry/chk_SplitAgencyDBComm' is checked

2023-08-06 22:48:58 - [MESSAGE][WARNING] - Timeout '0' is invalid. Using default page load timeout: '2'

2023-08-06 22:48:59 - [MESSAGE][PASSED] - Object 'Object Repository/BillingCenter/pge_BatchPaymentEntry/screen_MultiplePaymentWizard/screen_SplitPaymentEntry/chk_SplitAgencyDBComm' is checked

2023-08-06 22:48:59 - [TEST_STEP][PASSED] - verifyElementVisible(findTestObject("BillingCenter/pge_BatchPaymentEntry/screen_MultiplePaymentWizard/screen_SplitPaymentEntry/txt_SplitAgencyDBCommAmount")): Object 'Object Repository/BillingCenter/pge_BatchPaymentEntry/screen_MultiplePaymentWizard/screen_SplitPaymentEntry/txt_SplitAgencyDBCommAmount' is visible

2023-08-06 22:48:59 - [MESSAGE][PASSED] - Object 'Object Repository/BillingCenter/pge_BatchPaymentEntry/screen_MultiplePaymentWizard/screen_SplitPaymentEntry/txt_SplitAgencyDBCommAmount' is visible

2023-08-06 22:48:59 - [TEST_STEP][PASSED] - clearText(findTestObject("BillingCenter/pge_BatchPaymentEntry/screen_MultiplePaymentWizard/screen_SplitPaymentEntry/txt_SplitAgencyDBCommAmount")): Text of object 'Object Repository/BillingCenter/pge_BatchPaymentEntry/screen_MultiplePaymentWizard/screen_SplitPaymentEntry/txt_SplitAgencyDBCommAmount' is cleared

2023-08-06 22:48:59 - [MESSAGE][PASSED] - Text of object 'Object Repository/BillingCenter/pge_BatchPaymentEntry/screen_MultiplePaymentWizard/screen_SplitPaymentEntry/txt_SplitAgencyDBCommAmount' is cleared

2023-08-06 22:48:59 - [TEST_STEP][PASSED] - setText(findTestObject("BillingCenter/pge_BatchPaymentEntry/screen_MultiplePaymentWizard/screen_SplitPaymentEntry/txt_SplitAgencyDBCommAmount"), SplitAgencyDBCommAmount, CONTINUE_ON_FAILURE): Text '10' is set on object 'Object Repository/BillingCenter/pge_BatchPaymentEntry/screen_MultiplePaymentWizard/screen_SplitPaymentEntry/txt_SplitAgencyDBCommAmount'

2023-08-06 22:49:00 - [MESSAGE][PASSED] - Text '10' is set on object 'Object Repository/BillingCenter/pge_BatchPaymentEntry/screen_MultiplePaymentWizard/screen_SplitPaymentEntry/txt_SplitAgencyDBCommAmount'

2023-08-06 22:49:00 - [TEST_STEP][PASSED] - sendKeys(findTestObject("BillingCenter/pge_BatchPaymentEntry/screen_MultiplePaymentWizard/screen_SplitPaymentEntry/txt_SplitAgencyDBCommAmount"), Keys.chord(TAB)): Keys 'TAB + ' sent to object: 'Object Repository/BillingCenter/pge_BatchPaymentEntry/screen_MultiplePaymentWizard/screen_SplitPaymentEntry/txt_SplitAgencyDBCommAmount'

2023-08-06 22:49:00 - [MESSAGE][PASSED] - Keys 'TAB + ' sent to object: 'Object Repository/BillingCenter/pge_BatchPaymentEntry/screen_MultiplePaymentWizard/screen_SplitPaymentEntry/txt_SplitAgencyDBCommAmount'

2023-08-06 22:49:00 - [TEST_STEP][PASSED] - verifyElementVisible(findTestObject("BillingCenter/pge_BatchPaymentEntry/screen_MultiplePaymentWizard/screen_SplitPaymentEntry/txt_SplitAgencyDBCommDescription"), CONTINUE_ON_FAILURE): Object 'Object Repository/BillingCenter/pge_BatchPaymentEntry/screen_MultiplePaymentWizard/screen_SplitPaymentEntry/txt_SplitAgencyDBCommDescription' is visible

2023-08-06 22:49:01 - [MESSAGE][PASSED] - Object 'Object Repository/BillingCenter/pge_BatchPaymentEntry/screen_MultiplePaymentWizard/screen_SplitPaymentEntry/txt_SplitAgencyDBCommDescription' is visible

2023-08-06 22:49:01 - [TEST_STEP][PASSED] - setText(findTestObject("BillingCenter/pge_BatchPaymentEntry/screen_MultiplePaymentWizard/screen_SplitPaymentEntry/txt_SplitAgencyDBCommDescription"), SplitAgencyDBCommDescription, CONTINUE_ON_FAILURE): Text 'Payment on Agency DB Commission' is set on object 'Object Repository/BillingCenter/pge_BatchPaymentEntry/screen_MultiplePaymentWizard/screen_SplitPaymentEntry/txt_SplitAgencyDBCommDescription'

2023-08-06 22:49:02 - [MESSAGE][PASSED] - Text 'Payment on Agency DB Commission' is set on object 'Object Repository/BillingCenter/pge_BatchPaymentEntry/screen_MultiplePaymentWizard/screen_SplitPaymentEntry/txt_SplitAgencyDBCommDescription'

2023-08-06 22:49:02 - [TEST_STEP][PASSED] - verifyElementVisible(findTestObject("BillingCenter/pge_BatchPaymentEntry/screen_MultiplePaymentWizard/screen_SplitPaymentEntry/btn_AddSplit"), CONTINUE_ON_FAILURE): Object 'Object Repository/BillingCenter/pge_BatchPaymentEntry/screen_MultiplePaymentWizard/screen_SplitPaymentEntry/btn_AddSplit' is visible

2023-08-06 22:49:02 - [MESSAGE][PASSED] - Object 'Object Repository/BillingCenter/pge_BatchPaymentEntry/screen_MultiplePaymentWizard/screen_SplitPaymentEntry/btn_AddSplit' is visible

2023-08-06 22:49:02 - [TEST_STEP][PASSED] - click(findTestObject("BillingCenter/pge_BatchPaymentEntry/screen_MultiplePaymentWizard/screen_SplitPaymentEntry/btn_AddSplit"), CONTINUE_ON_FAILURE): Object: 'Object Repository/BillingCenter/pge_BatchPaymentEntry/screen_MultiplePaymentWizard/screen_SplitPaymentEntry/btn_AddSplit' is clicked on

2023-08-06 22:49:03 - [MESSAGE][PASSED] - Object: 'Object Repository/BillingCenter/pge_BatchPaymentEntry/screen_MultiplePaymentWizard/screen_SplitPaymentEntry/btn_AddSplit' is clicked on

2023-08-06 22:49:03 - [TEST_STEP][PASSED] - verifyElementVisible(findTestObject("BillingCenter/pge_BatchPaymentEntry/screen_MultiplePaymentWizard/screen_SplitPaymentEntry/lst_SplitTypeSuspense"), CONTINUE_ON_FAILURE): Object 'Object Repository/BillingCenter/pge_BatchPaymentEntry/screen_MultiplePaymentWizard/screen_SplitPaymentEntry/lst_SplitTypeSuspense' is visible

2023-08-06 22:49:03 - [MESSAGE][PASSED] - Object 'Object Repository/BillingCenter/pge_BatchPaymentEntry/screen_MultiplePaymentWizard/screen_SplitPaymentEntry/lst_SplitTypeSuspense' is visible

2023-08-06 22:49:03 - [TEST_STEP][PASSED] - selectOptionByLabel(findTestObject("BillingCenter/pge_BatchPaymentEntry/screen_MultiplePaymentWizard/screen_SplitPaymentEntry/lst_SplitTypeSuspense"), SplitTypeSuspense, false, CONTINUE_ON_FAILURE): All options with label 'Suspense' are selected in object 'Object Repository/BillingCenter/pge_BatchPaymentEntry/screen_MultiplePaymentWizard/screen_SplitPaymentEntry/lst_SplitTypeSuspense' 

2023-08-06 22:49:04 - [MESSAGE][PASSED] - All options with label 'Suspense' are selected in object 'Object Repository/BillingCenter/pge_BatchPaymentEntry/screen_MultiplePaymentWizard/screen_SplitPaymentEntry/lst_SplitTypeSuspense' 

2023-08-06 22:49:04 - [TEST_STEP][PASSED] - verifyElementVisible(findTestObject("BillingCenter/pge_BatchPaymentEntry/screen_MultiplePaymentWizard/screen_SplitPaymentEntry/txt_SplitSuspenseAmount")): Object 'Object Repository/BillingCenter/pge_BatchPaymentEntry/screen_MultiplePaymentWizard/screen_SplitPaymentEntry/txt_SplitSuspenseAmount' is visible

2023-08-06 22:49:05 - [MESSAGE][PASSED] - Object 'Object Repository/BillingCenter/pge_BatchPaymentEntry/screen_MultiplePaymentWizard/screen_SplitPaymentEntry/txt_SplitSuspenseAmount' is visible

2023-08-06 22:49:05 - [TEST_STEP][PASSED] - clearText(findTestObject("BillingCenter/pge_BatchPaymentEntry/screen_MultiplePaymentWizard/screen_SplitPaymentEntry/txt_SplitSuspenseAmount")): Text of object 'Object Repository/BillingCenter/pge_BatchPaymentEntry/screen_MultiplePaymentWizard/screen_SplitPaymentEntry/txt_SplitSuspenseAmount' is cleared

2023-08-06 22:49:05 - [MESSAGE][PASSED] - Text of object 'Object Repository/BillingCenter/pge_BatchPaymentEntry/screen_MultiplePaymentWizard/screen_SplitPaymentEntry/txt_SplitSuspenseAmount' is cleared

2023-08-06 22:49:05 - [TEST_STEP][PASSED] - setText(findTestObject("BillingCenter/pge_BatchPaymentEntry/screen_MultiplePaymentWizard/screen_SplitPaymentEntry/txt_SplitSuspenseAmount"), SplitSuspenseAmount, CONTINUE_ON_FAILURE): Text '10' is set on object 'Object Repository/BillingCenter/pge_BatchPaymentEntry/screen_MultiplePaymentWizard/screen_SplitPaymentEntry/txt_SplitSuspenseAmount'

2023-08-06 22:49:06 - [MESSAGE][PASSED] - Text '10' is set on object 'Object Repository/BillingCenter/pge_BatchPaymentEntry/screen_MultiplePaymentWizard/screen_SplitPaymentEntry/txt_SplitSuspenseAmount'

2023-08-06 22:49:06 - [TEST_STEP][PASSED] - sendKeys(findTestObject("BillingCenter/pge_BatchPaymentEntry/screen_MultiplePaymentWizard/screen_SplitPaymentEntry/txt_SplitSuspenseAmount"), Keys.chord(TAB)): Keys 'TAB + ' sent to object: 'Object Repository/BillingCenter/pge_BatchPaymentEntry/screen_MultiplePaymentWizard/screen_SplitPaymentEntry/txt_SplitSuspenseAmount'

2023-08-06 22:49:06 - [MESSAGE][PASSED] - Keys 'TAB + ' sent to object: 'Object Repository/BillingCenter/pge_BatchPaymentEntry/screen_MultiplePaymentWizard/screen_SplitPaymentEntry/txt_SplitSuspenseAmount'

2023-08-06 22:49:06 - [TEST_STEP][PASSED] - verifyElementVisible(findTestObject("BillingCenter/pge_BatchPaymentEntry/screen_MultiplePaymentWizard/screen_SplitPaymentEntry/txt_SplitSuspenseDescription"), CONTINUE_ON_FAILURE): Object 'Object Repository/BillingCenter/pge_BatchPaymentEntry/screen_MultiplePaymentWizard/screen_SplitPaymentEntry/txt_SplitSuspenseDescription' is visible

2023-08-06 22:49:07 - [MESSAGE][PASSED] - Object 'Object Repository/BillingCenter/pge_BatchPaymentEntry/screen_MultiplePaymentWizard/screen_SplitPaymentEntry/txt_SplitSuspenseDescription' is visible

2023-08-06 22:49:07 - [TEST_STEP][PASSED] - setText(findTestObject("BillingCenter/pge_BatchPaymentEntry/screen_MultiplePaymentWizard/screen_SplitPaymentEntry/txt_SplitSuspenseDescription"), SplitSuspenseDescription, CONTINUE_ON_FAILURE): Text 'Payment on suspense level' is set on object 'Object Repository/BillingCenter/pge_BatchPaymentEntry/screen_MultiplePaymentWizard/screen_SplitPaymentEntry/txt_SplitSuspenseDescription'

2023-08-06 22:49:08 - [MESSAGE][PASSED] - Text 'Payment on suspense level' is set on object 'Object Repository/BillingCenter/pge_BatchPaymentEntry/screen_MultiplePaymentWizard/screen_SplitPaymentEntry/txt_SplitSuspenseDescription'

2023-08-06 22:49:08 - [TEST_STEP][PASSED] - verifyElementVisible(findTestObject("BillingCenter/pge_BatchPaymentEntry/screen_MultiplePaymentWizard/screen_SplitPaymentEntry/btn_SplitOK"), CONTINUE_ON_FAILURE): Object 'Object Repository/BillingCenter/pge_BatchPaymentEntry/screen_MultiplePaymentWizard/screen_SplitPaymentEntry/btn_SplitOK' is visible

2023-08-06 22:49:08 - [MESSAGE][PASSED] - Object 'Object Repository/BillingCenter/pge_BatchPaymentEntry/screen_MultiplePaymentWizard/screen_SplitPaymentEntry/btn_SplitOK' is visible

2023-08-06 22:49:08 - [TEST_STEP][PASSED] - click(findTestObject("BillingCenter/pge_BatchPaymentEntry/screen_MultiplePaymentWizard/screen_SplitPaymentEntry/btn_SplitOK"), CONTINUE_ON_FAILURE): Object: 'Object Repository/BillingCenter/pge_BatchPaymentEntry/screen_MultiplePaymentWizard/screen_SplitPaymentEntry/btn_SplitOK' is clicked on

2023-08-06 22:49:09 - [MESSAGE][PASSED] - Object: 'Object Repository/BillingCenter/pge_BatchPaymentEntry/screen_MultiplePaymentWizard/screen_SplitPaymentEntry/btn_SplitOK' is clicked on

2023-08-06 22:49:09 - [TEST_STEP][PASSED] - waitForElementVisible(findTestObject("BillingCenter/pge_BatchPaymentEntry/screen_MultiplePaymentWizard/btn_Next"), 7, CONTINUE_ON_FAILURE): Object 'Object Repository/BillingCenter/pge_BatchPaymentEntry/screen_MultiplePaymentWizard/btn_Next' is visible

2023-08-06 22:49:10 - [MESSAGE][PASSED] - Object 'Object Repository/BillingCenter/pge_BatchPaymentEntry/screen_MultiplePaymentWizard/btn_Next' is visible

2023-08-06 22:49:10 - [TEST_STEP][PASSED] - click(findTestObject("BillingCenter/pge_BatchPaymentEntry/screen_MultiplePaymentWizard/btn_Next"), CONTINUE_ON_FAILURE): Object: 'Object Repository/BillingCenter/pge_BatchPaymentEntry/screen_MultiplePaymentWizard/btn_Next' is clicked on

2023-08-06 22:49:10 - [MESSAGE][PASSED] - Object: 'Object Repository/BillingCenter/pge_BatchPaymentEntry/screen_MultiplePaymentWizard/btn_Next' is clicked on

2023-08-06 22:49:10 - [TEST_STEP][PASSED] - BatchNumber = getText(findTestObject("BillingCenter/pge_BatchPaymentEntry/screen_MultiplePaymentWizard/val_BatchNumber"), CONTINUE_ON_FAILURE): Text of object 'Object Repository/BillingCenter/pge_BatchPaymentEntry/screen_MultiplePaymentWizard/val_BatchNumber' is: 'BA07172026-1436'

2023-08-06 22:49:11 - [MESSAGE][PASSED] - Text of object 'Object Repository/BillingCenter/pge_BatchPaymentEntry/screen_MultiplePaymentWizard/val_BatchNumber' is: 'BA07172026-1436'

2023-08-06 22:49:11 - [TEST_STEP][PASSED] - comment("Posted Payment Batch Number " + BatchNumber): Posted Payment Batch Number BA07172026-1436

2023-08-06 22:49:11 - [MESSAGE][INFO] - Posted Payment Batch Number BA07172026-1436

2023-08-06 22:49:11 - [TEST_STEP][PASSED] - CheckRef = getText(findTestObject("BillingCenter/pge_BatchPaymentEntry/screen_MultiplePaymentWizard/val_CheckRef"), CONTINUE_ON_FAILURE): Text of object 'Object Repository/BillingCenter/pge_BatchPaymentEntry/screen_MultiplePaymentWizard/val_CheckRef' is: '9887765432'

2023-08-06 22:49:11 - [MESSAGE][PASSED] - Text of object 'Object Repository/BillingCenter/pge_BatchPaymentEntry/screen_MultiplePaymentWizard/val_CheckRef' is: '9887765432'

2023-08-06 22:49:11 - [TEST_STEP][PASSED] - comment("Posted Payment CheckRef Number " + CheckRef): Posted Payment CheckRef Number 9887765432

2023-08-06 22:49:11 - [MESSAGE][INFO] - Posted Payment CheckRef Number 9887765432

2023-08-06 22:49:11 - [TEST_STEP][PASSED] - click(findTestObject("BillingCenter/pge_BatchPaymentEntry/screen_MultiplePaymentWizard/btn_Post"), CONTINUE_ON_FAILURE): Object: 'Object Repository/BillingCenter/pge_BatchPaymentEntry/screen_MultiplePaymentWizard/btn_Post' is clicked on

2023-08-06 22:49:12 - [MESSAGE][PASSED] - Object: 'Object Repository/BillingCenter/pge_BatchPaymentEntry/screen_MultiplePaymentWizard/btn_Post' is clicked on

2023-08-06 22:49:12 - [TEST_STEP][PASSED] - verifyElementPresent(findTestObject("BillingCenter/pge_BatchPaymentEntry/screen_BatchJobs/fld_GoTo_Quickjump"), 0, CONTINUE_ON_FAILURE): Object 'Object Repository/BillingCenter/pge_BatchPaymentEntry/screen_BatchJobs/fld_GoTo_Quickjump' is present

2023-08-06 22:49:12 - [MESSAGE][WARNING] - Timeout '0' is invalid. Using default page load timeout: '2'

2023-08-06 22:49:12 - [MESSAGE][PASSED] - Object 'Object Repository/BillingCenter/pge_BatchPaymentEntry/screen_BatchJobs/fld_GoTo_Quickjump' is present

2023-08-06 22:49:12 - [TEST_STEP][PASSED] - sendKeys(findTestObject("BillingCenter/pge_BatchPaymentEntry/screen_BatchJobs/fld_GoTo_Quickjump"), "runBatchProcess PostBatchPayment_sp", CONTINUE_ON_FAILURE): Keys 'runBatchProcess PostBatchPayment_sp' sent to object: 'Object Repository/BillingCenter/pge_BatchPaymentEntry/screen_BatchJobs/fld_GoTo_Quickjump'

2023-08-06 22:49:13 - [MESSAGE][PASSED] - Keys 'runBatchProcess PostBatchPayment_sp' sent to object: 'Object Repository/BillingCenter/pge_BatchPaymentEntry/screen_BatchJobs/fld_GoTo_Quickjump'

2023-08-06 22:49:13 - [TEST_STEP][PASSED] - sendKeys(findTestObject("BillingCenter/pge_BatchPaymentEntry/screen_BatchJobs/fld_GoTo_Quickjump"), Keys.chord(ENTER), CONTINUE_ON_FAILURE): Keys 'ENTER + ' sent to object: 'Object Repository/BillingCenter/pge_BatchPaymentEntry/screen_BatchJobs/fld_GoTo_Quickjump'

2023-08-06 22:49:13 - [MESSAGE][PASSED] - Keys 'ENTER + ' sent to object: 'Object Repository/BillingCenter/pge_BatchPaymentEntry/screen_BatchJobs/fld_GoTo_Quickjump'

2023-08-06 22:49:13 - [TEST_STEP][PASSED] - click(findTestObject("BillingCenter/pge_BatchPaymentEntry/screen_Verify_PostedPayments/lbl_DesktopOption"), CONTINUE_ON_FAILURE): Object: 'Object Repository/BillingCenter/pge_BatchPaymentEntry/screen_Verify_PostedPayments/lbl_DesktopOption' is clicked on

2023-08-06 22:49:15 - [MESSAGE][PASSED] - Object: 'Object Repository/BillingCenter/pge_BatchPaymentEntry/screen_Verify_PostedPayments/lbl_DesktopOption' is clicked on

2023-08-06 22:49:15 - [TEST_STEP][PASSED] - verifyElementVisible(findTestObject("BillingCenter/pge_BatchPaymentEntry/screen_MultiplePaymentWizard/opt_SuspensepPayment"), CONTINUE_ON_FAILURE): Object 'Object Repository/BillingCenter/pge_BatchPaymentEntry/screen_MultiplePaymentWizard/opt_SuspensepPayment' is visible

2023-08-06 22:49:15 - [MESSAGE][PASSED] - Object 'Object Repository/BillingCenter/pge_BatchPaymentEntry/screen_MultiplePaymentWizard/opt_SuspensepPayment' is visible

2023-08-06 22:49:15 - [TEST_STEP][PASSED] - click(findTestObject("BillingCenter/pge_BatchPaymentEntry/screen_MultiplePaymentWizard/opt_SuspensepPayment"), CONTINUE_ON_FAILURE): Object: 'Object Repository/BillingCenter/pge_BatchPaymentEntry/screen_MultiplePaymentWizard/opt_SuspensepPayment' is clicked on

2023-08-06 22:49:16 - [MESSAGE][PASSED] - Object: 'Object Repository/BillingCenter/pge_BatchPaymentEntry/screen_MultiplePaymentWizard/opt_SuspensepPayment' is clicked on

2023-08-06 22:49:16 - [TEST_STEP][PASSED] - driver = getWebDriver(): null

2023-08-06 22:49:16 - [TEST_STEP][PASSED] - Table = driver.findElement(By.xpath("//div[@id='DesktopSuspensePayments-DesktopSuspensePaymentsScreen-DesktopSuspensePaymentsLV']//tbody")): null

2023-08-06 22:49:16 - [TEST_STEP][PASSED] - elementsinColumn = gw.Table.getTableElementsByColumn(Table, 9): gw.Table.getTableElementsByColumn is PASSED

2023-08-06 22:49:22 - [MESSAGE][PASSED] - gw.Table.getTableElementsByColumn is PASSED

2023-08-06 22:49:22 - [TEST_STEP][PASSED] - comment("Elements after function call to getTableElementsByColumn " + elementsinColumn): Elements after function call to getTableElementsByColumn [Batch Number, , , BA07172026-1436, BA07172026-1432, BA07172026-1404, BA07172026-1400, BA07172026-1372, BA07172026-1368, BA07162026-1349, BA07162026-1281, BA07162026-1274, CA07162026-1270, BA07042026-1252, BA07042026-1248, BA03242026-1179, ]

2023-08-06 22:49:22 - [MESSAGE][INFO] - Elements after function call to getTableElementsByColumn [Batch Number, , , BA07172026-1436, BA07172026-1432, BA07172026-1404, BA07172026-1400, BA07172026-1372, BA07172026-1368, BA07162026-1349, BA07162026-1281, BA07162026-1274, CA07162026-1270, BA07042026-1252, BA07042026-1248, BA03242026-1179, ]

2023-08-06 22:49:22 - [TEST_STEP][PASSED] - if (elementsinColumn.contains(BatchNumber)): Suspense Payment Batch Number Found

2023-08-06 22:49:22 - [TEST_STEP][PASSED] - markPassed("Suspense Payment Batch Number Found"): Suspense Payment Batch Number Found

2023-08-06 22:49:22 - [MESSAGE][PASSED] - Suspense Payment Batch Number Found

2023-08-06 22:49:22 - [TEST_STEP][PASSED] - click(findTestObject("BillingCenter/pge_BatchPaymentEntry/screen_Verify_PostedPayments/opt_AccountSearch"), CONTINUE_ON_FAILURE): Object: 'Object Repository/BillingCenter/pge_BatchPaymentEntry/screen_Verify_PostedPayments/opt_AccountSearch' is clicked on

2023-08-06 22:49:22 - [MESSAGE][PASSED] - Object: 'Object Repository/BillingCenter/pge_BatchPaymentEntry/screen_Verify_PostedPayments/opt_AccountSearch' is clicked on

2023-08-06 22:49:22 - [TEST_STEP][PASSED] - sendKeys(findTestObject("BillingCenter/pge_BatchPaymentEntry/screen_Verify_PostedPayments/fld_SearchAccount"), SplitAccount, CONTINUE_ON_FAILURE): Keys '3062523' sent to object: 'Object Repository/BillingCenter/pge_BatchPaymentEntry/screen_Verify_PostedPayments/fld_SearchAccount'

2023-08-06 22:49:23 - [MESSAGE][PASSED] - Keys '3062523' sent to object: 'Object Repository/BillingCenter/pge_BatchPaymentEntry/screen_Verify_PostedPayments/fld_SearchAccount'

2023-08-06 22:49:23 - [TEST_STEP][PASSED] - click(findTestObject("BillingCenter/pge_BatchPaymentEntry/screen_Verify_PostedPayments/icon_SearchAccount"), CONTINUE_ON_FAILURE): Object: 'Object Repository/BillingCenter/pge_BatchPaymentEntry/screen_Verify_PostedPayments/icon_SearchAccount' is clicked on

2023-08-06 22:49:23 - [MESSAGE][PASSED] - Object: 'Object Repository/BillingCenter/pge_BatchPaymentEntry/screen_Verify_PostedPayments/icon_SearchAccount' is clicked on

2023-08-06 22:49:23 - [TEST_STEP][PASSED] - click(findTestObject("BillingCenter/pge_BatchPaymentEntry/screen_Verify_PostedPayments/icon_PaymentsDownArrow"), CONTINUE_ON_FAILURE): Object: 'Object Repository/BillingCenter/pge_BatchPaymentEntry/screen_Verify_PostedPayments/icon_PaymentsDownArrow' is clicked on

2023-08-06 22:49:24 - [MESSAGE][PASSED] - Object: 'Object Repository/BillingCenter/pge_BatchPaymentEntry/screen_Verify_PostedPayments/icon_PaymentsDownArrow' is clicked on

2023-08-06 22:49:24 - [TEST_STEP][PASSED] - click(findTestObject("BillingCenter/pge_BatchPaymentEntry/screen_Verify_PostedPayments/opt_PaymentsAccount"), CONTINUE_ON_FAILURE): Object: 'Object Repository/BillingCenter/pge_BatchPaymentEntry/screen_Verify_PostedPayments/opt_PaymentsAccount' is clicked on

2023-08-06 22:49:24 - [MESSAGE][PASSED] - Object: 'Object Repository/BillingCenter/pge_BatchPaymentEntry/screen_Verify_PostedPayments/opt_PaymentsAccount' is clicked on

2023-08-06 22:49:24 - [TEST_STEP][PASSED] - Table1 = driver.findElement(By.xpath("//*[@id='AccountPayments-AccountDetailPaymentsScreen-DirectBillPaymentsListDetail-AccountDBPaymentsLV']//tbody")): null

2023-08-06 22:49:25 - [TEST_STEP][PASSED] - elementsinColumn1 = gw.Table.getTableElementsByColumn(Table1, 8): gw.Table.getTableElementsByColumn is PASSED

2023-08-06 22:49:30 - [MESSAGE][PASSED] - gw.Table.getTableElementsByColumn is PASSED

2023-08-06 22:49:30 - [TEST_STEP][PASSED] - comment("Elements after function call to getTableElementsByColumn " + elementsinColumn1): Elements after function call to getTableElementsByColumn [Batch Number, BA07172026-1436, BA07172026-1436, BA07172026-1418, BA07172026-1411, BA07172026-1404, BA07172026-1404, BA07172026-1386, BA07172026-1379, BA07172026-1372, BA07172026-1372, BA07172026-1368, BA07172026-1368, BA07162026-1335, BA07162026-1328, BA07162026-1324]

2023-08-06 22:49:30 - [MESSAGE][INFO] - Elements after function call to getTableElementsByColumn [Batch Number, BA07172026-1436, BA07172026-1436, BA07172026-1418, BA07172026-1411, BA07172026-1404, BA07172026-1404, BA07172026-1386, BA07172026-1379, BA07172026-1372, BA07172026-1372, BA07172026-1368, BA07172026-1368, BA07162026-1335, BA07162026-1328, BA07162026-1324]

2023-08-06 22:49:30 - [TEST_STEP][PASSED] - if (elementsinColumn1.contains(BatchNumber)): Account Payment Batch Number Found

2023-08-06 22:49:30 - [TEST_STEP][PASSED] - markPassed("Account Payment Batch Number Found"): Account Payment Batch Number Found

2023-08-06 22:49:30 - [MESSAGE][PASSED] - Account Payment Batch Number Found

2023-08-06 22:49:30 - [TEST_STEP][PASSED] - click(findTestObject("BillingCenter/pge_BatchPaymentEntry/screen_Verify_PostedPayments/opt_ProducerSearch")): Object: 'Object Repository/BillingCenter/pge_BatchPaymentEntry/screen_Verify_PostedPayments/opt_ProducerSearch' is clicked on

2023-08-06 22:49:31 - [MESSAGE][PASSED] - Object: 'Object Repository/BillingCenter/pge_BatchPaymentEntry/screen_Verify_PostedPayments/opt_ProducerSearch' is clicked on

2023-08-06 22:49:31 - [TEST_STEP][PASSED] - sendKeys(findTestObject("BillingCenter/pge_BatchPaymentEntry/screen_Verify_PostedPayments/fld_SearchProducer"), SplitAgency): Keys 'C0010' sent to object: 'Object Repository/BillingCenter/pge_BatchPaymentEntry/screen_Verify_PostedPayments/fld_SearchProducer'

2023-08-06 22:49:31 - [MESSAGE][PASSED] - Keys 'C0010' sent to object: 'Object Repository/BillingCenter/pge_BatchPaymentEntry/screen_Verify_PostedPayments/fld_SearchProducer'

2023-08-06 22:49:31 - [TEST_STEP][PASSED] - click(findTestObject("BillingCenter/pge_BatchPaymentEntry/screen_Verify_PostedPayments/icon_SearchProducer")): Object: 'Object Repository/BillingCenter/pge_BatchPaymentEntry/screen_Verify_PostedPayments/icon_SearchProducer' is clicked on

2023-08-06 22:49:32 - [MESSAGE][PASSED] - Object: 'Object Repository/BillingCenter/pge_BatchPaymentEntry/screen_Verify_PostedPayments/icon_SearchProducer' is clicked on

2023-08-06 22:49:32 - [TEST_STEP][PASSED] - click(findTestObject("BillingCenter/pge_BatchPaymentEntry/screen_Verify_PostedPayments/icon_AgencyBillPaymentsArrow")): Object: 'Object Repository/BillingCenter/pge_BatchPaymentEntry/screen_Verify_PostedPayments/icon_AgencyBillPaymentsArrow' is clicked on

2023-08-06 22:49:33 - [MESSAGE][PASSED] - Object: 'Object Repository/BillingCenter/pge_BatchPaymentEntry/screen_Verify_PostedPayments/icon_AgencyBillPaymentsArrow' is clicked on

2023-08-06 22:49:33 - [TEST_STEP][PASSED] - click(findTestObject("BillingCenter/pge_BatchPaymentEntry/screen_Verify_PostedPayments/opt_PaymentsProducer")): Object: 'Object Repository/BillingCenter/pge_BatchPaymentEntry/screen_Verify_PostedPayments/opt_PaymentsProducer' is clicked on

2023-08-06 22:49:33 - [MESSAGE][PASSED] - Object: 'Object Repository/BillingCenter/pge_BatchPaymentEntry/screen_Verify_PostedPayments/opt_PaymentsProducer' is clicked on

2023-08-06 22:49:33 - [TEST_STEP][PASSED] - Table2 = driver.findElement(By.xpath("//*[@id='AgencyBillExecutedPayments-PaymentsLV']//tbody")): null

2023-08-06 22:49:34 - [TEST_STEP][PASSED] - elementsinColumn2 = gw.Table.getTableElementsByColumn(Table2, 9): gw.Table.getTableElementsByColumn is PASSED

2023-08-06 22:49:38 - [MESSAGE][PASSED] - gw.Table.getTableElementsByColumn is PASSED

2023-08-06 22:49:38 - [TEST_STEP][PASSED] - comment("Elements after function call to getTableElementsByColumn " + elementsinColumn2): Elements after function call to getTableElementsByColumn [Batch Number, BA07172026-1436, BA07172026-1436, LB07172026, BA07172026-1404, BA07172026-1404, LB07172026, BA07172026-1372, BA07172026-1372, BA07172026-1368, BA07172026-1368, LB07162026, LB07042026]

2023-08-06 22:49:38 - [MESSAGE][INFO] - Elements after function call to getTableElementsByColumn [Batch Number, BA07172026-1436, BA07172026-1436, LB07172026, BA07172026-1404, BA07172026-1404, LB07172026, BA07172026-1372, BA07172026-1372, BA07172026-1368, BA07172026-1368, LB07162026, LB07042026]

2023-08-06 22:49:38 - [TEST_STEP][PASSED] - if (elementsinColumn2.contains(BatchNumber)): Agency Statement Payment Batch Number Found

2023-08-06 22:49:38 - [TEST_STEP][PASSED] - markPassed("Agency Statement Payment Batch Number Found"): Agency Statement Payment Batch Number Found

2023-08-06 22:49:38 - [MESSAGE][PASSED] - Agency Statement Payment Batch Number Found

2023-08-06 22:49:38 - [TEST_STEP][PASSED] - click(findTestObject("BillingCenter/pge_BatchPaymentEntry/screen_Verify_PostedPayments/opt_ProducerSearch")): Object: 'Object Repository/BillingCenter/pge_BatchPaymentEntry/screen_Verify_PostedPayments/opt_ProducerSearch' is clicked on

2023-08-06 22:49:38 - [MESSAGE][PASSED] - Object: 'Object Repository/BillingCenter/pge_BatchPaymentEntry/screen_Verify_PostedPayments/opt_ProducerSearch' is clicked on

2023-08-06 22:49:38 - [TEST_STEP][PASSED] - sendKeys(findTestObject("BillingCenter/pge_BatchPaymentEntry/screen_Verify_PostedPayments/fld_SearchProducer"), SplitAgency): Keys 'C0010' sent to object: 'Object Repository/BillingCenter/pge_BatchPaymentEntry/screen_Verify_PostedPayments/fld_SearchProducer'

2023-08-06 22:49:39 - [MESSAGE][PASSED] - Keys 'C0010' sent to object: 'Object Repository/BillingCenter/pge_BatchPaymentEntry/screen_Verify_PostedPayments/fld_SearchProducer'

2023-08-06 22:49:39 - [TEST_STEP][PASSED] - click(findTestObject("BillingCenter/pge_BatchPaymentEntry/screen_Verify_PostedPayments/icon_SearchProducer")): Object: 'Object Repository/BillingCenter/pge_BatchPaymentEntry/screen_Verify_PostedPayments/icon_SearchProducer' is clicked on

2023-08-06 22:49:39 - [MESSAGE][PASSED] - Object: 'Object Repository/BillingCenter/pge_BatchPaymentEntry/screen_Verify_PostedPayments/icon_SearchProducer' is clicked on

2023-08-06 22:49:39 - [TEST_STEP][PASSED] - click(findTestObject("BillingCenter/pge_BatchPaymentEntry/screen_Verify_PostedPayments/opt_TransactionsProducer")): Object: 'Object Repository/BillingCenter/pge_BatchPaymentEntry/screen_Verify_PostedPayments/opt_TransactionsProducer' is clicked on

2023-08-06 22:49:40 - [MESSAGE][PASSED] - Object: 'Object Repository/BillingCenter/pge_BatchPaymentEntry/screen_Verify_PostedPayments/opt_TransactionsProducer' is clicked on

2023-08-06 22:49:40 - [TEST_STEP][PASSED] - click(findTestObject("BillingCenter/pge_BatchPaymentEntry/screen_Verify_PostedPayments/Tab_PaymentsProducer")): Object: 'Object Repository/BillingCenter/pge_BatchPaymentEntry/screen_Verify_PostedPayments/Tab_PaymentsProducer' is clicked on

2023-08-06 22:49:41 - [MESSAGE][PASSED] - Object: 'Object Repository/BillingCenter/pge_BatchPaymentEntry/screen_Verify_PostedPayments/Tab_PaymentsProducer' is clicked on

2023-08-06 22:49:41 - [TEST_STEP][PASSED] - Table3 = driver.findElement(By.xpath("//*[@id='ProducerTransactions-ProducerTransactionsScreen-PaymentsLV']//tbody")): null

2023-08-06 22:49:42 - [TEST_STEP][PASSED] - elementsinColumn3 = gw.Table.getTableElementsByColumn(Table3, 7): gw.Table.getTableElementsByColumn is PASSED

2023-08-06 22:49:46 - [MESSAGE][PASSED] - gw.Table.getTableElementsByColumn is PASSED

2023-08-06 22:49:46 - [TEST_STEP][PASSED] - comment("Elements after function call to getTableElementsByColumn " + elementsinColumn3): Elements after function call to getTableElementsByColumn [Check / Ref #, 2342342345, 2342342345, 2342342345, 2342342345, 9231231299, 9551231299, 9551231299, 9887765432, 9887765432, 9551231299, 9887765432, 9551231299, 9887765432, ]

2023-08-06 22:49:46 - [MESSAGE][INFO] - Elements after function call to getTableElementsByColumn [Check / Ref #, 2342342345, 2342342345, 2342342345, 2342342345, 9231231299, 9551231299, 9551231299, 9887765432, 9887765432, 9551231299, 9887765432, 9551231299, 9887765432, ]

2023-08-06 22:49:46 - [TEST_STEP][PASSED] - if (elementsinColumn3.contains(CheckRef)): Agency DB Commission Payment CheckRef Found

2023-08-06 22:49:46 - [TEST_STEP][PASSED] - markPassed("Agency DB Commission Payment CheckRef Found"): Agency DB Commission Payment CheckRef Found

2023-08-06 22:49:46 - [MESSAGE][PASSED] - Agency DB Commission Payment CheckRef Found

2023-08-06 22:49:46 - [TEST_STEP][PASSED] - click(findTestObject("BillingCenter/pge_BatchPaymentEntry/screen_Verify_PostedPayments/lbl_DesktopOption")): Object: 'Object Repository/BillingCenter/pge_BatchPaymentEntry/screen_Verify_PostedPayments/lbl_DesktopOption' is clicked on

2023-08-06 22:49:47 - [MESSAGE][PASSED] - Object: 'Object Repository/BillingCenter/pge_BatchPaymentEntry/screen_Verify_PostedPayments/lbl_DesktopOption' is clicked on

2023-08-06 22:49:47 - [TEST_STEP][PASSED] - callTestCase(findTestCase("BillingCenter/BatchPaymentEntry/BC_NavigateBatchPaymentEntryScreen"), [:]): Call Test Case 'Test Cases/BillingCenter/BatchPaymentEntry/BC_NavigateBatchPaymentEntryScreen' successfully

2023-08-06 22:49:47 - [TEST_CASE][PASSED] - Test Cases/BillingCenter/BatchPaymentEntry/BC_NavigateBatchPaymentEntryScreen: Test Cases/BillingCenter/BatchPaymentEntry/BC_NavigateBatchPaymentEntryScreen

2023-08-06 22:49:47 - [TEST_STEP][PASSED] - click(findTestObject("BillingCenter/pge_BatchPaymentEntry/pge_Navigation/opt_Desktop_Actions")): Object: 'Object Repository/BillingCenter/pge_BatchPaymentEntry/pge_Navigation/opt_Desktop_Actions' is clicked on

2023-08-06 22:49:48 - [MESSAGE][PASSED] - Object: 'Object Repository/BillingCenter/pge_BatchPaymentEntry/pge_Navigation/opt_Desktop_Actions' is clicked on

2023-08-06 22:49:48 - [TEST_STEP][PASSED] - mouseOver(findTestObject("BillingCenter/pge_BatchPaymentEntry/pge_Navigation/act_NewPayment")): Object: 'Object Repository/BillingCenter/pge_BatchPaymentEntry/pge_Navigation/act_NewPayment' is hovered

2023-08-06 22:49:48 - [MESSAGE][PASSED] - Object: 'Object Repository/BillingCenter/pge_BatchPaymentEntry/pge_Navigation/act_NewPayment' is hovered

2023-08-06 22:49:48 - [TEST_STEP][PASSED] - click(findTestObject("BillingCenter/pge_BatchPaymentEntry/pge_Navigation/opt_newPayment _BatchPaymentEntry")): Object: 'Object Repository/BillingCenter/pge_BatchPaymentEntry/pge_Navigation/opt_newPayment _BatchPaymentEntry' is clicked on

2023-08-06 22:49:49 - [MESSAGE][PASSED] - Object: 'Object Repository/BillingCenter/pge_BatchPaymentEntry/pge_Navigation/opt_newPayment _BatchPaymentEntry' is clicked on

2023-08-06 22:49:49 - [MESSAGE][PASSED] - Call Test Case 'Test Cases/BillingCenter/BatchPaymentEntry/BC_NavigateBatchPaymentEntryScreen' successfully

2023-08-06 22:49:49 - [TEST_STEP][PASSED] - for (def index : (0..0)): null

2023-08-06 22:49:49 - [TEST_STEP][ERROR] - Start listener action : gwAfterTestCase: org.codehaus.groovy.runtime.InvokerInvocationException: java.io.FileNotFoundException: C:\QA Scripts\emc.guidewire.katalon.updated\GW10 Automation\Reports\Execution Status.xlsx (The system cannot find the file specified)
	at GWListener.invokeMethod(GWListener.groovy)
	at com.kms.katalon.core.context.internal.TestHooker.invokeMethod(TestHooker.java:111)
	at com.kms.katalon.core.context.internal.TestHooker.lambda$3(TestHooker.java:95)
	at com.kms.katalon.core.context.internal.TestHooker.invokeContextMethods(TestHooker.java:94)
	at com.kms.katalon.core.context.internal.TestListenerCollector.lambda$3(TestListenerCollector.java:88)
	at com.kms.katalon.core.context.internal.TestListenerCollector.handleListenerEvent(TestListenerCollector.java:85)
	at com.kms.katalon.core.context.internal.ExecutionEventManager.publicEvent(ExecutionEventManager.java:36)
	at com.kms.katalon.core.main.TestCaseExecutor.execute(TestCaseExecutor.java:251)
	at com.kms.katalon.core.main.TestSuiteExecutor.accessTestCaseMainPhase(TestSuiteExecutor.java:191)
	at com.kms.katalon.core.main.TestSuiteExecutor.accessTestSuiteMainPhase(TestSuiteExecutor.java:141)
	at com.kms.katalon.core.main.TestSuiteExecutor.execute(TestSuiteExecutor.java:90)
	at com.kms.katalon.core.main.TestCaseMain.startTestSuite(TestCaseMain.java:157)
	at com.kms.katalon.core.main.TestCaseMain$startTestSuite$0.call(Unknown Source)
	at TempTestSuite1691342079987.run(TempTestSuite1691342079987.groovy:39)
Caused by: java.io.FileNotFoundException: C:\QA Scripts\emc.guidewire.katalon.updated\GW10 Automation\Reports\Execution Status.xlsx (The system cannot find the file specified)
	at common.Excel.getColumnNumber(Excel.groovy:69)
	at common.Excel.WirteToExcel(Excel.groovy:95)
	at common.Excel$WirteToExcel$0.call(Unknown Source)
	at GWListener.gwAfterTestCase(GWListener.groovy:137)
	... 14 more


2023-08-06 22:49:49 - [TEST_STEP][PASSED] - tc_end_Time = System.currentTimeMillis(): null

2023-08-06 22:49:49 - [TEST_STEP][PASSED] - date_tc_end_Time = dateformat.format(tc_end_Time): null

2023-08-06 22:49:49 - [TEST_STEP][PASSED] - (tempRowNum++): null

2023-08-06 22:49:49 - [TEST_STEP][PASSED] - testCaseID = testCaseContext.getTestCaseId(): null

2023-08-06 22:49:49 - [TEST_STEP][PASSED] - testCase = findTestCase(testCaseID): null

2023-08-06 22:49:49 - [TEST_STEP][PASSED] - testCaseName = testCase.getName(): null

2023-08-06 22:49:49 - [TEST_STEP][PASSED] - switch (testCaseContext.getTestCaseStatus()): null

2023-08-06 22:49:49 - [TEST_STEP][PASSED] - case "PASSED":: null

2023-08-06 22:49:49 - [TEST_STEP][PASSED] - (passedCnt++): null

2023-08-06 22:49:49 - [TEST_STEP][PASSED] - break: null

2023-08-06 22:49:49 - [TEST_STEP][PASSED] - if (testCaseName == "GenerateAndSendReport"): null

2023-08-06 22:49:49 - [TEST_STEP][PASSED] - if (testCaseName == "GenerateAndSaveReport"): null

2023-08-06 22:49:49 - [TEST_STEP][PASSED] - if (testCaseName == "GenerateTimeReport"): null

2023-08-06 22:49:49 - [TEST_STEP][ERROR] - if (!(testCaseName.contains("Submission")) && !(testCaseName.contains("Issurance")) && !(testCaseName.contains("NewAccount")) && !(testCaseName.contains("FNOL")) && !(testCaseName.contains("QuickClaim")) && !(testCaseName.contains("verify"))): org.codehaus.groovy.runtime.InvokerInvocationException: java.io.FileNotFoundException: C:\QA Scripts\emc.guidewire.katalon.updated\GW10 Automation\Reports\Execution Status.xlsx (The system cannot find the file specified)
	at GWListener.invokeMethod(GWListener.groovy)
	at com.kms.katalon.core.context.internal.TestHooker.invokeMethod(TestHooker.java:111)
	at com.kms.katalon.core.context.internal.TestHooker.lambda$3(TestHooker.java:95)
	at com.kms.katalon.core.context.internal.TestHooker.invokeContextMethods(TestHooker.java:94)
	at com.kms.katalon.core.context.internal.TestListenerCollector.lambda$3(TestListenerCollector.java:88)
	at com.kms.katalon.core.context.internal.TestListenerCollector.handleListenerEvent(TestListenerCollector.java:85)
	at com.kms.katalon.core.context.internal.ExecutionEventManager.publicEvent(ExecutionEventManager.java:36)
	at com.kms.katalon.core.main.TestCaseExecutor.execute(TestCaseExecutor.java:251)
	at com.kms.katalon.core.main.TestSuiteExecutor.accessTestCaseMainPhase(TestSuiteExecutor.java:191)
	at com.kms.katalon.core.main.TestSuiteExecutor.accessTestSuiteMainPhase(TestSuiteExecutor.java:141)
	at com.kms.katalon.core.main.TestSuiteExecutor.execute(TestSuiteExecutor.java:90)
	at com.kms.katalon.core.main.TestCaseMain.startTestSuite(TestCaseMain.java:157)
	at com.kms.katalon.core.main.TestCaseMain$startTestSuite$0.call(Unknown Source)
	at TempTestSuite1691342079987.run(TempTestSuite1691342079987.groovy:39)
Caused by: java.io.FileNotFoundException: C:\QA Scripts\emc.guidewire.katalon.updated\GW10 Automation\Reports\Execution Status.xlsx (The system cannot find the file specified)
	at common.Excel.getColumnNumber(Excel.groovy:69)
	at common.Excel.WirteToExcel(Excel.groovy:95)
	at common.Excel$WirteToExcel$0.call(Unknown Source)
	at GWListener.gwAfterTestCase(GWListener.groovy:137)
	... 14 more


2023-08-06 22:49:49 - [MESSAGE][ERROR] - org.codehaus.groovy.runtime.InvokerInvocationException: java.io.FileNotFoundException: C:\QA Scripts\emc.guidewire.katalon.updated\GW10 Automation\Reports\Execution Status.xlsx (The system cannot find the file specified)
	at GWListener.invokeMethod(GWListener.groovy)
	at com.kms.katalon.core.context.internal.TestHooker.invokeMethod(TestHooker.java:111)
	at com.kms.katalon.core.context.internal.TestHooker.lambda$3(TestHooker.java:95)
	at com.kms.katalon.core.context.internal.TestHooker.invokeContextMethods(TestHooker.java:94)
	at com.kms.katalon.core.context.internal.TestListenerCollector.lambda$3(TestListenerCollector.java:88)
	at com.kms.katalon.core.context.internal.TestListenerCollector.handleListenerEvent(TestListenerCollector.java:85)
	at com.kms.katalon.core.context.internal.ExecutionEventManager.publicEvent(ExecutionEventManager.java:36)
	at com.kms.katalon.core.main.TestCaseExecutor.execute(TestCaseExecutor.java:251)
	at com.kms.katalon.core.main.TestSuiteExecutor.accessTestCaseMainPhase(TestSuiteExecutor.java:191)
	at com.kms.katalon.core.main.TestSuiteExecutor.accessTestSuiteMainPhase(TestSuiteExecutor.java:141)
	at com.kms.katalon.core.main.TestSuiteExecutor.execute(TestSuiteExecutor.java:90)
	at com.kms.katalon.core.main.TestCaseMain.startTestSuite(TestCaseMain.java:157)
	at com.kms.katalon.core.main.TestCaseMain$startTestSuite$0.call(Unknown Source)
	at TempTestSuite1691342079987.run(TempTestSuite1691342079987.groovy:39)
Caused by: java.io.FileNotFoundException: C:\QA Scripts\emc.guidewire.katalon.updated\GW10 Automation\Reports\Execution Status.xlsx (The system cannot find the file specified)
	at common.Excel.getColumnNumber(Excel.groovy:69)
	at common.Excel.WirteToExcel(Excel.groovy:95)
	at common.Excel$WirteToExcel$0.call(Unknown Source)
	at GWListener.gwAfterTestCase(GWListener.groovy:137)
	... 14 more


2023-08-06 22:49:51 - [TEST_STEP][PASSED] - Video: Video recording for test case 'Test Cases/BillingCenter/BatchPaymentEntry/BC_MultiplePaymentEntryandVerification_Split' .

2023-08-06 22:49:51 - [MESSAGE][INFO] - Video recording for test case 'Test Cases/BillingCenter/BatchPaymentEntry/BC_MultiplePaymentEntryandVerification_Split' .
[[ATTACHMENT|C:\\QA Scripts\\emc.guidewire.katalon.updated\\GW10 Automation\\Reports\\20230806_224439\\BillingCenter\\BatchPaymentEntry\\20230806_224439/videos\\test_10.avi]]]]></system-out>
         <system-err><![CDATA[]]></system-err>
      </testcase>
      <testcase name="Test Cases/BillingCenter/Common/BC_Logout" time="7.601" classname="Test Cases/BillingCenter/Common/BC_Logout" status="PASSED">
         <system-out><![CDATA[2023-08-06 22:49:51 - [TEST_CASE][PASSED] - Test Cases/BillingCenter/Common/BC_Logout: Test Cases/BillingCenter/Common/BC_Logout

2023-08-06 22:49:51 - [TEST_STEP][PASSED] - Start listener action : gwBeforeTestCase: null

2023-08-06 22:49:51 - [TEST_STEP][PASSED] - if (Env_TestCaseId == testCaseContext.getTestCaseId()): null

2023-08-06 22:49:51 - [TEST_STEP][PASSED] - else: null

2023-08-06 22:49:51 - [TEST_STEP][PASSED] - iteration = 1: null

2023-08-06 22:49:51 - [TEST_STEP][PASSED] - Env_Iteration = iteration: null

2023-08-06 22:49:51 - [TEST_STEP][PASSED] - Env_TestCaseId = testCaseContext.getTestCaseId(): null

2023-08-06 22:49:51 - [TEST_STEP][PASSED] - Env_TestCaseVariables = testCaseContext.getTestCaseVariables(): null

2023-08-06 22:49:51 - [TEST_STEP][PASSED] - tc_start_Time = System.currentTimeMillis(): null

2023-08-06 22:49:51 - [TEST_STEP][PASSED] - date_tc_start_Time = dateformat.format(tc_start_Time): null

2023-08-06 22:49:51 - [TEST_STEP][PASSED] - callTestCase(findTestCase("Common/GW_Logout"), [:], STOP_ON_FAILURE): Call Test Case 'Test Cases/Common/GW_Logout' successfully

2023-08-06 22:49:51 - [TEST_CASE][PASSED] - Test Cases/Common/GW_Logout: Test Cases/Common/GW_Logout

2023-08-06 22:49:52 - [TEST_STEP][PASSED] - gw.Actions.Click(findTestObject("Common/pge_Common/btn_TabMenu")): gw.Actions.Click is PASSED

2023-08-06 22:49:52 - [MESSAGE][PASSED] - Wait for page load successfully

2023-08-06 22:49:52 - [MESSAGE][PASSED] - Object 'Object Repository/Common/pge_Common/btn_TabMenu' is clickable

2023-08-06 22:49:52 - [MESSAGE][PASSED] - Object: 'Object Repository/Common/pge_Common/btn_TabMenu' is clicked on

2023-08-06 22:49:52 - [MESSAGE][PASSED] - gw.Actions.Click is PASSED

2023-08-06 22:49:52 - [TEST_STEP][PASSED] - gw.Actions.Click(findTestObject("Common/pge_Common/btn_LogOut")): gw.Actions.Click is PASSED

2023-08-06 22:49:52 - [MESSAGE][PASSED] - Wait for page load successfully

2023-08-06 22:49:53 - [MESSAGE][PASSED] - Object 'Object Repository/Common/pge_Common/btn_LogOut' is clickable

2023-08-06 22:49:53 - [MESSAGE][PASSED] - Object: 'Object Repository/Common/pge_Common/btn_LogOut' is clicked on

2023-08-06 22:49:53 - [MESSAGE][PASSED] - gw.Actions.Click is PASSED

2023-08-06 22:49:53 - [TEST_STEP][PASSED] - acceptAlert(OPTIONAL): Alert accepted

2023-08-06 22:49:53 - [MESSAGE][PASSED] - Alert accepted

2023-08-06 22:49:53 - [TEST_STEP][PASSED] - if (!(verifyElementPresent(findTestObject("Common/pge_LoginScreen/btn_LogIn"), gWaitTimeOut, OPTIONAL))): Object 'Object Repository/Common/pge_LoginScreen/btn_LogIn' is present

2023-08-06 22:49:55 - [MESSAGE][PASSED] - Object 'Object Repository/Common/pge_LoginScreen/btn_LogIn' is present

2023-08-06 22:49:55 - [TEST_STEP][PASSED] - verifyElementPresent(findTestObject("Common/pge_LoginScreen/btn_LogIn"), gWaitTimeOut): Object 'Object Repository/Common/pge_LoginScreen/btn_LogIn' is present

2023-08-06 22:49:55 - [MESSAGE][PASSED] - Object 'Object Repository/Common/pge_LoginScreen/btn_LogIn' is present

2023-08-06 22:49:55 - [TEST_STEP][PASSED] - closeBrowser(): Browser is closed

2023-08-06 22:49:56 - [MESSAGE][PASSED] - Browser is closed

2023-08-06 22:49:56 - [MESSAGE][PASSED] - Call Test Case 'Test Cases/Common/GW_Logout' successfully

2023-08-06 22:49:56 - [TEST_STEP][ERROR] - Start listener action : gwAfterTestCase: org.codehaus.groovy.runtime.InvokerInvocationException: java.io.FileNotFoundException: C:\QA Scripts\emc.guidewire.katalon.updated\GW10 Automation\Reports\Execution Status.xlsx (The system cannot find the file specified)
	at GWListener.invokeMethod(GWListener.groovy)
	at com.kms.katalon.core.context.internal.TestHooker.invokeMethod(TestHooker.java:111)
	at com.kms.katalon.core.context.internal.TestHooker.lambda$3(TestHooker.java:95)
	at com.kms.katalon.core.context.internal.TestHooker.invokeContextMethods(TestHooker.java:94)
	at com.kms.katalon.core.context.internal.TestListenerCollector.lambda$3(TestListenerCollector.java:88)
	at com.kms.katalon.core.context.internal.TestListenerCollector.handleListenerEvent(TestListenerCollector.java:85)
	at com.kms.katalon.core.context.internal.ExecutionEventManager.publicEvent(ExecutionEventManager.java:36)
	at com.kms.katalon.core.main.TestCaseExecutor.execute(TestCaseExecutor.java:251)
	at com.kms.katalon.core.main.TestSuiteExecutor.accessTestCaseMainPhase(TestSuiteExecutor.java:191)
	at com.kms.katalon.core.main.TestSuiteExecutor.accessTestSuiteMainPhase(TestSuiteExecutor.java:141)
	at com.kms.katalon.core.main.TestSuiteExecutor.execute(TestSuiteExecutor.java:90)
	at com.kms.katalon.core.main.TestCaseMain.startTestSuite(TestCaseMain.java:157)
	at com.kms.katalon.core.main.TestCaseMain$startTestSuite$0.call(Unknown Source)
	at TempTestSuite1691342079987.run(TempTestSuite1691342079987.groovy:39)
Caused by: java.io.FileNotFoundException: C:\QA Scripts\emc.guidewire.katalon.updated\GW10 Automation\Reports\Execution Status.xlsx (The system cannot find the file specified)
	at common.Excel.getColumnNumber(Excel.groovy:69)
	at common.Excel.WirteToExcel(Excel.groovy:95)
	at common.Excel$WirteToExcel$0.call(Unknown Source)
	at GWListener.gwAfterTestCase(GWListener.groovy:137)
	... 14 more


2023-08-06 22:49:56 - [TEST_STEP][PASSED] - tc_end_Time = System.currentTimeMillis(): null

2023-08-06 22:49:56 - [TEST_STEP][PASSED] - date_tc_end_Time = dateformat.format(tc_end_Time): null

2023-08-06 22:49:56 - [TEST_STEP][PASSED] - (tempRowNum++): null

2023-08-06 22:49:56 - [TEST_STEP][PASSED] - testCaseID = testCaseContext.getTestCaseId(): null

2023-08-06 22:49:56 - [TEST_STEP][PASSED] - testCase = findTestCase(testCaseID): null

2023-08-06 22:49:56 - [TEST_STEP][PASSED] - testCaseName = testCase.getName(): null

2023-08-06 22:49:56 - [TEST_STEP][PASSED] - switch (testCaseContext.getTestCaseStatus()): null

2023-08-06 22:49:56 - [TEST_STEP][PASSED] - case "PASSED":: null

2023-08-06 22:49:56 - [TEST_STEP][PASSED] - (passedCnt++): null

2023-08-06 22:49:56 - [TEST_STEP][PASSED] - break: null

2023-08-06 22:49:56 - [TEST_STEP][PASSED] - if (testCaseName == "GenerateAndSendReport"): null

2023-08-06 22:49:56 - [TEST_STEP][PASSED] - if (testCaseName == "GenerateAndSaveReport"): null

2023-08-06 22:49:56 - [TEST_STEP][PASSED] - if (testCaseName == "GenerateTimeReport"): null

2023-08-06 22:49:56 - [TEST_STEP][ERROR] - if (!(testCaseName.contains("Submission")) && !(testCaseName.contains("Issurance")) && !(testCaseName.contains("NewAccount")) && !(testCaseName.contains("FNOL")) && !(testCaseName.contains("QuickClaim")) && !(testCaseName.contains("verify"))): org.codehaus.groovy.runtime.InvokerInvocationException: java.io.FileNotFoundException: C:\QA Scripts\emc.guidewire.katalon.updated\GW10 Automation\Reports\Execution Status.xlsx (The system cannot find the file specified)
	at GWListener.invokeMethod(GWListener.groovy)
	at com.kms.katalon.core.context.internal.TestHooker.invokeMethod(TestHooker.java:111)
	at com.kms.katalon.core.context.internal.TestHooker.lambda$3(TestHooker.java:95)
	at com.kms.katalon.core.context.internal.TestHooker.invokeContextMethods(TestHooker.java:94)
	at com.kms.katalon.core.context.internal.TestListenerCollector.lambda$3(TestListenerCollector.java:88)
	at com.kms.katalon.core.context.internal.TestListenerCollector.handleListenerEvent(TestListenerCollector.java:85)
	at com.kms.katalon.core.context.internal.ExecutionEventManager.publicEvent(ExecutionEventManager.java:36)
	at com.kms.katalon.core.main.TestCaseExecutor.execute(TestCaseExecutor.java:251)
	at com.kms.katalon.core.main.TestSuiteExecutor.accessTestCaseMainPhase(TestSuiteExecutor.java:191)
	at com.kms.katalon.core.main.TestSuiteExecutor.accessTestSuiteMainPhase(TestSuiteExecutor.java:141)
	at com.kms.katalon.core.main.TestSuiteExecutor.execute(TestSuiteExecutor.java:90)
	at com.kms.katalon.core.main.TestCaseMain.startTestSuite(TestCaseMain.java:157)
	at com.kms.katalon.core.main.TestCaseMain$startTestSuite$0.call(Unknown Source)
	at TempTestSuite1691342079987.run(TempTestSuite1691342079987.groovy:39)
Caused by: java.io.FileNotFoundException: C:\QA Scripts\emc.guidewire.katalon.updated\GW10 Automation\Reports\Execution Status.xlsx (The system cannot find the file specified)
	at common.Excel.getColumnNumber(Excel.groovy:69)
	at common.Excel.WirteToExcel(Excel.groovy:95)
	at common.Excel$WirteToExcel$0.call(Unknown Source)
	at GWListener.gwAfterTestCase(GWListener.groovy:137)
	... 14 more


2023-08-06 22:49:56 - [MESSAGE][ERROR] - org.codehaus.groovy.runtime.InvokerInvocationException: java.io.FileNotFoundException: C:\QA Scripts\emc.guidewire.katalon.updated\GW10 Automation\Reports\Execution Status.xlsx (The system cannot find the file specified)
	at GWListener.invokeMethod(GWListener.groovy)
	at com.kms.katalon.core.context.internal.TestHooker.invokeMethod(TestHooker.java:111)
	at com.kms.katalon.core.context.internal.TestHooker.lambda$3(TestHooker.java:95)
	at com.kms.katalon.core.context.internal.TestHooker.invokeContextMethods(TestHooker.java:94)
	at com.kms.katalon.core.context.internal.TestListenerCollector.lambda$3(TestListenerCollector.java:88)
	at com.kms.katalon.core.context.internal.TestListenerCollector.handleListenerEvent(TestListenerCollector.java:85)
	at com.kms.katalon.core.context.internal.ExecutionEventManager.publicEvent(ExecutionEventManager.java:36)
	at com.kms.katalon.core.main.TestCaseExecutor.execute(TestCaseExecutor.java:251)
	at com.kms.katalon.core.main.TestSuiteExecutor.accessTestCaseMainPhase(TestSuiteExecutor.java:191)
	at com.kms.katalon.core.main.TestSuiteExecutor.accessTestSuiteMainPhase(TestSuiteExecutor.java:141)
	at com.kms.katalon.core.main.TestSuiteExecutor.execute(TestSuiteExecutor.java:90)
	at com.kms.katalon.core.main.TestCaseMain.startTestSuite(TestCaseMain.java:157)
	at com.kms.katalon.core.main.TestCaseMain$startTestSuite$0.call(Unknown Source)
	at TempTestSuite1691342079987.run(TempTestSuite1691342079987.groovy:39)
Caused by: java.io.FileNotFoundException: C:\QA Scripts\emc.guidewire.katalon.updated\GW10 Automation\Reports\Execution Status.xlsx (The system cannot find the file specified)
	at common.Excel.getColumnNumber(Excel.groovy:69)
	at common.Excel.WirteToExcel(Excel.groovy:95)
	at common.Excel$WirteToExcel$0.call(Unknown Source)
	at GWListener.gwAfterTestCase(GWListener.groovy:137)
	... 14 more


2023-08-06 22:49:59 - [TEST_STEP][PASSED] - Video: Video recording for test case 'Test Cases/BillingCenter/Common/BC_Logout' .

2023-08-06 22:49:59 - [MESSAGE][INFO] - Video recording for test case 'Test Cases/BillingCenter/Common/BC_Logout' .
[[ATTACHMENT|C:\\QA Scripts\\emc.guidewire.katalon.updated\\GW10 Automation\\Reports\\20230806_224439\\BillingCenter\\BatchPaymentEntry\\20230806_224439/videos\\test_11.avi]]]]></system-out>
         <system-err><![CDATA[]]></system-err>
      </testcase>
      <system-out><![CDATA[2023-08-06 22:44:43 - [TEST_SUITE][PASSED] - BatchPaymentEntry: Test Cases/BillingCenter/Common/BC_Logout]]></system-out>
      <system-err><![CDATA[]]></system-err>
   </testsuite>
</testsuites>
